LR: 0.1, DF: 0, DRT: 0.1
findfont: Matching :family=sans-serif:style=normal:variant=normal:weight=normal:stretch=normal:size=10.0 to DejaVu Sans ('/usr/local/lib/python3.5/dist-packages/matplotlib/mpl-data/fonts/ttf/DejaVuSans.ttf') with score of 0.050000
findfont: Matching :family=sans-serif:style=normal:variant=normal:weight=normal:stretch=normal:size=12.0 to DejaVu Sans ('/usr/local/lib/python3.5/dist-packages/matplotlib/mpl-data/fonts/ttf/DejaVuSans.ttf') with score of 0.050000
[Epoch 001/100]	Epsilon:0.5000	#Expl.:2152/4299	#Buy:900	#Sell:1939	#Hold:1460	#Stocks:  0.344457	PV:   3286.93	POS:3	NEG:4284	Loss:  0.051822
[Epoch 002/100]	Epsilon:0.4949	#Expl.:2088/4299	#Buy:707	#Sell:1900	#Hold:1692	#Stocks:  0.000000	PV:   2968.49	POS:3	NEG:4283	Loss:  0.046732
[Epoch 003/100]	Epsilon:0.4899	#Expl.:2095/4299	#Buy:778	#Sell:1363	#Hold:2158	#Stocks:  0.252551	PV:   4154.86	POS:0	NEG:4291	Loss:  0.044721
[Epoch 004/100]	Epsilon:0.4848	#Expl.:2076/4299	#Buy:801	#Sell:1539	#Hold:1959	#Stocks:  0.000000	PV:   3123.64	POS:0	NEG:4289	Loss:  0.045132
[Epoch 005/100]	Epsilon:0.4798	#Expl.:2059/4299	#Buy:803	#Sell:1959	#Hold:1537	#Stocks:  0.116967	PV:   3845.91	POS:3	NEG:4285	Loss:  0.047194
[Epoch 006/100]	Epsilon:0.4747	#Expl.:2039/4299	#Buy:872	#Sell:1799	#Hold:1628	#Stocks:  0.000000	PV:   4888.46	POS:2	NEG:4289	Loss:  0.047671
[Epoch 007/100]	Epsilon:0.4697	#Expl.:2003/4299	#Buy:925	#Sell:2252	#Hold:1122	#Stocks:  0.177955	PV:   2833.11	POS:0	NEG:4288	Loss:  0.049193
[Epoch 008/100]	Epsilon:0.4646	#Expl.:1960/4299	#Buy:1090	#Sell:2075	#Hold:1134	#Stocks:  0.013051	PV:   2510.68	POS:2	NEG:4283	Loss:  0.052086
[Epoch 009/100]	Epsilon:0.4596	#Expl.:1972/4299	#Buy:2158	#Sell:985	#Hold:1156	#Stocks:  0.454846	PV:   2906.50	POS:9	NEG:4271	Loss:  0.050280
[Epoch 010/100]	Epsilon:0.4545	#Expl.:1932/4299	#Buy:2431	#Sell:925	#Hold:943	#Stocks:  0.001523	PV:   2595.59	POS:10	NEG:4268	Loss:  0.048249
[Epoch 011/100]	Epsilon:0.4495	#Expl.:1918/4299	#Buy:2468	#Sell:897	#Hold:934	#Stocks:  0.349475	PV:   2233.17	POS:11	NEG:4266	Loss:  0.047837
[Epoch 012/100]	Epsilon:0.4444	#Expl.:1952/4299	#Buy:2215	#Sell:998	#Hold:1086	#Stocks:  0.000000	PV:   1380.87	POS:9	NEG:4266	Loss:  0.049463
[Epoch 013/100]	Epsilon:0.4394	#Expl.:1906/4299	#Buy:1995	#Sell:871	#Hold:1433	#Stocks:  0.000000	PV:   3349.63	POS:15	NEG:4261	Loss:  0.050092
[Epoch 014/100]	Epsilon:0.4343	#Expl.:1866/4299	#Buy:1472	#Sell:823	#Hold:2004	#Stocks:  0.013813	PV:   3606.73	POS:9	NEG:4273	Loss:  0.049397
[Epoch 015/100]	Epsilon:0.4293	#Expl.:1799/4299	#Buy:1564	#Sell:650	#Hold:2085	#Stocks:  0.750567	PV:   4796.18	POS:10	NEG:4273	Loss:  0.049876
[Epoch 016/100]	Epsilon:0.4242	#Expl.:1846/4299	#Buy:1722	#Sell:751	#Hold:1826	#Stocks:  0.567412	PV:   3625.80	POS:9	NEG:4273	Loss:  0.051730
[Epoch 017/100]	Epsilon:0.4192	#Expl.:1795/4299	#Buy:1211	#Sell:726	#Hold:2362	#Stocks:  0.061173	PV:   2497.66	POS:11	NEG:4266	Loss:  0.048886
[Epoch 018/100]	Epsilon:0.4141	#Expl.:1777/4299	#Buy:1733	#Sell:690	#Hold:1876	#Stocks:  0.159649	PV:   2585.22	POS:10	NEG:4268	Loss:  0.050043
[Epoch 019/100]	Epsilon:0.4091	#Expl.:1712/4299	#Buy:2125	#Sell:849	#Hold:1325	#Stocks:  0.210279	PV:   2304.82	POS:11	NEG:4265	Loss:  0.049091
[Epoch 020/100]	Epsilon:0.4040	#Expl.:1763/4299	#Buy:1166	#Sell:915	#Hold:2218	#Stocks:  0.293350	PV:   3246.84	POS:8	NEG:4274	Loss:  0.051392
[Epoch 021/100]	Epsilon:0.3990	#Expl.:1712/4299	#Buy:1180	#Sell:732	#Hold:2387	#Stocks:  0.334208	PV:   3204.08	POS:10	NEG:4271	Loss:  0.049958
[Epoch 022/100]	Epsilon:0.3939	#Expl.:1651/4299	#Buy:690	#Sell:616	#Hold:2993	#Stocks:  0.101785	PV:   5818.84	POS:7	NEG:4281	Loss:  0.040583
[Epoch 023/100]	Epsilon:0.3889	#Expl.:1679/4299	#Buy:655	#Sell:540	#Hold:3104	#Stocks:  0.139136	PV:   2976.60	POS:7	NEG:4275	Loss:  0.037114
[Epoch 024/100]	Epsilon:0.3838	#Expl.:1676/4299	#Buy:709	#Sell:585	#Hold:3005	#Stocks:  0.553164	PV:   4941.09	POS:6	NEG:4281	Loss:  0.039007
[Epoch 025/100]	Epsilon:0.3788	#Expl.:1607/4299	#Buy:1350	#Sell:805	#Hold:2144	#Stocks:  0.525879	PV:   3360.40	POS:7	NEG:4276	Loss:  0.048086
[Epoch 026/100]	Epsilon:0.3737	#Expl.:1667/4299	#Buy:1726	#Sell:1024	#Hold:1549	#Stocks:  0.502129	PV:   3217.15	POS:7	NEG:4276	Loss:  0.052921
[Epoch 027/100]	Epsilon:0.3687	#Expl.:1610/4299	#Buy:2308	#Sell:990	#Hold:1001	#Stocks:  0.001119	PV:   2419.17	POS:12	NEG:4265	Loss:  0.049847
[Epoch 028/100]	Epsilon:0.3636	#Expl.:1529/4299	#Buy:2296	#Sell:878	#Hold:1125	#Stocks:  0.366713	PV:   2578.69	POS:10	NEG:4268	Loss:  0.049316
[Epoch 029/100]	Epsilon:0.3586	#Expl.:1521/4299	#Buy:1271	#Sell:1299	#Hold:1729	#Stocks:  0.000000	PV:   1982.94	POS:6	NEG:4274	Loss:  0.049154
[Epoch 030/100]	Epsilon:0.3535	#Expl.:1548/4299	#Buy:1375	#Sell:1658	#Hold:1266	#Stocks:  0.000000	PV:   3208.51	POS:7	NEG:4276	Loss:  0.048536
[Epoch 031/100]	Epsilon:0.3485	#Expl.:1552/4299	#Buy:695	#Sell:1459	#Hold:2145	#Stocks:  0.198610	PV:   4258.17	POS:0	NEG:4292	Loss:  0.038228
[Epoch 032/100]	Epsilon:0.3434	#Expl.:1443/4299	#Buy:568	#Sell:1414	#Hold:2317	#Stocks:  0.000000	PV:   3634.19	POS:0	NEG:4290	Loss:  0.033594
[Epoch 033/100]	Epsilon:0.3384	#Expl.:1423/4299	#Buy:581	#Sell:1339	#Hold:2379	#Stocks:  0.000006	PV:   3759.74	POS:1	NEG:4289	Loss:  0.033859
[Epoch 034/100]	Epsilon:0.3333	#Expl.:1408/4299	#Buy:681	#Sell:1413	#Hold:2205	#Stocks:  0.324982	PV:   3486.16	POS:0	NEG:4290	Loss:  0.035861
[Epoch 035/100]	Epsilon:0.3283	#Expl.:1426/4299	#Buy:1509	#Sell:1178	#Hold:1612	#Stocks:  0.568142	PV:   3630.47	POS:1	NEG:4288	Loss:  0.037462
[Epoch 036/100]	Epsilon:0.3232	#Expl.:1394/4299	#Buy:3269	#Sell:532	#Hold:498	#Stocks:  0.159897	PV:   1720.60	POS:13	NEG:4259	Loss:  0.033290
[Epoch 037/100]	Epsilon:0.3182	#Expl.:1365/4299	#Buy:3121	#Sell:586	#Hold:592	#Stocks:  0.144684	PV:   1989.41	POS:11	NEG:4265	Loss:  0.036492
[Epoch 038/100]	Epsilon:0.3131	#Expl.:1390/4299	#Buy:1796	#Sell:1752	#Hold:751	#Stocks:  0.074353	PV:   2068.13	POS:11	NEG:4266	Loss:  0.043913
[Epoch 039/100]	Epsilon:0.3081	#Expl.:1341/4299	#Buy:721	#Sell:2068	#Hold:1510	#Stocks:  0.000000	PV:   4673.59	POS:1	NEG:4291	Loss:  0.037417
[Epoch 040/100]	Epsilon:0.3030	#Expl.:1303/4299	#Buy:824	#Sell:2381	#Hold:1094	#Stocks:  0.000000	PV:   2492.73	POS:1	NEG:4285	Loss:  0.042795
[Epoch 041/100]	Epsilon:0.2980	#Expl.:1279/4299	#Buy:2545	#Sell:970	#Hold:784	#Stocks:  0.324036	PV:   2070.61	POS:11	NEG:4265	Loss:  0.045663
[Epoch 042/100]	Epsilon:0.2929	#Expl.:1265/4299	#Buy:1920	#Sell:899	#Hold:1480	#Stocks:  0.011618	PV:   2733.32	POS:13	NEG:4264	Loss:  0.048210
[Epoch 043/100]	Epsilon:0.2879	#Expl.:1237/4299	#Buy:1433	#Sell:2257	#Hold:609	#Stocks:  0.173201	PV:   2850.94	POS:12	NEG:4266	Loss:  0.043109
[Epoch 044/100]	Epsilon:0.2828	#Expl.:1225/4299	#Buy:710	#Sell:2777	#Hold:812	#Stocks:  0.000000	PV:   3212.43	POS:0	NEG:4290	Loss:  0.038860
[Epoch 045/100]	Epsilon:0.2778	#Expl.:1181/4299	#Buy:767	#Sell:2670	#Hold:862	#Stocks:  0.419465	PV:   4755.55	POS:2	NEG:4288	Loss:  0.041247
[Epoch 046/100]	Epsilon:0.2727	#Expl.:1147/4299	#Buy:617	#Sell:3000	#Hold:682	#Stocks:  0.000000	PV:   4084.59	POS:0	NEG:4292	Loss:  0.036882
[Epoch 047/100]	Epsilon:0.2677	#Expl.:1160/4299	#Buy:626	#Sell:2980	#Hold:693	#Stocks:  0.000000	PV:   4960.66	POS:3	NEG:4288	Loss:  0.033407
[Epoch 048/100]	Epsilon:0.2626	#Expl.:1113/4299	#Buy:1416	#Sell:1748	#Hold:1135	#Stocks:  0.100896	PV:   4057.92	POS:5	NEG:4281	Loss:  0.050938
[Epoch 049/100]	Epsilon:0.2576	#Expl.:1027/4299	#Buy:1370	#Sell:1331	#Hold:1598	#Stocks:  0.023861	PV:   3295.64	POS:5	NEG:4280	Loss:  0.053546
[Epoch 050/100]	Epsilon:0.2525	#Expl.:1120/4299	#Buy:1582	#Sell:997	#Hold:1720	#Stocks:  0.147079	PV:   1998.25	POS:6	NEG:4273	Loss:  0.052835
[Epoch 051/100]	Epsilon:0.2475	#Expl.:1087/4299	#Buy:1366	#Sell:888	#Hold:2045	#Stocks:  0.541207	PV:   3486.79	POS:8	NEG:4274	Loss:  0.051476
[Epoch 052/100]	Epsilon:0.2424	#Expl.:1065/4299	#Buy:1904	#Sell:555	#Hold:1840	#Stocks:  0.239654	PV:   3115.90	POS:8	NEG:4274	Loss:  0.045897
[Epoch 053/100]	Epsilon:0.2374	#Expl.:979/4299	#Buy:1948	#Sell:502	#Hold:1849	#Stocks:  0.532362	PV:   3684.14	POS:14	NEG:4264	Loss:  0.049077
[Epoch 054/100]	Epsilon:0.2323	#Expl.:1012/4299	#Buy:2289	#Sell:659	#Hold:1351	#Stocks:  0.142034	PV:   2563.92	POS:14	NEG:4261	Loss:  0.048889
[Epoch 055/100]	Epsilon:0.2273	#Expl.:995/4299	#Buy:1798	#Sell:556	#Hold:1945	#Stocks:  0.492936	PV:   3305.93	POS:6	NEG:4278	Loss:  0.047535
[Epoch 056/100]	Epsilon:0.2222	#Expl.:954/4299	#Buy:874	#Sell:2558	#Hold:867	#Stocks:  0.437596	PV:   4574.05	POS:5	NEG:4283	Loss:  0.038073
[Epoch 057/100]	Epsilon:0.2172	#Expl.:906/4299	#Buy:1438	#Sell:2013	#Hold:848	#Stocks:  0.000000	PV:   3082.08	POS:6	NEG:4278	Loss:  0.046318
[Epoch 058/100]	Epsilon:0.2121	#Expl.:923/4299	#Buy:835	#Sell:2236	#Hold:1228	#Stocks:  0.000000	PV:   7263.18	POS:6	NEG:4285	Loss:  0.028901
[Epoch 059/100]	Epsilon:0.2071	#Expl.:961/4299	#Buy:374	#Sell:2441	#Hold:1484	#Stocks:  0.000000	PV:   6417.15	POS:1	NEG:4294	Loss:  0.029232
[Epoch 060/100]	Epsilon:0.2020	#Expl.:887/4299	#Buy:512	#Sell:2949	#Hold:838	#Stocks:  0.276586	PV:   4350.58	POS:0	NEG:4292	Loss:  0.030024
[Epoch 061/100]	Epsilon:0.1970	#Expl.:853/4299	#Buy:537	#Sell:2393	#Hold:1369	#Stocks:  0.000000	PV:   4688.72	POS:2	NEG:4289	Loss:  0.033286
[Epoch 062/100]	Epsilon:0.1919	#Expl.:829/4299	#Buy:843	#Sell:2434	#Hold:1022	#Stocks:  0.636581	PV:   4067.80	POS:0	NEG:4291	Loss:  0.031336
[Epoch 063/100]	Epsilon:0.1869	#Expl.:796/4299	#Buy:464	#Sell:2497	#Hold:1338	#Stocks:  0.000000	PV:   8383.04	POS:2	NEG:4294	Loss:  0.025557
[Epoch 064/100]	Epsilon:0.1818	#Expl.:792/4299	#Buy:713	#Sell:1972	#Hold:1614	#Stocks:  0.001235	PV:   5490.65	POS:2	NEG:4290	Loss:  0.031250
[Epoch 065/100]	Epsilon:0.1768	#Expl.:771/4299	#Buy:2192	#Sell:1340	#Hold:767	#Stocks:  0.789948	PV:   5047.83	POS:2	NEG:4289	Loss:  0.027566
[Epoch 066/100]	Epsilon:0.1717	#Expl.:784/4299	#Buy:3302	#Sell:551	#Hold:446	#Stocks:  0.502337	PV:   3209.97	POS:13	NEG:4266	Loss:  0.031669
[Epoch 067/100]	Epsilon:0.1667	#Expl.:734/4299	#Buy:3457	#Sell:445	#Hold:397	#Stocks:  0.535362	PV:   3421.00	POS:18	NEG:4255	Loss:  0.028494
[Epoch 068/100]	Epsilon:0.1616	#Expl.:677/4299	#Buy:1966	#Sell:1537	#Hold:796	#Stocks:  0.518343	PV:   3312.25	POS:12	NEG:4267	Loss:  0.035351
[Epoch 069/100]	Epsilon:0.1566	#Expl.:676/4299	#Buy:2234	#Sell:1150	#Hold:915	#Stocks:  0.001805	PV:   2884.99	POS:10	NEG:4269	Loss:  0.044502
[Epoch 070/100]	Epsilon:0.1515	#Expl.:623/4299	#Buy:2166	#Sell:1739	#Hold:394	#Stocks:  0.000202	PV:   3607.82	POS:10	NEG:4271	Loss:  0.044760
[Epoch 071/100]	Epsilon:0.1465	#Expl.:591/4299	#Buy:1373	#Sell:2339	#Hold:587	#Stocks:  0.022822	PV:   3480.79	POS:5	NEG:4280	Loss:  0.042839
[Epoch 072/100]	Epsilon:0.1414	#Expl.:616/4299	#Buy:1753	#Sell:1963	#Hold:583	#Stocks:  0.301587	PV:   3269.39	POS:6	NEG:4278	Loss:  0.047149
[Epoch 073/100]	Epsilon:0.1364	#Expl.:560/4299	#Buy:1982	#Sell:1767	#Hold:550	#Stocks:  0.000000	PV:   3096.41	POS:10	NEG:4270	Loss:  0.047309
[Epoch 074/100]	Epsilon:0.1313	#Expl.:577/4299	#Buy:1481	#Sell:1780	#Hold:1038	#Stocks:  0.358512	PV:   3180.89	POS:1	NEG:4287	Loss:  0.049649
[Epoch 075/100]	Epsilon:0.1263	#Expl.:559/4299	#Buy:1582	#Sell:1495	#Hold:1222	#Stocks:  0.756266	PV:   4832.92	POS:4	NEG:4285	Loss:  0.049951
[Epoch 076/100]	Epsilon:0.1212	#Expl.:563/4299	#Buy:1112	#Sell:2449	#Hold:738	#Stocks:  0.000201	PV:   5087.06	POS:6	NEG:4282	Loss:  0.044545
[Epoch 077/100]	Epsilon:0.1162	#Expl.:460/4299	#Buy:211	#Sell:3711	#Hold:377	#Stocks:  0.000000	PV:   7945.40	POS:0	NEG:4297	Loss:  0.017929
[Epoch 078/100]	Epsilon:0.1111	#Expl.:472/4299	#Buy:148	#Sell:3305	#Hold:846	#Stocks:  0.000000	PV:   7614.12	POS:0	NEG:4297	Loss:  0.022581
[Epoch 079/100]	Epsilon:0.1061	#Expl.:468/4299	#Buy:171	#Sell:3497	#Hold:631	#Stocks:  0.000000	PV:   7246.03	POS:0	NEG:4297	Loss:  0.021879
[Epoch 080/100]	Epsilon:0.1010	#Expl.:458/4299	#Buy:158	#Sell:3557	#Hold:584	#Stocks:  0.000000	PV:   8396.36	POS:0	NEG:4298	Loss:  0.020830
[Epoch 081/100]	Epsilon:0.0960	#Expl.:418/4299	#Buy:165	#Sell:3446	#Hold:688	#Stocks:  0.000000	PV:   9391.62	POS:0	NEG:4299	Loss:  0.022109
[Epoch 082/100]	Epsilon:0.0909	#Expl.:413/4299	#Buy:200	#Sell:3366	#Hold:733	#Stocks:  0.000000	PV:   7688.08	POS:1	NEG:4295	Loss:  0.020909
[Epoch 083/100]	Epsilon:0.0859	#Expl.:369/4299	#Buy:158	#Sell:2977	#Hold:1164	#Stocks:  0.000000	PV:   9307.79	POS:1	NEG:4297	Loss:  0.030069
[Epoch 084/100]	Epsilon:0.0808	#Expl.:326/4299	#Buy:172	#Sell:3290	#Hold:837	#Stocks:  0.607241	PV:   7765.81	POS:0	NEG:4297	Loss:  0.026937
[Epoch 085/100]	Epsilon:0.0758	#Expl.:327/4299	#Buy:148	#Sell:3780	#Hold:371	#Stocks:  0.000000	PV:   8411.56	POS:0	NEG:4298	Loss:  0.013288
[Epoch 086/100]	Epsilon:0.0707	#Expl.:296/4299	#Buy:121	#Sell:3163	#Hold:1015	#Stocks:  0.000000	PV:   8729.89	POS:1	NEG:4296	Loss:  0.023683
[Epoch 087/100]	Epsilon:0.0657	#Expl.:280/4299	#Buy:100	#Sell:2287	#Hold:1912	#Stocks:  0.000000	PV:   7634.18	POS:0	NEG:4297	Loss:  0.040886
[Epoch 088/100]	Epsilon:0.0606	#Expl.:261/4299	#Buy:113	#Sell:2786	#Hold:1400	#Stocks:  0.000000	PV:   7840.37	POS:0	NEG:4297	Loss:  0.037245
[Epoch 089/100]	Epsilon:0.0556	#Expl.:227/4299	#Buy:102	#Sell:2200	#Hold:1997	#Stocks:  0.000000	PV:   8067.85	POS:0	NEG:4297	Loss:  0.041545
[Epoch 090/100]	Epsilon:0.0505	#Expl.:236/4299	#Buy:82	#Sell:1798	#Hold:2419	#Stocks:  0.000000	PV:   9754.82	POS:1	NEG:4297	Loss:  0.040315
[Epoch 091/100]	Epsilon:0.0455	#Expl.:183/4299	#Buy:104	#Sell:2013	#Hold:2182	#Stocks:  0.000000	PV:   7918.23	POS:0	NEG:4297	Loss:  0.039480
[Epoch 092/100]	Epsilon:0.0404	#Expl.:198/4299	#Buy:133	#Sell:1846	#Hold:2320	#Stocks:  0.421673	PV:   8308.80	POS:0	NEG:4298	Loss:  0.039965
[Epoch 093/100]	Epsilon:0.0354	#Expl.:146/4299	#Buy:196	#Sell:2225	#Hold:1878	#Stocks:  0.000000	PV:   7309.56	POS:2	NEG:4293	Loss:  0.038380
[Epoch 094/100]	Epsilon:0.0303	#Expl.:148/4299	#Buy:318	#Sell:2137	#Hold:1844	#Stocks:  0.000000	PV:   8315.01	POS:0	NEG:4298	Loss:  0.045119
[Epoch 095/100]	Epsilon:0.0253	#Expl.:117/4299	#Buy:252	#Sell:2170	#Hold:1877	#Stocks:  0.000001	PV:   8212.06	POS:4	NEG:4290	Loss:  0.042386
[Epoch 096/100]	Epsilon:0.0202	#Expl.:85/4299	#Buy:149	#Sell:2356	#Hold:1794	#Stocks:  0.051053	PV:   8590.03	POS:0	NEG:4298	Loss:  0.040813
[Epoch 097/100]	Epsilon:0.0152	#Expl.:77/4299	#Buy:118	#Sell:2149	#Hold:2032	#Stocks:  0.000000	PV:   6250.80	POS:0	NEG:4295	Loss:  0.041923
[Epoch 098/100]	Epsilon:0.0101	#Expl.:38/4299	#Buy:30	#Sell:1290	#Hold:2979	#Stocks:  0.000000	PV:   9473.41	POS:0	NEG:4299	Loss:  0.039565
[Epoch 099/100]	Epsilon:0.0051	#Expl.:16/4299	#Buy:49	#Sell:1386	#Hold:2864	#Stocks:  0.000000	PV:  10188.26	POS:0	NEG:4299	Loss:  0.036232
[Epoch 100/100]	Epsilon:0.0000	#Expl.:0/4299	#Buy:137	#Sell:1390	#Hold:2772	#Stocks:  0.000000	PV:   9516.76	POS:2	NEG:4295	Loss:  0.040022
Max PV: 10188.262391905108, 	 # Win: 1
