LR: 0.1, DF: 0, DRT: 0.2
findfont: Matching :family=sans-serif:style=normal:variant=normal:weight=normal:stretch=normal:size=10.0 to DejaVu Sans ('/usr/local/lib/python3.5/dist-packages/matplotlib/mpl-data/fonts/ttf/DejaVuSans.ttf') with score of 0.050000
findfont: Matching :family=sans-serif:style=normal:variant=normal:weight=normal:stretch=normal:size=12.0 to DejaVu Sans ('/usr/local/lib/python3.5/dist-packages/matplotlib/mpl-data/fonts/ttf/DejaVuSans.ttf') with score of 0.050000
[Epoch 001/100]	Epsilon:0.5000	#Expl.:2172/4299	#Buy:1021	#Sell:1261	#Hold:2017	#Stocks:  0.000000	PV:   2699.51	POS:1	NEG:4292	Loss:  0.050426
[Epoch 002/100]	Epsilon:0.4949	#Expl.:2142/4299	#Buy:863	#Sell:1081	#Hold:2355	#Stocks:  0.000000	PV:   2340.63	POS:0	NEG:4293	Loss:  0.049000
[Epoch 003/100]	Epsilon:0.4899	#Expl.:2096/4299	#Buy:1135	#Sell:1109	#Hold:2055	#Stocks:  0.218408	PV:   2384.53	POS:0	NEG:4293	Loss:  0.052459
[Epoch 004/100]	Epsilon:0.4848	#Expl.:2075/4299	#Buy:1688	#Sell:1091	#Hold:1520	#Stocks:  0.126401	PV:   1221.49	POS:0	NEG:4290	Loss:  0.053552
[Epoch 005/100]	Epsilon:0.4798	#Expl.:2104/4299	#Buy:1811	#Sell:1109	#Hold:1379	#Stocks:  0.000000	PV:   3682.14	POS:4	NEG:4288	Loss:  0.051519
[Epoch 006/100]	Epsilon:0.4747	#Expl.:2140/4299	#Buy:1048	#Sell:1242	#Hold:2009	#Stocks:  0.000000	PV:   3107.76	POS:2	NEG:4291	Loss:  0.049109
[Epoch 007/100]	Epsilon:0.4697	#Expl.:1994/4299	#Buy:1001	#Sell:1243	#Hold:2055	#Stocks:  0.000000	PV:   2253.52	POS:1	NEG:4291	Loss:  0.049938
[Epoch 008/100]	Epsilon:0.4646	#Expl.:1997/4299	#Buy:1101	#Sell:1312	#Hold:1886	#Stocks:  0.229819	PV:   2713.53	POS:0	NEG:4294	Loss:  0.049581
[Epoch 009/100]	Epsilon:0.4596	#Expl.:1955/4299	#Buy:1043	#Sell:1344	#Hold:1912	#Stocks:  0.000005	PV:   3258.02	POS:1	NEG:4293	Loss:  0.049834
[Epoch 010/100]	Epsilon:0.4545	#Expl.:1977/4299	#Buy:1029	#Sell:1958	#Hold:1312	#Stocks:  0.116027	PV:   2852.42	POS:0	NEG:4294	Loss:  0.050887
[Epoch 011/100]	Epsilon:0.4495	#Expl.:1952/4299	#Buy:859	#Sell:2179	#Hold:1261	#Stocks:  0.043532	PV:   2410.14	POS:0	NEG:4293	Loss:  0.048845
[Epoch 012/100]	Epsilon:0.4444	#Expl.:1910/4299	#Buy:923	#Sell:1595	#Hold:1781	#Stocks:  0.595062	PV:   3802.49	POS:1	NEG:4293	Loss:  0.050680
[Epoch 013/100]	Epsilon:0.4394	#Expl.:1886/4299	#Buy:1088	#Sell:1202	#Hold:2009	#Stocks:  0.000031	PV:   1735.57	POS:0	NEG:4292	Loss:  0.052119
[Epoch 014/100]	Epsilon:0.4343	#Expl.:1841/4299	#Buy:1084	#Sell:1836	#Hold:1379	#Stocks:  0.043716	PV:   3904.17	POS:0	NEG:4295	Loss:  0.053845
[Epoch 015/100]	Epsilon:0.4293	#Expl.:1841/4299	#Buy:1092	#Sell:1952	#Hold:1255	#Stocks:  0.012422	PV:   3700.69	POS:0	NEG:4295	Loss:  0.052491
[Epoch 016/100]	Epsilon:0.4242	#Expl.:1796/4299	#Buy:1084	#Sell:2140	#Hold:1075	#Stocks:  0.071911	PV:   2937.03	POS:0	NEG:4294	Loss:  0.051550
[Epoch 017/100]	Epsilon:0.4192	#Expl.:1819/4299	#Buy:1476	#Sell:1851	#Hold:972	#Stocks:  0.359336	PV:   2711.79	POS:0	NEG:4294	Loss:  0.053025
[Epoch 018/100]	Epsilon:0.4141	#Expl.:1744/4299	#Buy:1633	#Sell:1559	#Hold:1107	#Stocks:  0.179102	PV:   2194.77	POS:0	NEG:4293	Loss:  0.053185
[Epoch 019/100]	Epsilon:0.4091	#Expl.:1809/4299	#Buy:1514	#Sell:1467	#Hold:1318	#Stocks:  0.000125	PV:   4145.80	POS:1	NEG:4294	Loss:  0.053769
[Epoch 020/100]	Epsilon:0.4040	#Expl.:1685/4299	#Buy:1088	#Sell:1070	#Hold:2141	#Stocks:  0.126483	PV:   3973.58	POS:0	NEG:4295	Loss:  0.051042
[Epoch 021/100]	Epsilon:0.3990	#Expl.:1730/4299	#Buy:1003	#Sell:843	#Hold:2453	#Stocks:  0.709762	PV:   4717.81	POS:1	NEG:4294	Loss:  0.047896
[Epoch 022/100]	Epsilon:0.3939	#Expl.:1686/4299	#Buy:826	#Sell:821	#Hold:2652	#Stocks:  0.542660	PV:   5683.42	POS:2	NEG:4293	Loss:  0.045119
[Epoch 023/100]	Epsilon:0.3889	#Expl.:1711/4299	#Buy:750	#Sell:701	#Hold:2848	#Stocks:  0.000475	PV:   4452.25	POS:2	NEG:4292	Loss:  0.041896
[Epoch 024/100]	Epsilon:0.3838	#Expl.:1664/4299	#Buy:949	#Sell:667	#Hold:2683	#Stocks:  0.367687	PV:   3877.80	POS:1	NEG:4293	Loss:  0.044339
[Epoch 025/100]	Epsilon:0.3788	#Expl.:1657/4299	#Buy:699	#Sell:764	#Hold:2836	#Stocks:  0.418148	PV:   3767.41	POS:0	NEG:4295	Loss:  0.042147
[Epoch 026/100]	Epsilon:0.3737	#Expl.:1603/4299	#Buy:769	#Sell:761	#Hold:2769	#Stocks:  0.002635	PV:   4602.36	POS:0	NEG:4296	Loss:  0.043117
[Epoch 027/100]	Epsilon:0.3687	#Expl.:1576/4299	#Buy:934	#Sell:581	#Hold:2784	#Stocks:  0.158720	PV:   4792.05	POS:2	NEG:4293	Loss:  0.042521
[Epoch 028/100]	Epsilon:0.3636	#Expl.:1535/4299	#Buy:733	#Sell:650	#Hold:2916	#Stocks:  0.236092	PV:   3262.11	POS:0	NEG:4294	Loss:  0.040156
[Epoch 029/100]	Epsilon:0.3586	#Expl.:1552/4299	#Buy:701	#Sell:846	#Hold:2752	#Stocks:  0.196061	PV:   5581.48	POS:2	NEG:4293	Loss:  0.043650
[Epoch 030/100]	Epsilon:0.3535	#Expl.:1472/4299	#Buy:698	#Sell:665	#Hold:2936	#Stocks:  0.676741	PV:   5223.17	POS:1	NEG:4294	Loss:  0.039907
[Epoch 031/100]	Epsilon:0.3485	#Expl.:1494/4299	#Buy:799	#Sell:954	#Hold:2546	#Stocks:  0.435916	PV:   3336.10	POS:0	NEG:4295	Loss:  0.046047
[Epoch 032/100]	Epsilon:0.3434	#Expl.:1431/4299	#Buy:770	#Sell:901	#Hold:2628	#Stocks:  0.285190	PV:   4160.51	POS:1	NEG:4294	Loss:  0.045289
[Epoch 033/100]	Epsilon:0.3384	#Expl.:1421/4299	#Buy:720	#Sell:1066	#Hold:2513	#Stocks:  0.701546	PV:   7237.80	POS:0	NEG:4298	Loss:  0.046508
[Epoch 034/100]	Epsilon:0.3333	#Expl.:1441/4299	#Buy:745	#Sell:830	#Hold:2724	#Stocks:  0.641316	PV:   5598.94	POS:3	NEG:4291	Loss:  0.043658
[Epoch 035/100]	Epsilon:0.3283	#Expl.:1421/4299	#Buy:981	#Sell:1326	#Hold:1992	#Stocks:  0.194689	PV:   2769.20	POS:0	NEG:4294	Loss:  0.052520
[Epoch 036/100]	Epsilon:0.3232	#Expl.:1352/4299	#Buy:1013	#Sell:1096	#Hold:2190	#Stocks:  0.463539	PV:   3670.35	POS:0	NEG:4295	Loss:  0.048286
[Epoch 037/100]	Epsilon:0.3182	#Expl.:1350/4299	#Buy:845	#Sell:870	#Hold:2584	#Stocks:  0.000000	PV:   3070.75	POS:0	NEG:4294	Loss:  0.046468
[Epoch 038/100]	Epsilon:0.3131	#Expl.:1374/4299	#Buy:636	#Sell:1281	#Hold:2382	#Stocks:  0.000000	PV:   3215.00	POS:0	NEG:4294	Loss:  0.049563
[Epoch 039/100]	Epsilon:0.3081	#Expl.:1314/4299	#Buy:736	#Sell:1459	#Hold:2104	#Stocks:  0.000000	PV:   5787.75	POS:1	NEG:4295	Loss:  0.050202
[Epoch 040/100]	Epsilon:0.3030	#Expl.:1299/4299	#Buy:810	#Sell:1167	#Hold:2322	#Stocks:  0.000000	PV:   3322.76	POS:2	NEG:4291	Loss:  0.049454
[Epoch 041/100]	Epsilon:0.2980	#Expl.:1302/4299	#Buy:628	#Sell:1445	#Hold:2226	#Stocks:  0.289637	PV:   4101.79	POS:0	NEG:4295	Loss:  0.044150
[Epoch 042/100]	Epsilon:0.2929	#Expl.:1246/4299	#Buy:836	#Sell:1689	#Hold:1774	#Stocks:  0.299309	PV:   3816.94	POS:0	NEG:4295	Loss:  0.049582
[Epoch 043/100]	Epsilon:0.2879	#Expl.:1201/4299	#Buy:517	#Sell:1836	#Hold:1946	#Stocks:  0.356191	PV:   4856.20	POS:0	NEG:4296	Loss:  0.047849
[Epoch 044/100]	Epsilon:0.2828	#Expl.:1229/4299	#Buy:603	#Sell:1601	#Hold:2095	#Stocks:  0.997327	PV:   6441.38	POS:0	NEG:4297	Loss:  0.047443
[Epoch 045/100]	Epsilon:0.2778	#Expl.:1185/4299	#Buy:990	#Sell:1541	#Hold:1768	#Stocks:  0.765021	PV:   4890.25	POS:1	NEG:4294	Loss:  0.053140
[Epoch 046/100]	Epsilon:0.2727	#Expl.:1157/4299	#Buy:1270	#Sell:1523	#Hold:1506	#Stocks:  0.307238	PV:   3071.47	POS:1	NEG:4293	Loss:  0.052486
[Epoch 047/100]	Epsilon:0.2677	#Expl.:1136/4299	#Buy:783	#Sell:1688	#Hold:1828	#Stocks:  0.317191	PV:   3815.93	POS:0	NEG:4295	Loss:  0.047312
[Epoch 048/100]	Epsilon:0.2626	#Expl.:1133/4299	#Buy:1119	#Sell:1708	#Hold:1472	#Stocks:  0.376398	PV:   2430.00	POS:1	NEG:4291	Loss:  0.049721
[Epoch 049/100]	Epsilon:0.2576	#Expl.:1120/4299	#Buy:949	#Sell:825	#Hold:2525	#Stocks:  0.000000	PV:   2449.01	POS:1	NEG:4292	Loss:  0.038333
[Epoch 050/100]	Epsilon:0.2525	#Expl.:1048/4299	#Buy:387	#Sell:503	#Hold:3409	#Stocks:  0.000000	PV:   5855.35	POS:0	NEG:4297	Loss:  0.025016
[Epoch 051/100]	Epsilon:0.2475	#Expl.:1060/4299	#Buy:360	#Sell:426	#Hold:3513	#Stocks:  0.000000	PV:   6702.80	POS:0	NEG:4298	Loss:  0.025087
[Epoch 052/100]	Epsilon:0.2424	#Expl.:1023/4299	#Buy:333	#Sell:409	#Hold:3557	#Stocks:  0.000000	PV:   5683.85	POS:0	NEG:4297	Loss:  0.023780
[Epoch 053/100]	Epsilon:0.2374	#Expl.:1027/4299	#Buy:366	#Sell:381	#Hold:3552	#Stocks:  0.357137	PV:   6008.55	POS:0	NEG:4297	Loss:  0.024388
[Epoch 054/100]	Epsilon:0.2323	#Expl.:1026/4299	#Buy:317	#Sell:364	#Hold:3618	#Stocks:  0.466587	PV:   5805.43	POS:0	NEG:4297	Loss:  0.023563
[Epoch 055/100]	Epsilon:0.2273	#Expl.:999/4299	#Buy:317	#Sell:333	#Hold:3649	#Stocks:  0.000000	PV:   6644.17	POS:0	NEG:4298	Loss:  0.022637
[Epoch 056/100]	Epsilon:0.2222	#Expl.:927/4299	#Buy:316	#Sell:361	#Hold:3622	#Stocks:  0.379501	PV:   5540.64	POS:0	NEG:4297	Loss:  0.022040
[Epoch 057/100]	Epsilon:0.2172	#Expl.:915/4299	#Buy:329	#Sell:700	#Hold:3270	#Stocks:  0.000000	PV:   5916.00	POS:0	NEG:4297	Loss:  0.024339
[Epoch 058/100]	Epsilon:0.2121	#Expl.:906/4299	#Buy:292	#Sell:919	#Hold:3088	#Stocks:  0.000000	PV:   7622.65	POS:0	NEG:4298	Loss:  0.025093
[Epoch 059/100]	Epsilon:0.2071	#Expl.:863/4299	#Buy:317	#Sell:916	#Hold:3066	#Stocks:  0.000000	PV:   6262.81	POS:0	NEG:4297	Loss:  0.023901
[Epoch 060/100]	Epsilon:0.2020	#Expl.:851/4299	#Buy:314	#Sell:632	#Hold:3353	#Stocks:  0.605058	PV:   6539.94	POS:0	NEG:4298	Loss:  0.022401
[Epoch 061/100]	Epsilon:0.1970	#Expl.:822/4299	#Buy:272	#Sell:716	#Hold:3311	#Stocks:  0.000000	PV:   7330.15	POS:0	NEG:4298	Loss:  0.024079
[Epoch 062/100]	Epsilon:0.1919	#Expl.:797/4299	#Buy:261	#Sell:878	#Hold:3160	#Stocks:  0.000000	PV:   6478.48	POS:0	NEG:4298	Loss:  0.023336
[Epoch 063/100]	Epsilon:0.1869	#Expl.:817/4299	#Buy:268	#Sell:1086	#Hold:2945	#Stocks:  0.249684	PV:   6179.59	POS:0	NEG:4297	Loss:  0.033998
[Epoch 064/100]	Epsilon:0.1818	#Expl.:780/4299	#Buy:235	#Sell:307	#Hold:3757	#Stocks:  0.052709	PV:   6675.52	POS:0	NEG:4297	Loss:  0.021241
[Epoch 065/100]	Epsilon:0.1768	#Expl.:774/4299	#Buy:252	#Sell:264	#Hold:3783	#Stocks:  0.007272	PV:   6132.60	POS:1	NEG:4295	Loss:  0.020335
[Epoch 066/100]	Epsilon:0.1717	#Expl.:748/4299	#Buy:233	#Sell:252	#Hold:3814	#Stocks:  0.643029	PV:   7131.22	POS:1	NEG:4296	Loss:  0.017372
[Epoch 067/100]	Epsilon:0.1667	#Expl.:708/4299	#Buy:227	#Sell:257	#Hold:3815	#Stocks:  0.273779	PV:   6500.31	POS:2	NEG:4294	Loss:  0.017500
[Epoch 068/100]	Epsilon:0.1616	#Expl.:690/4299	#Buy:239	#Sell:228	#Hold:3832	#Stocks:  0.893043	PV:   6772.50	POS:2	NEG:4294	Loss:  0.016853
[Epoch 069/100]	Epsilon:0.1566	#Expl.:687/4299	#Buy:274	#Sell:230	#Hold:3795	#Stocks:  0.088627	PV:   6043.15	POS:2	NEG:4293	Loss:  0.018093
[Epoch 070/100]	Epsilon:0.1515	#Expl.:679/4299	#Buy:305	#Sell:237	#Hold:3757	#Stocks:  0.669408	PV:   4321.13	POS:1	NEG:4294	Loss:  0.019026
[Epoch 071/100]	Epsilon:0.1465	#Expl.:624/4299	#Buy:238	#Sell:209	#Hold:3852	#Stocks:  0.945581	PV:   6043.09	POS:2	NEG:4293	Loss:  0.016221
[Epoch 072/100]	Epsilon:0.1414	#Expl.:595/4299	#Buy:265	#Sell:205	#Hold:3829	#Stocks:  0.014457	PV:   5083.46	POS:3	NEG:4291	Loss:  0.016957
[Epoch 073/100]	Epsilon:0.1364	#Expl.:552/4299	#Buy:170	#Sell:176	#Hold:3953	#Stocks:  0.417502	PV:   5065.46	POS:2	NEG:4293	Loss:  0.012821
[Epoch 074/100]	Epsilon:0.1313	#Expl.:591/4299	#Buy:201	#Sell:216	#Hold:3882	#Stocks:  0.204135	PV:   7840.71	POS:2	NEG:4295	Loss:  0.015261
[Epoch 075/100]	Epsilon:0.1263	#Expl.:549/4299	#Buy:173	#Sell:177	#Hold:3949	#Stocks:  0.676287	PV:  10405.56	POS:1	NEG:4298	Loss:  0.012854
[Epoch 076/100]	Epsilon:0.1212	#Expl.:536/4299	#Buy:212	#Sell:162	#Hold:3925	#Stocks:  0.644446	PV:   6387.09	POS:1	NEG:4295	Loss:  0.013719
[Epoch 077/100]	Epsilon:0.1162	#Expl.:497/4299	#Buy:176	#Sell:169	#Hold:3954	#Stocks:  0.796411	PV:   6107.60	POS:2	NEG:4293	Loss:  0.012736
[Epoch 078/100]	Epsilon:0.1111	#Expl.:516/4299	#Buy:209	#Sell:159	#Hold:3931	#Stocks:  0.156941	PV:   5933.25	POS:1	NEG:4295	Loss:  0.013526
[Epoch 079/100]	Epsilon:0.1061	#Expl.:465/4299	#Buy:165	#Sell:156	#Hold:3978	#Stocks:  0.672914	PV:   4773.12	POS:1	NEG:4294	Loss:  0.011872
[Epoch 080/100]	Epsilon:0.1010	#Expl.:416/4299	#Buy:164	#Sell:135	#Hold:4000	#Stocks:  0.199841	PV:   5956.59	POS:0	NEG:4297	Loss:  0.011014
[Epoch 081/100]	Epsilon:0.0960	#Expl.:433/4299	#Buy:140	#Sell:146	#Hold:4013	#Stocks:  0.698512	PV:   5683.67	POS:1	NEG:4295	Loss:  0.011015
[Epoch 082/100]	Epsilon:0.0909	#Expl.:381/4299	#Buy:144	#Sell:138	#Hold:4017	#Stocks:  1.033272	PV:   6602.98	POS:4	NEG:4290	Loss:  0.010716
[Epoch 083/100]	Epsilon:0.0859	#Expl.:356/4299	#Buy:171	#Sell:102	#Hold:4026	#Stocks:  1.252622	PV:   8213.56	POS:1	NEG:4296	Loss:  0.010173
[Epoch 084/100]	Epsilon:0.0808	#Expl.:333/4299	#Buy:1476	#Sell:144	#Hold:2679	#Stocks:  0.002357	PV:   4436.46	POS:0	NEG:4296	Loss:  0.021315
[Epoch 085/100]	Epsilon:0.0758	#Expl.:321/4299	#Buy:4048	#Sell:105	#Hold:146	#Stocks:  0.544305	PV:   3478.15	POS:6	NEG:4284	Loss:  0.009794
[Epoch 086/100]	Epsilon:0.0707	#Expl.:321/4299	#Buy:4048	#Sell:130	#Hold:121	#Stocks:  0.855266	PV:   5465.21	POS:5	NEG:4288	Loss:  0.009684
[Epoch 087/100]	Epsilon:0.0657	#Expl.:280/4299	#Buy:3887	#Sell:179	#Hold:233	#Stocks:  0.586566	PV:   3748.20	POS:6	NEG:4284	Loss:  0.014822
[Epoch 088/100]	Epsilon:0.0606	#Expl.:275/4299	#Buy:3868	#Sell:243	#Hold:188	#Stocks:  0.650700	PV:   4158.02	POS:8	NEG:4281	Loss:  0.015554
[Epoch 089/100]	Epsilon:0.0556	#Expl.:240/4299	#Buy:4077	#Sell:77	#Hold:145	#Stocks:  0.625071	PV:   3994.25	POS:6	NEG:4284	Loss:  0.008584
[Epoch 090/100]	Epsilon:0.0505	#Expl.:199/4299	#Buy:4068	#Sell:126	#Hold:105	#Stocks:  0.552679	PV:   3531.65	POS:6	NEG:4284	Loss:  0.008771
[Epoch 091/100]	Epsilon:0.0455	#Expl.:193/4299	#Buy:4070	#Sell:71	#Hold:158	#Stocks:  0.587746	PV:   3755.74	POS:5	NEG:4286	Loss:  0.008726
[Epoch 092/100]	Epsilon:0.0404	#Expl.:174/4299	#Buy:3648	#Sell:338	#Hold:313	#Stocks:  0.480417	PV:   3069.90	POS:7	NEG:4281	Loss:  0.021628
[Epoch 093/100]	Epsilon:0.0354	#Expl.:167/4299	#Buy:3710	#Sell:306	#Hold:283	#Stocks:  0.622140	PV:   3975.52	POS:4	NEG:4288	Loss:  0.019459
[Epoch 094/100]	Epsilon:0.0303	#Expl.:125/4299	#Buy:4010	#Sell:165	#Hold:124	#Stocks:  0.577864	PV:   3692.59	POS:4	NEG:4288	Loss:  0.010553
[Epoch 095/100]	Epsilon:0.0253	#Expl.:116/4299	#Buy:3960	#Sell:210	#Hold:129	#Stocks:  0.644608	PV:   4119.09	POS:5	NEG:4286	Loss:  0.011969
[Epoch 096/100]	Epsilon:0.0202	#Expl.:73/4299	#Buy:3913	#Sell:302	#Hold:84	#Stocks:  0.496359	PV:   3171.77	POS:5	NEG:4285	Loss:  0.013504
[Epoch 097/100]	Epsilon:0.0152	#Expl.:55/4299	#Buy:804	#Sell:403	#Hold:3092	#Stocks:  0.000000	PV:   4696.32	POS:1	NEG:4294	Loss:  0.016446
[Epoch 098/100]	Epsilon:0.0101	#Expl.:49/4299	#Buy:52	#Sell:105	#Hold:4142	#Stocks:  0.000000	PV:   9157.74	POS:0	NEG:4299	Loss:  0.003301
[Epoch 099/100]	Epsilon:0.0051	#Expl.:24/4299	#Buy:29	#Sell:41	#Hold:4229	#Stocks:  0.000000	PV:   9767.76	POS:0	NEG:4299	Loss:  0.002289
[Epoch 100/100]	Epsilon:0.0000	#Expl.:0/4299	#Buy:15	#Sell:30	#Hold:4254	#Stocks:  0.000000	PV:   9862.72	POS:0	NEG:4299	Loss:  0.001591
Max PV: 10405.559436242156, 	 # Win: 1
