LR: 0.1, DF: 0, DRT: 0.25
findfont: Matching :family=sans-serif:style=normal:variant=normal:weight=normal:stretch=normal:size=10.0 to DejaVu Sans ('/usr/local/lib/python3.5/dist-packages/matplotlib/mpl-data/fonts/ttf/DejaVuSans.ttf') with score of 0.050000
findfont: Matching :family=sans-serif:style=normal:variant=normal:weight=normal:stretch=normal:size=12.0 to DejaVu Sans ('/usr/local/lib/python3.5/dist-packages/matplotlib/mpl-data/fonts/ttf/DejaVuSans.ttf') with score of 0.050000
[Epoch 001/100]	Epsilon:0.5000	#Expl.:2131/4299	#Buy:2814	#Sell:1443	#Hold:42	#Stocks:  0.166934	PV:   1387.34	POS:1	NEG:4291	Loss:  0.056755
[Epoch 002/100]	Epsilon:0.4949	#Expl.:2116/4299	#Buy:2413	#Sell:1851	#Hold:35	#Stocks:  0.001529	PV:   1369.86	POS:0	NEG:4292	Loss:  0.060147
[Epoch 003/100]	Epsilon:0.4899	#Expl.:2065/4299	#Buy:2626	#Sell:1424	#Hold:249	#Stocks:  0.198921	PV:   1273.55	POS:1	NEG:4291	Loss:  0.057095
[Epoch 004/100]	Epsilon:0.4848	#Expl.:2094/4299	#Buy:1938	#Sell:1929	#Hold:432	#Stocks:  0.001159	PV:   1318.65	POS:2	NEG:4289	Loss:  0.056554
[Epoch 005/100]	Epsilon:0.4798	#Expl.:2026/4299	#Buy:1896	#Sell:2371	#Hold:32	#Stocks:  0.243360	PV:   1901.03	POS:1	NEG:4292	Loss:  0.060193
[Epoch 006/100]	Epsilon:0.4747	#Expl.:2012/4299	#Buy:2060	#Sell:2168	#Hold:71	#Stocks:  0.072492	PV:   2036.81	POS:0	NEG:4294	Loss:  0.061322
[Epoch 007/100]	Epsilon:0.4697	#Expl.:2033/4299	#Buy:2045	#Sell:2162	#Hold:92	#Stocks:  0.147577	PV:   1556.51	POS:0	NEG:4293	Loss:  0.058286
[Epoch 008/100]	Epsilon:0.4646	#Expl.:1985/4299	#Buy:2329	#Sell:1949	#Hold:21	#Stocks:  0.195870	PV:   1251.63	POS:0	NEG:4292	Loss:  0.058423
[Epoch 009/100]	Epsilon:0.4596	#Expl.:1986/4299	#Buy:2832	#Sell:1465	#Hold:2	#Stocks:  0.145831	PV:   1192.50	POS:0	NEG:4292	Loss:  0.054188
[Epoch 010/100]	Epsilon:0.4545	#Expl.:1986/4299	#Buy:2616	#Sell:1669	#Hold:14	#Stocks:  0.002693	PV:   1754.14	POS:0	NEG:4294	Loss:  0.057859
[Epoch 011/100]	Epsilon:0.4495	#Expl.:1915/4299	#Buy:2931	#Sell:1366	#Hold:2	#Stocks:  0.066322	PV:   1063.25	POS:0	NEG:4292	Loss:  0.053718
[Epoch 012/100]	Epsilon:0.4444	#Expl.:1944/4299	#Buy:2833	#Sell:1436	#Hold:30	#Stocks:  0.162922	PV:   1611.03	POS:0	NEG:4293	Loss:  0.055053
[Epoch 013/100]	Epsilon:0.4394	#Expl.:1797/4299	#Buy:2541	#Sell:1634	#Hold:124	#Stocks:  0.237502	PV:   1517.66	POS:2	NEG:4290	Loss:  0.053207
[Epoch 014/100]	Epsilon:0.4343	#Expl.:1890/4299	#Buy:2297	#Sell:1867	#Hold:135	#Stocks:  0.000000	PV:   1967.82	POS:0	NEG:4294	Loss:  0.060650
[Epoch 015/100]	Epsilon:0.4293	#Expl.:1771/4299	#Buy:2070	#Sell:2056	#Hold:173	#Stocks:  0.240454	PV:   2043.39	POS:0	NEG:4294	Loss:  0.060183
[Epoch 016/100]	Epsilon:0.4242	#Expl.:1809/4299	#Buy:2332	#Sell:1856	#Hold:111	#Stocks:  0.000000	PV:   1433.86	POS:0	NEG:4293	Loss:  0.056767
[Epoch 017/100]	Epsilon:0.4192	#Expl.:1784/4299	#Buy:2109	#Sell:2047	#Hold:143	#Stocks:  0.000027	PV:   1327.88	POS:0	NEG:4293	Loss:  0.058948
[Epoch 018/100]	Epsilon:0.4141	#Expl.:1765/4299	#Buy:2407	#Sell:1892	#Hold:0	#Stocks:  0.061616	PV:   2803.90	POS:1	NEG:4293	Loss:  0.060721
[Epoch 019/100]	Epsilon:0.4091	#Expl.:1764/4299	#Buy:2810	#Sell:1469	#Hold:20	#Stocks:  0.277702	PV:   1821.41	POS:1	NEG:4292	Loss:  0.056368
[Epoch 020/100]	Epsilon:0.4040	#Expl.:1789/4299	#Buy:3286	#Sell:1013	#Hold:0	#Stocks:  0.000002	PV:   2481.75	POS:1	NEG:4293	Loss:  0.045030
[Epoch 021/100]	Epsilon:0.3990	#Expl.:1707/4299	#Buy:3220	#Sell:1059	#Hold:20	#Stocks:  0.000260	PV:   2204.30	POS:1	NEG:4292	Loss:  0.046947
[Epoch 022/100]	Epsilon:0.3939	#Expl.:1714/4299	#Buy:3293	#Sell:1006	#Hold:0	#Stocks:  0.196784	PV:   1300.13	POS:0	NEG:4292	Loss:  0.044641
[Epoch 023/100]	Epsilon:0.3889	#Expl.:1722/4299	#Buy:3381	#Sell:918	#Hold:0	#Stocks:  0.298478	PV:   1930.95	POS:0	NEG:4294	Loss:  0.042107
[Epoch 024/100]	Epsilon:0.3838	#Expl.:1663/4299	#Buy:3212	#Sell:1036	#Hold:51	#Stocks:  0.183505	PV:   1793.74	POS:2	NEG:4290	Loss:  0.046547
[Epoch 025/100]	Epsilon:0.3788	#Expl.:1588/4299	#Buy:3446	#Sell:852	#Hold:1	#Stocks:  0.306310	PV:   1969.55	POS:2	NEG:4290	Loss:  0.040042
[Epoch 026/100]	Epsilon:0.3737	#Expl.:1624/4299	#Buy:3428	#Sell:871	#Hold:0	#Stocks:  0.177332	PV:   2034.53	POS:0	NEG:4294	Loss:  0.040471
[Epoch 027/100]	Epsilon:0.3687	#Expl.:1573/4299	#Buy:3297	#Sell:1001	#Hold:1	#Stocks:  0.050514	PV:   1458.60	POS:1	NEG:4291	Loss:  0.044838
[Epoch 028/100]	Epsilon:0.3636	#Expl.:1579/4299	#Buy:3395	#Sell:904	#Hold:0	#Stocks:  0.094511	PV:   2403.51	POS:1	NEG:4293	Loss:  0.041719
[Epoch 029/100]	Epsilon:0.3586	#Expl.:1538/4299	#Buy:2894	#Sell:1405	#Hold:0	#Stocks:  0.270316	PV:   2025.23	POS:2	NEG:4290	Loss:  0.053109
[Epoch 030/100]	Epsilon:0.3535	#Expl.:1508/4299	#Buy:2310	#Sell:1964	#Hold:25	#Stocks:  0.374391	PV:   2440.24	POS:1	NEG:4293	Loss:  0.060481
[Epoch 031/100]	Epsilon:0.3485	#Expl.:1487/4299	#Buy:2077	#Sell:2179	#Hold:43	#Stocks:  0.060660	PV:   1639.26	POS:0	NEG:4293	Loss:  0.060621
[Epoch 032/100]	Epsilon:0.3434	#Expl.:1505/4299	#Buy:1876	#Sell:2400	#Hold:23	#Stocks:  0.096583	PV:   2922.05	POS:0	NEG:4295	Loss:  0.060520
[Epoch 033/100]	Epsilon:0.3384	#Expl.:1413/4299	#Buy:2338	#Sell:1945	#Hold:16	#Stocks:  0.000981	PV:   2045.13	POS:0	NEG:4294	Loss:  0.059325
[Epoch 034/100]	Epsilon:0.3333	#Expl.:1436/4299	#Buy:2774	#Sell:1525	#Hold:0	#Stocks:  0.001203	PV:   1551.53	POS:0	NEG:4293	Loss:  0.055691
[Epoch 035/100]	Epsilon:0.3283	#Expl.:1417/4299	#Buy:2874	#Sell:1425	#Hold:0	#Stocks:  0.226093	PV:   1506.77	POS:1	NEG:4291	Loss:  0.053945
[Epoch 036/100]	Epsilon:0.3232	#Expl.:1413/4299	#Buy:2467	#Sell:1810	#Hold:22	#Stocks:  0.221170	PV:   1501.58	POS:0	NEG:4293	Loss:  0.059487
[Epoch 037/100]	Epsilon:0.3182	#Expl.:1331/4299	#Buy:2732	#Sell:1567	#Hold:0	#Stocks:  0.024643	PV:   1241.87	POS:0	NEG:4292	Loss:  0.056735
[Epoch 038/100]	Epsilon:0.3131	#Expl.:1377/4299	#Buy:3389	#Sell:910	#Hold:0	#Stocks:  0.005649	PV:   2269.67	POS:1	NEG:4292	Loss:  0.041598
[Epoch 039/100]	Epsilon:0.3081	#Expl.:1367/4299	#Buy:3218	#Sell:1080	#Hold:1	#Stocks:  0.238775	PV:   1546.57	POS:1	NEG:4291	Loss:  0.046988
[Epoch 040/100]	Epsilon:0.3030	#Expl.:1282/4299	#Buy:2762	#Sell:1537	#Hold:0	#Stocks:  0.009419	PV:   1446.79	POS:1	NEG:4291	Loss:  0.055171
[Epoch 041/100]	Epsilon:0.2980	#Expl.:1240/4299	#Buy:2388	#Sell:1911	#Hold:0	#Stocks:  0.000002	PV:   1811.37	POS:3	NEG:4288	Loss:  0.058225
[Epoch 042/100]	Epsilon:0.2929	#Expl.:1262/4299	#Buy:2101	#Sell:2197	#Hold:1	#Stocks:  0.091564	PV:   1292.86	POS:2	NEG:4289	Loss:  0.059234
[Epoch 043/100]	Epsilon:0.2879	#Expl.:1271/4299	#Buy:1566	#Sell:2713	#Hold:20	#Stocks:  0.000000	PV:   1436.91	POS:0	NEG:4293	Loss:  0.055589
[Epoch 044/100]	Epsilon:0.2828	#Expl.:1135/4299	#Buy:1707	#Sell:2592	#Hold:0	#Stocks:  0.000000	PV:   1466.14	POS:0	NEG:4293	Loss:  0.058923
[Epoch 045/100]	Epsilon:0.2778	#Expl.:1246/4299	#Buy:1407	#Sell:2878	#Hold:14	#Stocks:  0.000063	PV:   3149.52	POS:1	NEG:4294	Loss:  0.053381
[Epoch 046/100]	Epsilon:0.2727	#Expl.:1180/4299	#Buy:1372	#Sell:2839	#Hold:88	#Stocks:  0.094075	PV:   2269.43	POS:0	NEG:4294	Loss:  0.051087
[Epoch 047/100]	Epsilon:0.2677	#Expl.:1168/4299	#Buy:1187	#Sell:2925	#Hold:187	#Stocks:  0.003704	PV:   2697.73	POS:0	NEG:4295	Loss:  0.049117
[Epoch 048/100]	Epsilon:0.2626	#Expl.:1119/4299	#Buy:1598	#Sell:2694	#Hold:7	#Stocks:  0.083803	PV:   3341.79	POS:0	NEG:4295	Loss:  0.055318
[Epoch 049/100]	Epsilon:0.2576	#Expl.:1121/4299	#Buy:1886	#Sell:2413	#Hold:0	#Stocks:  0.187954	PV:   2364.46	POS:1	NEG:4293	Loss:  0.059049
[Epoch 050/100]	Epsilon:0.2525	#Expl.:1096/4299	#Buy:1477	#Sell:2812	#Hold:10	#Stocks:  0.038358	PV:   2522.31	POS:0	NEG:4295	Loss:  0.055015
[Epoch 051/100]	Epsilon:0.2475	#Expl.:1088/4299	#Buy:1427	#Sell:2833	#Hold:39	#Stocks:  0.124275	PV:   2008.08	POS:0	NEG:4294	Loss:  0.054514
[Epoch 052/100]	Epsilon:0.2424	#Expl.:1024/4299	#Buy:1507	#Sell:2786	#Hold:6	#Stocks:  0.000001	PV:   1830.32	POS:0	NEG:4294	Loss:  0.055118
[Epoch 053/100]	Epsilon:0.2374	#Expl.:1011/4299	#Buy:1118	#Sell:3072	#Hold:109	#Stocks:  0.000886	PV:   5220.46	POS:0	NEG:4297	Loss:  0.047282
[Epoch 054/100]	Epsilon:0.2323	#Expl.:996/4299	#Buy:2016	#Sell:2283	#Hold:0	#Stocks:  0.016452	PV:   2514.18	POS:0	NEG:4295	Loss:  0.058605
[Epoch 055/100]	Epsilon:0.2273	#Expl.:1053/4299	#Buy:1947	#Sell:2352	#Hold:0	#Stocks:  0.000000	PV:   2312.63	POS:1	NEG:4293	Loss:  0.058815
[Epoch 056/100]	Epsilon:0.2222	#Expl.:933/4299	#Buy:1821	#Sell:2478	#Hold:0	#Stocks:  0.473795	PV:   3027.59	POS:1	NEG:4293	Loss:  0.058952
[Epoch 057/100]	Epsilon:0.2172	#Expl.:891/4299	#Buy:2275	#Sell:2011	#Hold:13	#Stocks:  0.137745	PV:    880.21	POS:0	NEG:4291	Loss:  0.060498
[Epoch 058/100]	Epsilon:0.2121	#Expl.:885/4299	#Buy:2175	#Sell:2123	#Hold:1	#Stocks:  0.253797	PV:   2280.78	POS:0	NEG:4294	Loss:  0.060866
[Epoch 059/100]	Epsilon:0.2071	#Expl.:836/4299	#Buy:1776	#Sell:2519	#Hold:4	#Stocks:  0.000000	PV:   3483.32	POS:1	NEG:4294	Loss:  0.057194
[Epoch 060/100]	Epsilon:0.2020	#Expl.:805/4299	#Buy:1094	#Sell:3059	#Hold:146	#Stocks:  0.282083	PV:   3862.43	POS:1	NEG:4294	Loss:  0.044919
[Epoch 061/100]	Epsilon:0.1970	#Expl.:886/4299	#Buy:1606	#Sell:2693	#Hold:0	#Stocks:  0.005901	PV:   2384.07	POS:0	NEG:4294	Loss:  0.056100
[Epoch 062/100]	Epsilon:0.1919	#Expl.:840/4299	#Buy:1765	#Sell:2534	#Hold:0	#Stocks:  0.255811	PV:   3020.43	POS:2	NEG:4292	Loss:  0.058608
[Epoch 063/100]	Epsilon:0.1869	#Expl.:803/4299	#Buy:1173	#Sell:3121	#Hold:5	#Stocks:  0.000000	PV:   5064.95	POS:0	NEG:4297	Loss:  0.047960
[Epoch 064/100]	Epsilon:0.1818	#Expl.:776/4299	#Buy:1035	#Sell:3250	#Hold:14	#Stocks:  0.013919	PV:   3793.83	POS:0	NEG:4296	Loss:  0.045313
[Epoch 065/100]	Epsilon:0.1768	#Expl.:761/4299	#Buy:2247	#Sell:2052	#Hold:0	#Stocks:  0.415216	PV:   2653.48	POS:0	NEG:4295	Loss:  0.057339
[Epoch 066/100]	Epsilon:0.1717	#Expl.:714/4299	#Buy:2498	#Sell:1801	#Hold:0	#Stocks:  0.439078	PV:   2805.74	POS:0	NEG:4295	Loss:  0.057187
[Epoch 067/100]	Epsilon:0.1667	#Expl.:717/4299	#Buy:2695	#Sell:1604	#Hold:0	#Stocks:  0.394102	PV:   2518.34	POS:0	NEG:4295	Loss:  0.055150
[Epoch 068/100]	Epsilon:0.1616	#Expl.:733/4299	#Buy:3360	#Sell:939	#Hold:0	#Stocks:  0.060427	PV:   2936.49	POS:4	NEG:4288	Loss:  0.041741
[Epoch 069/100]	Epsilon:0.1566	#Expl.:633/4299	#Buy:1308	#Sell:2836	#Hold:155	#Stocks:  0.000258	PV:   4163.95	POS:1	NEG:4295	Loss:  0.036359
[Epoch 070/100]	Epsilon:0.1515	#Expl.:673/4299	#Buy:498	#Sell:3394	#Hold:407	#Stocks:  0.000000	PV:   6216.90	POS:0	NEG:4298	Loss:  0.025499
[Epoch 071/100]	Epsilon:0.1465	#Expl.:570/4299	#Buy:613	#Sell:3299	#Hold:387	#Stocks:  0.000000	PV:   6478.82	POS:0	NEG:4298	Loss:  0.030104
[Epoch 072/100]	Epsilon:0.1414	#Expl.:626/4299	#Buy:692	#Sell:3532	#Hold:75	#Stocks:  0.000000	PV:   4165.43	POS:0	NEG:4297	Loss:  0.032475
[Epoch 073/100]	Epsilon:0.1364	#Expl.:580/4299	#Buy:487	#Sell:3376	#Hold:436	#Stocks:  0.000000	PV:   7010.76	POS:0	NEG:4298	Loss:  0.024877
[Epoch 074/100]	Epsilon:0.1313	#Expl.:578/4299	#Buy:765	#Sell:2975	#Hold:559	#Stocks:  0.271689	PV:   3923.99	POS:0	NEG:4296	Loss:  0.031966
[Epoch 075/100]	Epsilon:0.1263	#Expl.:544/4299	#Buy:671	#Sell:3344	#Hold:284	#Stocks:  0.000000	PV:   3145.26	POS:0	NEG:4296	Loss:  0.032171
[Epoch 076/100]	Epsilon:0.1212	#Expl.:528/4299	#Buy:1742	#Sell:2463	#Hold:94	#Stocks:  0.000072	PV:   3185.86	POS:0	NEG:4295	Loss:  0.042510
[Epoch 077/100]	Epsilon:0.1162	#Expl.:445/4299	#Buy:3155	#Sell:1143	#Hold:1	#Stocks:  0.001224	PV:   3668.20	POS:2	NEG:4292	Loss:  0.041497
[Epoch 078/100]	Epsilon:0.1111	#Expl.:493/4299	#Buy:2767	#Sell:1509	#Hold:23	#Stocks:  0.023373	PV:   3588.31	POS:1	NEG:4294	Loss:  0.050514
[Epoch 079/100]	Epsilon:0.1061	#Expl.:454/4299	#Buy:2949	#Sell:1350	#Hold:0	#Stocks:  0.423898	PV:   2708.74	POS:2	NEG:4291	Loss:  0.045609
[Epoch 080/100]	Epsilon:0.1010	#Expl.:426/4299	#Buy:3422	#Sell:872	#Hold:5	#Stocks:  0.753067	PV:   4812.15	POS:1	NEG:4295	Loss:  0.032807
[Epoch 081/100]	Epsilon:0.0960	#Expl.:442/4299	#Buy:3284	#Sell:1015	#Hold:0	#Stocks:  0.000003	PV:   2777.74	POS:2	NEG:4291	Loss:  0.039869
[Epoch 082/100]	Epsilon:0.0909	#Expl.:393/4299	#Buy:735	#Sell:3477	#Hold:87	#Stocks:  0.000000	PV:   3623.46	POS:0	NEG:4296	Loss:  0.026735
[Epoch 083/100]	Epsilon:0.0859	#Expl.:365/4299	#Buy:1452	#Sell:2754	#Hold:93	#Stocks:  0.525249	PV:   3356.38	POS:0	NEG:4295	Loss:  0.044186
[Epoch 084/100]	Epsilon:0.0808	#Expl.:372/4299	#Buy:3252	#Sell:1046	#Hold:1	#Stocks:  0.027486	PV:   2445.71	POS:2	NEG:4291	Loss:  0.044287
[Epoch 085/100]	Epsilon:0.0758	#Expl.:330/4299	#Buy:2776	#Sell:1519	#Hold:4	#Stocks:  0.364426	PV:   2328.71	POS:2	NEG:4291	Loss:  0.048792
[Epoch 086/100]	Epsilon:0.0707	#Expl.:307/4299	#Buy:3572	#Sell:726	#Hold:1	#Stocks:  0.651769	PV:   4164.85	POS:3	NEG:4291	Loss:  0.032600
[Epoch 087/100]	Epsilon:0.0657	#Expl.:292/4299	#Buy:3446	#Sell:849	#Hold:4	#Stocks:  0.488027	PV:   3118.53	POS:2	NEG:4292	Loss:  0.035731
[Epoch 088/100]	Epsilon:0.0606	#Expl.:262/4299	#Buy:3615	#Sell:683	#Hold:1	#Stocks:  0.623591	PV:   3984.79	POS:3	NEG:4291	Loss:  0.031198
[Epoch 089/100]	Epsilon:0.0556	#Expl.:228/4299	#Buy:3511	#Sell:787	#Hold:1	#Stocks:  0.469438	PV:   2999.74	POS:1	NEG:4293	Loss:  0.034558
[Epoch 090/100]	Epsilon:0.0505	#Expl.:212/4299	#Buy:3320	#Sell:979	#Hold:0	#Stocks:  0.524097	PV:   3349.01	POS:4	NEG:4288	Loss:  0.041331
[Epoch 091/100]	Epsilon:0.0455	#Expl.:193/4299	#Buy:3562	#Sell:730	#Hold:7	#Stocks:  0.566068	PV:   3617.22	POS:1	NEG:4294	Loss:  0.032409
[Epoch 092/100]	Epsilon:0.0404	#Expl.:161/4299	#Buy:2241	#Sell:1770	#Hold:288	#Stocks:  0.087758	PV:   2289.80	POS:0	NEG:4294	Loss:  0.051086
[Epoch 093/100]	Epsilon:0.0354	#Expl.:141/4299	#Buy:3190	#Sell:1109	#Hold:0	#Stocks:  0.504515	PV:   3223.88	POS:1	NEG:4294	Loss:  0.042213
[Epoch 094/100]	Epsilon:0.0303	#Expl.:117/4299	#Buy:2704	#Sell:1479	#Hold:116	#Stocks:  0.572825	PV:   4185.20	POS:0	NEG:4296	Loss:  0.041624
[Epoch 095/100]	Epsilon:0.0253	#Expl.:112/4299	#Buy:1456	#Sell:2438	#Hold:405	#Stocks:  0.000000	PV:   5466.65	POS:1	NEG:4296	Loss:  0.051667
[Epoch 096/100]	Epsilon:0.0202	#Expl.:99/4299	#Buy:1246	#Sell:2699	#Hold:354	#Stocks:  0.300833	PV:   4928.40	POS:0	NEG:4297	Loss:  0.050007
[Epoch 097/100]	Epsilon:0.0152	#Expl.:71/4299	#Buy:1837	#Sell:2282	#Hold:180	#Stocks:  0.002486	PV:   5042.31	POS:0	NEG:4297	Loss:  0.052278
[Epoch 098/100]	Epsilon:0.0101	#Expl.:43/4299	#Buy:1990	#Sell:2307	#Hold:2	#Stocks:  0.000000	PV:   3231.34	POS:1	NEG:4294	Loss:  0.052280
[Epoch 099/100]	Epsilon:0.0051	#Expl.:17/4299	#Buy:1093	#Sell:2765	#Hold:441	#Stocks:  0.000000	PV:   4883.96	POS:1	NEG:4295	Loss:  0.039467
[Epoch 100/100]	Epsilon:0.0000	#Expl.:0/4299	#Buy:257	#Sell:3212	#Hold:830	#Stocks:  0.000000	PV:   6998.06	POS:0	NEG:4298	Loss:  0.013682
Max PV: 7010.761111245726, 	 # Win: 0
