LR: 0.1, DF: 0, DRT: 0.2
findfont: Matching :family=sans-serif:style=normal:variant=normal:weight=normal:stretch=normal:size=10.0 to DejaVu Sans ('/usr/local/lib/python3.5/dist-packages/matplotlib/mpl-data/fonts/ttf/DejaVuSans.ttf') with score of 0.050000
findfont: Matching :family=sans-serif:style=normal:variant=normal:weight=normal:stretch=normal:size=12.0 to DejaVu Sans ('/usr/local/lib/python3.5/dist-packages/matplotlib/mpl-data/fonts/ttf/DejaVuSans.ttf') with score of 0.050000
[Epoch 001/100]	Epsilon:0.5000	#Expl.:481/1000	#Buy:375	#Sell:436	#Hold:189	#Stocks:  0.134963	PV:   7197.38	POS:5	NEG:11	Loss:  0.172821
[Epoch 002/100]	Epsilon:0.4949	#Expl.:523/1000	#Buy:437	#Sell:352	#Hold:211	#Stocks:  0.375507	PV:   8301.21	POS:8	NEG:8	Loss:  0.169731
[Epoch 003/100]	Epsilon:0.4899	#Expl.:499/1000	#Buy:407	#Sell:389	#Hold:204	#Stocks:  1.042265	PV:   6512.59	POS:5	NEG:11	Loss:  0.158917
[Epoch 004/100]	Epsilon:0.4848	#Expl.:465/1000	#Buy:430	#Sell:362	#Hold:208	#Stocks:  0.120475	PV:   8255.61	POS:7	NEG:9	Loss:  0.164273
[Epoch 005/100]	Epsilon:0.4798	#Expl.:441/1000	#Buy:459	#Sell:358	#Hold:183	#Stocks:  1.373120	PV:   7651.91	POS:5	NEG:11	Loss:  0.158938
[Epoch 006/100]	Epsilon:0.4747	#Expl.:496/1000	#Buy:455	#Sell:344	#Hold:201	#Stocks:  1.492277	PV:   8041.45	POS:7	NEG:10	Loss:  0.151729
[Epoch 007/100]	Epsilon:0.4697	#Expl.:446/1000	#Buy:463	#Sell:365	#Hold:172	#Stocks:  0.131505	PV:   7562.91	POS:5	NEG:11	Loss:  0.149736
[Epoch 008/100]	Epsilon:0.4646	#Expl.:477/1000	#Buy:441	#Sell:363	#Hold:196	#Stocks:  1.509002	PV:   7744.92	POS:5	NEG:11	Loss:  0.149558
[Epoch 009/100]	Epsilon:0.4596	#Expl.:462/1000	#Buy:404	#Sell:415	#Hold:181	#Stocks:  0.004128	PV:   7557.51	POS:6	NEG:10	Loss:  0.146804
[Epoch 010/100]	Epsilon:0.4545	#Expl.:442/1000	#Buy:423	#Sell:398	#Hold:179	#Stocks:  1.829996	PV:   8448.24	POS:7	NEG:9	Loss:  0.148674
[Epoch 011/100]	Epsilon:0.4495	#Expl.:461/1000	#Buy:414	#Sell:384	#Hold:202	#Stocks:  0.439205	PV:   8409.90	POS:7	NEG:9	Loss:  0.146931
[Epoch 012/100]	Epsilon:0.4444	#Expl.:464/1000	#Buy:396	#Sell:401	#Hold:203	#Stocks:  0.290084	PV:   9227.99	POS:8	NEG:8	Loss:  0.149816
[Epoch 013/100]	Epsilon:0.4394	#Expl.:446/1000	#Buy:387	#Sell:423	#Hold:190	#Stocks:  0.718336	PV:   9783.52	POS:10	NEG:6	Loss:  0.152929
[Epoch 014/100]	Epsilon:0.4343	#Expl.:427/1000	#Buy:428	#Sell:403	#Hold:169	#Stocks:  1.150660	PV:   6598.32	POS:6	NEG:10	Loss:  0.138341
[Epoch 015/100]	Epsilon:0.4293	#Expl.:442/1000	#Buy:408	#Sell:392	#Hold:200	#Stocks:  0.734647	PV:   7820.74	POS:6	NEG:10	Loss:  0.141172
[Epoch 016/100]	Epsilon:0.4242	#Expl.:430/1000	#Buy:416	#Sell:416	#Hold:168	#Stocks:  0.641593	PV:   8532.80	POS:4	NEG:12	Loss:  0.136813
[Epoch 017/100]	Epsilon:0.4192	#Expl.:420/1000	#Buy:452	#Sell:404	#Hold:144	#Stocks:  0.504329	PV:   8911.50	POS:6	NEG:10	Loss:  0.143138
[Epoch 018/100]	Epsilon:0.4141	#Expl.:426/1000	#Buy:450	#Sell:386	#Hold:164	#Stocks:  0.404521	PV:   7861.34	POS:3	NEG:13	Loss:  0.128340
[Epoch 019/100]	Epsilon:0.4091	#Expl.:408/1000	#Buy:389	#Sell:445	#Hold:166	#Stocks:  1.329608	PV:   7636.10	POS:5	NEG:11	Loss:  0.137347
[Epoch 020/100]	Epsilon:0.4040	#Expl.:405/1000	#Buy:409	#Sell:432	#Hold:159	#Stocks:  1.102799	PV:   7607.47	POS:5	NEG:11	Loss:  0.135487
[Epoch 021/100]	Epsilon:0.3990	#Expl.:385/1000	#Buy:412	#Sell:428	#Hold:160	#Stocks:  0.750572	PV:   8758.20	POS:7	NEG:10	Loss:  0.142533
[Epoch 022/100]	Epsilon:0.3939	#Expl.:420/1000	#Buy:350	#Sell:467	#Hold:183	#Stocks:  0.399751	PV:   8677.96	POS:6	NEG:10	Loss:  0.135696
[Epoch 023/100]	Epsilon:0.3889	#Expl.:362/1000	#Buy:433	#Sell:438	#Hold:129	#Stocks:  1.748126	PV:   8538.93	POS:6	NEG:10	Loss:  0.138727
[Epoch 024/100]	Epsilon:0.3838	#Expl.:382/1000	#Buy:416	#Sell:435	#Hold:149	#Stocks:  0.401254	PV:   7469.82	POS:6	NEG:10	Loss:  0.137946
[Epoch 025/100]	Epsilon:0.3788	#Expl.:390/1000	#Buy:383	#Sell:465	#Hold:152	#Stocks:  0.477614	PV:   7482.23	POS:9	NEG:7	Loss:  0.149654
[Epoch 026/100]	Epsilon:0.3737	#Expl.:344/1000	#Buy:412	#Sell:446	#Hold:142	#Stocks:  1.473908	PV:   8121.71	POS:4	NEG:12	Loss:  0.129350
[Epoch 027/100]	Epsilon:0.3687	#Expl.:339/1000	#Buy:394	#Sell:467	#Hold:139	#Stocks:  1.796470	PV:   7868.44	POS:5	NEG:11	Loss:  0.134438
[Epoch 028/100]	Epsilon:0.3636	#Expl.:367/1000	#Buy:429	#Sell:410	#Hold:161	#Stocks:  1.594406	PV:   8551.91	POS:5	NEG:11	Loss:  0.132821
[Epoch 029/100]	Epsilon:0.3586	#Expl.:364/1000	#Buy:401	#Sell:450	#Hold:149	#Stocks:  0.115501	PV:   7020.88	POS:2	NEG:14	Loss:  0.113940
[Epoch 030/100]	Epsilon:0.3535	#Expl.:350/1000	#Buy:407	#Sell:450	#Hold:143	#Stocks:  1.315801	PV:   7681.17	POS:6	NEG:10	Loss:  0.136726
[Epoch 031/100]	Epsilon:0.3485	#Expl.:366/1000	#Buy:387	#Sell:468	#Hold:145	#Stocks:  1.495540	PV:   8377.57	POS:6	NEG:10	Loss:  0.136553
[Epoch 032/100]	Epsilon:0.3434	#Expl.:337/1000	#Buy:400	#Sell:462	#Hold:138	#Stocks:  1.193868	PV:   8080.12	POS:6	NEG:10	Loss:  0.137864
[Epoch 033/100]	Epsilon:0.3384	#Expl.:356/1000	#Buy:417	#Sell:434	#Hold:149	#Stocks:  0.011296	PV:   6895.27	POS:6	NEG:10	Loss:  0.134231
[Epoch 034/100]	Epsilon:0.3333	#Expl.:325/1000	#Buy:433	#Sell:427	#Hold:140	#Stocks:  1.638441	PV:   9286.28	POS:7	NEG:9	Loss:  0.140063
[Epoch 035/100]	Epsilon:0.3283	#Expl.:321/1000	#Buy:387	#Sell:479	#Hold:134	#Stocks:  1.309791	PV:   8237.91	POS:5	NEG:11	Loss:  0.133088
[Epoch 036/100]	Epsilon:0.3232	#Expl.:328/1000	#Buy:365	#Sell:494	#Hold:141	#Stocks:  1.012503	PV:   5913.45	POS:2	NEG:14	Loss:  0.115251
[Epoch 037/100]	Epsilon:0.3182	#Expl.:347/1000	#Buy:349	#Sell:501	#Hold:150	#Stocks:  1.228351	PV:   8369.97	POS:6	NEG:10	Loss:  0.133997
[Epoch 038/100]	Epsilon:0.3131	#Expl.:320/1000	#Buy:370	#Sell:515	#Hold:115	#Stocks:  0.230735	PV:   8352.07	POS:4	NEG:12	Loss:  0.123463
[Epoch 039/100]	Epsilon:0.3081	#Expl.:296/1000	#Buy:352	#Sell:533	#Hold:115	#Stocks:  1.148128	PV:   8487.65	POS:8	NEG:8	Loss:  0.145367
[Epoch 040/100]	Epsilon:0.3030	#Expl.:303/1000	#Buy:387	#Sell:486	#Hold:127	#Stocks:  1.685901	PV:   7105.35	POS:8	NEG:9	Loss:  0.139586
[Epoch 041/100]	Epsilon:0.2980	#Expl.:296/1000	#Buy:377	#Sell:501	#Hold:122	#Stocks:  0.303271	PV:   8669.46	POS:5	NEG:11	Loss:  0.129174
[Epoch 042/100]	Epsilon:0.2929	#Expl.:291/1000	#Buy:435	#Sell:447	#Hold:118	#Stocks:  1.390217	PV:   7562.39	POS:4	NEG:12	Loss:  0.125540
[Epoch 043/100]	Epsilon:0.2879	#Expl.:293/1000	#Buy:429	#Sell:444	#Hold:127	#Stocks:  1.741394	PV:   8364.05	POS:5	NEG:11	Loss:  0.128205
[Epoch 044/100]	Epsilon:0.2828	#Expl.:277/1000	#Buy:448	#Sell:436	#Hold:116	#Stocks:  0.768016	PV:   7467.62	POS:4	NEG:12	Loss:  0.121923
[Epoch 045/100]	Epsilon:0.2778	#Expl.:266/1000	#Buy:467	#Sell:430	#Hold:103	#Stocks:  1.397027	PV:   7591.71	POS:5	NEG:11	Loss:  0.127011
[Epoch 046/100]	Epsilon:0.2727	#Expl.:270/1000	#Buy:465	#Sell:426	#Hold:109	#Stocks:  1.605575	PV:   9023.60	POS:5	NEG:11	Loss:  0.128548
[Epoch 047/100]	Epsilon:0.2677	#Expl.:269/1000	#Buy:463	#Sell:422	#Hold:115	#Stocks:  0.733841	PV:   8331.81	POS:5	NEG:11	Loss:  0.128293
[Epoch 048/100]	Epsilon:0.2626	#Expl.:250/1000	#Buy:432	#Sell:457	#Hold:111	#Stocks:  0.608596	PV:   8948.99	POS:6	NEG:10	Loss:  0.134680
[Epoch 049/100]	Epsilon:0.2576	#Expl.:254/1000	#Buy:449	#Sell:456	#Hold:95	#Stocks:  1.814332	PV:  10068.12	POS:8	NEG:8	Loss:  0.142727
[Epoch 050/100]	Epsilon:0.2525	#Expl.:249/1000	#Buy:427	#Sell:462	#Hold:111	#Stocks:  0.087578	PV:   8554.70	POS:6	NEG:10	Loss:  0.132348
[Epoch 051/100]	Epsilon:0.2475	#Expl.:232/1000	#Buy:464	#Sell:440	#Hold:96	#Stocks:  0.085783	PV:   7935.31	POS:6	NEG:10	Loss:  0.132197
[Epoch 052/100]	Epsilon:0.2424	#Expl.:257/1000	#Buy:443	#Sell:437	#Hold:120	#Stocks:  0.003565	PV:   6572.75	POS:4	NEG:12	Loss:  0.123852
[Epoch 053/100]	Epsilon:0.2374	#Expl.:246/1000	#Buy:406	#Sell:482	#Hold:112	#Stocks:  1.301298	PV:   7762.94	POS:6	NEG:10	Loss:  0.130370
[Epoch 054/100]	Epsilon:0.2323	#Expl.:249/1000	#Buy:463	#Sell:441	#Hold:96	#Stocks:  0.392371	PV:   6582.86	POS:4	NEG:12	Loss:  0.121648
[Epoch 055/100]	Epsilon:0.2273	#Expl.:237/1000	#Buy:454	#Sell:442	#Hold:104	#Stocks:  0.368345	PV:   6890.96	POS:4	NEG:12	Loss:  0.122644
[Epoch 056/100]	Epsilon:0.2222	#Expl.:216/1000	#Buy:424	#Sell:481	#Hold:95	#Stocks:  1.137558	PV:   6961.80	POS:6	NEG:12	Loss:  0.130263
[Epoch 057/100]	Epsilon:0.2172	#Expl.:203/1000	#Buy:471	#Sell:441	#Hold:88	#Stocks:  0.477850	PV:   7454.61	POS:6	NEG:10	Loss:  0.131136
[Epoch 058/100]	Epsilon:0.2121	#Expl.:206/1000	#Buy:464	#Sell:459	#Hold:77	#Stocks:  0.465079	PV:   7143.69	POS:5	NEG:11	Loss:  0.126198
[Epoch 059/100]	Epsilon:0.2071	#Expl.:219/1000	#Buy:454	#Sell:451	#Hold:95	#Stocks:  1.344879	PV:   8217.35	POS:5	NEG:11	Loss:  0.126921
[Epoch 060/100]	Epsilon:0.2020	#Expl.:201/1000	#Buy:448	#Sell:468	#Hold:84	#Stocks:  1.581645	PV:   9269.46	POS:9	NEG:7	Loss:  0.146163
[Epoch 061/100]	Epsilon:0.1970	#Expl.:183/1000	#Buy:457	#Sell:466	#Hold:77	#Stocks:  0.511234	PV:   8752.41	POS:6	NEG:10	Loss:  0.131973
[Epoch 062/100]	Epsilon:0.1919	#Expl.:179/1000	#Buy:407	#Sell:522	#Hold:71	#Stocks:  0.511656	PV:   7262.10	POS:6	NEG:10	Loss:  0.131308
[Epoch 063/100]	Epsilon:0.1869	#Expl.:209/1000	#Buy:316	#Sell:612	#Hold:72	#Stocks:  0.000000	PV:   8547.83	POS:7	NEG:9	Loss:  0.132624
[Epoch 064/100]	Epsilon:0.1818	#Expl.:178/1000	#Buy:381	#Sell:539	#Hold:80	#Stocks:  1.153193	PV:   7435.99	POS:4	NEG:12	Loss:  0.119636
[Epoch 065/100]	Epsilon:0.1768	#Expl.:183/1000	#Buy:421	#Sell:513	#Hold:66	#Stocks:  0.610708	PV:   8207.32	POS:6	NEG:10	Loss:  0.131224
[Epoch 066/100]	Epsilon:0.1717	#Expl.:185/1000	#Buy:400	#Sell:520	#Hold:80	#Stocks:  0.675236	PV:   7884.63	POS:6	NEG:10	Loss:  0.130347
[Epoch 067/100]	Epsilon:0.1667	#Expl.:146/1000	#Buy:464	#Sell:477	#Hold:59	#Stocks:  0.628761	PV:   9912.84	POS:7	NEG:9	Loss:  0.134628
[Epoch 068/100]	Epsilon:0.1616	#Expl.:146/1000	#Buy:472	#Sell:479	#Hold:49	#Stocks:  1.650784	PV:   8089.36	POS:5	NEG:11	Loss:  0.127870
[Epoch 069/100]	Epsilon:0.1566	#Expl.:156/1000	#Buy:424	#Sell:515	#Hold:61	#Stocks:  1.344132	PV:   7330.39	POS:9	NEG:9	Loss:  0.136785
[Epoch 070/100]	Epsilon:0.1515	#Expl.:177/1000	#Buy:455	#Sell:473	#Hold:72	#Stocks:  0.719172	PV:   8351.38	POS:4	NEG:12	Loss:  0.123017
[Epoch 071/100]	Epsilon:0.1465	#Expl.:124/1000	#Buy:431	#Sell:522	#Hold:47	#Stocks:  0.650066	PV:   8608.63	POS:8	NEG:8	Loss:  0.135910
[Epoch 072/100]	Epsilon:0.1414	#Expl.:155/1000	#Buy:458	#Sell:483	#Hold:59	#Stocks:  0.158200	PV:   6805.91	POS:3	NEG:13	Loss:  0.116789
[Epoch 073/100]	Epsilon:0.1364	#Expl.:127/1000	#Buy:429	#Sell:511	#Hold:60	#Stocks:  0.521520	PV:   8617.50	POS:8	NEG:8	Loss:  0.137204
[Epoch 074/100]	Epsilon:0.1313	#Expl.:138/1000	#Buy:418	#Sell:532	#Hold:50	#Stocks:  1.293641	PV:   7218.48	POS:5	NEG:11	Loss:  0.126219
[Epoch 075/100]	Epsilon:0.1263	#Expl.:138/1000	#Buy:471	#Sell:478	#Hold:51	#Stocks:  1.290461	PV:   7281.05	POS:4	NEG:12	Loss:  0.119288
[Epoch 076/100]	Epsilon:0.1212	#Expl.:97/1000	#Buy:480	#Sell:477	#Hold:43	#Stocks:  0.739232	PV:   7590.61	POS:5	NEG:11	Loss:  0.125326
[Epoch 077/100]	Epsilon:0.1162	#Expl.:124/1000	#Buy:471	#Sell:477	#Hold:52	#Stocks:  0.479394	PV:   6569.12	POS:4	NEG:12	Loss:  0.120235
[Epoch 078/100]	Epsilon:0.1111	#Expl.:114/1000	#Buy:525	#Sell:433	#Hold:42	#Stocks:  1.260266	PV:   7658.46	POS:3	NEG:13	Loss:  0.113777
[Epoch 079/100]	Epsilon:0.1061	#Expl.:105/1000	#Buy:526	#Sell:439	#Hold:35	#Stocks:  1.143920	PV:   7592.39	POS:4	NEG:12	Loss:  0.117674
[Epoch 080/100]	Epsilon:0.1010	#Expl.:114/1000	#Buy:453	#Sell:499	#Hold:48	#Stocks:  1.178916	PV:   6688.54	POS:5	NEG:11	Loss:  0.124157
[Epoch 081/100]	Epsilon:0.0960	#Expl.:97/1000	#Buy:450	#Sell:504	#Hold:46	#Stocks:  1.323212	PV:   7812.83	POS:4	NEG:12	Loss:  0.119357
[Epoch 082/100]	Epsilon:0.0909	#Expl.:102/1000	#Buy:442	#Sell:512	#Hold:46	#Stocks:  0.073295	PV:   7065.18	POS:6	NEG:10	Loss:  0.127887
[Epoch 083/100]	Epsilon:0.0859	#Expl.:81/1000	#Buy:423	#Sell:553	#Hold:24	#Stocks:  0.072401	PV:   8390.95	POS:8	NEG:8	Loss:  0.138528
[Epoch 084/100]	Epsilon:0.0808	#Expl.:93/1000	#Buy:436	#Sell:523	#Hold:41	#Stocks:  0.423067	PV:   7012.30	POS:6	NEG:10	Loss:  0.131251
[Epoch 085/100]	Epsilon:0.0758	#Expl.:80/1000	#Buy:436	#Sell:530	#Hold:34	#Stocks:  0.441716	PV:   7182.82	POS:6	NEG:12	Loss:  0.125034
[Epoch 086/100]	Epsilon:0.0707	#Expl.:80/1000	#Buy:468	#Sell:499	#Hold:33	#Stocks:  0.481017	PV:   7484.74	POS:7	NEG:9	Loss:  0.132942
[Epoch 087/100]	Epsilon:0.0657	#Expl.:58/1000	#Buy:458	#Sell:520	#Hold:22	#Stocks:  0.444416	PV:   7254.14	POS:6	NEG:10	Loss:  0.128232
[Epoch 088/100]	Epsilon:0.0606	#Expl.:58/1000	#Buy:473	#Sell:502	#Hold:25	#Stocks:  0.478010	PV:   7370.57	POS:6	NEG:10	Loss:  0.128861
[Epoch 089/100]	Epsilon:0.0556	#Expl.:80/1000	#Buy:497	#Sell:470	#Hold:33	#Stocks:  0.444549	PV:   7183.18	POS:3	NEG:13	Loss:  0.113561
[Epoch 090/100]	Epsilon:0.0505	#Expl.:61/1000	#Buy:457	#Sell:520	#Hold:23	#Stocks:  0.473236	PV:   7535.77	POS:6	NEG:10	Loss:  0.127498
[Epoch 091/100]	Epsilon:0.0455	#Expl.:38/1000	#Buy:431	#Sell:555	#Hold:14	#Stocks:  0.550429	PV:   8666.40	POS:6	NEG:10	Loss:  0.127594
[Epoch 092/100]	Epsilon:0.0404	#Expl.:41/1000	#Buy:452	#Sell:525	#Hold:23	#Stocks:  0.437654	PV:   7701.88	POS:6	NEG:10	Loss:  0.128025
[Epoch 093/100]	Epsilon:0.0354	#Expl.:35/1000	#Buy:458	#Sell:527	#Hold:15	#Stocks:  0.450516	PV:   7381.62	POS:6	NEG:10	Loss:  0.127053
[Epoch 094/100]	Epsilon:0.0303	#Expl.:31/1000	#Buy:448	#Sell:541	#Hold:11	#Stocks:  0.386305	PV:   6219.35	POS:4	NEG:12	Loss:  0.117481
[Epoch 095/100]	Epsilon:0.0253	#Expl.:29/1000	#Buy:449	#Sell:537	#Hold:14	#Stocks:  0.434951	PV:   7225.97	POS:6	NEG:10	Loss:  0.128100
[Epoch 096/100]	Epsilon:0.0202	#Expl.:19/1000	#Buy:467	#Sell:524	#Hold:9	#Stocks:  1.463439	PV:   8247.42	POS:7	NEG:9	Loss:  0.131687
[Epoch 097/100]	Epsilon:0.0152	#Expl.:16/1000	#Buy:501	#Sell:486	#Hold:13	#Stocks:  0.400330	PV:   6286.89	POS:3	NEG:13	Loss:  0.113598
[Epoch 098/100]	Epsilon:0.0101	#Expl.:10/1000	#Buy:446	#Sell:549	#Hold:5	#Stocks:  0.499440	PV:   7806.29	POS:6	NEG:10	Loss:  0.126490
[Epoch 099/100]	Epsilon:0.0051	#Expl.:7/1000	#Buy:430	#Sell:566	#Hold:4	#Stocks:  1.244602	PV:   7314.47	POS:5	NEG:11	Loss:  0.122760
[Epoch 100/100]	Epsilon:0.0000	#Expl.:0/1000	#Buy:443	#Sell:552	#Hold:5	#Stocks:  0.468680	PV:   7345.84	POS:6	NEG:10	Loss:  0.127796
Max PV: 10068.124163436481, 	 # Win: 1
