LR: 0.001, DF: 0, DRT: 0.2
findfont: Matching :family=sans-serif:style=normal:variant=normal:weight=normal:stretch=normal:size=10.0 to DejaVu Sans ('/usr/local/lib/python3.5/dist-packages/matplotlib/mpl-data/fonts/ttf/DejaVuSans.ttf') with score of 0.050000
findfont: Matching :family=sans-serif:style=normal:variant=normal:weight=normal:stretch=normal:size=12.0 to DejaVu Sans ('/usr/local/lib/python3.5/dist-packages/matplotlib/mpl-data/fonts/ttf/DejaVuSans.ttf') with score of 0.050000
[Epoch 001/500]	Epsilon:0.5000	#Expl.:502/1000	#Buy:492	#Sell:507	#Hold:1	#Stocks:  0.010232	PV:   7532.03	POS:0	NEG:999	Loss:  0.114858
[Epoch 002/500]	Epsilon:0.4990	#Expl.:481/1000	#Buy:440	#Sell:560	#Hold:0	#Stocks:  0.275142	PV:   6568.61	POS:0	NEG:999	Loss:  0.098356
[Epoch 003/500]	Epsilon:0.4980	#Expl.:508/1000	#Buy:493	#Sell:485	#Hold:22	#Stocks:  1.548956	PV:   6676.02	POS:0	NEG:999	Loss:  0.087804
[Epoch 004/500]	Epsilon:0.4970	#Expl.:475/1000	#Buy:473	#Sell:499	#Hold:28	#Stocks:  1.619475	PV:   6979.95	POS:0	NEG:999	Loss:  0.080168
[Epoch 005/500]	Epsilon:0.4960	#Expl.:492/1000	#Buy:561	#Sell:430	#Hold:9	#Stocks:  0.000000	PV:   6663.76	POS:0	NEG:999	Loss:  0.075848
[Epoch 006/500]	Epsilon:0.4950	#Expl.:488/1000	#Buy:510	#Sell:452	#Hold:38	#Stocks:  0.000000	PV:   5878.68	POS:0	NEG:998	Loss:  0.071640
[Epoch 007/500]	Epsilon:0.4940	#Expl.:503/1000	#Buy:412	#Sell:523	#Hold:65	#Stocks:  0.464800	PV:   7204.18	POS:0	NEG:999	Loss:  0.068341
[Epoch 008/500]	Epsilon:0.4930	#Expl.:504/1000	#Buy:328	#Sell:636	#Hold:36	#Stocks:  0.416582	PV:   4833.55	POS:0	NEG:997	Loss:  0.064774
[Epoch 009/500]	Epsilon:0.4920	#Expl.:480/1000	#Buy:434	#Sell:562	#Hold:4	#Stocks:  0.098778	PV:   7051.82	POS:0	NEG:999	Loss:  0.064865
[Epoch 010/500]	Epsilon:0.4910	#Expl.:500/1000	#Buy:252	#Sell:632	#Hold:116	#Stocks:  0.000000	PV:   7643.58	POS:0	NEG:999	Loss:  0.058473
[Epoch 011/500]	Epsilon:0.4900	#Expl.:505/1000	#Buy:314	#Sell:652	#Hold:34	#Stocks:  0.118054	PV:   8125.59	POS:0	NEG:999	Loss:  0.058696
[Epoch 012/500]	Epsilon:0.4890	#Expl.:474/1000	#Buy:248	#Sell:662	#Hold:90	#Stocks:  0.000000	PV:   9954.85	POS:1	NEG:998	Loss:  0.054539
[Epoch 013/500]	Epsilon:0.4880	#Expl.:489/1000	#Buy:256	#Sell:723	#Hold:21	#Stocks:  0.624841	PV:   8642.10	POS:0	NEG:1000	Loss:  0.053002
[Epoch 014/500]	Epsilon:0.4870	#Expl.:478/1000	#Buy:242	#Sell:538	#Hold:220	#Stocks:  0.773153	PV:   7253.39	POS:0	NEG:999	Loss:  0.051006
[Epoch 015/500]	Epsilon:0.4860	#Expl.:502/1000	#Buy:267	#Sell:605	#Hold:128	#Stocks:  1.323149	PV:   7538.64	POS:0	NEG:999	Loss:  0.051753
[Epoch 016/500]	Epsilon:0.4850	#Expl.:497/1000	#Buy:266	#Sell:669	#Hold:65	#Stocks:  0.270904	PV:   6962.17	POS:0	NEG:999	Loss:  0.051152
[Epoch 017/500]	Epsilon:0.4840	#Expl.:530/1000	#Buy:307	#Sell:604	#Hold:89	#Stocks:  0.571126	PV:   6562.54	POS:0	NEG:999	Loss:  0.054070
[Epoch 018/500]	Epsilon:0.4830	#Expl.:477/1000	#Buy:241	#Sell:644	#Hold:115	#Stocks:  1.001589	PV:   7642.83	POS:0	NEG:999	Loss:  0.048442
[Epoch 019/500]	Epsilon:0.4820	#Expl.:474/1000	#Buy:245	#Sell:674	#Hold:81	#Stocks:  0.000000	PV:   7850.92	POS:0	NEG:999	Loss:  0.048338
[Epoch 020/500]	Epsilon:0.4810	#Expl.:483/1000	#Buy:219	#Sell:682	#Hold:99	#Stocks:  0.000000	PV:   7831.23	POS:0	NEG:999	Loss:  0.045531
[Epoch 021/500]	Epsilon:0.4800	#Expl.:478/1000	#Buy:250	#Sell:617	#Hold:133	#Stocks:  0.000259	PV:   7372.15	POS:0	NEG:999	Loss:  0.048115
[Epoch 022/500]	Epsilon:0.4790	#Expl.:470/1000	#Buy:228	#Sell:625	#Hold:147	#Stocks:  0.644545	PV:   7075.20	POS:0	NEG:999	Loss:  0.045822
[Epoch 023/500]	Epsilon:0.4780	#Expl.:492/1000	#Buy:244	#Sell:702	#Hold:54	#Stocks:  0.238215	PV:   7634.06	POS:0	NEG:999	Loss:  0.047137
[Epoch 024/500]	Epsilon:0.4770	#Expl.:472/1000	#Buy:240	#Sell:679	#Hold:81	#Stocks:  0.010128	PV:   8699.33	POS:0	NEG:999	Loss:  0.046544
[Epoch 025/500]	Epsilon:0.4760	#Expl.:480/1000	#Buy:242	#Sell:695	#Hold:63	#Stocks:  1.194380	PV:   9183.99	POS:0	NEG:1000	Loss:  0.046589
[Epoch 026/500]	Epsilon:0.4749	#Expl.:455/1000	#Buy:213	#Sell:572	#Hold:215	#Stocks:  0.000000	PV:   8225.75	POS:0	NEG:1000	Loss:  0.043283
[Epoch 027/500]	Epsilon:0.4739	#Expl.:475/1000	#Buy:262	#Sell:462	#Hold:276	#Stocks:  0.533278	PV:   6868.65	POS:0	NEG:999	Loss:  0.048687
[Epoch 028/500]	Epsilon:0.4729	#Expl.:450/1000	#Buy:231	#Sell:527	#Hold:242	#Stocks:  0.000000	PV:   7645.30	POS:0	NEG:999	Loss:  0.045115
[Epoch 029/500]	Epsilon:0.4719	#Expl.:480/1000	#Buy:239	#Sell:543	#Hold:218	#Stocks:  0.000000	PV:   8109.77	POS:0	NEG:1000	Loss:  0.045903
[Epoch 030/500]	Epsilon:0.4709	#Expl.:466/1000	#Buy:230	#Sell:583	#Hold:187	#Stocks:  0.000000	PV:   7615.51	POS:0	NEG:999	Loss:  0.044880
[Epoch 031/500]	Epsilon:0.4699	#Expl.:457/1000	#Buy:242	#Sell:684	#Hold:74	#Stocks:  0.000015	PV:   6093.69	POS:0	NEG:998	Loss:  0.046286
[Epoch 032/500]	Epsilon:0.4689	#Expl.:466/1000	#Buy:225	#Sell:602	#Hold:173	#Stocks:  0.000000	PV:   8193.19	POS:0	NEG:1000	Loss:  0.044095
[Epoch 033/500]	Epsilon:0.4679	#Expl.:469/1000	#Buy:267	#Sell:549	#Hold:184	#Stocks:  0.000000	PV:   7033.74	POS:0	NEG:999	Loss:  0.049233
[Epoch 034/500]	Epsilon:0.4669	#Expl.:446/1000	#Buy:251	#Sell:380	#Hold:369	#Stocks:  0.000000	PV:   7507.20	POS:0	NEG:999	Loss:  0.047161
[Epoch 035/500]	Epsilon:0.4659	#Expl.:499/1000	#Buy:273	#Sell:531	#Hold:196	#Stocks:  0.000000	PV:   7543.60	POS:0	NEG:999	Loss:  0.049778
[Epoch 036/500]	Epsilon:0.4649	#Expl.:490/1000	#Buy:239	#Sell:611	#Hold:150	#Stocks:  0.000006	PV:   9259.51	POS:0	NEG:1000	Loss:  0.045687
[Epoch 037/500]	Epsilon:0.4639	#Expl.:456/1000	#Buy:270	#Sell:607	#Hold:123	#Stocks:  0.000000	PV:   6922.09	POS:0	NEG:999	Loss:  0.049431
[Epoch 038/500]	Epsilon:0.4629	#Expl.:412/1000	#Buy:212	#Sell:519	#Hold:269	#Stocks:  0.000000	PV:   8219.45	POS:0	NEG:999	Loss:  0.042389
[Epoch 039/500]	Epsilon:0.4619	#Expl.:448/1000	#Buy:220	#Sell:454	#Hold:326	#Stocks:  0.000000	PV:   6862.73	POS:0	NEG:999	Loss:  0.043370
[Epoch 040/500]	Epsilon:0.4609	#Expl.:475/1000	#Buy:237	#Sell:484	#Hold:279	#Stocks:  0.000000	PV:   7733.26	POS:0	NEG:999	Loss:  0.045378
[Epoch 041/500]	Epsilon:0.4599	#Expl.:456/1000	#Buy:240	#Sell:441	#Hold:319	#Stocks:  1.075051	PV:   7576.51	POS:0	NEG:999	Loss:  0.045736
[Epoch 042/500]	Epsilon:0.4589	#Expl.:462/1000	#Buy:235	#Sell:464	#Hold:301	#Stocks:  0.386271	PV:   8722.15	POS:1	NEG:998	Loss:  0.045511
[Epoch 043/500]	Epsilon:0.4579	#Expl.:464/1000	#Buy:248	#Sell:558	#Hold:194	#Stocks:  0.000000	PV:   8514.78	POS:0	NEG:999	Loss:  0.046749
[Epoch 044/500]	Epsilon:0.4569	#Expl.:451/1000	#Buy:228	#Sell:548	#Hold:224	#Stocks:  0.000000	PV:   6524.59	POS:0	NEG:999	Loss:  0.044540
[Epoch 045/500]	Epsilon:0.4559	#Expl.:466/1000	#Buy:244	#Sell:424	#Hold:332	#Stocks:  0.432825	PV:   6674.60	POS:0	NEG:999	Loss:  0.046210
[Epoch 046/500]	Epsilon:0.4549	#Expl.:467/1000	#Buy:248	#Sell:527	#Hold:225	#Stocks:  0.768331	PV:   8192.47	POS:0	NEG:999	Loss:  0.046603
[Epoch 047/500]	Epsilon:0.4539	#Expl.:473/1000	#Buy:255	#Sell:531	#Hold:214	#Stocks:  0.826194	PV:   8353.23	POS:0	NEG:1000	Loss:  0.047521
[Epoch 048/500]	Epsilon:0.4529	#Expl.:432/1000	#Buy:224	#Sell:553	#Hold:223	#Stocks:  1.322200	PV:   7713.90	POS:0	NEG:999	Loss:  0.043552
[Epoch 049/500]	Epsilon:0.4519	#Expl.:469/1000	#Buy:267	#Sell:642	#Hold:91	#Stocks:  0.652351	PV:   7472.12	POS:1	NEG:997	Loss:  0.049396
[Epoch 050/500]	Epsilon:0.4509	#Expl.:480/1000	#Buy:266	#Sell:616	#Hold:118	#Stocks:  0.000000	PV:   8260.02	POS:0	NEG:1000	Loss:  0.048866
[Epoch 051/500]	Epsilon:0.4499	#Expl.:472/1000	#Buy:252	#Sell:611	#Hold:137	#Stocks:  0.673940	PV:   9538.99	POS:0	NEG:1000	Loss:  0.047135
[Epoch 052/500]	Epsilon:0.4489	#Expl.:465/1000	#Buy:294	#Sell:626	#Hold:80	#Stocks:  0.000000	PV:   5779.67	POS:0	NEG:998	Loss:  0.052367
[Epoch 053/500]	Epsilon:0.4479	#Expl.:432/1000	#Buy:244	#Sell:605	#Hold:151	#Stocks:  0.000000	PV:   8821.78	POS:0	NEG:1000	Loss:  0.046171
[Epoch 054/500]	Epsilon:0.4469	#Expl.:435/1000	#Buy:258	#Sell:599	#Hold:143	#Stocks:  0.000000	PV:   7262.39	POS:0	NEG:999	Loss:  0.047913
[Epoch 055/500]	Epsilon:0.4459	#Expl.:468/1000	#Buy:270	#Sell:534	#Hold:196	#Stocks:  0.000000	PV:   7605.22	POS:0	NEG:999	Loss:  0.049388
[Epoch 056/500]	Epsilon:0.4449	#Expl.:419/1000	#Buy:235	#Sell:575	#Hold:190	#Stocks:  0.000085	PV:   8731.44	POS:0	NEG:1000	Loss:  0.045077
[Epoch 057/500]	Epsilon:0.4439	#Expl.:447/1000	#Buy:227	#Sell:545	#Hold:228	#Stocks:  0.416924	PV:   7556.91	POS:0	NEG:999	Loss:  0.044091
[Epoch 058/500]	Epsilon:0.4429	#Expl.:437/1000	#Buy:226	#Sell:467	#Hold:307	#Stocks:  0.700404	PV:   7594.81	POS:0	NEG:999	Loss:  0.043807
[Epoch 059/500]	Epsilon:0.4419	#Expl.:430/1000	#Buy:231	#Sell:450	#Hold:319	#Stocks:  0.000000	PV:   7716.26	POS:0	NEG:999	Loss:  0.044631
[Epoch 060/500]	Epsilon:0.4409	#Expl.:448/1000	#Buy:265	#Sell:559	#Hold:176	#Stocks:  1.141688	PV:   8422.86	POS:0	NEG:1000	Loss:  0.048765
[Epoch 061/500]	Epsilon:0.4399	#Expl.:432/1000	#Buy:238	#Sell:574	#Hold:188	#Stocks:  0.000001	PV:   8875.83	POS:0	NEG:1000	Loss:  0.045384
[Epoch 062/500]	Epsilon:0.4389	#Expl.:447/1000	#Buy:223	#Sell:540	#Hold:237	#Stocks:  0.784244	PV:   8335.02	POS:1	NEG:998	Loss:  0.043813
[Epoch 063/500]	Epsilon:0.4379	#Expl.:431/1000	#Buy:227	#Sell:505	#Hold:268	#Stocks:  0.000000	PV:   9731.87	POS:0	NEG:1000	Loss:  0.043968
[Epoch 064/500]	Epsilon:0.4369	#Expl.:448/1000	#Buy:242	#Sell:486	#Hold:272	#Stocks:  0.000000	PV:   7321.65	POS:0	NEG:999	Loss:  0.045965
[Epoch 065/500]	Epsilon:0.4359	#Expl.:450/1000	#Buy:234	#Sell:561	#Hold:205	#Stocks:  0.000000	PV:   8343.72	POS:0	NEG:1000	Loss:  0.044850
[Epoch 066/500]	Epsilon:0.4349	#Expl.:433/1000	#Buy:223	#Sell:591	#Hold:186	#Stocks:  0.000000	PV:   8389.52	POS:0	NEG:1000	Loss:  0.043429
[Epoch 067/500]	Epsilon:0.4339	#Expl.:446/1000	#Buy:226	#Sell:644	#Hold:130	#Stocks:  0.000000	PV:   6373.36	POS:0	NEG:999	Loss:  0.043923
[Epoch 068/500]	Epsilon:0.4329	#Expl.:455/1000	#Buy:252	#Sell:617	#Hold:131	#Stocks:  0.001582	PV:   7057.83	POS:0	NEG:999	Loss:  0.047224
[Epoch 069/500]	Epsilon:0.4319	#Expl.:421/1000	#Buy:264	#Sell:608	#Hold:128	#Stocks:  0.000000	PV:   7151.63	POS:0	NEG:999	Loss:  0.048740
[Epoch 070/500]	Epsilon:0.4309	#Expl.:409/1000	#Buy:209	#Sell:541	#Hold:250	#Stocks:  1.759496	PV:   8457.45	POS:0	NEG:1000	Loss:  0.041628
[Epoch 071/500]	Epsilon:0.4299	#Expl.:437/1000	#Buy:228	#Sell:584	#Hold:188	#Stocks:  0.438350	PV:   7763.82	POS:0	NEG:999	Loss:  0.043990
[Epoch 072/500]	Epsilon:0.4289	#Expl.:433/1000	#Buy:232	#Sell:623	#Hold:145	#Stocks:  0.055035	PV:   7886.75	POS:0	NEG:999	Loss:  0.044606
[Epoch 073/500]	Epsilon:0.4279	#Expl.:429/1000	#Buy:230	#Sell:591	#Hold:179	#Stocks:  0.877903	PV:   8353.17	POS:0	NEG:999	Loss:  0.044268
[Epoch 074/500]	Epsilon:0.4269	#Expl.:411/1000	#Buy:209	#Sell:487	#Hold:304	#Stocks:  0.000000	PV:   8368.01	POS:0	NEG:1000	Loss:  0.041539
[Epoch 075/500]	Epsilon:0.4259	#Expl.:418/1000	#Buy:215	#Sell:586	#Hold:199	#Stocks:  0.000000	PV:   8971.22	POS:0	NEG:1000	Loss:  0.042306
[Epoch 076/500]	Epsilon:0.4248	#Expl.:409/1000	#Buy:219	#Sell:543	#Hold:238	#Stocks:  0.867679	PV:   8318.73	POS:0	NEG:1000	Loss:  0.042827
[Epoch 077/500]	Epsilon:0.4238	#Expl.:421/1000	#Buy:241	#Sell:567	#Hold:192	#Stocks:  0.000000	PV:   7846.48	POS:0	NEG:999	Loss:  0.045851
[Epoch 078/500]	Epsilon:0.4228	#Expl.:395/1000	#Buy:195	#Sell:610	#Hold:195	#Stocks:  0.000000	PV:   7401.50	POS:0	NEG:999	Loss:  0.039559
[Epoch 079/500]	Epsilon:0.4218	#Expl.:435/1000	#Buy:239	#Sell:544	#Hold:217	#Stocks:  0.009377	PV:   7539.81	POS:0	NEG:999	Loss:  0.045629
[Epoch 080/500]	Epsilon:0.4208	#Expl.:440/1000	#Buy:217	#Sell:595	#Hold:188	#Stocks:  0.000007	PV:   6830.98	POS:0	NEG:999	Loss:  0.042603
[Epoch 081/500]	Epsilon:0.4198	#Expl.:423/1000	#Buy:225	#Sell:521	#Hold:254	#Stocks:  0.000000	PV:   8226.11	POS:0	NEG:999	Loss:  0.043718
[Epoch 082/500]	Epsilon:0.4188	#Expl.:434/1000	#Buy:209	#Sell:549	#Hold:242	#Stocks:  0.000000	PV:   8339.02	POS:0	NEG:1000	Loss:  0.041444
[Epoch 083/500]	Epsilon:0.4178	#Expl.:436/1000	#Buy:229	#Sell:517	#Hold:254	#Stocks:  1.025958	PV:   8060.20	POS:0	NEG:999	Loss:  0.044049
[Epoch 084/500]	Epsilon:0.4168	#Expl.:393/1000	#Buy:223	#Sell:639	#Hold:138	#Stocks:  0.000000	PV:   6234.56	POS:0	NEG:998	Loss:  0.043416
[Epoch 085/500]	Epsilon:0.4158	#Expl.:417/1000	#Buy:208	#Sell:454	#Hold:338	#Stocks:  0.000990	PV:   7331.76	POS:0	NEG:999	Loss:  0.041226
[Epoch 086/500]	Epsilon:0.4148	#Expl.:444/1000	#Buy:245	#Sell:476	#Hold:279	#Stocks:  0.000000	PV:   6920.10	POS:0	NEG:999	Loss:  0.046276
[Epoch 087/500]	Epsilon:0.4138	#Expl.:423/1000	#Buy:218	#Sell:505	#Hold:277	#Stocks:  0.000000	PV:   9402.03	POS:0	NEG:1000	Loss:  0.042655
[Epoch 088/500]	Epsilon:0.4128	#Expl.:401/1000	#Buy:193	#Sell:385	#Hold:422	#Stocks:  0.000000	PV:   7477.70	POS:0	NEG:999	Loss:  0.039236
[Epoch 089/500]	Epsilon:0.4118	#Expl.:408/1000	#Buy:211	#Sell:255	#Hold:534	#Stocks:  0.664972	PV:   8697.92	POS:0	NEG:1000	Loss:  0.041674
[Epoch 090/500]	Epsilon:0.4108	#Expl.:403/1000	#Buy:197	#Sell:282	#Hold:521	#Stocks:  0.000000	PV:   8896.41	POS:0	NEG:1000	Loss:  0.039717
[Epoch 091/500]	Epsilon:0.4098	#Expl.:383/1000	#Buy:230	#Sell:283	#Hold:487	#Stocks:  0.000015	PV:   6031.61	POS:0	NEG:998	Loss:  0.044473
[Epoch 092/500]	Epsilon:0.4088	#Expl.:424/1000	#Buy:220	#Sell:370	#Hold:410	#Stocks:  0.000000	PV:   7809.59	POS:0	NEG:999	Loss:  0.042901
[Epoch 093/500]	Epsilon:0.4078	#Expl.:424/1000	#Buy:229	#Sell:354	#Hold:417	#Stocks:  0.000000	PV:   7142.27	POS:0	NEG:999	Loss:  0.044230
[Epoch 094/500]	Epsilon:0.4068	#Expl.:392/1000	#Buy:197	#Sell:309	#Hold:494	#Stocks:  0.000000	PV:   8163.69	POS:0	NEG:1000	Loss:  0.039716
[Epoch 095/500]	Epsilon:0.4058	#Expl.:363/1000	#Buy:188	#Sell:275	#Hold:537	#Stocks:  0.000000	PV:   7863.13	POS:0	NEG:999	Loss:  0.038460
[Epoch 096/500]	Epsilon:0.4048	#Expl.:408/1000	#Buy:203	#Sell:239	#Hold:558	#Stocks:  1.011679	PV:   9654.25	POS:0	NEG:1000	Loss:  0.040514
[Epoch 097/500]	Epsilon:0.4038	#Expl.:404/1000	#Buy:212	#Sell:242	#Hold:546	#Stocks:  0.000000	PV:   8519.00	POS:1	NEG:998	Loss:  0.041817
[Epoch 098/500]	Epsilon:0.4028	#Expl.:393/1000	#Buy:235	#Sell:320	#Hold:445	#Stocks:  0.000000	PV:   7054.22	POS:0	NEG:999	Loss:  0.045028
[Epoch 099/500]	Epsilon:0.4018	#Expl.:402/1000	#Buy:196	#Sell:247	#Hold:557	#Stocks:  0.000000	PV:   8937.16	POS:0	NEG:1000	Loss:  0.039524
[Epoch 100/500]	Epsilon:0.4008	#Expl.:423/1000	#Buy:216	#Sell:316	#Hold:468	#Stocks:  0.000000	PV:   7791.31	POS:0	NEG:999	Loss:  0.042394
[Epoch 101/500]	Epsilon:0.3998	#Expl.:395/1000	#Buy:218	#Sell:245	#Hold:537	#Stocks:  0.000000	PV:   7021.88	POS:0	NEG:999	Loss:  0.042552
[Epoch 102/500]	Epsilon:0.3988	#Expl.:403/1000	#Buy:206	#Sell:262	#Hold:532	#Stocks:  0.934634	PV:   8895.04	POS:0	NEG:1000	Loss:  0.040930
[Epoch 103/500]	Epsilon:0.3978	#Expl.:427/1000	#Buy:227	#Sell:317	#Hold:456	#Stocks:  0.000000	PV:   6799.26	POS:0	NEG:999	Loss:  0.043965
[Epoch 104/500]	Epsilon:0.3968	#Expl.:403/1000	#Buy:204	#Sell:286	#Hold:510	#Stocks:  0.000000	PV:   7560.98	POS:0	NEG:999	Loss:  0.040562
[Epoch 105/500]	Epsilon:0.3958	#Expl.:402/1000	#Buy:201	#Sell:329	#Hold:470	#Stocks:  0.000000	PV:   9190.18	POS:0	NEG:1000	Loss:  0.040214
[Epoch 106/500]	Epsilon:0.3948	#Expl.:399/1000	#Buy:209	#Sell:362	#Hold:429	#Stocks:  0.000000	PV:   8928.62	POS:1	NEG:998	Loss:  0.041636
[Epoch 107/500]	Epsilon:0.3938	#Expl.:413/1000	#Buy:218	#Sell:279	#Hold:503	#Stocks:  0.000000	PV:   7520.61	POS:0	NEG:999	Loss:  0.042829
[Epoch 108/500]	Epsilon:0.3928	#Expl.:358/1000	#Buy:178	#Sell:306	#Hold:516	#Stocks:  0.000000	PV:   7100.35	POS:0	NEG:999	Loss:  0.036940
[Epoch 109/500]	Epsilon:0.3918	#Expl.:369/1000	#Buy:181	#Sell:268	#Hold:551	#Stocks:  0.000000	PV:   9187.32	POS:0	NEG:1000	Loss:  0.037285
[Epoch 110/500]	Epsilon:0.3908	#Expl.:398/1000	#Buy:222	#Sell:366	#Hold:412	#Stocks:  0.000000	PV:   7025.17	POS:0	NEG:999	Loss:  0.043315
[Epoch 111/500]	Epsilon:0.3898	#Expl.:383/1000	#Buy:191	#Sell:252	#Hold:557	#Stocks:  0.000000	PV:   9255.73	POS:0	NEG:1000	Loss:  0.038730
[Epoch 112/500]	Epsilon:0.3888	#Expl.:382/1000	#Buy:180	#Sell:217	#Hold:603	#Stocks:  0.000000	PV:   8388.59	POS:0	NEG:1000	Loss:  0.037104
[Epoch 113/500]	Epsilon:0.3878	#Expl.:370/1000	#Buy:179	#Sell:292	#Hold:529	#Stocks:  0.182863	PV:   6964.49	POS:0	NEG:999	Loss:  0.036954
[Epoch 114/500]	Epsilon:0.3868	#Expl.:393/1000	#Buy:225	#Sell:313	#Hold:462	#Stocks:  0.000000	PV:   7872.95	POS:0	NEG:999	Loss:  0.043748
[Epoch 115/500]	Epsilon:0.3858	#Expl.:381/1000	#Buy:201	#Sell:400	#Hold:399	#Stocks:  0.000000	PV:   9260.76	POS:1	NEG:998	Loss:  0.040388
[Epoch 116/500]	Epsilon:0.3848	#Expl.:381/1000	#Buy:209	#Sell:302	#Hold:489	#Stocks:  0.000000	PV:   8474.13	POS:0	NEG:999	Loss:  0.041348
[Epoch 117/500]	Epsilon:0.3838	#Expl.:392/1000	#Buy:195	#Sell:304	#Hold:501	#Stocks:  0.000000	PV:   7226.24	POS:0	NEG:999	Loss:  0.039289
[Epoch 118/500]	Epsilon:0.3828	#Expl.:385/1000	#Buy:197	#Sell:275	#Hold:528	#Stocks:  0.000000	PV:   7057.24	POS:0	NEG:999	Loss:  0.039514
[Epoch 119/500]	Epsilon:0.3818	#Expl.:377/1000	#Buy:189	#Sell:231	#Hold:580	#Stocks:  0.445587	PV:   8168.65	POS:0	NEG:1000	Loss:  0.038393
[Epoch 120/500]	Epsilon:0.3808	#Expl.:371/1000	#Buy:186	#Sell:331	#Hold:483	#Stocks:  0.000000	PV:   8620.91	POS:0	NEG:1000	Loss:  0.037938
[Epoch 121/500]	Epsilon:0.3798	#Expl.:380/1000	#Buy:162	#Sell:281	#Hold:557	#Stocks:  0.000000	PV:   9706.50	POS:0	NEG:1000	Loss:  0.034324
[Epoch 122/500]	Epsilon:0.3788	#Expl.:385/1000	#Buy:200	#Sell:421	#Hold:379	#Stocks:  1.233300	PV:   8177.44	POS:0	NEG:999	Loss:  0.040135
[Epoch 123/500]	Epsilon:0.3778	#Expl.:377/1000	#Buy:183	#Sell:305	#Hold:512	#Stocks:  0.000000	PV:   7345.96	POS:0	NEG:999	Loss:  0.037618
[Epoch 124/500]	Epsilon:0.3768	#Expl.:359/1000	#Buy:184	#Sell:256	#Hold:560	#Stocks:  0.772341	PV:   8327.41	POS:0	NEG:1000	Loss:  0.037601
[Epoch 125/500]	Epsilon:0.3758	#Expl.:379/1000	#Buy:174	#Sell:338	#Hold:488	#Stocks:  0.000000	PV:   7604.70	POS:0	NEG:999	Loss:  0.036126
[Epoch 126/500]	Epsilon:0.3747	#Expl.:354/1000	#Buy:204	#Sell:484	#Hold:312	#Stocks:  0.000000	PV:   7438.81	POS:0	NEG:999	Loss:  0.040818
[Epoch 127/500]	Epsilon:0.3737	#Expl.:360/1000	#Buy:183	#Sell:358	#Hold:459	#Stocks:  0.000000	PV:   7752.39	POS:0	NEG:999	Loss:  0.037485
[Epoch 128/500]	Epsilon:0.3727	#Expl.:383/1000	#Buy:207	#Sell:465	#Hold:328	#Stocks:  0.000000	PV:   6872.27	POS:0	NEG:999	Loss:  0.040989
[Epoch 129/500]	Epsilon:0.3717	#Expl.:359/1000	#Buy:244	#Sell:505	#Hold:251	#Stocks:  0.000000	PV:   7970.66	POS:0	NEG:999	Loss:  0.046503
[Epoch 130/500]	Epsilon:0.3707	#Expl.:365/1000	#Buy:241	#Sell:482	#Hold:277	#Stocks:  0.723443	PV:   7516.16	POS:0	NEG:999	Loss:  0.046077
[Epoch 131/500]	Epsilon:0.3697	#Expl.:370/1000	#Buy:192	#Sell:416	#Hold:392	#Stocks:  0.000000	PV:   7347.10	POS:0	NEG:999	Loss:  0.038918
[Epoch 132/500]	Epsilon:0.3687	#Expl.:382/1000	#Buy:175	#Sell:403	#Hold:422	#Stocks:  0.808265	PV:   8790.66	POS:0	NEG:1000	Loss:  0.036315
[Epoch 133/500]	Epsilon:0.3677	#Expl.:382/1000	#Buy:190	#Sell:406	#Hold:404	#Stocks:  0.000000	PV:   7430.14	POS:0	NEG:999	Loss:  0.038567
[Epoch 134/500]	Epsilon:0.3667	#Expl.:383/1000	#Buy:223	#Sell:507	#Hold:270	#Stocks:  0.000000	PV:   7685.40	POS:0	NEG:999	Loss:  0.043467
[Epoch 135/500]	Epsilon:0.3657	#Expl.:353/1000	#Buy:182	#Sell:328	#Hold:490	#Stocks:  0.000000	PV:   8472.48	POS:0	NEG:1000	Loss:  0.037331
[Epoch 136/500]	Epsilon:0.3647	#Expl.:345/1000	#Buy:169	#Sell:354	#Hold:477	#Stocks:  0.000000	PV:   8349.70	POS:0	NEG:1000	Loss:  0.035351
[Epoch 137/500]	Epsilon:0.3637	#Expl.:374/1000	#Buy:221	#Sell:406	#Hold:373	#Stocks:  0.000000	PV:   7401.15	POS:0	NEG:999	Loss:  0.043078
[Epoch 138/500]	Epsilon:0.3627	#Expl.:388/1000	#Buy:207	#Sell:399	#Hold:394	#Stocks:  0.000000	PV:   8142.83	POS:0	NEG:999	Loss:  0.041062
[Epoch 139/500]	Epsilon:0.3617	#Expl.:378/1000	#Buy:192	#Sell:459	#Hold:349	#Stocks:  0.000000	PV:   8040.21	POS:0	NEG:1000	Loss:  0.038810
[Epoch 140/500]	Epsilon:0.3607	#Expl.:378/1000	#Buy:206	#Sell:557	#Hold:237	#Stocks:  0.000000	PV:   7942.84	POS:0	NEG:999	Loss:  0.040920
[Epoch 141/500]	Epsilon:0.3597	#Expl.:341/1000	#Buy:191	#Sell:412	#Hold:397	#Stocks:  0.000000	PV:   7485.70	POS:0	NEG:999	Loss:  0.038752
[Epoch 142/500]	Epsilon:0.3587	#Expl.:352/1000	#Buy:176	#Sell:325	#Hold:499	#Stocks:  0.000000	PV:   7478.23	POS:0	NEG:999	Loss:  0.036522
[Epoch 143/500]	Epsilon:0.3577	#Expl.:360/1000	#Buy:231	#Sell:464	#Hold:305	#Stocks:  0.000000	PV:   7761.70	POS:0	NEG:999	Loss:  0.044553
[Epoch 144/500]	Epsilon:0.3567	#Expl.:353/1000	#Buy:182	#Sell:432	#Hold:386	#Stocks:  0.000000	PV:   7419.72	POS:0	NEG:999	Loss:  0.037398
[Epoch 145/500]	Epsilon:0.3557	#Expl.:344/1000	#Buy:185	#Sell:447	#Hold:368	#Stocks:  0.000000	PV:   9095.48	POS:0	NEG:1000	Loss:  0.037748
[Epoch 146/500]	Epsilon:0.3547	#Expl.:359/1000	#Buy:238	#Sell:510	#Hold:252	#Stocks:  0.000002	PV:   7301.43	POS:0	NEG:999	Loss:  0.045788
[Epoch 147/500]	Epsilon:0.3537	#Expl.:338/1000	#Buy:163	#Sell:385	#Hold:452	#Stocks:  0.497002	PV:   8572.09	POS:0	NEG:1000	Loss:  0.034469
[Epoch 148/500]	Epsilon:0.3527	#Expl.:354/1000	#Buy:218	#Sell:490	#Hold:292	#Stocks:  0.000000	PV:   8584.83	POS:1	NEG:998	Loss:  0.043197
[Epoch 149/500]	Epsilon:0.3517	#Expl.:339/1000	#Buy:185	#Sell:486	#Hold:329	#Stocks:  1.027256	PV:   8042.14	POS:1	NEG:998	Loss:  0.037919
[Epoch 150/500]	Epsilon:0.3507	#Expl.:348/1000	#Buy:180	#Sell:405	#Hold:415	#Stocks:  0.877158	PV:   8900.53	POS:0	NEG:1000	Loss:  0.036986
[Epoch 151/500]	Epsilon:0.3497	#Expl.:361/1000	#Buy:198	#Sell:404	#Hold:398	#Stocks:  0.000000	PV:   6894.34	POS:0	NEG:999	Loss:  0.039953
[Epoch 152/500]	Epsilon:0.3487	#Expl.:356/1000	#Buy:196	#Sell:460	#Hold:344	#Stocks:  0.000000	PV:   8019.85	POS:0	NEG:1000	Loss:  0.039403
[Epoch 153/500]	Epsilon:0.3477	#Expl.:354/1000	#Buy:177	#Sell:507	#Hold:316	#Stocks:  0.000000	PV:   7898.98	POS:0	NEG:999	Loss:  0.036521
[Epoch 154/500]	Epsilon:0.3467	#Expl.:330/1000	#Buy:165	#Sell:468	#Hold:367	#Stocks:  0.000000	PV:   9319.40	POS:0	NEG:1000	Loss:  0.034659
[Epoch 155/500]	Epsilon:0.3457	#Expl.:329/1000	#Buy:272	#Sell:620	#Hold:108	#Stocks:  1.874879	PV:   8084.80	POS:0	NEG:999	Loss:  0.050887
[Epoch 156/500]	Epsilon:0.3447	#Expl.:313/1000	#Buy:414	#Sell:559	#Hold:27	#Stocks:  0.714032	PV:   6627.30	POS:0	NEG:999	Loss:  0.070785
[Epoch 157/500]	Epsilon:0.3437	#Expl.:339/1000	#Buy:399	#Sell:481	#Hold:120	#Stocks:  1.822427	PV:   7854.71	POS:0	NEG:999	Loss:  0.066946
[Epoch 158/500]	Epsilon:0.3427	#Expl.:355/1000	#Buy:415	#Sell:530	#Hold:55	#Stocks:  0.000074	PV:   5891.00	POS:0	NEG:998	Loss:  0.067866
[Epoch 159/500]	Epsilon:0.3417	#Expl.:343/1000	#Buy:296	#Sell:647	#Hold:57	#Stocks:  0.000081	PV:   6020.77	POS:0	NEG:998	Loss:  0.052921
[Epoch 160/500]	Epsilon:0.3407	#Expl.:326/1000	#Buy:502	#Sell:476	#Hold:22	#Stocks:  0.884306	PV:   6026.75	POS:1	NEG:996	Loss:  0.076280
[Epoch 161/500]	Epsilon:0.3397	#Expl.:352/1000	#Buy:391	#Sell:518	#Hold:91	#Stocks:  1.241704	PV:   6999.96	POS:0	NEG:999	Loss:  0.062661
[Epoch 162/500]	Epsilon:0.3387	#Expl.:340/1000	#Buy:425	#Sell:552	#Hold:23	#Stocks:  0.000000	PV:   8213.47	POS:0	NEG:999	Loss:  0.065586
[Epoch 163/500]	Epsilon:0.3377	#Expl.:326/1000	#Buy:382	#Sell:549	#Hold:69	#Stocks:  1.719219	PV:   8047.86	POS:0	NEG:999	Loss:  0.060963
[Epoch 164/500]	Epsilon:0.3367	#Expl.:327/1000	#Buy:406	#Sell:533	#Hold:61	#Stocks:  0.000050	PV:   6192.65	POS:0	NEG:999	Loss:  0.062937
[Epoch 165/500]	Epsilon:0.3357	#Expl.:326/1000	#Buy:341	#Sell:642	#Hold:17	#Stocks:  0.000842	PV:   7662.46	POS:0	NEG:999	Loss:  0.056837
[Epoch 166/500]	Epsilon:0.3347	#Expl.:318/1000	#Buy:387	#Sell:542	#Hold:71	#Stocks:  0.480969	PV:   6196.13	POS:0	NEG:998	Loss:  0.060843
[Epoch 167/500]	Epsilon:0.3337	#Expl.:330/1000	#Buy:542	#Sell:422	#Hold:36	#Stocks:  2.032398	PV:   8759.66	POS:0	NEG:999	Loss:  0.073469
[Epoch 168/500]	Epsilon:0.3327	#Expl.:369/1000	#Buy:471	#Sell:498	#Hold:31	#Stocks:  1.357222	PV:   6427.58	POS:0	NEG:998	Loss:  0.066570
[Epoch 169/500]	Epsilon:0.3317	#Expl.:315/1000	#Buy:431	#Sell:538	#Hold:31	#Stocks:  1.127412	PV:   9413.33	POS:1	NEG:998	Loss:  0.063485
[Epoch 170/500]	Epsilon:0.3307	#Expl.:342/1000	#Buy:463	#Sell:509	#Hold:28	#Stocks:  1.402642	PV:   7840.17	POS:0	NEG:999	Loss:  0.064984
[Epoch 171/500]	Epsilon:0.3297	#Expl.:318/1000	#Buy:483	#Sell:508	#Hold:9	#Stocks:  1.249913	PV:   5917.72	POS:0	NEG:998	Loss:  0.065662
[Epoch 172/500]	Epsilon:0.3287	#Expl.:342/1000	#Buy:510	#Sell:481	#Hold:9	#Stocks:  1.383425	PV:   7803.37	POS:0	NEG:999	Loss:  0.066712
[Epoch 173/500]	Epsilon:0.3277	#Expl.:354/1000	#Buy:581	#Sell:419	#Hold:0	#Stocks:  1.494270	PV:   7752.64	POS:1	NEG:997	Loss:  0.069493
[Epoch 174/500]	Epsilon:0.3267	#Expl.:319/1000	#Buy:529	#Sell:411	#Hold:60	#Stocks:  1.800644	PV:   7760.79	POS:0	NEG:999	Loss:  0.065798
[Epoch 175/500]	Epsilon:0.3257	#Expl.:341/1000	#Buy:517	#Sell:483	#Hold:0	#Stocks:  1.432471	PV:   6173.96	POS:0	NEG:998	Loss:  0.064847
[Epoch 176/500]	Epsilon:0.3246	#Expl.:304/1000	#Buy:449	#Sell:515	#Hold:36	#Stocks:  1.389768	PV:   6078.65	POS:0	NEG:998	Loss:  0.062209
[Epoch 177/500]	Epsilon:0.3236	#Expl.:326/1000	#Buy:375	#Sell:609	#Hold:16	#Stocks:  1.803224	PV:   7975.01	POS:0	NEG:999	Loss:  0.059631
[Epoch 178/500]	Epsilon:0.3226	#Expl.:286/1000	#Buy:409	#Sell:590	#Hold:1	#Stocks:  0.048332	PV:   6020.97	POS:0	NEG:998	Loss:  0.060860
[Epoch 179/500]	Epsilon:0.3216	#Expl.:302/1000	#Buy:214	#Sell:751	#Hold:35	#Stocks:  1.748419	PV:   9387.95	POS:0	NEG:1000	Loss:  0.052055
[Epoch 180/500]	Epsilon:0.3206	#Expl.:324/1000	#Buy:295	#Sell:673	#Hold:32	#Stocks:  0.895488	PV:   9100.70	POS:0	NEG:1000	Loss:  0.054571
[Epoch 181/500]	Epsilon:0.3196	#Expl.:339/1000	#Buy:282	#Sell:696	#Hold:22	#Stocks:  0.000017	PV:   7036.58	POS:0	NEG:999	Loss:  0.053191
[Epoch 182/500]	Epsilon:0.3186	#Expl.:316/1000	#Buy:218	#Sell:730	#Hold:52	#Stocks:  0.089310	PV:   6967.45	POS:0	NEG:999	Loss:  0.048482
[Epoch 183/500]	Epsilon:0.3176	#Expl.:316/1000	#Buy:231	#Sell:748	#Hold:21	#Stocks:  0.139555	PV:   8904.29	POS:0	NEG:1000	Loss:  0.048090
[Epoch 184/500]	Epsilon:0.3166	#Expl.:316/1000	#Buy:299	#Sell:698	#Hold:3	#Stocks:  0.000805	PV:   7639.49	POS:0	NEG:999	Loss:  0.052841
[Epoch 185/500]	Epsilon:0.3156	#Expl.:320/1000	#Buy:209	#Sell:769	#Hold:22	#Stocks:  0.867017	PV:   7741.20	POS:0	NEG:999	Loss:  0.045099
[Epoch 186/500]	Epsilon:0.3146	#Expl.:308/1000	#Buy:203	#Sell:780	#Hold:17	#Stocks:  1.021934	PV:   8901.61	POS:0	NEG:1000	Loss:  0.043830
[Epoch 187/500]	Epsilon:0.3136	#Expl.:308/1000	#Buy:191	#Sell:775	#Hold:34	#Stocks:  1.070184	PV:   9165.12	POS:0	NEG:1000	Loss:  0.041958
[Epoch 188/500]	Epsilon:0.3126	#Expl.:292/1000	#Buy:367	#Sell:608	#Hold:25	#Stocks:  1.218073	PV:   6798.95	POS:0	NEG:998	Loss:  0.059145
[Epoch 189/500]	Epsilon:0.3116	#Expl.:318/1000	#Buy:209	#Sell:760	#Hold:31	#Stocks:  0.182679	PV:   8547.35	POS:0	NEG:1000	Loss:  0.043559
[Epoch 190/500]	Epsilon:0.3106	#Expl.:307/1000	#Buy:245	#Sell:699	#Hold:56	#Stocks:  0.000109	PV:   7106.42	POS:0	NEG:999	Loss:  0.046990
[Epoch 191/500]	Epsilon:0.3096	#Expl.:315/1000	#Buy:219	#Sell:752	#Hold:29	#Stocks:  0.834624	PV:   7940.30	POS:0	NEG:999	Loss:  0.044063
[Epoch 192/500]	Epsilon:0.3086	#Expl.:303/1000	#Buy:208	#Sell:762	#Hold:30	#Stocks:  0.000185	PV:   7595.08	POS:0	NEG:999	Loss:  0.042654
[Epoch 193/500]	Epsilon:0.3076	#Expl.:315/1000	#Buy:192	#Sell:784	#Hold:24	#Stocks:  0.875336	PV:   8954.27	POS:0	NEG:1000	Loss:  0.040493
[Epoch 194/500]	Epsilon:0.3066	#Expl.:292/1000	#Buy:277	#Sell:698	#Hold:25	#Stocks:  0.020323	PV:   6833.28	POS:0	NEG:999	Loss:  0.050100
[Epoch 195/500]	Epsilon:0.3056	#Expl.:304/1000	#Buy:214	#Sell:765	#Hold:21	#Stocks:  0.000001	PV:   7951.11	POS:0	NEG:999	Loss:  0.042851
[Epoch 196/500]	Epsilon:0.3046	#Expl.:301/1000	#Buy:268	#Sell:727	#Hold:5	#Stocks:  0.005304	PV:   8176.39	POS:0	NEG:999	Loss:  0.049081
[Epoch 197/500]	Epsilon:0.3036	#Expl.:308/1000	#Buy:247	#Sell:735	#Hold:18	#Stocks:  1.731163	PV:   8589.20	POS:0	NEG:1000	Loss:  0.046649
[Epoch 198/500]	Epsilon:0.3026	#Expl.:300/1000	#Buy:204	#Sell:763	#Hold:33	#Stocks:  0.010768	PV:   8173.07	POS:0	NEG:1000	Loss:  0.041497
[Epoch 199/500]	Epsilon:0.3016	#Expl.:302/1000	#Buy:287	#Sell:684	#Hold:29	#Stocks:  0.084470	PV:  10315.33	POS:0	NEG:1000	Loss:  0.051386
[Epoch 200/500]	Epsilon:0.3006	#Expl.:289/1000	#Buy:321	#Sell:646	#Hold:33	#Stocks:  0.821340	PV:   9348.68	POS:0	NEG:1000	Loss:  0.055251
[Epoch 201/500]	Epsilon:0.2996	#Expl.:319/1000	#Buy:318	#Sell:664	#Hold:18	#Stocks:  1.433458	PV:   8606.52	POS:0	NEG:1000	Loss:  0.054724
[Epoch 202/500]	Epsilon:0.2986	#Expl.:284/1000	#Buy:362	#Sell:619	#Hold:19	#Stocks:  1.940267	PV:   8400.68	POS:0	NEG:999	Loss:  0.059278
[Epoch 203/500]	Epsilon:0.2976	#Expl.:301/1000	#Buy:258	#Sell:702	#Hold:40	#Stocks:  0.142877	PV:   8678.69	POS:0	NEG:1000	Loss:  0.048050
[Epoch 204/500]	Epsilon:0.2966	#Expl.:286/1000	#Buy:181	#Sell:799	#Hold:20	#Stocks:  0.000231	PV:   8902.06	POS:1	NEG:998	Loss:  0.039943
[Epoch 205/500]	Epsilon:0.2956	#Expl.:298/1000	#Buy:332	#Sell:650	#Hold:18	#Stocks:  0.176547	PV:   6919.67	POS:1	NEG:997	Loss:  0.056693
[Epoch 206/500]	Epsilon:0.2946	#Expl.:296/1000	#Buy:210	#Sell:675	#Hold:115	#Stocks:  0.000520	PV:   6212.03	POS:0	NEG:998	Loss:  0.042546
[Epoch 207/500]	Epsilon:0.2936	#Expl.:289/1000	#Buy:206	#Sell:757	#Hold:37	#Stocks:  0.296735	PV:   8466.11	POS:0	NEG:999	Loss:  0.041804
[Epoch 208/500]	Epsilon:0.2926	#Expl.:258/1000	#Buy:220	#Sell:732	#Hold:48	#Stocks:  0.027576	PV:   6780.40	POS:0	NEG:999	Loss:  0.043547
[Epoch 209/500]	Epsilon:0.2916	#Expl.:285/1000	#Buy:210	#Sell:766	#Hold:24	#Stocks:  0.810464	PV:   7078.59	POS:0	NEG:999	Loss:  0.042111
[Epoch 210/500]	Epsilon:0.2906	#Expl.:321/1000	#Buy:259	#Sell:691	#Hold:50	#Stocks:  0.350744	PV:   7605.98	POS:0	NEG:999	Loss:  0.048017
[Epoch 211/500]	Epsilon:0.2896	#Expl.:297/1000	#Buy:265	#Sell:689	#Hold:46	#Stocks:  0.003761	PV:   9243.87	POS:0	NEG:1000	Loss:  0.048737
[Epoch 212/500]	Epsilon:0.2886	#Expl.:287/1000	#Buy:365	#Sell:628	#Hold:7	#Stocks:  0.152647	PV:   8894.51	POS:1	NEG:998	Loss:  0.060806
[Epoch 213/500]	Epsilon:0.2876	#Expl.:305/1000	#Buy:228	#Sell:757	#Hold:15	#Stocks:  0.000114	PV:   6425.93	POS:0	NEG:999	Loss:  0.044526
[Epoch 214/500]	Epsilon:0.2866	#Expl.:265/1000	#Buy:293	#Sell:703	#Hold:4	#Stocks:  1.441503	PV:   8806.09	POS:1	NEG:998	Loss:  0.051995
[Epoch 215/500]	Epsilon:0.2856	#Expl.:269/1000	#Buy:201	#Sell:770	#Hold:29	#Stocks:  0.000000	PV:  10159.34	POS:0	NEG:1000	Loss:  0.041185
[Epoch 216/500]	Epsilon:0.2846	#Expl.:292/1000	#Buy:345	#Sell:610	#Hold:45	#Stocks:  0.363586	PV:   8529.37	POS:1	NEG:998	Loss:  0.058231
[Epoch 217/500]	Epsilon:0.2836	#Expl.:285/1000	#Buy:312	#Sell:654	#Hold:34	#Stocks:  1.218697	PV:   8680.19	POS:1	NEG:998	Loss:  0.054133
[Epoch 218/500]	Epsilon:0.2826	#Expl.:293/1000	#Buy:255	#Sell:690	#Hold:55	#Stocks:  1.429959	PV:   7107.60	POS:0	NEG:999	Loss:  0.047589
[Epoch 219/500]	Epsilon:0.2816	#Expl.:297/1000	#Buy:254	#Sell:739	#Hold:7	#Stocks:  0.838956	PV:   7457.01	POS:0	NEG:999	Loss:  0.047499
[Epoch 220/500]	Epsilon:0.2806	#Expl.:293/1000	#Buy:431	#Sell:538	#Hold:31	#Stocks:  0.113510	PV:   8190.41	POS:0	NEG:999	Loss:  0.067137
[Epoch 221/500]	Epsilon:0.2796	#Expl.:275/1000	#Buy:326	#Sell:662	#Hold:12	#Stocks:  0.258048	PV:   8640.50	POS:1	NEG:998	Loss:  0.055457
[Epoch 222/500]	Epsilon:0.2786	#Expl.:278/1000	#Buy:210	#Sell:751	#Hold:39	#Stocks:  0.513922	PV:   7830.94	POS:0	NEG:999	Loss:  0.043028
[Epoch 223/500]	Epsilon:0.2776	#Expl.:269/1000	#Buy:287	#Sell:708	#Hold:5	#Stocks:  1.106273	PV:   6950.75	POS:1	NEG:997	Loss:  0.051352
[Epoch 224/500]	Epsilon:0.2766	#Expl.:289/1000	#Buy:394	#Sell:604	#Hold:2	#Stocks:  0.172735	PV:   7788.74	POS:0	NEG:999	Loss:  0.062526
[Epoch 225/500]	Epsilon:0.2756	#Expl.:290/1000	#Buy:393	#Sell:599	#Hold:8	#Stocks:  0.018286	PV:   8391.89	POS:1	NEG:998	Loss:  0.062128
[Epoch 226/500]	Epsilon:0.2745	#Expl.:280/1000	#Buy:287	#Sell:708	#Hold:5	#Stocks:  0.352143	PV:   8853.64	POS:0	NEG:1000	Loss:  0.051269
[Epoch 227/500]	Epsilon:0.2735	#Expl.:274/1000	#Buy:316	#Sell:666	#Hold:18	#Stocks:  0.166936	PV:   8370.38	POS:0	NEG:999	Loss:  0.054126
[Epoch 228/500]	Epsilon:0.2725	#Expl.:251/1000	#Buy:218	#Sell:780	#Hold:2	#Stocks:  0.262080	PV:   7546.16	POS:0	NEG:999	Loss:  0.044340
[Epoch 229/500]	Epsilon:0.2715	#Expl.:232/1000	#Buy:228	#Sell:763	#Hold:9	#Stocks:  1.427383	PV:   9969.07	POS:0	NEG:1000	Loss:  0.044970
[Epoch 230/500]	Epsilon:0.2705	#Expl.:271/1000	#Buy:230	#Sell:762	#Hold:8	#Stocks:  1.162691	PV:   8829.37	POS:1	NEG:998	Loss:  0.045319
[Epoch 231/500]	Epsilon:0.2695	#Expl.:265/1000	#Buy:346	#Sell:654	#Hold:0	#Stocks:  0.000251	PV:   7710.26	POS:0	NEG:999	Loss:  0.057601
[Epoch 232/500]	Epsilon:0.2685	#Expl.:272/1000	#Buy:404	#Sell:588	#Hold:8	#Stocks:  0.396068	PV:   7088.07	POS:0	NEG:999	Loss:  0.063251
[Epoch 233/500]	Epsilon:0.2675	#Expl.:243/1000	#Buy:393	#Sell:599	#Hold:8	#Stocks:  0.000071	PV:  10335.59	POS:0	NEG:1000	Loss:  0.061587
[Epoch 234/500]	Epsilon:0.2665	#Expl.:263/1000	#Buy:380	#Sell:618	#Hold:2	#Stocks:  0.008770	PV:   8280.68	POS:0	NEG:999	Loss:  0.060129
[Epoch 235/500]	Epsilon:0.2655	#Expl.:274/1000	#Buy:508	#Sell:485	#Hold:7	#Stocks:  0.001679	PV:   6978.54	POS:0	NEG:999	Loss:  0.070690
[Epoch 236/500]	Epsilon:0.2645	#Expl.:248/1000	#Buy:576	#Sell:390	#Hold:34	#Stocks:  0.213603	PV:   6934.71	POS:0	NEG:999	Loss:  0.073961
[Epoch 237/500]	Epsilon:0.2635	#Expl.:263/1000	#Buy:352	#Sell:643	#Hold:5	#Stocks:  0.155697	PV:   9175.02	POS:0	NEG:1000	Loss:  0.057192
[Epoch 238/500]	Epsilon:0.2625	#Expl.:299/1000	#Buy:374	#Sell:624	#Hold:2	#Stocks:  1.200876	PV:   8986.19	POS:0	NEG:1000	Loss:  0.058689
[Epoch 239/500]	Epsilon:0.2615	#Expl.:256/1000	#Buy:515	#Sell:480	#Hold:5	#Stocks:  2.112084	PV:   9483.80	POS:1	NEG:998	Loss:  0.068059
[Epoch 240/500]	Epsilon:0.2605	#Expl.:271/1000	#Buy:442	#Sell:558	#Hold:0	#Stocks:  1.033565	PV:   7486.73	POS:0	NEG:999	Loss:  0.062956
[Epoch 241/500]	Epsilon:0.2595	#Expl.:262/1000	#Buy:470	#Sell:524	#Hold:6	#Stocks:  0.377829	PV:   8346.19	POS:0	NEG:1000	Loss:  0.064106
[Epoch 242/500]	Epsilon:0.2585	#Expl.:244/1000	#Buy:328	#Sell:671	#Hold:1	#Stocks:  0.034457	PV:   6811.51	POS:0	NEG:999	Loss:  0.056068
[Epoch 243/500]	Epsilon:0.2575	#Expl.:257/1000	#Buy:372	#Sell:627	#Hold:1	#Stocks:  0.001089	PV:   7833.31	POS:0	NEG:999	Loss:  0.058540
[Epoch 244/500]	Epsilon:0.2565	#Expl.:235/1000	#Buy:230	#Sell:695	#Hold:75	#Stocks:  0.790979	PV:   6706.26	POS:0	NEG:999	Loss:  0.049421
[Epoch 245/500]	Epsilon:0.2555	#Expl.:268/1000	#Buy:364	#Sell:632	#Hold:4	#Stocks:  0.000000	PV:   8186.24	POS:0	NEG:999	Loss:  0.057852
[Epoch 246/500]	Epsilon:0.2545	#Expl.:249/1000	#Buy:468	#Sell:526	#Hold:6	#Stocks:  1.769402	PV:   9146.39	POS:0	NEG:1000	Loss:  0.064670
[Epoch 247/500]	Epsilon:0.2535	#Expl.:257/1000	#Buy:446	#Sell:553	#Hold:1	#Stocks:  1.001428	PV:   5916.02	POS:0	NEG:998	Loss:  0.063042
[Epoch 248/500]	Epsilon:0.2525	#Expl.:248/1000	#Buy:358	#Sell:632	#Hold:10	#Stocks:  0.000000	PV:  11005.26	POS:1	NEG:999	Loss:  0.057813
[Epoch 249/500]	Epsilon:0.2515	#Expl.:254/1000	#Buy:416	#Sell:582	#Hold:2	#Stocks:  1.137887	PV:   7575.92	POS:1	NEG:997	Loss:  0.061288
[Epoch 250/500]	Epsilon:0.2505	#Expl.:268/1000	#Buy:403	#Sell:590	#Hold:7	#Stocks:  0.127688	PV:   9305.81	POS:0	NEG:1000	Loss:  0.060262
[Epoch 251/500]	Epsilon:0.2495	#Expl.:237/1000	#Buy:298	#Sell:687	#Hold:15	#Stocks:  0.337752	PV:   6833.80	POS:0	NEG:999	Loss:  0.054004
[Epoch 252/500]	Epsilon:0.2485	#Expl.:246/1000	#Buy:249	#Sell:732	#Hold:19	#Stocks:  0.466067	PV:   9451.55	POS:0	NEG:1000	Loss:  0.050265
[Epoch 253/500]	Epsilon:0.2475	#Expl.:252/1000	#Buy:337	#Sell:659	#Hold:4	#Stocks:  0.791803	PV:   8619.12	POS:1	NEG:998	Loss:  0.056272
[Epoch 254/500]	Epsilon:0.2465	#Expl.:248/1000	#Buy:445	#Sell:539	#Hold:16	#Stocks:  0.655450	PV:   7653.06	POS:1	NEG:997	Loss:  0.063652
[Epoch 255/500]	Epsilon:0.2455	#Expl.:263/1000	#Buy:386	#Sell:613	#Hold:1	#Stocks:  0.073663	PV:   8700.58	POS:1	NEG:998	Loss:  0.059617
[Epoch 256/500]	Epsilon:0.2445	#Expl.:233/1000	#Buy:344	#Sell:648	#Hold:8	#Stocks:  0.000099	PV:   9594.64	POS:0	NEG:1000	Loss:  0.056562
[Epoch 257/500]	Epsilon:0.2435	#Expl.:237/1000	#Buy:356	#Sell:636	#Hold:8	#Stocks:  0.799923	PV:   9371.56	POS:0	NEG:1000	Loss:  0.057346
[Epoch 258/500]	Epsilon:0.2425	#Expl.:231/1000	#Buy:409	#Sell:586	#Hold:5	#Stocks:  2.145384	PV:   9854.03	POS:0	NEG:1000	Loss:  0.060862
[Epoch 259/500]	Epsilon:0.2415	#Expl.:253/1000	#Buy:303	#Sell:696	#Hold:1	#Stocks:  0.000032	PV:   7633.05	POS:0	NEG:999	Loss:  0.053895
[Epoch 260/500]	Epsilon:0.2405	#Expl.:243/1000	#Buy:421	#Sell:574	#Hold:5	#Stocks:  0.427925	PV:   9491.21	POS:0	NEG:1000	Loss:  0.061720
[Epoch 261/500]	Epsilon:0.2395	#Expl.:216/1000	#Buy:628	#Sell:370	#Hold:2	#Stocks:  1.887814	PV:   8672.11	POS:0	NEG:999	Loss:  0.073381
[Epoch 262/500]	Epsilon:0.2385	#Expl.:230/1000	#Buy:450	#Sell:548	#Hold:2	#Stocks:  0.506542	PV:   9216.10	POS:0	NEG:1000	Loss:  0.062513
[Epoch 263/500]	Epsilon:0.2375	#Expl.:238/1000	#Buy:332	#Sell:666	#Hold:2	#Stocks:  0.000002	PV:   7773.31	POS:0	NEG:999	Loss:  0.056601
[Epoch 264/500]	Epsilon:0.2365	#Expl.:226/1000	#Buy:370	#Sell:612	#Hold:18	#Stocks:  0.000000	PV:   7542.98	POS:0	NEG:999	Loss:  0.058421
[Epoch 265/500]	Epsilon:0.2355	#Expl.:230/1000	#Buy:359	#Sell:633	#Hold:8	#Stocks:  0.000000	PV:   8830.37	POS:0	NEG:1000	Loss:  0.057778
[Epoch 266/500]	Epsilon:0.2345	#Expl.:223/1000	#Buy:305	#Sell:688	#Hold:7	#Stocks:  0.000174	PV:   8840.20	POS:0	NEG:1000	Loss:  0.054534
[Epoch 267/500]	Epsilon:0.2335	#Expl.:228/1000	#Buy:356	#Sell:638	#Hold:6	#Stocks:  0.053326	PV:   8251.95	POS:0	NEG:999	Loss:  0.057450
[Epoch 268/500]	Epsilon:0.2325	#Expl.:244/1000	#Buy:294	#Sell:704	#Hold:2	#Stocks:  0.910725	PV:   8844.97	POS:0	NEG:1000	Loss:  0.053401
[Epoch 269/500]	Epsilon:0.2315	#Expl.:236/1000	#Buy:360	#Sell:638	#Hold:2	#Stocks:  0.198445	PV:   7334.86	POS:0	NEG:999	Loss:  0.057647
[Epoch 270/500]	Epsilon:0.2305	#Expl.:215/1000	#Buy:308	#Sell:684	#Hold:8	#Stocks:  0.964750	PV:   7573.22	POS:0	NEG:999	Loss:  0.054212
[Epoch 271/500]	Epsilon:0.2295	#Expl.:261/1000	#Buy:363	#Sell:628	#Hold:9	#Stocks:  0.688675	PV:   7453.75	POS:0	NEG:999	Loss:  0.057885
[Epoch 272/500]	Epsilon:0.2285	#Expl.:238/1000	#Buy:331	#Sell:661	#Hold:8	#Stocks:  0.266103	PV:   8195.47	POS:0	NEG:999	Loss:  0.055517
[Epoch 273/500]	Epsilon:0.2275	#Expl.:243/1000	#Buy:317	#Sell:670	#Hold:13	#Stocks:  0.269396	PV:   9057.11	POS:0	NEG:1000	Loss:  0.054498
[Epoch 274/500]	Epsilon:0.2265	#Expl.:234/1000	#Buy:316	#Sell:683	#Hold:1	#Stocks:  0.003509	PV:   6550.60	POS:0	NEG:999	Loss:  0.054460
[Epoch 275/500]	Epsilon:0.2255	#Expl.:228/1000	#Buy:314	#Sell:683	#Hold:3	#Stocks:  0.000280	PV:   8440.50	POS:0	NEG:1000	Loss:  0.054135
[Epoch 276/500]	Epsilon:0.2244	#Expl.:219/1000	#Buy:308	#Sell:684	#Hold:8	#Stocks:  0.006683	PV:   8179.14	POS:0	NEG:1000	Loss:  0.053607
[Epoch 277/500]	Epsilon:0.2234	#Expl.:225/1000	#Buy:369	#Sell:624	#Hold:7	#Stocks:  0.027873	PV:   7376.10	POS:0	NEG:999	Loss:  0.058355
[Epoch 278/500]	Epsilon:0.2224	#Expl.:195/1000	#Buy:422	#Sell:570	#Hold:8	#Stocks:  0.014555	PV:   8259.51	POS:0	NEG:999	Loss:  0.062378
[Epoch 279/500]	Epsilon:0.2214	#Expl.:219/1000	#Buy:322	#Sell:671	#Hold:7	#Stocks:  0.082272	PV:   9592.18	POS:0	NEG:1000	Loss:  0.054814
[Epoch 280/500]	Epsilon:0.2204	#Expl.:232/1000	#Buy:316	#Sell:673	#Hold:11	#Stocks:  0.000000	PV:   9722.63	POS:0	NEG:1000	Loss:  0.054309
[Epoch 281/500]	Epsilon:0.2194	#Expl.:236/1000	#Buy:298	#Sell:700	#Hold:2	#Stocks:  0.000000	PV:   8468.73	POS:0	NEG:1000	Loss:  0.052837
[Epoch 282/500]	Epsilon:0.2184	#Expl.:244/1000	#Buy:323	#Sell:667	#Hold:10	#Stocks:  0.000000	PV:   8057.82	POS:0	NEG:1000	Loss:  0.054754
[Epoch 283/500]	Epsilon:0.2174	#Expl.:205/1000	#Buy:258	#Sell:737	#Hold:5	#Stocks:  1.121718	PV:   9775.63	POS:1	NEG:998	Loss:  0.049626
[Epoch 284/500]	Epsilon:0.2164	#Expl.:212/1000	#Buy:358	#Sell:642	#Hold:0	#Stocks:  0.186085	PV:   8018.51	POS:0	NEG:999	Loss:  0.057649
[Epoch 285/500]	Epsilon:0.2154	#Expl.:207/1000	#Buy:306	#Sell:687	#Hold:7	#Stocks:  0.012855	PV:   8113.23	POS:0	NEG:1000	Loss:  0.053276
[Epoch 286/500]	Epsilon:0.2144	#Expl.:206/1000	#Buy:310	#Sell:680	#Hold:10	#Stocks:  0.009888	PV:   8087.41	POS:0	NEG:1000	Loss:  0.053588
[Epoch 287/500]	Epsilon:0.2134	#Expl.:231/1000	#Buy:315	#Sell:677	#Hold:8	#Stocks:  0.036072	PV:   8330.86	POS:0	NEG:1000	Loss:  0.054000
[Epoch 288/500]	Epsilon:0.2124	#Expl.:240/1000	#Buy:378	#Sell:617	#Hold:5	#Stocks:  0.045919	PV:   7520.97	POS:0	NEG:999	Loss:  0.059307
[Epoch 289/500]	Epsilon:0.2114	#Expl.:226/1000	#Buy:295	#Sell:701	#Hold:4	#Stocks:  0.609376	PV:   9162.24	POS:0	NEG:1000	Loss:  0.052336
[Epoch 290/500]	Epsilon:0.2104	#Expl.:215/1000	#Buy:325	#Sell:667	#Hold:8	#Stocks:  0.806560	PV:   8303.89	POS:0	NEG:1000	Loss:  0.054858
[Epoch 291/500]	Epsilon:0.2094	#Expl.:205/1000	#Buy:367	#Sell:624	#Hold:9	#Stocks:  0.021930	PV:   8186.48	POS:0	NEG:1000	Loss:  0.058404
[Epoch 292/500]	Epsilon:0.2084	#Expl.:222/1000	#Buy:309	#Sell:683	#Hold:8	#Stocks:  0.006969	PV:   8158.29	POS:0	NEG:1000	Loss:  0.053521
[Epoch 293/500]	Epsilon:0.2074	#Expl.:202/1000	#Buy:340	#Sell:652	#Hold:8	#Stocks:  0.059184	PV:   8176.10	POS:0	NEG:1000	Loss:  0.056126
[Epoch 294/500]	Epsilon:0.2064	#Expl.:205/1000	#Buy:349	#Sell:646	#Hold:5	#Stocks:  0.004820	PV:   8738.45	POS:0	NEG:1000	Loss:  0.056871
[Epoch 295/500]	Epsilon:0.2054	#Expl.:227/1000	#Buy:315	#Sell:683	#Hold:2	#Stocks:  0.829060	PV:   7985.57	POS:0	NEG:999	Loss:  0.054008
[Epoch 296/500]	Epsilon:0.2044	#Expl.:218/1000	#Buy:348	#Sell:652	#Hold:0	#Stocks:  0.038707	PV:   8715.26	POS:0	NEG:1000	Loss:  0.056790
[Epoch 297/500]	Epsilon:0.2034	#Expl.:184/1000	#Buy:369	#Sell:623	#Hold:8	#Stocks:  0.486908	PV:   8068.63	POS:0	NEG:1000	Loss:  0.058496
[Epoch 298/500]	Epsilon:0.2024	#Expl.:207/1000	#Buy:368	#Sell:627	#Hold:5	#Stocks:  0.000000	PV:   9683.09	POS:1	NEG:998	Loss:  0.058640
[Epoch 299/500]	Epsilon:0.2014	#Expl.:215/1000	#Buy:290	#Sell:701	#Hold:9	#Stocks:  0.002024	PV:   8737.92	POS:0	NEG:1000	Loss:  0.052053
[Epoch 300/500]	Epsilon:0.2004	#Expl.:206/1000	#Buy:371	#Sell:625	#Hold:4	#Stocks:  1.925831	PV:   8401.00	POS:0	NEG:999	Loss:  0.058690
[Epoch 301/500]	Epsilon:0.1994	#Expl.:205/1000	#Buy:347	#Sell:645	#Hold:8	#Stocks:  0.063787	PV:   8288.75	POS:1	NEG:998	Loss:  0.056963
[Epoch 302/500]	Epsilon:0.1984	#Expl.:187/1000	#Buy:304	#Sell:687	#Hold:9	#Stocks:  0.079675	PV:   8903.99	POS:0	NEG:1000	Loss:  0.053191
[Epoch 303/500]	Epsilon:0.1974	#Expl.:206/1000	#Buy:342	#Sell:654	#Hold:4	#Stocks:  0.211917	PV:   8241.73	POS:0	NEG:1000	Loss:  0.056273
[Epoch 304/500]	Epsilon:0.1964	#Expl.:196/1000	#Buy:332	#Sell:655	#Hold:13	#Stocks:  0.000016	PV:   8539.10	POS:0	NEG:1000	Loss:  0.055455
[Epoch 305/500]	Epsilon:0.1954	#Expl.:211/1000	#Buy:274	#Sell:718	#Hold:8	#Stocks:  0.002210	PV:   8110.47	POS:0	NEG:999	Loss:  0.050586
[Epoch 306/500]	Epsilon:0.1944	#Expl.:196/1000	#Buy:320	#Sell:672	#Hold:8	#Stocks:  0.000000	PV:   9978.82	POS:0	NEG:1000	Loss:  0.054428
[Epoch 307/500]	Epsilon:0.1934	#Expl.:201/1000	#Buy:278	#Sell:722	#Hold:0	#Stocks:  0.042694	PV:   7706.77	POS:0	NEG:999	Loss:  0.050714
[Epoch 308/500]	Epsilon:0.1924	#Expl.:191/1000	#Buy:351	#Sell:645	#Hold:4	#Stocks:  0.002501	PV:   8187.93	POS:0	NEG:999	Loss:  0.057094
[Epoch 309/500]	Epsilon:0.1914	#Expl.:202/1000	#Buy:329	#Sell:669	#Hold:2	#Stocks:  0.269499	PV:   7503.23	POS:0	NEG:999	Loss:  0.055156
[Epoch 310/500]	Epsilon:0.1904	#Expl.:200/1000	#Buy:295	#Sell:700	#Hold:5	#Stocks:  0.069998	PV:   6817.66	POS:0	NEG:999	Loss:  0.052253
[Epoch 311/500]	Epsilon:0.1894	#Expl.:182/1000	#Buy:270	#Sell:719	#Hold:11	#Stocks:  0.000000	PV:   8057.98	POS:0	NEG:1000	Loss:  0.049927
[Epoch 312/500]	Epsilon:0.1884	#Expl.:206/1000	#Buy:264	#Sell:728	#Hold:8	#Stocks:  0.000000	PV:   8931.53	POS:0	NEG:999	Loss:  0.049263
[Epoch 313/500]	Epsilon:0.1874	#Expl.:202/1000	#Buy:315	#Sell:684	#Hold:1	#Stocks:  0.000000	PV:   7362.43	POS:0	NEG:999	Loss:  0.053917
[Epoch 314/500]	Epsilon:0.1864	#Expl.:162/1000	#Buy:285	#Sell:714	#Hold:1	#Stocks:  0.922979	PV:   7934.10	POS:0	NEG:999	Loss:  0.051139
[Epoch 315/500]	Epsilon:0.1854	#Expl.:208/1000	#Buy:272	#Sell:718	#Hold:10	#Stocks:  0.000364	PV:   8783.77	POS:0	NEG:1000	Loss:  0.049840
[Epoch 316/500]	Epsilon:0.1844	#Expl.:192/1000	#Buy:306	#Sell:690	#Hold:4	#Stocks:  0.000000	PV:   9226.58	POS:0	NEG:1000	Loss:  0.053107
[Epoch 317/500]	Epsilon:0.1834	#Expl.:164/1000	#Buy:305	#Sell:687	#Hold:8	#Stocks:  0.000000	PV:  11391.25	POS:1	NEG:999	Loss:  0.053352
[Epoch 318/500]	Epsilon:0.1824	#Expl.:200/1000	#Buy:294	#Sell:701	#Hold:5	#Stocks:  0.830835	PV:   7798.25	POS:0	NEG:999	Loss:  0.052004
[Epoch 319/500]	Epsilon:0.1814	#Expl.:187/1000	#Buy:228	#Sell:765	#Hold:7	#Stocks:  0.453035	PV:   8231.44	POS:0	NEG:1000	Loss:  0.045345
[Epoch 320/500]	Epsilon:0.1804	#Expl.:186/1000	#Buy:319	#Sell:677	#Hold:4	#Stocks:  0.000000	PV:   7820.86	POS:0	NEG:999	Loss:  0.054485
[Epoch 321/500]	Epsilon:0.1794	#Expl.:192/1000	#Buy:288	#Sell:683	#Hold:29	#Stocks:  0.000000	PV:   6914.00	POS:0	NEG:999	Loss:  0.051238
[Epoch 322/500]	Epsilon:0.1784	#Expl.:193/1000	#Buy:348	#Sell:647	#Hold:5	#Stocks:  0.018132	PV:   8531.54	POS:0	NEG:1000	Loss:  0.057282
[Epoch 323/500]	Epsilon:0.1774	#Expl.:168/1000	#Buy:269	#Sell:727	#Hold:4	#Stocks:  0.085818	PV:   8308.78	POS:0	NEG:1000	Loss:  0.049443
[Epoch 324/500]	Epsilon:0.1764	#Expl.:159/1000	#Buy:277	#Sell:715	#Hold:8	#Stocks:  0.000068	PV:   7705.08	POS:0	NEG:999	Loss:  0.050121
[Epoch 325/500]	Epsilon:0.1754	#Expl.:186/1000	#Buy:289	#Sell:707	#Hold:4	#Stocks:  0.681148	PV:   8329.70	POS:1	NEG:998	Loss:  0.051642
[Epoch 326/500]	Epsilon:0.1743	#Expl.:168/1000	#Buy:287	#Sell:704	#Hold:9	#Stocks:  0.000000	PV:   9278.66	POS:0	NEG:1000	Loss:  0.051191
[Epoch 327/500]	Epsilon:0.1733	#Expl.:184/1000	#Buy:274	#Sell:708	#Hold:18	#Stocks:  0.858507	PV:   7279.09	POS:0	NEG:999	Loss:  0.049808
[Epoch 328/500]	Epsilon:0.1723	#Expl.:158/1000	#Buy:270	#Sell:722	#Hold:8	#Stocks:  0.064892	PV:   8016.35	POS:0	NEG:1000	Loss:  0.049412
[Epoch 329/500]	Epsilon:0.1713	#Expl.:172/1000	#Buy:314	#Sell:669	#Hold:17	#Stocks:  0.000000	PV:   8449.35	POS:0	NEG:1000	Loss:  0.053978
[Epoch 330/500]	Epsilon:0.1703	#Expl.:169/1000	#Buy:212	#Sell:766	#Hold:22	#Stocks:  0.000000	PV:   9136.64	POS:0	NEG:1000	Loss:  0.043270
[Epoch 331/500]	Epsilon:0.1693	#Expl.:181/1000	#Buy:279	#Sell:717	#Hold:4	#Stocks:  0.212034	PV:  10035.75	POS:0	NEG:1000	Loss:  0.050318
[Epoch 332/500]	Epsilon:0.1683	#Expl.:161/1000	#Buy:254	#Sell:738	#Hold:8	#Stocks:  0.000001	PV:   8813.80	POS:0	NEG:1000	Loss:  0.047599
[Epoch 333/500]	Epsilon:0.1673	#Expl.:174/1000	#Buy:331	#Sell:663	#Hold:6	#Stocks:  0.000000	PV:   9265.66	POS:0	NEG:1000	Loss:  0.055922
[Epoch 334/500]	Epsilon:0.1663	#Expl.:173/1000	#Buy:350	#Sell:642	#Hold:8	#Stocks:  0.000000	PV:   8487.46	POS:0	NEG:1000	Loss:  0.057756
[Epoch 335/500]	Epsilon:0.1653	#Expl.:162/1000	#Buy:284	#Sell:699	#Hold:17	#Stocks:  0.000005	PV:   9310.07	POS:0	NEG:1000	Loss:  0.050867
[Epoch 336/500]	Epsilon:0.1643	#Expl.:171/1000	#Buy:235	#Sell:751	#Hold:14	#Stocks:  0.000002	PV:  10224.53	POS:0	NEG:1000	Loss:  0.045711
[Epoch 337/500]	Epsilon:0.1633	#Expl.:186/1000	#Buy:221	#Sell:748	#Hold:31	#Stocks:  0.165253	PV:   8613.96	POS:0	NEG:999	Loss:  0.044054
[Epoch 338/500]	Epsilon:0.1623	#Expl.:160/1000	#Buy:321	#Sell:674	#Hold:5	#Stocks:  0.000107	PV:   8115.64	POS:0	NEG:1000	Loss:  0.054876
[Epoch 339/500]	Epsilon:0.1613	#Expl.:155/1000	#Buy:312	#Sell:682	#Hold:6	#Stocks:  0.000000	PV:   9732.07	POS:0	NEG:1000	Loss:  0.053836
[Epoch 340/500]	Epsilon:0.1603	#Expl.:172/1000	#Buy:294	#Sell:678	#Hold:28	#Stocks:  0.000203	PV:   8263.35	POS:0	NEG:1000	Loss:  0.051905
[Epoch 341/500]	Epsilon:0.1593	#Expl.:165/1000	#Buy:363	#Sell:630	#Hold:7	#Stocks:  0.270534	PV:   7999.83	POS:0	NEG:999	Loss:  0.059072
[Epoch 342/500]	Epsilon:0.1583	#Expl.:144/1000	#Buy:299	#Sell:693	#Hold:8	#Stocks:  0.026257	PV:   8578.54	POS:0	NEG:1000	Loss:  0.052408
[Epoch 343/500]	Epsilon:0.1573	#Expl.:178/1000	#Buy:338	#Sell:654	#Hold:8	#Stocks:  0.000000	PV:   8746.43	POS:0	NEG:1000	Loss:  0.056316
[Epoch 344/500]	Epsilon:0.1563	#Expl.:158/1000	#Buy:343	#Sell:652	#Hold:5	#Stocks:  1.085995	PV:   7665.02	POS:0	NEG:999	Loss:  0.056779
[Epoch 345/500]	Epsilon:0.1553	#Expl.:155/1000	#Buy:273	#Sell:718	#Hold:9	#Stocks:  0.428591	PV:   9999.26	POS:0	NEG:1000	Loss:  0.049871
[Epoch 346/500]	Epsilon:0.1543	#Expl.:170/1000	#Buy:340	#Sell:650	#Hold:10	#Stocks:  0.000481	PV:   9856.33	POS:0	NEG:1000	Loss:  0.056422
[Epoch 347/500]	Epsilon:0.1533	#Expl.:152/1000	#Buy:269	#Sell:729	#Hold:2	#Stocks:  0.473972	PV:  10031.04	POS:0	NEG:1000	Loss:  0.049482
[Epoch 348/500]	Epsilon:0.1523	#Expl.:150/1000	#Buy:332	#Sell:663	#Hold:5	#Stocks:  0.000128	PV:   8523.60	POS:0	NEG:1000	Loss:  0.055652
[Epoch 349/500]	Epsilon:0.1513	#Expl.:151/1000	#Buy:319	#Sell:663	#Hold:18	#Stocks:  0.850276	PV:   9081.40	POS:1	NEG:998	Loss:  0.054643
[Epoch 350/500]	Epsilon:0.1503	#Expl.:129/1000	#Buy:445	#Sell:544	#Hold:11	#Stocks:  0.000426	PV:   9755.54	POS:1	NEG:998	Loss:  0.066345
[Epoch 351/500]	Epsilon:0.1493	#Expl.:149/1000	#Buy:493	#Sell:507	#Hold:0	#Stocks:  1.491507	PV:   9028.37	POS:0	NEG:1000	Loss:  0.069047
[Epoch 352/500]	Epsilon:0.1483	#Expl.:152/1000	#Buy:560	#Sell:411	#Hold:29	#Stocks:  0.141413	PV:   7834.25	POS:0	NEG:999	Loss:  0.072479
[Epoch 353/500]	Epsilon:0.1473	#Expl.:152/1000	#Buy:597	#Sell:399	#Hold:4	#Stocks:  1.343545	PV:   7997.87	POS:0	NEG:999	Loss:  0.072485
[Epoch 354/500]	Epsilon:0.1463	#Expl.:136/1000	#Buy:496	#Sell:498	#Hold:6	#Stocks:  0.242317	PV:   8707.18	POS:2	NEG:996	Loss:  0.065746
[Epoch 355/500]	Epsilon:0.1453	#Expl.:138/1000	#Buy:512	#Sell:480	#Hold:8	#Stocks:  0.232187	PV:  10311.94	POS:0	NEG:1000	Loss:  0.065531
[Epoch 356/500]	Epsilon:0.1443	#Expl.:159/1000	#Buy:407	#Sell:585	#Hold:8	#Stocks:  1.024400	PV:   8350.01	POS:0	NEG:1000	Loss:  0.060480
[Epoch 357/500]	Epsilon:0.1433	#Expl.:145/1000	#Buy:376	#Sell:618	#Hold:6	#Stocks:  0.337535	PV:  11063.55	POS:0	NEG:1000	Loss:  0.059000
[Epoch 358/500]	Epsilon:0.1423	#Expl.:163/1000	#Buy:425	#Sell:569	#Hold:6	#Stocks:  0.000095	PV:   8681.41	POS:0	NEG:1000	Loss:  0.061265
[Epoch 359/500]	Epsilon:0.1413	#Expl.:150/1000	#Buy:523	#Sell:473	#Hold:4	#Stocks:  0.002505	PV:   9757.21	POS:0	NEG:1000	Loss:  0.065486
[Epoch 360/500]	Epsilon:0.1403	#Expl.:144/1000	#Buy:430	#Sell:564	#Hold:6	#Stocks:  0.030639	PV:  10140.59	POS:1	NEG:998	Loss:  0.061744
[Epoch 361/500]	Epsilon:0.1393	#Expl.:145/1000	#Buy:384	#Sell:608	#Hold:8	#Stocks:  0.985857	PV:   7492.68	POS:0	NEG:999	Loss:  0.059507
[Epoch 362/500]	Epsilon:0.1383	#Expl.:147/1000	#Buy:464	#Sell:528	#Hold:8	#Stocks:  0.444194	PV:   9580.23	POS:0	NEG:1000	Loss:  0.062750
[Epoch 363/500]	Epsilon:0.1373	#Expl.:142/1000	#Buy:491	#Sell:501	#Hold:8	#Stocks:  0.702913	PV:   7116.79	POS:0	NEG:999	Loss:  0.063584
[Epoch 364/500]	Epsilon:0.1363	#Expl.:135/1000	#Buy:447	#Sell:552	#Hold:1	#Stocks:  1.173075	PV:  11653.62	POS:1	NEG:999	Loss:  0.062136
[Epoch 365/500]	Epsilon:0.1353	#Expl.:144/1000	#Buy:518	#Sell:474	#Hold:8	#Stocks:  1.390166	PV:  10141.57	POS:0	NEG:1000	Loss:  0.064196
[Epoch 366/500]	Epsilon:0.1343	#Expl.:127/1000	#Buy:386	#Sell:607	#Hold:7	#Stocks:  0.650473	PV:   9200.24	POS:0	NEG:1000	Loss:  0.059903
[Epoch 367/500]	Epsilon:0.1333	#Expl.:144/1000	#Buy:421	#Sell:579	#Hold:0	#Stocks:  0.498330	PV:   9580.70	POS:0	NEG:1000	Loss:  0.060990
[Epoch 368/500]	Epsilon:0.1323	#Expl.:149/1000	#Buy:537	#Sell:462	#Hold:1	#Stocks:  1.625220	PV:   9563.67	POS:1	NEG:998	Loss:  0.064973
[Epoch 369/500]	Epsilon:0.1313	#Expl.:137/1000	#Buy:453	#Sell:542	#Hold:5	#Stocks:  0.459891	PV:   8479.94	POS:0	NEG:999	Loss:  0.062015
[Epoch 370/500]	Epsilon:0.1303	#Expl.:138/1000	#Buy:348	#Sell:643	#Hold:9	#Stocks:  0.021757	PV:   9414.60	POS:1	NEG:998	Loss:  0.059034
[Epoch 371/500]	Epsilon:0.1293	#Expl.:133/1000	#Buy:380	#Sell:591	#Hold:29	#Stocks:  1.175091	PV:   9533.22	POS:1	NEG:998	Loss:  0.059856
[Epoch 372/500]	Epsilon:0.1283	#Expl.:126/1000	#Buy:417	#Sell:578	#Hold:5	#Stocks:  0.115246	PV:   9844.20	POS:0	NEG:1000	Loss:  0.060802
[Epoch 373/500]	Epsilon:0.1273	#Expl.:119/1000	#Buy:407	#Sell:530	#Hold:63	#Stocks:  0.025901	PV:   8650.03	POS:1	NEG:998	Loss:  0.060689
[Epoch 374/500]	Epsilon:0.1263	#Expl.:121/1000	#Buy:275	#Sell:690	#Hold:35	#Stocks:  0.031922	PV:   8559.88	POS:1	NEG:998	Loss:  0.055009
[Epoch 375/500]	Epsilon:0.1253	#Expl.:121/1000	#Buy:274	#Sell:685	#Hold:41	#Stocks:  0.962967	PV:   7148.10	POS:0	NEG:999	Loss:  0.053637
[Epoch 376/500]	Epsilon:0.1242	#Expl.:123/1000	#Buy:402	#Sell:593	#Hold:5	#Stocks:  0.000006	PV:   9219.53	POS:1	NEG:998	Loss:  0.060293
[Epoch 377/500]	Epsilon:0.1232	#Expl.:132/1000	#Buy:170	#Sell:737	#Hold:93	#Stocks:  0.120129	PV:   7986.20	POS:0	NEG:999	Loss:  0.046266
[Epoch 378/500]	Epsilon:0.1222	#Expl.:118/1000	#Buy:313	#Sell:677	#Hold:10	#Stocks:  0.240797	PV:   7157.01	POS:0	NEG:999	Loss:  0.054474
[Epoch 379/500]	Epsilon:0.1212	#Expl.:138/1000	#Buy:460	#Sell:535	#Hold:5	#Stocks:  1.143091	PV:   8172.88	POS:0	NEG:999	Loss:  0.064253
[Epoch 380/500]	Epsilon:0.1202	#Expl.:129/1000	#Buy:428	#Sell:566	#Hold:6	#Stocks:  0.493518	PV:   8731.39	POS:1	NEG:998	Loss:  0.062032
[Epoch 381/500]	Epsilon:0.1192	#Expl.:125/1000	#Buy:389	#Sell:603	#Hold:8	#Stocks:  0.000000	PV:   8404.26	POS:0	NEG:999	Loss:  0.059400
[Epoch 382/500]	Epsilon:0.1182	#Expl.:143/1000	#Buy:328	#Sell:664	#Hold:8	#Stocks:  1.060675	PV:   8203.48	POS:0	NEG:999	Loss:  0.055713
[Epoch 383/500]	Epsilon:0.1172	#Expl.:133/1000	#Buy:453	#Sell:527	#Hold:20	#Stocks:  0.000007	PV:   8513.41	POS:1	NEG:998	Loss:  0.063710
[Epoch 384/500]	Epsilon:0.1162	#Expl.:120/1000	#Buy:329	#Sell:616	#Hold:55	#Stocks:  1.416921	PV:   8366.82	POS:0	NEG:999	Loss:  0.055806
[Epoch 385/500]	Epsilon:0.1152	#Expl.:112/1000	#Buy:288	#Sell:706	#Hold:6	#Stocks:  0.000183	PV:   7486.18	POS:0	NEG:999	Loss:  0.053016
[Epoch 386/500]	Epsilon:0.1142	#Expl.:115/1000	#Buy:427	#Sell:569	#Hold:4	#Stocks:  0.281988	PV:   8011.34	POS:0	NEG:999	Loss:  0.061938
[Epoch 387/500]	Epsilon:0.1132	#Expl.:111/1000	#Buy:404	#Sell:594	#Hold:2	#Stocks:  0.000000	PV:   8183.96	POS:0	NEG:999	Loss:  0.060369
[Epoch 388/500]	Epsilon:0.1122	#Expl.:115/1000	#Buy:436	#Sell:528	#Hold:36	#Stocks:  1.297468	PV:   9098.72	POS:1	NEG:998	Loss:  0.062448
[Epoch 389/500]	Epsilon:0.1112	#Expl.:121/1000	#Buy:471	#Sell:517	#Hold:12	#Stocks:  1.181245	PV:   8938.19	POS:0	NEG:1000	Loss:  0.063992
[Epoch 390/500]	Epsilon:0.1102	#Expl.:112/1000	#Buy:410	#Sell:588	#Hold:2	#Stocks:  0.663602	PV:   7517.70	POS:0	NEG:999	Loss:  0.060558
[Epoch 391/500]	Epsilon:0.1092	#Expl.:103/1000	#Buy:399	#Sell:504	#Hold:97	#Stocks:  0.678794	PV:   8676.02	POS:0	NEG:999	Loss:  0.059932
[Epoch 392/500]	Epsilon:0.1082	#Expl.:112/1000	#Buy:567	#Sell:431	#Hold:2	#Stocks:  0.005865	PV:   6918.72	POS:0	NEG:999	Loss:  0.067988
[Epoch 393/500]	Epsilon:0.1072	#Expl.:95/1000	#Buy:529	#Sell:466	#Hold:5	#Stocks:  2.364671	PV:  11654.01	POS:1	NEG:999	Loss:  0.065453
[Epoch 394/500]	Epsilon:0.1062	#Expl.:118/1000	#Buy:606	#Sell:387	#Hold:7	#Stocks:  1.004070	PV:   7277.20	POS:0	NEG:999	Loss:  0.066949
[Epoch 395/500]	Epsilon:0.1052	#Expl.:107/1000	#Buy:388	#Sell:564	#Hold:48	#Stocks:  1.429610	PV:   8211.61	POS:0	NEG:999	Loss:  0.060109
[Epoch 396/500]	Epsilon:0.1042	#Expl.:96/1000	#Buy:658	#Sell:342	#Hold:0	#Stocks:  2.126589	PV:   9165.62	POS:0	NEG:999	Loss:  0.066953
[Epoch 397/500]	Epsilon:0.1032	#Expl.:99/1000	#Buy:387	#Sell:607	#Hold:6	#Stocks:  0.000000	PV:   7523.63	POS:0	NEG:999	Loss:  0.060669
[Epoch 398/500]	Epsilon:0.1022	#Expl.:116/1000	#Buy:346	#Sell:623	#Hold:31	#Stocks:  0.000000	PV:   8360.70	POS:0	NEG:999	Loss:  0.059256
[Epoch 399/500]	Epsilon:0.1012	#Expl.:101/1000	#Buy:75	#Sell:768	#Hold:157	#Stocks:  0.000000	PV:   8114.84	POS:0	NEG:1000	Loss:  0.047301
[Epoch 400/500]	Epsilon:0.1002	#Expl.:115/1000	#Buy:94	#Sell:797	#Hold:109	#Stocks:  0.000000	PV:   8141.80	POS:0	NEG:1000	Loss:  0.042227
[Epoch 401/500]	Epsilon:0.0992	#Expl.:94/1000	#Buy:67	#Sell:793	#Hold:140	#Stocks:  0.005174	PV:   9248.67	POS:0	NEG:1000	Loss:  0.035565
[Epoch 402/500]	Epsilon:0.0982	#Expl.:121/1000	#Buy:125	#Sell:806	#Hold:69	#Stocks:  0.003909	PV:   8917.88	POS:0	NEG:1000	Loss:  0.037027
[Epoch 403/500]	Epsilon:0.0972	#Expl.:93/1000	#Buy:63	#Sell:796	#Hold:141	#Stocks:  0.000000	PV:   9357.03	POS:0	NEG:1000	Loss:  0.028451
[Epoch 404/500]	Epsilon:0.0962	#Expl.:102/1000	#Buy:68	#Sell:858	#Hold:74	#Stocks:  0.000000	PV:   9632.41	POS:0	NEG:1000	Loss:  0.026360
[Epoch 405/500]	Epsilon:0.0952	#Expl.:106/1000	#Buy:75	#Sell:720	#Hold:205	#Stocks:  0.000000	PV:   8965.15	POS:0	NEG:1000	Loss:  0.025322
[Epoch 406/500]	Epsilon:0.0942	#Expl.:95/1000	#Buy:76	#Sell:806	#Hold:118	#Stocks:  0.000000	PV:   9518.64	POS:0	NEG:1000	Loss:  0.024083
[Epoch 407/500]	Epsilon:0.0932	#Expl.:83/1000	#Buy:89	#Sell:789	#Hold:122	#Stocks:  0.000000	PV:   8342.21	POS:0	NEG:1000	Loss:  0.024928
[Epoch 408/500]	Epsilon:0.0922	#Expl.:94/1000	#Buy:83	#Sell:700	#Hold:217	#Stocks:  0.000000	PV:  10227.59	POS:0	NEG:1000	Loss:  0.023362
[Epoch 409/500]	Epsilon:0.0912	#Expl.:88/1000	#Buy:85	#Sell:698	#Hold:217	#Stocks:  2.028729	PV:   8744.07	POS:0	NEG:1000	Loss:  0.023102
[Epoch 410/500]	Epsilon:0.0902	#Expl.:102/1000	#Buy:63	#Sell:887	#Hold:50	#Stocks:  0.000000	PV:   9119.64	POS:0	NEG:1000	Loss:  0.019127
[Epoch 411/500]	Epsilon:0.0892	#Expl.:91/1000	#Buy:110	#Sell:739	#Hold:151	#Stocks:  0.001455	PV:  10286.23	POS:0	NEG:1000	Loss:  0.026330
[Epoch 412/500]	Epsilon:0.0882	#Expl.:98/1000	#Buy:119	#Sell:725	#Hold:156	#Stocks:  0.000550	PV:   9988.88	POS:0	NEG:1000	Loss:  0.027642
[Epoch 413/500]	Epsilon:0.0872	#Expl.:89/1000	#Buy:134	#Sell:814	#Hold:52	#Stocks:  0.000000	PV:   7991.12	POS:0	NEG:999	Loss:  0.030058
[Epoch 414/500]	Epsilon:0.0862	#Expl.:92/1000	#Buy:69	#Sell:777	#Hold:154	#Stocks:  0.000000	PV:   9545.37	POS:0	NEG:1000	Loss:  0.019057
[Epoch 415/500]	Epsilon:0.0852	#Expl.:100/1000	#Buy:74	#Sell:806	#Hold:120	#Stocks:  0.000000	PV:   9641.14	POS:0	NEG:1000	Loss:  0.019597
[Epoch 416/500]	Epsilon:0.0842	#Expl.:79/1000	#Buy:61	#Sell:800	#Hold:139	#Stocks:  0.000000	PV:   8274.14	POS:0	NEG:1000	Loss:  0.017083
[Epoch 417/500]	Epsilon:0.0832	#Expl.:92/1000	#Buy:100	#Sell:799	#Hold:101	#Stocks:  0.000000	PV:   8783.21	POS:0	NEG:1000	Loss:  0.023743
[Epoch 418/500]	Epsilon:0.0822	#Expl.:88/1000	#Buy:88	#Sell:755	#Hold:157	#Stocks:  0.000000	PV:   9350.57	POS:0	NEG:1000	Loss:  0.021521
[Epoch 419/500]	Epsilon:0.0812	#Expl.:70/1000	#Buy:119	#Sell:795	#Hold:86	#Stocks:  0.000000	PV:   8551.49	POS:0	NEG:1000	Loss:  0.026938
[Epoch 420/500]	Epsilon:0.0802	#Expl.:86/1000	#Buy:72	#Sell:765	#Hold:163	#Stocks:  0.000000	PV:   9456.57	POS:0	NEG:1000	Loss:  0.018491
[Epoch 421/500]	Epsilon:0.0792	#Expl.:70/1000	#Buy:92	#Sell:645	#Hold:263	#Stocks:  0.000000	PV:  10300.94	POS:0	NEG:1000	Loss:  0.021966
[Epoch 422/500]	Epsilon:0.0782	#Expl.:84/1000	#Buy:152	#Sell:744	#Hold:104	#Stocks:  0.000000	PV:   9774.73	POS:0	NEG:1000	Loss:  0.032687
[Epoch 423/500]	Epsilon:0.0772	#Expl.:60/1000	#Buy:108	#Sell:734	#Hold:158	#Stocks:  0.000000	PV:   8111.55	POS:0	NEG:999	Loss:  0.024898
[Epoch 424/500]	Epsilon:0.0762	#Expl.:84/1000	#Buy:83	#Sell:858	#Hold:59	#Stocks:  0.000246	PV:   9776.12	POS:0	NEG:1000	Loss:  0.020222
[Epoch 425/500]	Epsilon:0.0752	#Expl.:81/1000	#Buy:121	#Sell:865	#Hold:14	#Stocks:  0.000000	PV:   9378.47	POS:0	NEG:1000	Loss:  0.027002
[Epoch 426/500]	Epsilon:0.0741	#Expl.:73/1000	#Buy:81	#Sell:886	#Hold:33	#Stocks:  1.516907	PV:   9648.22	POS:0	NEG:1000	Loss:  0.019746
[Epoch 427/500]	Epsilon:0.0731	#Expl.:72/1000	#Buy:91	#Sell:682	#Hold:227	#Stocks:  1.313244	PV:   9254.88	POS:0	NEG:1000	Loss:  0.021488
[Epoch 428/500]	Epsilon:0.0721	#Expl.:77/1000	#Buy:88	#Sell:664	#Hold:248	#Stocks:  0.020248	PV:   7918.82	POS:0	NEG:999	Loss:  0.020955
[Epoch 429/500]	Epsilon:0.0711	#Expl.:66/1000	#Buy:223	#Sell:687	#Hold:90	#Stocks:  0.000000	PV:   7841.20	POS:0	NEG:999	Loss:  0.045326
[Epoch 430/500]	Epsilon:0.0701	#Expl.:71/1000	#Buy:256	#Sell:744	#Hold:0	#Stocks:  0.705400	PV:   6938.93	POS:0	NEG:999	Loss:  0.050206
[Epoch 431/500]	Epsilon:0.0691	#Expl.:67/1000	#Buy:470	#Sell:469	#Hold:61	#Stocks:  1.766277	PV:   7612.67	POS:0	NEG:999	Loss:  0.083606
[Epoch 432/500]	Epsilon:0.0681	#Expl.:62/1000	#Buy:442	#Sell:545	#Hold:13	#Stocks:  0.868084	PV:   7687.84	POS:0	NEG:999	Loss:  0.075352
[Epoch 433/500]	Epsilon:0.0671	#Expl.:65/1000	#Buy:464	#Sell:536	#Hold:0	#Stocks:  0.628545	PV:   7150.78	POS:0	NEG:999	Loss:  0.075852
[Epoch 434/500]	Epsilon:0.0661	#Expl.:72/1000	#Buy:354	#Sell:640	#Hold:6	#Stocks:  0.000000	PV:   8008.71	POS:0	NEG:999	Loss:  0.060472
[Epoch 435/500]	Epsilon:0.0651	#Expl.:60/1000	#Buy:317	#Sell:630	#Hold:53	#Stocks:  0.004884	PV:   8520.67	POS:0	NEG:1000	Loss:  0.055693
[Epoch 436/500]	Epsilon:0.0641	#Expl.:56/1000	#Buy:529	#Sell:471	#Hold:0	#Stocks:  0.000002	PV:   8794.36	POS:0	NEG:1000	Loss:  0.079961
[Epoch 437/500]	Epsilon:0.0631	#Expl.:66/1000	#Buy:422	#Sell:515	#Hold:63	#Stocks:  0.000000	PV:   7808.05	POS:0	NEG:999	Loss:  0.066598
[Epoch 438/500]	Epsilon:0.0621	#Expl.:71/1000	#Buy:408	#Sell:590	#Hold:2	#Stocks:  0.000163	PV:   6915.88	POS:0	NEG:999	Loss:  0.064585
[Epoch 439/500]	Epsilon:0.0611	#Expl.:66/1000	#Buy:515	#Sell:479	#Hold:6	#Stocks:  1.701048	PV:   7354.89	POS:0	NEG:999	Loss:  0.074138
[Epoch 440/500]	Epsilon:0.0601	#Expl.:60/1000	#Buy:465	#Sell:535	#Hold:0	#Stocks:  1.217740	PV:   8646.51	POS:0	NEG:1000	Loss:  0.068340
[Epoch 441/500]	Epsilon:0.0591	#Expl.:72/1000	#Buy:357	#Sell:590	#Hold:53	#Stocks:  0.000000	PV:   7970.73	POS:0	NEG:999	Loss:  0.058530
[Epoch 442/500]	Epsilon:0.0581	#Expl.:60/1000	#Buy:341	#Sell:488	#Hold:171	#Stocks:  1.934403	PV:   8446.65	POS:0	NEG:1000	Loss:  0.057029
[Epoch 443/500]	Epsilon:0.0571	#Expl.:47/1000	#Buy:354	#Sell:638	#Hold:8	#Stocks:  0.000000	PV:   7902.04	POS:0	NEG:999	Loss:  0.058078
[Epoch 444/500]	Epsilon:0.0561	#Expl.:52/1000	#Buy:281	#Sell:552	#Hold:167	#Stocks:  0.000032	PV:   7543.87	POS:0	NEG:999	Loss:  0.051523
[Epoch 445/500]	Epsilon:0.0551	#Expl.:46/1000	#Buy:249	#Sell:751	#Hold:0	#Stocks:  0.000000	PV:   8730.77	POS:0	NEG:1000	Loss:  0.048192
[Epoch 446/500]	Epsilon:0.0541	#Expl.:52/1000	#Buy:322	#Sell:677	#Hold:1	#Stocks:  0.000056	PV:   8548.96	POS:0	NEG:1000	Loss:  0.054862
[Epoch 447/500]	Epsilon:0.0531	#Expl.:60/1000	#Buy:484	#Sell:491	#Hold:25	#Stocks:  0.000000	PV:   8395.40	POS:0	NEG:999	Loss:  0.069545
[Epoch 448/500]	Epsilon:0.0521	#Expl.:64/1000	#Buy:340	#Sell:651	#Hold:9	#Stocks:  0.000060	PV:   8641.45	POS:0	NEG:1000	Loss:  0.056409
[Epoch 449/500]	Epsilon:0.0511	#Expl.:48/1000	#Buy:271	#Sell:726	#Hold:3	#Stocks:  0.028798	PV:   6828.07	POS:0	NEG:999	Loss:  0.050436
[Epoch 450/500]	Epsilon:0.0501	#Expl.:49/1000	#Buy:345	#Sell:624	#Hold:31	#Stocks:  0.000000	PV:   7715.12	POS:0	NEG:999	Loss:  0.056781
[Epoch 451/500]	Epsilon:0.0491	#Expl.:56/1000	#Buy:233	#Sell:692	#Hold:75	#Stocks:  0.000000	PV:   7582.86	POS:0	NEG:999	Loss:  0.046420
[Epoch 452/500]	Epsilon:0.0481	#Expl.:46/1000	#Buy:281	#Sell:641	#Hold:78	#Stocks:  0.000000	PV:   7551.90	POS:0	NEG:999	Loss:  0.050732
[Epoch 453/500]	Epsilon:0.0471	#Expl.:44/1000	#Buy:457	#Sell:525	#Hold:18	#Stocks:  2.009550	PV:   8661.18	POS:0	NEG:1000	Loss:  0.067208
[Epoch 454/500]	Epsilon:0.0461	#Expl.:48/1000	#Buy:427	#Sell:567	#Hold:6	#Stocks:  1.540576	PV:   8126.50	POS:0	NEG:1000	Loss:  0.063759
[Epoch 455/500]	Epsilon:0.0451	#Expl.:37/1000	#Buy:328	#Sell:635	#Hold:37	#Stocks:  0.000008	PV:   8127.30	POS:0	NEG:999	Loss:  0.055128
[Epoch 456/500]	Epsilon:0.0441	#Expl.:48/1000	#Buy:266	#Sell:729	#Hold:5	#Stocks:  0.414427	PV:   7405.75	POS:0	NEG:999	Loss:  0.049818
[Epoch 457/500]	Epsilon:0.0431	#Expl.:48/1000	#Buy:390	#Sell:610	#Hold:0	#Stocks:  0.000000	PV:   9291.94	POS:0	NEG:1000	Loss:  0.060543
[Epoch 458/500]	Epsilon:0.0421	#Expl.:37/1000	#Buy:320	#Sell:680	#Hold:0	#Stocks:  0.000662	PV:   8899.63	POS:0	NEG:999	Loss:  0.054398
[Epoch 459/500]	Epsilon:0.0411	#Expl.:42/1000	#Buy:451	#Sell:549	#Hold:0	#Stocks:  0.927156	PV:  10544.06	POS:0	NEG:1000	Loss:  0.065377
[Epoch 460/500]	Epsilon:0.0401	#Expl.:37/1000	#Buy:346	#Sell:654	#Hold:0	#Stocks:  0.383087	PV:   8425.16	POS:0	NEG:999	Loss:  0.056771
[Epoch 461/500]	Epsilon:0.0391	#Expl.:40/1000	#Buy:453	#Sell:547	#Hold:0	#Stocks:  0.340611	PV:   8579.03	POS:0	NEG:999	Loss:  0.064821
[Epoch 462/500]	Epsilon:0.0381	#Expl.:37/1000	#Buy:572	#Sell:428	#Hold:0	#Stocks:  1.571165	PV:   8629.81	POS:0	NEG:999	Loss:  0.072279
[Epoch 463/500]	Epsilon:0.0371	#Expl.:35/1000	#Buy:444	#Sell:554	#Hold:2	#Stocks:  0.719754	PV:   7916.89	POS:0	NEG:999	Loss:  0.062909
[Epoch 464/500]	Epsilon:0.0361	#Expl.:24/1000	#Buy:281	#Sell:719	#Hold:0	#Stocks:  0.551203	PV:   8671.20	POS:0	NEG:1000	Loss:  0.052874
[Epoch 465/500]	Epsilon:0.0351	#Expl.:33/1000	#Buy:372	#Sell:628	#Hold:0	#Stocks:  0.399848	PV:   7702.47	POS:0	NEG:999	Loss:  0.058441
[Epoch 466/500]	Epsilon:0.0341	#Expl.:48/1000	#Buy:305	#Sell:695	#Hold:0	#Stocks:  0.337810	PV:   8736.34	POS:0	NEG:999	Loss:  0.053956
[Epoch 467/500]	Epsilon:0.0331	#Expl.:29/1000	#Buy:461	#Sell:399	#Hold:140	#Stocks:  1.402290	PV:   6156.48	POS:0	NEG:998	Loss:  0.064357
[Epoch 468/500]	Epsilon:0.0321	#Expl.:29/1000	#Buy:536	#Sell:464	#Hold:0	#Stocks:  0.906956	PV:  10175.50	POS:0	NEG:1000	Loss:  0.068193
[Epoch 469/500]	Epsilon:0.0311	#Expl.:32/1000	#Buy:334	#Sell:627	#Hold:39	#Stocks:  0.001184	PV:   8099.54	POS:0	NEG:999	Loss:  0.056332
[Epoch 470/500]	Epsilon:0.0301	#Expl.:35/1000	#Buy:495	#Sell:505	#Hold:0	#Stocks:  0.795059	PV:   9980.83	POS:1	NEG:998	Loss:  0.065651
[Epoch 471/500]	Epsilon:0.0291	#Expl.:20/1000	#Buy:337	#Sell:620	#Hold:43	#Stocks:  0.237716	PV:   8538.85	POS:0	NEG:1000	Loss:  0.056655
[Epoch 472/500]	Epsilon:0.0281	#Expl.:31/1000	#Buy:375	#Sell:625	#Hold:0	#Stocks:  0.002915	PV:   9001.67	POS:0	NEG:1000	Loss:  0.058662
[Epoch 473/500]	Epsilon:0.0271	#Expl.:32/1000	#Buy:312	#Sell:688	#Hold:0	#Stocks:  0.001523	PV:   7945.52	POS:0	NEG:999	Loss:  0.054888
[Epoch 474/500]	Epsilon:0.0261	#Expl.:19/1000	#Buy:267	#Sell:732	#Hold:1	#Stocks:  1.966220	PV:   8500.67	POS:0	NEG:1000	Loss:  0.051695
[Epoch 475/500]	Epsilon:0.0251	#Expl.:25/1000	#Buy:466	#Sell:534	#Hold:0	#Stocks:  1.930432	PV:   9383.34	POS:0	NEG:1000	Loss:  0.064426
[Epoch 476/500]	Epsilon:0.0240	#Expl.:26/1000	#Buy:477	#Sell:523	#Hold:0	#Stocks:  0.001249	PV:  10414.78	POS:0	NEG:1000	Loss:  0.064592
[Epoch 477/500]	Epsilon:0.0230	#Expl.:17/1000	#Buy:330	#Sell:670	#Hold:0	#Stocks:  0.041536	PV:   9525.28	POS:1	NEG:998	Loss:  0.056267
[Epoch 478/500]	Epsilon:0.0220	#Expl.:20/1000	#Buy:184	#Sell:816	#Hold:0	#Stocks:  0.000000	PV:   8059.71	POS:0	NEG:999	Loss:  0.046222
[Epoch 479/500]	Epsilon:0.0210	#Expl.:13/1000	#Buy:333	#Sell:667	#Hold:0	#Stocks:  0.609520	PV:   6936.23	POS:0	NEG:999	Loss:  0.055650
[Epoch 480/500]	Epsilon:0.0200	#Expl.:24/1000	#Buy:346	#Sell:654	#Hold:0	#Stocks:  0.313312	PV:   9258.97	POS:0	NEG:1000	Loss:  0.056597
[Epoch 481/500]	Epsilon:0.0190	#Expl.:20/1000	#Buy:421	#Sell:579	#Hold:0	#Stocks:  0.461397	PV:   7784.10	POS:0	NEG:999	Loss:  0.062173
[Epoch 482/500]	Epsilon:0.0180	#Expl.:12/1000	#Buy:407	#Sell:593	#Hold:0	#Stocks:  0.572561	PV:   6918.47	POS:0	NEG:999	Loss:  0.060807
[Epoch 483/500]	Epsilon:0.0170	#Expl.:15/1000	#Buy:397	#Sell:603	#Hold:0	#Stocks:  0.000010	PV:   8061.57	POS:0	NEG:999	Loss:  0.060000
[Epoch 484/500]	Epsilon:0.0160	#Expl.:17/1000	#Buy:339	#Sell:661	#Hold:0	#Stocks:  0.644981	PV:  10175.57	POS:0	NEG:1000	Loss:  0.056254
[Epoch 485/500]	Epsilon:0.0150	#Expl.:15/1000	#Buy:354	#Sell:646	#Hold:0	#Stocks:  0.000000	PV:   7494.08	POS:0	NEG:999	Loss:  0.057373
[Epoch 486/500]	Epsilon:0.0140	#Expl.:5/1000	#Buy:536	#Sell:464	#Hold:0	#Stocks:  0.697380	PV:   9857.19	POS:0	NEG:1000	Loss:  0.068602
[Epoch 487/500]	Epsilon:0.0130	#Expl.:8/1000	#Buy:428	#Sell:566	#Hold:6	#Stocks:  0.000000	PV:   9193.22	POS:0	NEG:999	Loss:  0.061617
[Epoch 488/500]	Epsilon:0.0120	#Expl.:11/1000	#Buy:329	#Sell:669	#Hold:2	#Stocks:  0.479741	PV:   6241.82	POS:0	NEG:998	Loss:  0.056123
[Epoch 489/500]	Epsilon:0.0110	#Expl.:12/1000	#Buy:310	#Sell:689	#Hold:1	#Stocks:  0.754564	PV:   9325.69	POS:0	NEG:1000	Loss:  0.054672
[Epoch 490/500]	Epsilon:0.0100	#Expl.:14/1000	#Buy:409	#Sell:526	#Hold:65	#Stocks:  0.728712	PV:   8463.99	POS:1	NEG:998	Loss:  0.060867
[Epoch 491/500]	Epsilon:0.0090	#Expl.:8/1000	#Buy:472	#Sell:525	#Hold:3	#Stocks:  0.226638	PV:   8731.79	POS:0	NEG:999	Loss:  0.064376
[Epoch 492/500]	Epsilon:0.0080	#Expl.:19/1000	#Buy:396	#Sell:604	#Hold:0	#Stocks:  0.739186	PV:   8419.80	POS:1	NEG:998	Loss:  0.059989
[Epoch 493/500]	Epsilon:0.0070	#Expl.:10/1000	#Buy:374	#Sell:626	#Hold:0	#Stocks:  0.002930	PV:   8599.37	POS:0	NEG:999	Loss:  0.058799
[Epoch 494/500]	Epsilon:0.0060	#Expl.:6/1000	#Buy:421	#Sell:579	#Hold:0	#Stocks:  0.763350	PV:   8174.26	POS:0	NEG:999	Loss:  0.061251
[Epoch 495/500]	Epsilon:0.0050	#Expl.:5/1000	#Buy:445	#Sell:555	#Hold:0	#Stocks:  0.739437	PV:   8301.29	POS:0	NEG:999	Loss:  0.062472
[Epoch 496/500]	Epsilon:0.0040	#Expl.:5/1000	#Buy:347	#Sell:616	#Hold:37	#Stocks:  0.575523	PV:   7708.30	POS:0	NEG:999	Loss:  0.057306
[Epoch 497/500]	Epsilon:0.0030	#Expl.:3/1000	#Buy:455	#Sell:545	#Hold:0	#Stocks:  0.484380	PV:   6623.81	POS:0	NEG:999	Loss:  0.062950
[Epoch 498/500]	Epsilon:0.0020	#Expl.:2/1000	#Buy:371	#Sell:629	#Hold:0	#Stocks:  0.816142	PV:   8147.53	POS:0	NEG:999	Loss:  0.058610
[Epoch 499/500]	Epsilon:0.0010	#Expl.:4/1000	#Buy:583	#Sell:416	#Hold:1	#Stocks:  0.800914	PV:   9011.39	POS:0	NEG:1000	Loss:  0.068698
[Epoch 500/500]	Epsilon:0.0000	#Expl.:0/1000	#Buy:216	#Sell:784	#Hold:0	#Stocks:  0.000000	PV:   8623.24	POS:0	NEG:999	Loss:  0.051231
Max PV: 11654.01485622176, 	 # Win: 21
