LR: 0.1, DF: 0, DRT: 0.25
findfont: Matching :family=sans-serif:style=normal:variant=normal:weight=normal:stretch=normal:size=10.0 to DejaVu Sans ('/usr/local/lib/python3.5/dist-packages/matplotlib/mpl-data/fonts/ttf/DejaVuSans.ttf') with score of 0.050000
findfont: Matching :family=sans-serif:style=normal:variant=normal:weight=normal:stretch=normal:size=12.0 to DejaVu Sans ('/usr/local/lib/python3.5/dist-packages/matplotlib/mpl-data/fonts/ttf/DejaVuSans.ttf') with score of 0.050000
[Epoch 001/100]	Epsilon:0.5000	#Expl.:2129/4299	#Buy:1005	#Sell:1590	#Hold:1704	#Stocks:  0.000000	PV:   1685.74	POS:0	NEG:4294	Loss:  0.052934
[Epoch 002/100]	Epsilon:0.4949	#Expl.:2178/4299	#Buy:1071	#Sell:1457	#Hold:1771	#Stocks:  0.000000	PV:   1599.59	POS:0	NEG:4293	Loss:  0.049143
[Epoch 003/100]	Epsilon:0.4899	#Expl.:2082/4299	#Buy:1266	#Sell:1557	#Hold:1476	#Stocks:  0.000000	PV:   2408.76	POS:1	NEG:4293	Loss:  0.047877
[Epoch 004/100]	Epsilon:0.4848	#Expl.:2059/4299	#Buy:1148	#Sell:1449	#Hold:1702	#Stocks:  0.090326	PV:   2311.69	POS:0	NEG:4295	Loss:  0.048803
[Epoch 005/100]	Epsilon:0.4798	#Expl.:2033/4299	#Buy:1390	#Sell:1359	#Hold:1550	#Stocks:  0.000003	PV:   2644.13	POS:0	NEG:4295	Loss:  0.049814
[Epoch 006/100]	Epsilon:0.4747	#Expl.:2058/4299	#Buy:2203	#Sell:1123	#Hold:973	#Stocks:  0.280371	PV:   1791.59	POS:1	NEG:4292	Loss:  0.049070
[Epoch 007/100]	Epsilon:0.4697	#Expl.:2002/4299	#Buy:2674	#Sell:890	#Hold:735	#Stocks:  0.275319	PV:   1759.31	POS:2	NEG:4290	Loss:  0.044544
[Epoch 008/100]	Epsilon:0.4646	#Expl.:2026/4299	#Buy:2694	#Sell:886	#Hold:719	#Stocks:  0.234046	PV:   1495.57	POS:1	NEG:4291	Loss:  0.044615
[Epoch 009/100]	Epsilon:0.4596	#Expl.:1977/4299	#Buy:2200	#Sell:1309	#Hold:790	#Stocks:  0.249190	PV:   1597.71	POS:1	NEG:4291	Loss:  0.049322
[Epoch 010/100]	Epsilon:0.4545	#Expl.:1953/4299	#Buy:2464	#Sell:941	#Hold:894	#Stocks:  0.254685	PV:   1836.09	POS:0	NEG:4294	Loss:  0.047650
[Epoch 011/100]	Epsilon:0.4495	#Expl.:1952/4299	#Buy:2157	#Sell:1018	#Hold:1124	#Stocks:  0.370424	PV:   2907.69	POS:0	NEG:4295	Loss:  0.051304
[Epoch 012/100]	Epsilon:0.4444	#Expl.:1964/4299	#Buy:1994	#Sell:1227	#Hold:1078	#Stocks:  0.207072	PV:   2327.23	POS:2	NEG:4291	Loss:  0.052849
[Epoch 013/100]	Epsilon:0.4394	#Expl.:1880/4299	#Buy:1586	#Sell:1714	#Hold:999	#Stocks:  0.338293	PV:   2171.57	POS:0	NEG:4294	Loss:  0.052343
[Epoch 014/100]	Epsilon:0.4343	#Expl.:1851/4299	#Buy:1495	#Sell:1513	#Hold:1291	#Stocks:  0.245187	PV:   1754.18	POS:1	NEG:4292	Loss:  0.053836
[Epoch 015/100]	Epsilon:0.4293	#Expl.:1880/4299	#Buy:1603	#Sell:1569	#Hold:1127	#Stocks:  0.000687	PV:   2994.02	POS:1	NEG:4293	Loss:  0.052473
[Epoch 016/100]	Epsilon:0.4242	#Expl.:1829/4299	#Buy:1579	#Sell:1637	#Hold:1083	#Stocks:  0.377448	PV:   2415.31	POS:1	NEG:4293	Loss:  0.052449
[Epoch 017/100]	Epsilon:0.4192	#Expl.:1784/4299	#Buy:1778	#Sell:1427	#Hold:1094	#Stocks:  0.222845	PV:   1423.99	POS:0	NEG:4293	Loss:  0.052740
[Epoch 018/100]	Epsilon:0.4141	#Expl.:1810/4299	#Buy:1471	#Sell:1773	#Hold:1055	#Stocks:  0.424490	PV:   2712.56	POS:0	NEG:4295	Loss:  0.051820
[Epoch 019/100]	Epsilon:0.4091	#Expl.:1777/4299	#Buy:1443	#Sell:1866	#Hold:990	#Stocks:  0.191660	PV:   2038.04	POS:0	NEG:4294	Loss:  0.050878
[Epoch 020/100]	Epsilon:0.4040	#Expl.:1729/4299	#Buy:1617	#Sell:1756	#Hold:926	#Stocks:  0.446448	PV:   2852.83	POS:0	NEG:4295	Loss:  0.051306
[Epoch 021/100]	Epsilon:0.3990	#Expl.:1734/4299	#Buy:1570	#Sell:1593	#Hold:1136	#Stocks:  0.198492	PV:   2625.19	POS:0	NEG:4295	Loss:  0.053892
[Epoch 022/100]	Epsilon:0.3939	#Expl.:1732/4299	#Buy:1312	#Sell:1564	#Hold:1423	#Stocks:  0.464849	PV:   4702.30	POS:1	NEG:4295	Loss:  0.054457
[Epoch 023/100]	Epsilon:0.3889	#Expl.:1691/4299	#Buy:1912	#Sell:1128	#Hold:1259	#Stocks:  0.402481	PV:   2571.88	POS:0	NEG:4295	Loss:  0.052146
[Epoch 024/100]	Epsilon:0.3838	#Expl.:1644/4299	#Buy:1690	#Sell:1100	#Hold:1509	#Stocks:  0.224355	PV:   2657.85	POS:1	NEG:4293	Loss:  0.053308
[Epoch 025/100]	Epsilon:0.3788	#Expl.:1582/4299	#Buy:1657	#Sell:1474	#Hold:1168	#Stocks:  0.494635	PV:   3161.27	POS:0	NEG:4295	Loss:  0.053932
[Epoch 026/100]	Epsilon:0.3737	#Expl.:1627/4299	#Buy:2067	#Sell:1409	#Hold:823	#Stocks:  0.121467	PV:   2104.99	POS:0	NEG:4294	Loss:  0.050568
[Epoch 027/100]	Epsilon:0.3687	#Expl.:1556/4299	#Buy:2157	#Sell:958	#Hold:1184	#Stocks:  0.315756	PV:   2017.70	POS:1	NEG:4292	Loss:  0.050337
[Epoch 028/100]	Epsilon:0.3636	#Expl.:1545/4299	#Buy:937	#Sell:1308	#Hold:2054	#Stocks:  0.000000	PV:   3348.33	POS:0	NEG:4296	Loss:  0.051159
[Epoch 029/100]	Epsilon:0.3586	#Expl.:1533/4299	#Buy:1083	#Sell:1351	#Hold:1865	#Stocks:  0.247312	PV:   2301.47	POS:1	NEG:4293	Loss:  0.052454
[Epoch 030/100]	Epsilon:0.3535	#Expl.:1513/4299	#Buy:1498	#Sell:1156	#Hold:1645	#Stocks:  0.163990	PV:   1047.91	POS:0	NEG:4292	Loss:  0.054462
[Epoch 031/100]	Epsilon:0.3485	#Expl.:1512/4299	#Buy:1241	#Sell:1314	#Hold:1744	#Stocks:  0.200671	PV:   2179.04	POS:0	NEG:4294	Loss:  0.053121
[Epoch 032/100]	Epsilon:0.3434	#Expl.:1483/4299	#Buy:1900	#Sell:1113	#Hold:1286	#Stocks:  0.000000	PV:   1880.95	POS:1	NEG:4292	Loss:  0.050963
[Epoch 033/100]	Epsilon:0.3384	#Expl.:1451/4299	#Buy:2339	#Sell:953	#Hold:1007	#Stocks:  0.360631	PV:   2304.46	POS:0	NEG:4294	Loss:  0.046442
[Epoch 034/100]	Epsilon:0.3333	#Expl.:1420/4299	#Buy:1200	#Sell:1285	#Hold:1814	#Stocks:  0.000000	PV:   2279.11	POS:0	NEG:4294	Loss:  0.045921
[Epoch 035/100]	Epsilon:0.3283	#Expl.:1395/4299	#Buy:1203	#Sell:1235	#Hold:1861	#Stocks:  0.236632	PV:   3615.20	POS:0	NEG:4296	Loss:  0.042618
[Epoch 036/100]	Epsilon:0.3232	#Expl.:1377/4299	#Buy:1989	#Sell:1045	#Hold:1265	#Stocks:  0.170647	PV:   2343.86	POS:0	NEG:4294	Loss:  0.042697
[Epoch 037/100]	Epsilon:0.3182	#Expl.:1384/4299	#Buy:1050	#Sell:853	#Hold:2396	#Stocks:  0.279259	PV:   4252.69	POS:0	NEG:4296	Loss:  0.050769
[Epoch 038/100]	Epsilon:0.3131	#Expl.:1351/4299	#Buy:1312	#Sell:787	#Hold:2200	#Stocks:  0.109154	PV:   2057.36	POS:0	NEG:4294	Loss:  0.049761
[Epoch 039/100]	Epsilon:0.3081	#Expl.:1293/4299	#Buy:1431	#Sell:1617	#Hold:1251	#Stocks:  0.000000	PV:   2051.51	POS:0	NEG:4294	Loss:  0.048489
[Epoch 040/100]	Epsilon:0.3030	#Expl.:1326/4299	#Buy:909	#Sell:1292	#Hold:2098	#Stocks:  0.195028	PV:   3981.20	POS:0	NEG:4296	Loss:  0.042949
[Epoch 041/100]	Epsilon:0.2980	#Expl.:1295/4299	#Buy:2322	#Sell:509	#Hold:1468	#Stocks:  0.294957	PV:   1884.80	POS:0	NEG:4294	Loss:  0.039831
[Epoch 042/100]	Epsilon:0.2929	#Expl.:1294/4299	#Buy:798	#Sell:621	#Hold:2880	#Stocks:  1.325362	PV:   8469.16	POS:2	NEG:4295	Loss:  0.039612
[Epoch 043/100]	Epsilon:0.2879	#Expl.:1284/4299	#Buy:1155	#Sell:556	#Hold:2588	#Stocks:  0.638451	PV:   4079.75	POS:0	NEG:4296	Loss:  0.039423
[Epoch 044/100]	Epsilon:0.2828	#Expl.:1250/4299	#Buy:972	#Sell:645	#Hold:2682	#Stocks:  0.000000	PV:   3712.46	POS:0	NEG:4296	Loss:  0.041643
[Epoch 045/100]	Epsilon:0.2778	#Expl.:1185/4299	#Buy:661	#Sell:745	#Hold:2893	#Stocks:  0.095450	PV:   2634.94	POS:0	NEG:4295	Loss:  0.041188
[Epoch 046/100]	Epsilon:0.2727	#Expl.:1182/4299	#Buy:543	#Sell:800	#Hold:2956	#Stocks:  0.347446	PV:   4158.57	POS:0	NEG:4296	Loss:  0.038388
[Epoch 047/100]	Epsilon:0.2677	#Expl.:1160/4299	#Buy:481	#Sell:910	#Hold:2908	#Stocks:  1.107444	PV:   7076.64	POS:1	NEG:4296	Loss:  0.036478
[Epoch 048/100]	Epsilon:0.2626	#Expl.:1073/4299	#Buy:456	#Sell:682	#Hold:3161	#Stocks:  0.530787	PV:   6082.17	POS:0	NEG:4298	Loss:  0.034027
[Epoch 049/100]	Epsilon:0.2576	#Expl.:1104/4299	#Buy:508	#Sell:1070	#Hold:2721	#Stocks:  0.000045	PV:   4411.41	POS:0	NEG:4297	Loss:  0.041413
[Epoch 050/100]	Epsilon:0.2525	#Expl.:1053/4299	#Buy:372	#Sell:1068	#Hold:2859	#Stocks:  0.000000	PV:   5023.16	POS:0	NEG:4297	Loss:  0.031539
[Epoch 051/100]	Epsilon:0.2475	#Expl.:1066/4299	#Buy:1954	#Sell:900	#Hold:1445	#Stocks:  0.573075	PV:   3661.99	POS:1	NEG:4294	Loss:  0.036681
[Epoch 052/100]	Epsilon:0.2424	#Expl.:1098/4299	#Buy:3053	#Sell:660	#Hold:586	#Stocks:  0.410635	PV:   2623.98	POS:1	NEG:4293	Loss:  0.036383
[Epoch 053/100]	Epsilon:0.2374	#Expl.:998/4299	#Buy:814	#Sell:1397	#Hold:2088	#Stocks:  0.000000	PV:   4715.39	POS:1	NEG:4295	Loss:  0.034947
[Epoch 054/100]	Epsilon:0.2323	#Expl.:1002/4299	#Buy:1837	#Sell:1141	#Hold:1321	#Stocks:  0.160438	PV:   4106.07	POS:0	NEG:4296	Loss:  0.035151
[Epoch 055/100]	Epsilon:0.2273	#Expl.:1010/4299	#Buy:353	#Sell:1112	#Hold:2834	#Stocks:  0.000000	PV:   6226.97	POS:0	NEG:4298	Loss:  0.028022
[Epoch 056/100]	Epsilon:0.2222	#Expl.:984/4299	#Buy:346	#Sell:830	#Hold:3123	#Stocks:  0.000000	PV:   5232.67	POS:0	NEG:4297	Loss:  0.023342
[Epoch 057/100]	Epsilon:0.2172	#Expl.:910/4299	#Buy:301	#Sell:566	#Hold:3432	#Stocks:  0.000000	PV:   7442.47	POS:0	NEG:4298	Loss:  0.022001
[Epoch 058/100]	Epsilon:0.2121	#Expl.:951/4299	#Buy:346	#Sell:708	#Hold:3245	#Stocks:  0.000000	PV:   6019.49	POS:0	NEG:4298	Loss:  0.023182
[Epoch 059/100]	Epsilon:0.2071	#Expl.:889/4299	#Buy:299	#Sell:458	#Hold:3542	#Stocks:  0.000000	PV:   7924.04	POS:0	NEG:4299	Loss:  0.021439
[Epoch 060/100]	Epsilon:0.2020	#Expl.:848/4299	#Buy:294	#Sell:437	#Hold:3568	#Stocks:  0.000000	PV:   8690.69	POS:0	NEG:4299	Loss:  0.021205
[Epoch 061/100]	Epsilon:0.1970	#Expl.:837/4299	#Buy:270	#Sell:449	#Hold:3580	#Stocks:  0.000000	PV:   6745.42	POS:0	NEG:4298	Loss:  0.020234
[Epoch 062/100]	Epsilon:0.1919	#Expl.:813/4299	#Buy:259	#Sell:448	#Hold:3592	#Stocks:  0.000000	PV:   6610.83	POS:0	NEG:4298	Loss:  0.018869
[Epoch 063/100]	Epsilon:0.1869	#Expl.:772/4299	#Buy:251	#Sell:441	#Hold:3607	#Stocks:  0.000000	PV:   6717.51	POS:0	NEG:4298	Loss:  0.018605
[Epoch 064/100]	Epsilon:0.1818	#Expl.:817/4299	#Buy:261	#Sell:771	#Hold:3267	#Stocks:  0.000000	PV:   6664.99	POS:0	NEG:4298	Loss:  0.019799
[Epoch 065/100]	Epsilon:0.1768	#Expl.:797/4299	#Buy:265	#Sell:615	#Hold:3419	#Stocks:  0.000000	PV:   7470.56	POS:1	NEG:4297	Loss:  0.025441
[Epoch 066/100]	Epsilon:0.1717	#Expl.:741/4299	#Buy:236	#Sell:699	#Hold:3364	#Stocks:  0.000000	PV:   8224.36	POS:0	NEG:4299	Loss:  0.020029
[Epoch 067/100]	Epsilon:0.1667	#Expl.:743/4299	#Buy:282	#Sell:972	#Hold:3045	#Stocks:  0.000000	PV:   6998.66	POS:0	NEG:4298	Loss:  0.019699
[Epoch 068/100]	Epsilon:0.1616	#Expl.:667/4299	#Buy:221	#Sell:562	#Hold:3516	#Stocks:  0.000000	PV:   7532.12	POS:0	NEG:4299	Loss:  0.018912
[Epoch 069/100]	Epsilon:0.1566	#Expl.:619/4299	#Buy:196	#Sell:667	#Hold:3436	#Stocks:  0.000000	PV:   9212.25	POS:0	NEG:4299	Loss:  0.016814
[Epoch 070/100]	Epsilon:0.1515	#Expl.:639/4299	#Buy:241	#Sell:667	#Hold:3391	#Stocks:  0.000000	PV:   7449.74	POS:0	NEG:4298	Loss:  0.018028
[Epoch 071/100]	Epsilon:0.1465	#Expl.:638/4299	#Buy:240	#Sell:667	#Hold:3392	#Stocks:  0.762006	PV:   8805.34	POS:0	NEG:4299	Loss:  0.018109
[Epoch 072/100]	Epsilon:0.1414	#Expl.:616/4299	#Buy:218	#Sell:690	#Hold:3391	#Stocks:  0.000000	PV:   6978.99	POS:0	NEG:4298	Loss:  0.016190
[Epoch 073/100]	Epsilon:0.1364	#Expl.:601/4299	#Buy:218	#Sell:761	#Hold:3320	#Stocks:  0.000000	PV:   6423.59	POS:0	NEG:4298	Loss:  0.016607
[Epoch 074/100]	Epsilon:0.1313	#Expl.:577/4299	#Buy:216	#Sell:763	#Hold:3320	#Stocks:  0.000000	PV:   7381.20	POS:0	NEG:4298	Loss:  0.018896
[Epoch 075/100]	Epsilon:0.1263	#Expl.:553/4299	#Buy:196	#Sell:683	#Hold:3420	#Stocks:  0.000000	PV:   7257.40	POS:0	NEG:4298	Loss:  0.018171
[Epoch 076/100]	Epsilon:0.1212	#Expl.:521/4299	#Buy:199	#Sell:695	#Hold:3405	#Stocks:  0.000000	PV:   7787.19	POS:0	NEG:4299	Loss:  0.017830
[Epoch 077/100]	Epsilon:0.1162	#Expl.:492/4299	#Buy:192	#Sell:608	#Hold:3499	#Stocks:  0.000000	PV:   7823.31	POS:0	NEG:4299	Loss:  0.016035
[Epoch 078/100]	Epsilon:0.1111	#Expl.:507/4299	#Buy:192	#Sell:817	#Hold:3290	#Stocks:  0.000000	PV:   7740.31	POS:0	NEG:4299	Loss:  0.017158
[Epoch 079/100]	Epsilon:0.1061	#Expl.:454/4299	#Buy:168	#Sell:523	#Hold:3608	#Stocks:  0.000000	PV:  10379.29	POS:0	NEG:4299	Loss:  0.015603
[Epoch 080/100]	Epsilon:0.1010	#Expl.:428/4299	#Buy:143	#Sell:629	#Hold:3527	#Stocks:  0.000000	PV:   8575.76	POS:0	NEG:4299	Loss:  0.013481
[Epoch 081/100]	Epsilon:0.0960	#Expl.:405/4299	#Buy:166	#Sell:338	#Hold:3795	#Stocks:  0.000000	PV:   8902.29	POS:0	NEG:4299	Loss:  0.014380
[Epoch 082/100]	Epsilon:0.0909	#Expl.:393/4299	#Buy:192	#Sell:568	#Hold:3539	#Stocks:  0.000000	PV:   9440.75	POS:0	NEG:4299	Loss:  0.016284
[Epoch 083/100]	Epsilon:0.0859	#Expl.:363/4299	#Buy:155	#Sell:535	#Hold:3609	#Stocks:  0.000001	PV:  10111.77	POS:0	NEG:4299	Loss:  0.013696
[Epoch 084/100]	Epsilon:0.0808	#Expl.:360/4299	#Buy:141	#Sell:389	#Hold:3769	#Stocks:  0.000000	PV:   9088.62	POS:0	NEG:4299	Loss:  0.013332
[Epoch 085/100]	Epsilon:0.0758	#Expl.:330/4299	#Buy:156	#Sell:449	#Hold:3694	#Stocks:  0.000000	PV:   8603.91	POS:0	NEG:4299	Loss:  0.013313
[Epoch 086/100]	Epsilon:0.0707	#Expl.:298/4299	#Buy:142	#Sell:320	#Hold:3837	#Stocks:  0.724423	PV:  10153.82	POS:0	NEG:4299	Loss:  0.012735
[Epoch 087/100]	Epsilon:0.0657	#Expl.:310/4299	#Buy:109	#Sell:390	#Hold:3800	#Stocks:  0.000000	PV:   8870.56	POS:0	NEG:4299	Loss:  0.010980
[Epoch 088/100]	Epsilon:0.0606	#Expl.:245/4299	#Buy:90	#Sell:244	#Hold:3965	#Stocks:  0.000000	PV:   8659.01	POS:0	NEG:4299	Loss:  0.010747
[Epoch 089/100]	Epsilon:0.0556	#Expl.:221/4299	#Buy:132	#Sell:294	#Hold:3873	#Stocks:  0.000000	PV:   8677.25	POS:0	NEG:4299	Loss:  0.010237
[Epoch 090/100]	Epsilon:0.0505	#Expl.:208/4299	#Buy:117	#Sell:302	#Hold:3880	#Stocks:  0.000000	PV:   9000.73	POS:0	NEG:4299	Loss:  0.009584
[Epoch 091/100]	Epsilon:0.0455	#Expl.:150/4299	#Buy:111	#Sell:216	#Hold:3972	#Stocks:  0.000000	PV:  10676.58	POS:0	NEG:4299	Loss:  0.009267
[Epoch 092/100]	Epsilon:0.0404	#Expl.:179/4299	#Buy:90	#Sell:194	#Hold:4015	#Stocks:  0.000000	PV:   7671.35	POS:0	NEG:4299	Loss:  0.008725
[Epoch 093/100]	Epsilon:0.0354	#Expl.:161/4299	#Buy:69	#Sell:303	#Hold:3927	#Stocks:  0.000000	PV:   8379.06	POS:0	NEG:4299	Loss:  0.006871
[Epoch 094/100]	Epsilon:0.0303	#Expl.:128/4299	#Buy:65	#Sell:133	#Hold:4101	#Stocks:  0.000000	PV:   8044.49	POS:0	NEG:4299	Loss:  0.006434
[Epoch 095/100]	Epsilon:0.0253	#Expl.:96/4299	#Buy:50	#Sell:199	#Hold:4050	#Stocks:  0.000000	PV:  10259.83	POS:0	NEG:4299	Loss:  0.006896
[Epoch 096/100]	Epsilon:0.0202	#Expl.:94/4299	#Buy:47	#Sell:66	#Hold:4186	#Stocks:  0.000000	PV:   9281.69	POS:0	NEG:4299	Loss:  0.006354
[Epoch 097/100]	Epsilon:0.0152	#Expl.:61/4299	#Buy:56	#Sell:170	#Hold:4073	#Stocks:  0.000000	PV:   8419.00	POS:0	NEG:4299	Loss:  0.004798
[Epoch 098/100]	Epsilon:0.0101	#Expl.:46/4299	#Buy:52	#Sell:122	#Hold:4125	#Stocks:  0.000000	PV:   9839.32	POS:0	NEG:4299	Loss:  0.006548
[Epoch 099/100]	Epsilon:0.0051	#Expl.:21/4299	#Buy:55	#Sell:59	#Hold:4185	#Stocks:  0.000000	PV:   9198.86	POS:0	NEG:4299	Loss:  0.006163
[Epoch 100/100]	Epsilon:0.0000	#Expl.:0/4299	#Buy:50	#Sell:57	#Hold:4192	#Stocks:  0.000000	PV:   8482.40	POS:0	NEG:4299	Loss:  0.005086
Max PV: 10676.577194161584, 	 # Win: 5
