LR: 0.1, DF: 0, DRT: 0.2
findfont: Matching :family=sans-serif:style=normal:variant=normal:weight=normal:stretch=normal:size=10.0 to DejaVu Sans ('/usr/local/lib/python3.5/dist-packages/matplotlib/mpl-data/fonts/ttf/DejaVuSans.ttf') with score of 0.050000
findfont: Matching :family=sans-serif:style=normal:variant=normal:weight=normal:stretch=normal:size=12.0 to DejaVu Sans ('/usr/local/lib/python3.5/dist-packages/matplotlib/mpl-data/fonts/ttf/DejaVuSans.ttf') with score of 0.050000
[Epoch 001/300]	Epsilon:0.5000	#Expl.:482/1000	#Buy:750	#Sell:250	#Hold:0	#Stocks:  1.042776	PV:   6833.01	POS:5	NEG:11	Loss:  0.188164
[Epoch 002/300]	Epsilon:0.4983	#Expl.:476/1000	#Buy:767	#Sell:232	#Hold:1	#Stocks:  0.480180	PV:   6739.44	POS:6	NEG:10	Loss:  0.175904
[Epoch 003/300]	Epsilon:0.4967	#Expl.:474/1000	#Buy:763	#Sell:237	#Hold:0	#Stocks:  1.120739	PV:   7250.42	POS:5	NEG:11	Loss:  0.161650
[Epoch 004/300]	Epsilon:0.4950	#Expl.:516/1000	#Buy:681	#Sell:318	#Hold:1	#Stocks:  1.083824	PV:   7062.15	POS:5	NEG:11	Loss:  0.151916
[Epoch 005/300]	Epsilon:0.4933	#Expl.:515/1000	#Buy:623	#Sell:377	#Hold:0	#Stocks:  0.728997	PV:   6525.99	POS:4	NEG:12	Loss:  0.145994
[Epoch 006/300]	Epsilon:0.4916	#Expl.:507/1000	#Buy:463	#Sell:537	#Hold:0	#Stocks:  0.678887	PV:   7530.76	POS:5	NEG:11	Loss:  0.145583
[Epoch 007/300]	Epsilon:0.4900	#Expl.:480/1000	#Buy:442	#Sell:556	#Hold:2	#Stocks:  1.293241	PV:   8628.40	POS:4	NEG:12	Loss:  0.136337
[Epoch 008/300]	Epsilon:0.4883	#Expl.:485/1000	#Buy:530	#Sell:470	#Hold:0	#Stocks:  0.045108	PV:   6779.60	POS:4	NEG:12	Loss:  0.137403
[Epoch 009/300]	Epsilon:0.4866	#Expl.:495/1000	#Buy:293	#Sell:706	#Hold:1	#Stocks:  1.274002	PV:   8126.82	POS:2	NEG:14	Loss:  0.113960
[Epoch 010/300]	Epsilon:0.4849	#Expl.:513/1000	#Buy:306	#Sell:692	#Hold:2	#Stocks:  0.497311	PV:   7783.03	POS:2	NEG:14	Loss:  0.110059
[Epoch 011/300]	Epsilon:0.4833	#Expl.:484/1000	#Buy:746	#Sell:254	#Hold:0	#Stocks:  0.365134	PV:   6685.30	POS:5	NEG:11	Loss:  0.138133
[Epoch 012/300]	Epsilon:0.4816	#Expl.:477/1000	#Buy:643	#Sell:357	#Hold:0	#Stocks:  1.049974	PV:   6907.78	POS:2	NEG:14	Loss:  0.113414
[Epoch 013/300]	Epsilon:0.4799	#Expl.:474/1000	#Buy:369	#Sell:631	#Hold:0	#Stocks:  1.107727	PV:   8498.26	POS:4	NEG:12	Loss:  0.124660
[Epoch 014/300]	Epsilon:0.4783	#Expl.:466/1000	#Buy:331	#Sell:668	#Hold:1	#Stocks:  0.225621	PV:   7037.95	POS:2	NEG:14	Loss:  0.104001
[Epoch 015/300]	Epsilon:0.4766	#Expl.:460/1000	#Buy:626	#Sell:374	#Hold:0	#Stocks:  1.177811	PV:   7769.92	POS:6	NEG:10	Loss:  0.143588
[Epoch 016/300]	Epsilon:0.4749	#Expl.:472/1000	#Buy:684	#Sell:316	#Hold:0	#Stocks:  0.513858	PV:   6927.78	POS:5	NEG:11	Loss:  0.135128
[Epoch 017/300]	Epsilon:0.4732	#Expl.:486/1000	#Buy:468	#Sell:532	#Hold:0	#Stocks:  0.826441	PV:   7813.35	POS:4	NEG:12	Loss:  0.121890
[Epoch 018/300]	Epsilon:0.4716	#Expl.:486/1000	#Buy:598	#Sell:402	#Hold:0	#Stocks:  0.781927	PV:   5608.12	POS:1	NEG:15	Loss:  0.097834
[Epoch 019/300]	Epsilon:0.4699	#Expl.:484/1000	#Buy:382	#Sell:618	#Hold:0	#Stocks:  1.001018	PV:   7273.29	POS:5	NEG:11	Loss:  0.131265
[Epoch 020/300]	Epsilon:0.4682	#Expl.:496/1000	#Buy:565	#Sell:432	#Hold:3	#Stocks:  0.101900	PV:   7176.66	POS:5	NEG:11	Loss:  0.133559
[Epoch 021/300]	Epsilon:0.4666	#Expl.:458/1000	#Buy:522	#Sell:477	#Hold:1	#Stocks:  0.575152	PV:   6771.76	POS:3	NEG:13	Loss:  0.114127
[Epoch 022/300]	Epsilon:0.4649	#Expl.:451/1000	#Buy:672	#Sell:325	#Hold:3	#Stocks:  0.770400	PV:   6648.13	POS:4	NEG:12	Loss:  0.123273
[Epoch 023/300]	Epsilon:0.4632	#Expl.:450/1000	#Buy:601	#Sell:399	#Hold:0	#Stocks:  0.894928	PV:   6585.38	POS:4	NEG:12	Loss:  0.119569
[Epoch 024/300]	Epsilon:0.4615	#Expl.:438/1000	#Buy:357	#Sell:642	#Hold:1	#Stocks:  0.000184	PV:   8142.22	POS:2	NEG:14	Loss:  0.104352
[Epoch 025/300]	Epsilon:0.4599	#Expl.:467/1000	#Buy:259	#Sell:740	#Hold:1	#Stocks:  0.627878	PV:   7789.25	POS:0	NEG:16	Loss:  0.078167
[Epoch 026/300]	Epsilon:0.4582	#Expl.:453/1000	#Buy:748	#Sell:252	#Hold:0	#Stocks:  1.123203	PV:   7165.37	POS:5	NEG:11	Loss:  0.132036
[Epoch 027/300]	Epsilon:0.4565	#Expl.:469/1000	#Buy:782	#Sell:218	#Hold:0	#Stocks:  0.536216	PV:   6660.04	POS:3	NEG:13	Loss:  0.111725
[Epoch 028/300]	Epsilon:0.4548	#Expl.:451/1000	#Buy:645	#Sell:355	#Hold:0	#Stocks:  1.033961	PV:   7006.62	POS:4	NEG:12	Loss:  0.121186
[Epoch 029/300]	Epsilon:0.4532	#Expl.:442/1000	#Buy:243	#Sell:753	#Hold:4	#Stocks:  0.073558	PV:   7996.14	POS:1	NEG:15	Loss:  0.088444
[Epoch 030/300]	Epsilon:0.4515	#Expl.:444/1000	#Buy:616	#Sell:383	#Hold:1	#Stocks:  1.122562	PV:   7455.97	POS:3	NEG:13	Loss:  0.109759
[Epoch 031/300]	Epsilon:0.4498	#Expl.:444/1000	#Buy:430	#Sell:568	#Hold:2	#Stocks:  0.051798	PV:   6521.82	POS:2	NEG:14	Loss:  0.098596
[Epoch 032/300]	Epsilon:0.4482	#Expl.:439/1000	#Buy:219	#Sell:773	#Hold:8	#Stocks:  0.000001	PV:   7631.21	POS:2	NEG:14	Loss:  0.094737
[Epoch 033/300]	Epsilon:0.4465	#Expl.:467/1000	#Buy:341	#Sell:651	#Hold:8	#Stocks:  0.036325	PV:   7731.79	POS:3	NEG:13	Loss:  0.109361
[Epoch 034/300]	Epsilon:0.4448	#Expl.:439/1000	#Buy:605	#Sell:394	#Hold:1	#Stocks:  1.089369	PV:   7016.80	POS:3	NEG:13	Loss:  0.112154
[Epoch 035/300]	Epsilon:0.4431	#Expl.:433/1000	#Buy:803	#Sell:197	#Hold:0	#Stocks:  1.080408	PV:   7512.08	POS:6	NEG:10	Loss:  0.140952
[Epoch 036/300]	Epsilon:0.4415	#Expl.:439/1000	#Buy:629	#Sell:371	#Hold:0	#Stocks:  1.137751	PV:   7434.74	POS:5	NEG:11	Loss:  0.126597
[Epoch 037/300]	Epsilon:0.4398	#Expl.:430/1000	#Buy:758	#Sell:242	#Hold:0	#Stocks:  0.479041	PV:   6859.41	POS:7	NEG:9	Loss:  0.143539
[Epoch 038/300]	Epsilon:0.4381	#Expl.:444/1000	#Buy:479	#Sell:518	#Hold:3	#Stocks:  0.128876	PV:   6349.44	POS:4	NEG:12	Loss:  0.116217
[Epoch 039/300]	Epsilon:0.4365	#Expl.:430/1000	#Buy:607	#Sell:385	#Hold:8	#Stocks:  1.155802	PV:   7444.89	POS:5	NEG:11	Loss:  0.124321
[Epoch 040/300]	Epsilon:0.4348	#Expl.:395/1000	#Buy:782	#Sell:216	#Hold:2	#Stocks:  1.010519	PV:   7587.40	POS:6	NEG:10	Loss:  0.133468
[Epoch 041/300]	Epsilon:0.4331	#Expl.:414/1000	#Buy:802	#Sell:198	#Hold:0	#Stocks:  1.165560	PV:   7450.69	POS:7	NEG:9	Loss:  0.138547
[Epoch 042/300]	Epsilon:0.4314	#Expl.:429/1000	#Buy:763	#Sell:237	#Hold:0	#Stocks:  0.518925	PV:   6826.86	POS:6	NEG:10	Loss:  0.129840
[Epoch 043/300]	Epsilon:0.4298	#Expl.:400/1000	#Buy:754	#Sell:242	#Hold:4	#Stocks:  0.497501	PV:   7297.14	POS:5	NEG:11	Loss:  0.123110
[Epoch 044/300]	Epsilon:0.4281	#Expl.:438/1000	#Buy:792	#Sell:208	#Hold:0	#Stocks:  0.394642	PV:   6793.83	POS:6	NEG:10	Loss:  0.128135
[Epoch 045/300]	Epsilon:0.4264	#Expl.:422/1000	#Buy:694	#Sell:306	#Hold:0	#Stocks:  0.121378	PV:   7120.44	POS:4	NEG:12	Loss:  0.116396
[Epoch 046/300]	Epsilon:0.4247	#Expl.:437/1000	#Buy:663	#Sell:337	#Hold:0	#Stocks:  0.526870	PV:   6536.67	POS:5	NEG:11	Loss:  0.122969
[Epoch 047/300]	Epsilon:0.4231	#Expl.:443/1000	#Buy:496	#Sell:499	#Hold:5	#Stocks:  0.203156	PV:   7632.02	POS:6	NEG:10	Loss:  0.128246
[Epoch 048/300]	Epsilon:0.4214	#Expl.:412/1000	#Buy:681	#Sell:315	#Hold:4	#Stocks:  0.913416	PV:   6361.51	POS:3	NEG:13	Loss:  0.108021
[Epoch 049/300]	Epsilon:0.4197	#Expl.:410/1000	#Buy:308	#Sell:692	#Hold:0	#Stocks:  0.009825	PV:   7607.25	POS:2	NEG:14	Loss:  0.102449
[Epoch 050/300]	Epsilon:0.4181	#Expl.:421/1000	#Buy:465	#Sell:530	#Hold:5	#Stocks:  1.129357	PV:   8161.77	POS:6	NEG:10	Loss:  0.127352
[Epoch 051/300]	Epsilon:0.4164	#Expl.:413/1000	#Buy:789	#Sell:211	#Hold:0	#Stocks:  0.434892	PV:   7237.70	POS:6	NEG:10	Loss:  0.127935
[Epoch 052/300]	Epsilon:0.4147	#Expl.:443/1000	#Buy:779	#Sell:220	#Hold:1	#Stocks:  0.639959	PV:   6488.31	POS:3	NEG:13	Loss:  0.108420
[Epoch 053/300]	Epsilon:0.4130	#Expl.:422/1000	#Buy:795	#Sell:205	#Hold:0	#Stocks:  0.783736	PV:   6721.83	POS:6	NEG:10	Loss:  0.127565
[Epoch 054/300]	Epsilon:0.4114	#Expl.:381/1000	#Buy:806	#Sell:194	#Hold:0	#Stocks:  0.140644	PV:   7008.30	POS:6	NEG:10	Loss:  0.127186
[Epoch 055/300]	Epsilon:0.4097	#Expl.:399/1000	#Buy:358	#Sell:641	#Hold:1	#Stocks:  0.112536	PV:   7771.11	POS:5	NEG:11	Loss:  0.120292
[Epoch 056/300]	Epsilon:0.4080	#Expl.:407/1000	#Buy:490	#Sell:503	#Hold:7	#Stocks:  0.059739	PV:   6959.51	POS:4	NEG:12	Loss:  0.113447
[Epoch 057/300]	Epsilon:0.4064	#Expl.:399/1000	#Buy:539	#Sell:452	#Hold:9	#Stocks:  1.282935	PV:   8189.00	POS:6	NEG:10	Loss:  0.126093
[Epoch 058/300]	Epsilon:0.4047	#Expl.:406/1000	#Buy:791	#Sell:209	#Hold:0	#Stocks:  1.067569	PV:   6986.18	POS:6	NEG:10	Loss:  0.126524
[Epoch 059/300]	Epsilon:0.4030	#Expl.:389/1000	#Buy:810	#Sell:190	#Hold:0	#Stocks:  0.652486	PV:   7452.07	POS:6	NEG:10	Loss:  0.125956
[Epoch 060/300]	Epsilon:0.4013	#Expl.:396/1000	#Buy:805	#Sell:195	#Hold:0	#Stocks:  0.881217	PV:   6950.35	POS:6	NEG:10	Loss:  0.124660
[Epoch 061/300]	Epsilon:0.3997	#Expl.:416/1000	#Buy:743	#Sell:257	#Hold:0	#Stocks:  0.011153	PV:   7178.47	POS:5	NEG:11	Loss:  0.120009
[Epoch 062/300]	Epsilon:0.3980	#Expl.:391/1000	#Buy:307	#Sell:693	#Hold:0	#Stocks:  0.310385	PV:   8957.98	POS:4	NEG:12	Loss:  0.115712
[Epoch 063/300]	Epsilon:0.3963	#Expl.:401/1000	#Buy:279	#Sell:718	#Hold:3	#Stocks:  0.026625	PV:   8613.95	POS:4	NEG:12	Loss:  0.112148
[Epoch 064/300]	Epsilon:0.3946	#Expl.:397/1000	#Buy:516	#Sell:484	#Hold:0	#Stocks:  0.288043	PV:   7381.21	POS:3	NEG:13	Loss:  0.108198
[Epoch 065/300]	Epsilon:0.3930	#Expl.:373/1000	#Buy:818	#Sell:181	#Hold:1	#Stocks:  1.060881	PV:   6772.17	POS:4	NEG:12	Loss:  0.113174
[Epoch 066/300]	Epsilon:0.3913	#Expl.:389/1000	#Buy:768	#Sell:232	#Hold:0	#Stocks:  0.004521	PV:   7031.31	POS:4	NEG:12	Loss:  0.111849
[Epoch 067/300]	Epsilon:0.3896	#Expl.:405/1000	#Buy:780	#Sell:218	#Hold:2	#Stocks:  0.743090	PV:   6680.13	POS:4	NEG:12	Loss:  0.110876
[Epoch 068/300]	Epsilon:0.3880	#Expl.:385/1000	#Buy:596	#Sell:404	#Hold:0	#Stocks:  0.000076	PV:   6699.01	POS:3	NEG:13	Loss:  0.104349
[Epoch 069/300]	Epsilon:0.3863	#Expl.:375/1000	#Buy:481	#Sell:517	#Hold:2	#Stocks:  0.557495	PV:   7478.99	POS:3	NEG:13	Loss:  0.108578
[Epoch 070/300]	Epsilon:0.3846	#Expl.:359/1000	#Buy:505	#Sell:495	#Hold:0	#Stocks:  0.154700	PV:   7136.26	POS:4	NEG:12	Loss:  0.113189
[Epoch 071/300]	Epsilon:0.3829	#Expl.:380/1000	#Buy:230	#Sell:770	#Hold:0	#Stocks:  0.495310	PV:   7901.87	POS:2	NEG:14	Loss:  0.096147
[Epoch 072/300]	Epsilon:0.3813	#Expl.:355/1000	#Buy:701	#Sell:299	#Hold:0	#Stocks:  1.206666	PV:   8084.97	POS:5	NEG:11	Loss:  0.120253
[Epoch 073/300]	Epsilon:0.3796	#Expl.:373/1000	#Buy:787	#Sell:213	#Hold:0	#Stocks:  0.081157	PV:   6501.75	POS:6	NEG:10	Loss:  0.127175
[Epoch 074/300]	Epsilon:0.3779	#Expl.:383/1000	#Buy:343	#Sell:655	#Hold:2	#Stocks:  0.693232	PV:   8608.58	POS:4	NEG:12	Loss:  0.110778
[Epoch 075/300]	Epsilon:0.3763	#Expl.:360/1000	#Buy:698	#Sell:302	#Hold:0	#Stocks:  1.282276	PV:   8291.10	POS:5	NEG:11	Loss:  0.119186
[Epoch 076/300]	Epsilon:0.3746	#Expl.:348/1000	#Buy:831	#Sell:169	#Hold:0	#Stocks:  0.063173	PV:   6982.87	POS:5	NEG:11	Loss:  0.120656
[Epoch 077/300]	Epsilon:0.3729	#Expl.:363/1000	#Buy:418	#Sell:579	#Hold:3	#Stocks:  0.555447	PV:   7450.34	POS:5	NEG:11	Loss:  0.119062
[Epoch 078/300]	Epsilon:0.3712	#Expl.:375/1000	#Buy:421	#Sell:579	#Hold:0	#Stocks:  0.000000	PV:   7774.43	POS:5	NEG:11	Loss:  0.118689
[Epoch 079/300]	Epsilon:0.3696	#Expl.:394/1000	#Buy:233	#Sell:765	#Hold:2	#Stocks:  0.000803	PV:   8208.25	POS:2	NEG:14	Loss:  0.096214
[Epoch 080/300]	Epsilon:0.3679	#Expl.:388/1000	#Buy:334	#Sell:655	#Hold:11	#Stocks:  0.671539	PV:   8328.83	POS:4	NEG:12	Loss:  0.109775
[Epoch 081/300]	Epsilon:0.3662	#Expl.:373/1000	#Buy:651	#Sell:349	#Hold:0	#Stocks:  0.061937	PV:   7710.29	POS:4	NEG:12	Loss:  0.111546
[Epoch 082/300]	Epsilon:0.3645	#Expl.:354/1000	#Buy:823	#Sell:177	#Hold:0	#Stocks:  0.396649	PV:   7097.41	POS:6	NEG:10	Loss:  0.127810
[Epoch 083/300]	Epsilon:0.3629	#Expl.:356/1000	#Buy:745	#Sell:255	#Hold:0	#Stocks:  0.058802	PV:   6865.49	POS:5	NEG:11	Loss:  0.119764
[Epoch 084/300]	Epsilon:0.3612	#Expl.:339/1000	#Buy:696	#Sell:304	#Hold:0	#Stocks:  0.069910	PV:   8182.59	POS:6	NEG:10	Loss:  0.125785
[Epoch 085/300]	Epsilon:0.3595	#Expl.:335/1000	#Buy:850	#Sell:150	#Hold:0	#Stocks:  1.070136	PV:   6854.71	POS:6	NEG:10	Loss:  0.125004
[Epoch 086/300]	Epsilon:0.3579	#Expl.:376/1000	#Buy:805	#Sell:195	#Hold:0	#Stocks:  1.099698	PV:   7054.06	POS:4	NEG:12	Loss:  0.111092
[Epoch 087/300]	Epsilon:0.3562	#Expl.:382/1000	#Buy:811	#Sell:189	#Hold:0	#Stocks:  1.101483	PV:   7088.22	POS:6	NEG:10	Loss:  0.123689
[Epoch 088/300]	Epsilon:0.3545	#Expl.:355/1000	#Buy:806	#Sell:194	#Hold:0	#Stocks:  0.607792	PV:   6457.46	POS:5	NEG:11	Loss:  0.115710
[Epoch 089/300]	Epsilon:0.3528	#Expl.:347/1000	#Buy:603	#Sell:369	#Hold:28	#Stocks:  0.300792	PV:   7110.35	POS:3	NEG:13	Loss:  0.106031
[Epoch 090/300]	Epsilon:0.3512	#Expl.:374/1000	#Buy:602	#Sell:394	#Hold:4	#Stocks:  0.010761	PV:   7170.40	POS:4	NEG:12	Loss:  0.111174
[Epoch 091/300]	Epsilon:0.3495	#Expl.:366/1000	#Buy:189	#Sell:808	#Hold:3	#Stocks:  0.001785	PV:   8086.14	POS:3	NEG:13	Loss:  0.107970
[Epoch 092/300]	Epsilon:0.3478	#Expl.:383/1000	#Buy:278	#Sell:718	#Hold:4	#Stocks:  0.096697	PV:   7996.90	POS:3	NEG:13	Loss:  0.104215
[Epoch 093/300]	Epsilon:0.3462	#Expl.:368/1000	#Buy:796	#Sell:204	#Hold:0	#Stocks:  0.524515	PV:   6520.04	POS:5	NEG:11	Loss:  0.117703
[Epoch 094/300]	Epsilon:0.3445	#Expl.:367/1000	#Buy:621	#Sell:378	#Hold:1	#Stocks:  1.113559	PV:   7474.73	POS:5	NEG:11	Loss:  0.118377
[Epoch 095/300]	Epsilon:0.3428	#Expl.:358/1000	#Buy:631	#Sell:369	#Hold:0	#Stocks:  1.040958	PV:   7172.73	POS:3	NEG:13	Loss:  0.103439
[Epoch 096/300]	Epsilon:0.3411	#Expl.:334/1000	#Buy:432	#Sell:568	#Hold:0	#Stocks:  0.072321	PV:   6829.50	POS:3	NEG:13	Loss:  0.103762
[Epoch 097/300]	Epsilon:0.3395	#Expl.:339/1000	#Buy:299	#Sell:697	#Hold:4	#Stocks:  0.000000	PV:   6993.54	POS:1	NEG:15	Loss:  0.087529
[Epoch 098/300]	Epsilon:0.3378	#Expl.:328/1000	#Buy:238	#Sell:761	#Hold:1	#Stocks:  0.127493	PV:   8119.73	POS:4	NEG:12	Loss:  0.110480
[Epoch 099/300]	Epsilon:0.3361	#Expl.:360/1000	#Buy:457	#Sell:543	#Hold:0	#Stocks:  0.010032	PV:   7799.22	POS:2	NEG:14	Loss:  0.094102
[Epoch 100/300]	Epsilon:0.3344	#Expl.:313/1000	#Buy:558	#Sell:441	#Hold:1	#Stocks:  1.270994	PV:   8122.07	POS:3	NEG:13	Loss:  0.101807
[Epoch 101/300]	Epsilon:0.3328	#Expl.:323/1000	#Buy:745	#Sell:255	#Hold:0	#Stocks:  0.022974	PV:   7126.76	POS:6	NEG:10	Loss:  0.128041
[Epoch 102/300]	Epsilon:0.3311	#Expl.:325/1000	#Buy:790	#Sell:210	#Hold:0	#Stocks:  0.478453	PV:   7282.44	POS:6	NEG:10	Loss:  0.127699
[Epoch 103/300]	Epsilon:0.3294	#Expl.:307/1000	#Buy:836	#Sell:164	#Hold:0	#Stocks:  1.100948	PV:   7304.04	POS:7	NEG:9	Loss:  0.133471
[Epoch 104/300]	Epsilon:0.3278	#Expl.:315/1000	#Buy:845	#Sell:154	#Hold:1	#Stocks:  1.140447	PV:   7415.81	POS:7	NEG:9	Loss:  0.131622
[Epoch 105/300]	Epsilon:0.3261	#Expl.:322/1000	#Buy:840	#Sell:160	#Hold:0	#Stocks:  1.094012	PV:   7033.76	POS:6	NEG:10	Loss:  0.124019
[Epoch 106/300]	Epsilon:0.3244	#Expl.:331/1000	#Buy:832	#Sell:168	#Hold:0	#Stocks:  1.032345	PV:   6769.01	POS:6	NEG:10	Loss:  0.123916
[Epoch 107/300]	Epsilon:0.3227	#Expl.:328/1000	#Buy:839	#Sell:161	#Hold:0	#Stocks:  1.104981	PV:   7063.44	POS:6	NEG:10	Loss:  0.122956
[Epoch 108/300]	Epsilon:0.3211	#Expl.:308/1000	#Buy:846	#Sell:154	#Hold:0	#Stocks:  1.171989	PV:   7589.02	POS:8	NEG:8	Loss:  0.133851
[Epoch 109/300]	Epsilon:0.3194	#Expl.:335/1000	#Buy:824	#Sell:175	#Hold:1	#Stocks:  1.105742	PV:   7188.26	POS:6	NEG:10	Loss:  0.121800
[Epoch 110/300]	Epsilon:0.3177	#Expl.:357/1000	#Buy:742	#Sell:258	#Hold:0	#Stocks:  0.435182	PV:   7318.61	POS:6	NEG:10	Loss:  0.122896
[Epoch 111/300]	Epsilon:0.3161	#Expl.:330/1000	#Buy:759	#Sell:241	#Hold:0	#Stocks:  0.010314	PV:   7257.20	POS:3	NEG:13	Loss:  0.104872
[Epoch 112/300]	Epsilon:0.3144	#Expl.:326/1000	#Buy:760	#Sell:239	#Hold:1	#Stocks:  1.201978	PV:   7667.36	POS:6	NEG:10	Loss:  0.123191
[Epoch 113/300]	Epsilon:0.3127	#Expl.:329/1000	#Buy:527	#Sell:472	#Hold:1	#Stocks:  0.004020	PV:   8020.02	POS:4	NEG:12	Loss:  0.113417
[Epoch 114/300]	Epsilon:0.3110	#Expl.:279/1000	#Buy:587	#Sell:405	#Hold:8	#Stocks:  0.112341	PV:   6756.15	POS:3	NEG:13	Loss:  0.106866
[Epoch 115/300]	Epsilon:0.3094	#Expl.:310/1000	#Buy:392	#Sell:591	#Hold:17	#Stocks:  0.928783	PV:   7612.35	POS:5	NEG:11	Loss:  0.118095
[Epoch 116/300]	Epsilon:0.3077	#Expl.:308/1000	#Buy:727	#Sell:273	#Hold:0	#Stocks:  0.277487	PV:   7466.04	POS:5	NEG:11	Loss:  0.117206
[Epoch 117/300]	Epsilon:0.3060	#Expl.:331/1000	#Buy:683	#Sell:315	#Hold:2	#Stocks:  0.497801	PV:   7303.18	POS:4	NEG:12	Loss:  0.111506
[Epoch 118/300]	Epsilon:0.3043	#Expl.:289/1000	#Buy:530	#Sell:470	#Hold:0	#Stocks:  0.665373	PV:   7911.08	POS:4	NEG:12	Loss:  0.111539
[Epoch 119/300]	Epsilon:0.3027	#Expl.:301/1000	#Buy:433	#Sell:544	#Hold:23	#Stocks:  1.189843	PV:   8420.60	POS:4	NEG:12	Loss:  0.110891
[Epoch 120/300]	Epsilon:0.3010	#Expl.:316/1000	#Buy:858	#Sell:142	#Hold:0	#Stocks:  0.505234	PV:   6804.64	POS:6	NEG:10	Loss:  0.124012
[Epoch 121/300]	Epsilon:0.2993	#Expl.:302/1000	#Buy:412	#Sell:588	#Hold:0	#Stocks:  1.350498	PV:   9312.23	POS:7	NEG:9	Loss:  0.128731
[Epoch 122/300]	Epsilon:0.2977	#Expl.:306/1000	#Buy:402	#Sell:596	#Hold:2	#Stocks:  0.000057	PV:   7323.85	POS:3	NEG:13	Loss:  0.105428
[Epoch 123/300]	Epsilon:0.2960	#Expl.:286/1000	#Buy:337	#Sell:663	#Hold:0	#Stocks:  0.246609	PV:   9109.59	POS:6	NEG:10	Loss:  0.122402
[Epoch 124/300]	Epsilon:0.2943	#Expl.:301/1000	#Buy:855	#Sell:144	#Hold:1	#Stocks:  0.969466	PV:   7382.45	POS:6	NEG:10	Loss:  0.123933
[Epoch 125/300]	Epsilon:0.2926	#Expl.:283/1000	#Buy:869	#Sell:131	#Hold:0	#Stocks:  1.155789	PV:   7384.49	POS:7	NEG:9	Loss:  0.128381
[Epoch 126/300]	Epsilon:0.2910	#Expl.:306/1000	#Buy:865	#Sell:135	#Hold:0	#Stocks:  1.154286	PV:   7362.73	POS:6	NEG:10	Loss:  0.122590
[Epoch 127/300]	Epsilon:0.2893	#Expl.:278/1000	#Buy:332	#Sell:667	#Hold:1	#Stocks:  1.377787	PV:   8788.33	POS:4	NEG:12	Loss:  0.112306
[Epoch 128/300]	Epsilon:0.2876	#Expl.:275/1000	#Buy:404	#Sell:596	#Hold:0	#Stocks:  0.002072	PV:   7226.20	POS:4	NEG:12	Loss:  0.111739
[Epoch 129/300]	Epsilon:0.2860	#Expl.:271/1000	#Buy:423	#Sell:570	#Hold:7	#Stocks:  1.335617	PV:   8542.73	POS:5	NEG:11	Loss:  0.116891
[Epoch 130/300]	Epsilon:0.2843	#Expl.:299/1000	#Buy:728	#Sell:269	#Hold:3	#Stocks:  0.235422	PV:   7759.88	POS:7	NEG:9	Loss:  0.128418
[Epoch 131/300]	Epsilon:0.2826	#Expl.:260/1000	#Buy:641	#Sell:355	#Hold:4	#Stocks:  0.001327	PV:   8034.37	POS:4	NEG:12	Loss:  0.112350
[Epoch 132/300]	Epsilon:0.2809	#Expl.:300/1000	#Buy:264	#Sell:734	#Hold:2	#Stocks:  0.662615	PV:   7820.39	POS:3	NEG:13	Loss:  0.105377
[Epoch 133/300]	Epsilon:0.2793	#Expl.:274/1000	#Buy:420	#Sell:580	#Hold:0	#Stocks:  1.389447	PV:   8962.34	POS:5	NEG:11	Loss:  0.117062
[Epoch 134/300]	Epsilon:0.2776	#Expl.:262/1000	#Buy:701	#Sell:299	#Hold:0	#Stocks:  1.169571	PV:   8233.73	POS:5	NEG:11	Loss:  0.117025
[Epoch 135/300]	Epsilon:0.2759	#Expl.:263/1000	#Buy:782	#Sell:217	#Hold:1	#Stocks:  1.254820	PV:   8011.23	POS:7	NEG:9	Loss:  0.128513
[Epoch 136/300]	Epsilon:0.2742	#Expl.:283/1000	#Buy:778	#Sell:222	#Hold:0	#Stocks:  0.562041	PV:   7398.22	POS:5	NEG:11	Loss:  0.117680
[Epoch 137/300]	Epsilon:0.2726	#Expl.:291/1000	#Buy:453	#Sell:547	#Hold:0	#Stocks:  1.254006	PV:   8034.77	POS:7	NEG:9	Loss:  0.127570
[Epoch 138/300]	Epsilon:0.2709	#Expl.:267/1000	#Buy:338	#Sell:654	#Hold:8	#Stocks:  1.299932	PV:   8366.05	POS:5	NEG:11	Loss:  0.117391
[Epoch 139/300]	Epsilon:0.2692	#Expl.:252/1000	#Buy:588	#Sell:395	#Hold:17	#Stocks:  1.337273	PV:   8529.91	POS:5	NEG:11	Loss:  0.116466
[Epoch 140/300]	Epsilon:0.2676	#Expl.:259/1000	#Buy:878	#Sell:122	#Hold:0	#Stocks:  1.236948	PV:   7889.97	POS:8	NEG:8	Loss:  0.132758
[Epoch 141/300]	Epsilon:0.2659	#Expl.:219/1000	#Buy:898	#Sell:101	#Hold:1	#Stocks:  0.875091	PV:   7318.24	POS:6	NEG:10	Loss:  0.123714
[Epoch 142/300]	Epsilon:0.2642	#Expl.:281/1000	#Buy:754	#Sell:246	#Hold:0	#Stocks:  0.185217	PV:   6486.48	POS:7	NEG:9	Loss:  0.126626
[Epoch 143/300]	Epsilon:0.2625	#Expl.:267/1000	#Buy:570	#Sell:430	#Hold:0	#Stocks:  1.088240	PV:   7573.32	POS:4	NEG:12	Loss:  0.112998
[Epoch 144/300]	Epsilon:0.2609	#Expl.:247/1000	#Buy:654	#Sell:345	#Hold:1	#Stocks:  1.183317	PV:   7564.49	POS:7	NEG:9	Loss:  0.126999
[Epoch 145/300]	Epsilon:0.2592	#Expl.:251/1000	#Buy:627	#Sell:369	#Hold:4	#Stocks:  0.741740	PV:   6501.29	POS:4	NEG:12	Loss:  0.112828
[Epoch 146/300]	Epsilon:0.2575	#Expl.:262/1000	#Buy:382	#Sell:618	#Hold:0	#Stocks:  0.609069	PV:   6701.58	POS:4	NEG:12	Loss:  0.112345
[Epoch 147/300]	Epsilon:0.2559	#Expl.:230/1000	#Buy:508	#Sell:491	#Hold:1	#Stocks:  1.015786	PV:   8117.13	POS:4	NEG:12	Loss:  0.112415
[Epoch 148/300]	Epsilon:0.2542	#Expl.:260/1000	#Buy:615	#Sell:385	#Hold:0	#Stocks:  0.690412	PV:   8814.39	POS:7	NEG:9	Loss:  0.128055
[Epoch 149/300]	Epsilon:0.2525	#Expl.:252/1000	#Buy:876	#Sell:124	#Hold:0	#Stocks:  1.086502	PV:   6953.99	POS:7	NEG:9	Loss:  0.127372
[Epoch 150/300]	Epsilon:0.2508	#Expl.:253/1000	#Buy:810	#Sell:190	#Hold:0	#Stocks:  1.013113	PV:   6462.50	POS:5	NEG:11	Loss:  0.117186
[Epoch 151/300]	Epsilon:0.2492	#Expl.:263/1000	#Buy:361	#Sell:638	#Hold:1	#Stocks:  1.145293	PV:   7805.80	POS:4	NEG:12	Loss:  0.112717
[Epoch 152/300]	Epsilon:0.2475	#Expl.:253/1000	#Buy:455	#Sell:545	#Hold:0	#Stocks:  1.438533	PV:   9175.81	POS:7	NEG:9	Loss:  0.127637
[Epoch 153/300]	Epsilon:0.2458	#Expl.:229/1000	#Buy:711	#Sell:289	#Hold:0	#Stocks:  0.000026	PV:   7112.77	POS:5	NEG:11	Loss:  0.116942
[Epoch 154/300]	Epsilon:0.2441	#Expl.:246/1000	#Buy:538	#Sell:458	#Hold:4	#Stocks:  1.189981	PV:   7600.54	POS:3	NEG:13	Loss:  0.107161
[Epoch 155/300]	Epsilon:0.2425	#Expl.:234/1000	#Buy:377	#Sell:615	#Hold:8	#Stocks:  1.215254	PV:   8100.42	POS:4	NEG:12	Loss:  0.111257
[Epoch 156/300]	Epsilon:0.2408	#Expl.:247/1000	#Buy:761	#Sell:239	#Hold:0	#Stocks:  0.021840	PV:   7741.38	POS:5	NEG:11	Loss:  0.117587
[Epoch 157/300]	Epsilon:0.2391	#Expl.:240/1000	#Buy:118	#Sell:877	#Hold:5	#Stocks:  0.525657	PV:   8964.68	POS:5	NEG:11	Loss:  0.116124
[Epoch 158/300]	Epsilon:0.2375	#Expl.:262/1000	#Buy:827	#Sell:169	#Hold:4	#Stocks:  0.759164	PV:   7499.88	POS:6	NEG:10	Loss:  0.123188
[Epoch 159/300]	Epsilon:0.2358	#Expl.:237/1000	#Buy:505	#Sell:495	#Hold:0	#Stocks:  0.064686	PV:   8499.10	POS:7	NEG:9	Loss:  0.127797
[Epoch 160/300]	Epsilon:0.2341	#Expl.:234/1000	#Buy:331	#Sell:669	#Hold:0	#Stocks:  0.584525	PV:   8163.76	POS:3	NEG:13	Loss:  0.103492
[Epoch 161/300]	Epsilon:0.2324	#Expl.:236/1000	#Buy:523	#Sell:467	#Hold:10	#Stocks:  1.051997	PV:   6931.10	POS:4	NEG:12	Loss:  0.112331
[Epoch 162/300]	Epsilon:0.2308	#Expl.:235/1000	#Buy:871	#Sell:129	#Hold:0	#Stocks:  0.957274	PV:   6842.25	POS:6	NEG:10	Loss:  0.124397
[Epoch 163/300]	Epsilon:0.2291	#Expl.:239/1000	#Buy:866	#Sell:134	#Hold:0	#Stocks:  0.444315	PV:   7142.85	POS:6	NEG:10	Loss:  0.123906
[Epoch 164/300]	Epsilon:0.2274	#Expl.:200/1000	#Buy:902	#Sell:98	#Hold:0	#Stocks:  1.026781	PV:   7302.32	POS:5	NEG:11	Loss:  0.116827
[Epoch 165/300]	Epsilon:0.2258	#Expl.:225/1000	#Buy:738	#Sell:262	#Hold:0	#Stocks:  1.133896	PV:   7232.65	POS:5	NEG:11	Loss:  0.117297
[Epoch 166/300]	Epsilon:0.2241	#Expl.:211/1000	#Buy:889	#Sell:111	#Hold:0	#Stocks:  1.022140	PV:   7165.47	POS:6	NEG:10	Loss:  0.121775
[Epoch 167/300]	Epsilon:0.2224	#Expl.:213/1000	#Buy:852	#Sell:148	#Hold:0	#Stocks:  1.014260	PV:   6469.56	POS:5	NEG:11	Loss:  0.116421
[Epoch 168/300]	Epsilon:0.2207	#Expl.:223/1000	#Buy:523	#Sell:477	#Hold:0	#Stocks:  0.091929	PV:   7895.94	POS:5	NEG:11	Loss:  0.118481
[Epoch 169/300]	Epsilon:0.2191	#Expl.:211/1000	#Buy:392	#Sell:598	#Hold:10	#Stocks:  0.017835	PV:   7486.22	POS:3	NEG:13	Loss:  0.106416
[Epoch 170/300]	Epsilon:0.2174	#Expl.:224/1000	#Buy:797	#Sell:195	#Hold:8	#Stocks:  0.772483	PV:   6986.99	POS:4	NEG:12	Loss:  0.110984
[Epoch 171/300]	Epsilon:0.2157	#Expl.:222/1000	#Buy:765	#Sell:234	#Hold:1	#Stocks:  0.231583	PV:   7171.80	POS:6	NEG:10	Loss:  0.123001
[Epoch 172/300]	Epsilon:0.2140	#Expl.:212/1000	#Buy:428	#Sell:568	#Hold:4	#Stocks:  1.333754	PV:   8510.80	POS:4	NEG:12	Loss:  0.111033
[Epoch 173/300]	Epsilon:0.2124	#Expl.:221/1000	#Buy:845	#Sell:155	#Hold:0	#Stocks:  1.315142	PV:   8388.74	POS:6	NEG:10	Loss:  0.123095
[Epoch 174/300]	Epsilon:0.2107	#Expl.:204/1000	#Buy:799	#Sell:201	#Hold:0	#Stocks:  1.065219	PV:   6794.94	POS:4	NEG:12	Loss:  0.111060
[Epoch 175/300]	Epsilon:0.2090	#Expl.:209/1000	#Buy:845	#Sell:155	#Hold:0	#Stocks:  1.062795	PV:   6780.23	POS:5	NEG:11	Loss:  0.115376
[Epoch 176/300]	Epsilon:0.2074	#Expl.:187/1000	#Buy:381	#Sell:619	#Hold:0	#Stocks:  0.605684	PV:   8076.77	POS:5	NEG:11	Loss:  0.118281
[Epoch 177/300]	Epsilon:0.2057	#Expl.:222/1000	#Buy:701	#Sell:294	#Hold:5	#Stocks:  1.350737	PV:   8615.80	POS:5	NEG:11	Loss:  0.118013
[Epoch 178/300]	Epsilon:0.2040	#Expl.:187/1000	#Buy:681	#Sell:319	#Hold:0	#Stocks:  0.001634	PV:   7169.31	POS:4	NEG:12	Loss:  0.110805
[Epoch 179/300]	Epsilon:0.2023	#Expl.:209/1000	#Buy:509	#Sell:491	#Hold:0	#Stocks:  1.196123	PV:   8624.26	POS:6	NEG:10	Loss:  0.123575
[Epoch 180/300]	Epsilon:0.2007	#Expl.:200/1000	#Buy:567	#Sell:433	#Hold:0	#Stocks:  0.001019	PV:   6929.20	POS:3	NEG:13	Loss:  0.104880
[Epoch 181/300]	Epsilon:0.1990	#Expl.:187/1000	#Buy:375	#Sell:620	#Hold:5	#Stocks:  1.042801	PV:   8564.16	POS:5	NEG:11	Loss:  0.117127
[Epoch 182/300]	Epsilon:0.1973	#Expl.:210/1000	#Buy:715	#Sell:285	#Hold:0	#Stocks:  0.000000	PV:   6674.82	POS:6	NEG:10	Loss:  0.123303
[Epoch 183/300]	Epsilon:0.1957	#Expl.:226/1000	#Buy:276	#Sell:716	#Hold:8	#Stocks:  1.461818	PV:   9828.15	POS:7	NEG:9	Loss:  0.128572
[Epoch 184/300]	Epsilon:0.1940	#Expl.:189/1000	#Buy:359	#Sell:641	#Hold:0	#Stocks:  1.196520	PV:   7632.10	POS:3	NEG:13	Loss:  0.103068
[Epoch 185/300]	Epsilon:0.1923	#Expl.:212/1000	#Buy:887	#Sell:113	#Hold:0	#Stocks:  1.141491	PV:   7281.11	POS:6	NEG:10	Loss:  0.124609
[Epoch 186/300]	Epsilon:0.1906	#Expl.:179/1000	#Buy:831	#Sell:169	#Hold:0	#Stocks:  0.528960	PV:   6851.19	POS:5	NEG:11	Loss:  0.117998
[Epoch 187/300]	Epsilon:0.1890	#Expl.:180/1000	#Buy:663	#Sell:328	#Hold:9	#Stocks:  1.315573	PV:   9225.98	POS:6	NEG:10	Loss:  0.121761
[Epoch 188/300]	Epsilon:0.1873	#Expl.:178/1000	#Buy:909	#Sell:91	#Hold:0	#Stocks:  1.129717	PV:   7237.36	POS:7	NEG:9	Loss:  0.128730
[Epoch 189/300]	Epsilon:0.1856	#Expl.:166/1000	#Buy:763	#Sell:237	#Hold:0	#Stocks:  1.131715	PV:   7563.02	POS:5	NEG:11	Loss:  0.117455
[Epoch 190/300]	Epsilon:0.1839	#Expl.:195/1000	#Buy:515	#Sell:485	#Hold:0	#Stocks:  0.000014	PV:   7072.34	POS:5	NEG:11	Loss:  0.117648
[Epoch 191/300]	Epsilon:0.1823	#Expl.:183/1000	#Buy:675	#Sell:307	#Hold:18	#Stocks:  1.149612	PV:   8127.11	POS:5	NEG:11	Loss:  0.117371
[Epoch 192/300]	Epsilon:0.1806	#Expl.:189/1000	#Buy:583	#Sell:417	#Hold:0	#Stocks:  0.000033	PV:   6797.41	POS:3	NEG:13	Loss:  0.105318
[Epoch 193/300]	Epsilon:0.1789	#Expl.:175/1000	#Buy:512	#Sell:466	#Hold:22	#Stocks:  1.027862	PV:   8894.66	POS:6	NEG:10	Loss:  0.123204
[Epoch 194/300]	Epsilon:0.1773	#Expl.:208/1000	#Buy:902	#Sell:98	#Hold:0	#Stocks:  0.665546	PV:   7203.54	POS:6	NEG:10	Loss:  0.122745
[Epoch 195/300]	Epsilon:0.1756	#Expl.:173/1000	#Buy:867	#Sell:133	#Hold:0	#Stocks:  1.219999	PV:   7781.86	POS:6	NEG:10	Loss:  0.122489
[Epoch 196/300]	Epsilon:0.1739	#Expl.:186/1000	#Buy:758	#Sell:242	#Hold:0	#Stocks:  1.151954	PV:   8059.75	POS:6	NEG:10	Loss:  0.122640
[Epoch 197/300]	Epsilon:0.1722	#Expl.:174/1000	#Buy:696	#Sell:304	#Hold:0	#Stocks:  0.000000	PV:   6512.31	POS:5	NEG:11	Loss:  0.117041
[Epoch 198/300]	Epsilon:0.1706	#Expl.:182/1000	#Buy:332	#Sell:653	#Hold:15	#Stocks:  0.000000	PV:   7543.14	POS:5	NEG:11	Loss:  0.116864
[Epoch 199/300]	Epsilon:0.1689	#Expl.:158/1000	#Buy:668	#Sell:326	#Hold:6	#Stocks:  1.125437	PV:   7382.72	POS:4	NEG:12	Loss:  0.111847
[Epoch 200/300]	Epsilon:0.1672	#Expl.:158/1000	#Buy:821	#Sell:179	#Hold:0	#Stocks:  1.167524	PV:   7453.36	POS:7	NEG:9	Loss:  0.128348
[Epoch 201/300]	Epsilon:0.1656	#Expl.:142/1000	#Buy:890	#Sell:110	#Hold:0	#Stocks:  1.193892	PV:   7615.34	POS:6	NEG:10	Loss:  0.122445
[Epoch 202/300]	Epsilon:0.1639	#Expl.:170/1000	#Buy:918	#Sell:82	#Hold:0	#Stocks:  0.531877	PV:   7129.05	POS:6	NEG:10	Loss:  0.122004
[Epoch 203/300]	Epsilon:0.1622	#Expl.:172/1000	#Buy:912	#Sell:88	#Hold:0	#Stocks:  1.117864	PV:   7262.96	POS:6	NEG:10	Loss:  0.121370
[Epoch 204/300]	Epsilon:0.1605	#Expl.:158/1000	#Buy:524	#Sell:476	#Hold:0	#Stocks:  1.240135	PV:   7910.30	POS:6	NEG:10	Loss:  0.122447
[Epoch 205/300]	Epsilon:0.1589	#Expl.:169/1000	#Buy:689	#Sell:311	#Hold:0	#Stocks:  0.000032	PV:   7762.59	POS:5	NEG:11	Loss:  0.117030
[Epoch 206/300]	Epsilon:0.1572	#Expl.:134/1000	#Buy:360	#Sell:640	#Hold:0	#Stocks:  1.316643	PV:   8567.29	POS:4	NEG:12	Loss:  0.113123
[Epoch 207/300]	Epsilon:0.1555	#Expl.:150/1000	#Buy:421	#Sell:579	#Hold:0	#Stocks:  0.003743	PV:   7513.83	POS:4	NEG:12	Loss:  0.112048
[Epoch 208/300]	Epsilon:0.1538	#Expl.:148/1000	#Buy:566	#Sell:428	#Hold:6	#Stocks:  1.333081	PV:   8503.19	POS:4	NEG:12	Loss:  0.111473
[Epoch 209/300]	Epsilon:0.1522	#Expl.:134/1000	#Buy:585	#Sell:414	#Hold:1	#Stocks:  0.027973	PV:   6987.69	POS:5	NEG:11	Loss:  0.117254
[Epoch 210/300]	Epsilon:0.1505	#Expl.:158/1000	#Buy:287	#Sell:682	#Hold:31	#Stocks:  0.000524	PV:   8709.08	POS:3	NEG:13	Loss:  0.103798
[Epoch 211/300]	Epsilon:0.1488	#Expl.:150/1000	#Buy:488	#Sell:503	#Hold:9	#Stocks:  0.011309	PV:   8810.84	POS:3	NEG:13	Loss:  0.102096
[Epoch 212/300]	Epsilon:0.1472	#Expl.:159/1000	#Buy:827	#Sell:160	#Hold:13	#Stocks:  1.165008	PV:   7431.09	POS:6	NEG:10	Loss:  0.123746
[Epoch 213/300]	Epsilon:0.1455	#Expl.:133/1000	#Buy:527	#Sell:473	#Hold:0	#Stocks:  0.010027	PV:   7661.72	POS:7	NEG:9	Loss:  0.129426
[Epoch 214/300]	Epsilon:0.1438	#Expl.:153/1000	#Buy:669	#Sell:292	#Hold:39	#Stocks:  0.685302	PV:   8190.89	POS:4	NEG:12	Loss:  0.110614
[Epoch 215/300]	Epsilon:0.1421	#Expl.:143/1000	#Buy:933	#Sell:67	#Hold:0	#Stocks:  1.149148	PV:   7329.94	POS:6	NEG:10	Loss:  0.124576
[Epoch 216/300]	Epsilon:0.1405	#Expl.:146/1000	#Buy:926	#Sell:74	#Hold:0	#Stocks:  1.141765	PV:   7282.84	POS:6	NEG:10	Loss:  0.123574
[Epoch 217/300]	Epsilon:0.1388	#Expl.:132/1000	#Buy:483	#Sell:517	#Hold:0	#Stocks:  0.000735	PV:   8367.67	POS:7	NEG:9	Loss:  0.128060
[Epoch 218/300]	Epsilon:0.1371	#Expl.:150/1000	#Buy:154	#Sell:846	#Hold:0	#Stocks:  1.461067	PV:   9319.53	POS:2	NEG:14	Loss:  0.096926
[Epoch 219/300]	Epsilon:0.1355	#Expl.:130/1000	#Buy:695	#Sell:305	#Hold:0	#Stocks:  0.000118	PV:   7619.29	POS:5	NEG:11	Loss:  0.116602
[Epoch 220/300]	Epsilon:0.1338	#Expl.:117/1000	#Buy:696	#Sell:253	#Hold:51	#Stocks:  0.000463	PV:   7120.77	POS:5	NEG:11	Loss:  0.119597
[Epoch 221/300]	Epsilon:0.1321	#Expl.:128/1000	#Buy:670	#Sell:323	#Hold:7	#Stocks:  1.179766	PV:   7525.23	POS:3	NEG:13	Loss:  0.104632
[Epoch 222/300]	Epsilon:0.1304	#Expl.:141/1000	#Buy:859	#Sell:141	#Hold:0	#Stocks:  1.213586	PV:   7741.23	POS:8	NEG:8	Loss:  0.135099
[Epoch 223/300]	Epsilon:0.1288	#Expl.:119/1000	#Buy:936	#Sell:64	#Hold:0	#Stocks:  1.145394	PV:   7305.99	POS:5	NEG:11	Loss:  0.118033
[Epoch 224/300]	Epsilon:0.1271	#Expl.:112/1000	#Buy:946	#Sell:54	#Hold:0	#Stocks:  1.186017	PV:   7565.11	POS:7	NEG:9	Loss:  0.128171
[Epoch 225/300]	Epsilon:0.1254	#Expl.:130/1000	#Buy:621	#Sell:379	#Hold:0	#Stocks:  1.294923	PV:   8259.77	POS:4	NEG:12	Loss:  0.111761
[Epoch 226/300]	Epsilon:0.1237	#Expl.:119/1000	#Buy:748	#Sell:252	#Hold:0	#Stocks:  0.000000	PV:   7981.09	POS:5	NEG:11	Loss:  0.117076
[Epoch 227/300]	Epsilon:0.1221	#Expl.:129/1000	#Buy:704	#Sell:287	#Hold:9	#Stocks:  0.048608	PV:   7364.49	POS:6	NEG:10	Loss:  0.122787
[Epoch 228/300]	Epsilon:0.1204	#Expl.:111/1000	#Buy:744	#Sell:213	#Hold:43	#Stocks:  0.000001	PV:   6943.25	POS:5	NEG:11	Loss:  0.116369
[Epoch 229/300]	Epsilon:0.1187	#Expl.:105/1000	#Buy:605	#Sell:388	#Hold:7	#Stocks:  0.000000	PV:   7976.86	POS:4	NEG:12	Loss:  0.112050
[Epoch 230/300]	Epsilon:0.1171	#Expl.:104/1000	#Buy:573	#Sell:414	#Hold:13	#Stocks:  1.219642	PV:   7779.93	POS:3	NEG:13	Loss:  0.104833
[Epoch 231/300]	Epsilon:0.1154	#Expl.:119/1000	#Buy:747	#Sell:253	#Hold:0	#Stocks:  0.000000	PV:   7039.41	POS:6	NEG:10	Loss:  0.122785
[Epoch 232/300]	Epsilon:0.1137	#Expl.:118/1000	#Buy:301	#Sell:691	#Hold:8	#Stocks:  1.539152	PV:   9817.60	POS:4	NEG:12	Loss:  0.110857
[Epoch 233/300]	Epsilon:0.1120	#Expl.:113/1000	#Buy:899	#Sell:101	#Hold:0	#Stocks:  1.134776	PV:   7238.26	POS:5	NEG:11	Loss:  0.117582
[Epoch 234/300]	Epsilon:0.1104	#Expl.:107/1000	#Buy:840	#Sell:160	#Hold:0	#Stocks:  0.834517	PV:   7098.63	POS:5	NEG:11	Loss:  0.117012
[Epoch 235/300]	Epsilon:0.1087	#Expl.:106/1000	#Buy:651	#Sell:349	#Hold:0	#Stocks:  0.020296	PV:   7410.01	POS:6	NEG:10	Loss:  0.122929
[Epoch 236/300]	Epsilon:0.1070	#Expl.:115/1000	#Buy:117	#Sell:879	#Hold:4	#Stocks:  0.000000	PV:   9204.11	POS:4	NEG:12	Loss:  0.111165
[Epoch 237/300]	Epsilon:0.1054	#Expl.:124/1000	#Buy:537	#Sell:461	#Hold:2	#Stocks:  0.000000	PV:   8349.57	POS:5	NEG:11	Loss:  0.117082
[Epoch 238/300]	Epsilon:0.1037	#Expl.:105/1000	#Buy:469	#Sell:515	#Hold:16	#Stocks:  1.569785	PV:  10015.68	POS:6	NEG:10	Loss:  0.122949
[Epoch 239/300]	Epsilon:0.1020	#Expl.:110/1000	#Buy:944	#Sell:56	#Hold:0	#Stocks:  1.169480	PV:   7459.63	POS:6	NEG:10	Loss:  0.123176
[Epoch 240/300]	Epsilon:0.1003	#Expl.:103/1000	#Buy:510	#Sell:490	#Hold:0	#Stocks:  1.485127	PV:   9473.00	POS:7	NEG:9	Loss:  0.128012
[Epoch 241/300]	Epsilon:0.0987	#Expl.:116/1000	#Buy:642	#Sell:358	#Hold:0	#Stocks:  0.317836	PV:   7773.33	POS:6	NEG:10	Loss:  0.122226
[Epoch 242/300]	Epsilon:0.0970	#Expl.:96/1000	#Buy:686	#Sell:310	#Hold:4	#Stocks:  1.298799	PV:   8284.50	POS:4	NEG:12	Loss:  0.111605
[Epoch 243/300]	Epsilon:0.0953	#Expl.:86/1000	#Buy:839	#Sell:161	#Hold:0	#Stocks:  1.073698	PV:   6848.69	POS:5	NEG:11	Loss:  0.117497
[Epoch 244/300]	Epsilon:0.0936	#Expl.:91/1000	#Buy:782	#Sell:218	#Hold:0	#Stocks:  1.214939	PV:   7749.59	POS:7	NEG:9	Loss:  0.127924
[Epoch 245/300]	Epsilon:0.0920	#Expl.:92/1000	#Buy:589	#Sell:411	#Hold:0	#Stocks:  0.002034	PV:   7979.11	POS:5	NEG:11	Loss:  0.117114
[Epoch 246/300]	Epsilon:0.0903	#Expl.:85/1000	#Buy:459	#Sell:541	#Hold:0	#Stocks:  1.274126	PV:   8127.64	POS:7	NEG:9	Loss:  0.127424
[Epoch 247/300]	Epsilon:0.0886	#Expl.:74/1000	#Buy:587	#Sell:413	#Hold:0	#Stocks:  0.000000	PV:   7237.69	POS:6	NEG:10	Loss:  0.122346
[Epoch 248/300]	Epsilon:0.0870	#Expl.:80/1000	#Buy:76	#Sell:902	#Hold:22	#Stocks:  1.647626	PV:  10509.51	POS:7	NEG:9	Loss:  0.126622
[Epoch 249/300]	Epsilon:0.0853	#Expl.:83/1000	#Buy:640	#Sell:360	#Hold:0	#Stocks:  1.111750	PV:   7091.39	POS:6	NEG:10	Loss:  0.122096
[Epoch 250/300]	Epsilon:0.0836	#Expl.:81/1000	#Buy:700	#Sell:300	#Hold:0	#Stocks:  0.000000	PV:   6921.76	POS:6	NEG:10	Loss:  0.122104
[Epoch 251/300]	Epsilon:0.0819	#Expl.:78/1000	#Buy:319	#Sell:676	#Hold:5	#Stocks:  0.018052	PV:   8338.32	POS:6	NEG:10	Loss:  0.122433
[Epoch 252/300]	Epsilon:0.0803	#Expl.:81/1000	#Buy:413	#Sell:571	#Hold:16	#Stocks:  1.105436	PV:   7051.11	POS:3	NEG:13	Loss:  0.108099
[Epoch 253/300]	Epsilon:0.0786	#Expl.:77/1000	#Buy:761	#Sell:239	#Hold:0	#Stocks:  0.000011	PV:   7531.72	POS:5	NEG:11	Loss:  0.117252
[Epoch 254/300]	Epsilon:0.0769	#Expl.:88/1000	#Buy:322	#Sell:673	#Hold:5	#Stocks:  0.000000	PV:   7138.99	POS:5	NEG:11	Loss:  0.117225
[Epoch 255/300]	Epsilon:0.0753	#Expl.:83/1000	#Buy:578	#Sell:408	#Hold:14	#Stocks:  1.372195	PV:   8786.48	POS:5	NEG:11	Loss:  0.117221
[Epoch 256/300]	Epsilon:0.0736	#Expl.:73/1000	#Buy:910	#Sell:90	#Hold:0	#Stocks:  1.115201	PV:   7113.40	POS:5	NEG:11	Loss:  0.116634
[Epoch 257/300]	Epsilon:0.0719	#Expl.:87/1000	#Buy:845	#Sell:155	#Hold:0	#Stocks:  1.151156	PV:   7447.47	POS:6	NEG:10	Loss:  0.122409
[Epoch 258/300]	Epsilon:0.0702	#Expl.:79/1000	#Buy:644	#Sell:356	#Hold:0	#Stocks:  0.000000	PV:   7700.44	POS:8	NEG:8	Loss:  0.131807
[Epoch 259/300]	Epsilon:0.0686	#Expl.:72/1000	#Buy:315	#Sell:658	#Hold:27	#Stocks:  0.000000	PV:   8649.37	POS:2	NEG:14	Loss:  0.102606
[Epoch 260/300]	Epsilon:0.0669	#Expl.:68/1000	#Buy:247	#Sell:710	#Hold:43	#Stocks:  1.248182	PV:   7961.63	POS:3	NEG:13	Loss:  0.106061
[Epoch 261/300]	Epsilon:0.0652	#Expl.:68/1000	#Buy:747	#Sell:253	#Hold:0	#Stocks:  1.345396	PV:   8581.72	POS:5	NEG:11	Loss:  0.116953
[Epoch 262/300]	Epsilon:0.0635	#Expl.:47/1000	#Buy:920	#Sell:80	#Hold:0	#Stocks:  1.192750	PV:   7608.05	POS:7	NEG:9	Loss:  0.128406
[Epoch 263/300]	Epsilon:0.0619	#Expl.:77/1000	#Buy:589	#Sell:411	#Hold:0	#Stocks:  0.000000	PV:   7712.40	POS:7	NEG:9	Loss:  0.127783
[Epoch 264/300]	Epsilon:0.0602	#Expl.:56/1000	#Buy:692	#Sell:267	#Hold:41	#Stocks:  1.355917	PV:   8648.82	POS:5	NEG:11	Loss:  0.117229
[Epoch 265/300]	Epsilon:0.0585	#Expl.:66/1000	#Buy:854	#Sell:146	#Hold:0	#Stocks:  1.229776	PV:   7844.23	POS:5	NEG:11	Loss:  0.117113
[Epoch 266/300]	Epsilon:0.0569	#Expl.:70/1000	#Buy:653	#Sell:347	#Hold:0	#Stocks:  0.000715	PV:   8072.90	POS:4	NEG:12	Loss:  0.111721
[Epoch 267/300]	Epsilon:0.0552	#Expl.:52/1000	#Buy:192	#Sell:771	#Hold:37	#Stocks:  0.000000	PV:   8162.76	POS:5	NEG:11	Loss:  0.117050
[Epoch 268/300]	Epsilon:0.0535	#Expl.:52/1000	#Buy:480	#Sell:447	#Hold:73	#Stocks:  0.010062	PV:   8189.29	POS:7	NEG:9	Loss:  0.127891
[Epoch 269/300]	Epsilon:0.0518	#Expl.:50/1000	#Buy:134	#Sell:859	#Hold:7	#Stocks:  0.000000	PV:   8666.87	POS:7	NEG:9	Loss:  0.127243
[Epoch 270/300]	Epsilon:0.0502	#Expl.:51/1000	#Buy:401	#Sell:531	#Hold:68	#Stocks:  1.432301	PV:   9261.94	POS:8	NEG:8	Loss:  0.131333
[Epoch 271/300]	Epsilon:0.0485	#Expl.:51/1000	#Buy:769	#Sell:231	#Hold:0	#Stocks:  0.000000	PV:   7196.77	POS:7	NEG:9	Loss:  0.125348
[Epoch 272/300]	Epsilon:0.0468	#Expl.:43/1000	#Buy:351	#Sell:622	#Hold:27	#Stocks:  1.502350	PV:   9584.72	POS:7	NEG:9	Loss:  0.126969
[Epoch 273/300]	Epsilon:0.0452	#Expl.:45/1000	#Buy:537	#Sell:463	#Hold:0	#Stocks:  0.000000	PV:   8156.03	POS:7	NEG:9	Loss:  0.125782
[Epoch 274/300]	Epsilon:0.0435	#Expl.:38/1000	#Buy:425	#Sell:543	#Hold:32	#Stocks:  0.000000	PV:   8842.31	POS:7	NEG:9	Loss:  0.125695
[Epoch 275/300]	Epsilon:0.0418	#Expl.:50/1000	#Buy:406	#Sell:537	#Hold:57	#Stocks:  1.475163	PV:   9409.44	POS:6	NEG:10	Loss:  0.122014
[Epoch 276/300]	Epsilon:0.0401	#Expl.:39/1000	#Buy:920	#Sell:80	#Hold:0	#Stocks:  1.181458	PV:   7536.03	POS:6	NEG:10	Loss:  0.121840
[Epoch 277/300]	Epsilon:0.0385	#Expl.:34/1000	#Buy:187	#Sell:813	#Hold:0	#Stocks:  0.000000	PV:   8561.84	POS:7	NEG:9	Loss:  0.125582
[Epoch 278/300]	Epsilon:0.0368	#Expl.:27/1000	#Buy:522	#Sell:466	#Hold:12	#Stocks:  1.460286	PV:   9314.55	POS:4	NEG:12	Loss:  0.114595
[Epoch 279/300]	Epsilon:0.0351	#Expl.:37/1000	#Buy:644	#Sell:356	#Hold:0	#Stocks:  1.136720	PV:   7250.66	POS:6	NEG:10	Loss:  0.122010
[Epoch 280/300]	Epsilon:0.0334	#Expl.:38/1000	#Buy:864	#Sell:136	#Hold:0	#Stocks:  1.340890	PV:   8558.20	POS:7	NEG:9	Loss:  0.125972
[Epoch 281/300]	Epsilon:0.0318	#Expl.:30/1000	#Buy:460	#Sell:540	#Hold:0	#Stocks:  1.327552	PV:   8467.89	POS:6	NEG:10	Loss:  0.121875
[Epoch 282/300]	Epsilon:0.0301	#Expl.:38/1000	#Buy:537	#Sell:463	#Hold:0	#Stocks:  0.000000	PV:   7966.39	POS:7	NEG:9	Loss:  0.125682
[Epoch 283/300]	Epsilon:0.0284	#Expl.:28/1000	#Buy:11	#Sell:909	#Hold:80	#Stocks:  0.017954	PV:   9838.94	POS:10	NEG:6	Loss:  0.134859
[Epoch 284/300]	Epsilon:0.0268	#Expl.:28/1000	#Buy:283	#Sell:644	#Hold:73	#Stocks:  1.507807	PV:   9617.67	POS:6	NEG:10	Loss:  0.122405
[Epoch 285/300]	Epsilon:0.0251	#Expl.:23/1000	#Buy:927	#Sell:73	#Hold:0	#Stocks:  1.196759	PV:   7633.62	POS:7	NEG:9	Loss:  0.125159
[Epoch 286/300]	Epsilon:0.0234	#Expl.:26/1000	#Buy:813	#Sell:187	#Hold:0	#Stocks:  1.336647	PV:   8525.91	POS:6	NEG:10	Loss:  0.122068
[Epoch 287/300]	Epsilon:0.0217	#Expl.:21/1000	#Buy:932	#Sell:68	#Hold:0	#Stocks:  1.078005	PV:   7638.65	POS:7	NEG:9	Loss:  0.125265
[Epoch 288/300]	Epsilon:0.0201	#Expl.:21/1000	#Buy:808	#Sell:192	#Hold:0	#Stocks:  1.275883	PV:   8138.32	POS:7	NEG:9	Loss:  0.125160
[Epoch 289/300]	Epsilon:0.0184	#Expl.:16/1000	#Buy:934	#Sell:66	#Hold:0	#Stocks:  1.194536	PV:   7619.45	POS:7	NEG:9	Loss:  0.125186
[Epoch 290/300]	Epsilon:0.0167	#Expl.:15/1000	#Buy:653	#Sell:347	#Hold:0	#Stocks:  0.000592	PV:   7597.79	POS:8	NEG:8	Loss:  0.127751
[Epoch 291/300]	Epsilon:0.0151	#Expl.:20/1000	#Buy:577	#Sell:378	#Hold:45	#Stocks:  1.253769	PV:   8048.76	POS:5	NEG:11	Loss:  0.119527
[Epoch 292/300]	Epsilon:0.0134	#Expl.:9/1000	#Buy:896	#Sell:104	#Hold:0	#Stocks:  0.000000	PV:   7120.97	POS:6	NEG:10	Loss:  0.122564
[Epoch 293/300]	Epsilon:0.0117	#Expl.:15/1000	#Buy:128	#Sell:795	#Hold:77	#Stocks:  0.000000	PV:   9141.80	POS:6	NEG:10	Loss:  0.122197
[Epoch 294/300]	Epsilon:0.0100	#Expl.:12/1000	#Buy:6	#Sell:668	#Hold:326	#Stocks:  0.000000	PV:   9971.82	POS:11	NEG:5	Loss:  0.134751
[Epoch 295/300]	Epsilon:0.0084	#Expl.:13/1000	#Buy:6	#Sell:782	#Hold:212	#Stocks:  0.000000	PV:  10002.47	POS:11	NEG:5	Loss:  0.129316
[Epoch 296/300]	Epsilon:0.0067	#Expl.:13/1000	#Buy:7	#Sell:690	#Hold:303	#Stocks:  0.000000	PV:   9922.37	POS:8	NEG:8	Loss:  0.126503
[Epoch 297/300]	Epsilon:0.0050	#Expl.:7/1000	#Buy:6	#Sell:925	#Hold:69	#Stocks:  0.352179	PV:   9932.47	POS:12	NEG:4	Loss:  0.123592
[Epoch 298/300]	Epsilon:0.0033	#Expl.:4/1000	#Buy:3	#Sell:985	#Hold:12	#Stocks:  0.000000	PV:   9966.17	POS:13	NEG:3	Loss:  0.114056
[Epoch 299/300]	Epsilon:0.0017	#Expl.:2/1000	#Buy:2	#Sell:948	#Hold:50	#Stocks:  0.000000	PV:   9962.50	POS:13	NEG:3	Loss:  0.106045
[Epoch 300/300]	Epsilon:0.0000	#Expl.:0/1000	#Buy:0	#Sell:0	#Hold:1000	#Stocks:  0.000000	PV:  10000.00	POS:16	NEG:0	Loss:  0.076995
Max PV: ￦10,510, 	 # Win: 3
