LR: 0.1, DF: 0, DRT: 0.2
findfont: Matching :family=sans-serif:style=normal:variant=normal:weight=normal:stretch=normal:size=10.0 to DejaVu Sans ('/usr/local/lib/python3.5/dist-packages/matplotlib/mpl-data/fonts/ttf/DejaVuSans.ttf') with score of 0.050000
findfont: Matching :family=sans-serif:style=normal:variant=normal:weight=normal:stretch=normal:size=12.0 to DejaVu Sans ('/usr/local/lib/python3.5/dist-packages/matplotlib/mpl-data/fonts/ttf/DejaVuSans.ttf') with score of 0.050000
[Epoch 001/100]	Epsilon:0.5000	#Expl.:499/1000	#Buy:176	#Sell:624	#Hold:200	#Stocks:  0.296413	PV:   8551.00	POS:9	NEG:7	Loss:  0.182246
[Epoch 002/100]	Epsilon:0.4949	#Expl.:473/1000	#Buy:451	#Sell:373	#Hold:176	#Stocks:  2.313171	PV:   9988.96	POS:7	NEG:9	Loss:  0.177249
[Epoch 003/100]	Epsilon:0.4899	#Expl.:488/1000	#Buy:656	#Sell:141	#Hold:203	#Stocks:  2.330162	PV:  10043.28	POS:8	NEG:8	Loss:  0.167416
[Epoch 004/100]	Epsilon:0.4848	#Expl.:478/1000	#Buy:673	#Sell:143	#Hold:184	#Stocks:  1.499968	PV:   7797.39	POS:8	NEG:8	Loss:  0.160511
[Epoch 005/100]	Epsilon:0.4798	#Expl.:476/1000	#Buy:598	#Sell:210	#Hold:192	#Stocks:  2.078044	PV:   9268.36	POS:11	NEG:6	Loss:  0.156464
[Epoch 006/100]	Epsilon:0.4747	#Expl.:484/1000	#Buy:545	#Sell:270	#Hold:185	#Stocks:  0.790203	PV:   8641.22	POS:9	NEG:7	Loss:  0.150399
[Epoch 007/100]	Epsilon:0.4697	#Expl.:477/1000	#Buy:533	#Sell:275	#Hold:192	#Stocks:  2.602153	PV:  12238.08	POS:9	NEG:8	Loss:  0.148295
[Epoch 008/100]	Epsilon:0.4646	#Expl.:467/1000	#Buy:662	#Sell:149	#Hold:189	#Stocks:  1.826976	PV:   8161.28	POS:11	NEG:5	Loss:  0.144061
[Epoch 009/100]	Epsilon:0.4596	#Expl.:448/1000	#Buy:688	#Sell:134	#Hold:178	#Stocks:  2.050156	PV:   8837.06	POS:9	NEG:7	Loss:  0.145506
[Epoch 010/100]	Epsilon:0.4545	#Expl.:489/1000	#Buy:643	#Sell:167	#Hold:190	#Stocks:  0.476519	PV:  10299.04	POS:11	NEG:6	Loss:  0.141777
[Epoch 011/100]	Epsilon:0.4495	#Expl.:458/1000	#Buy:649	#Sell:176	#Hold:175	#Stocks:  2.407691	PV:  10393.11	POS:9	NEG:8	Loss:  0.143507
[Epoch 012/100]	Epsilon:0.4444	#Expl.:453/1000	#Buy:295	#Sell:530	#Hold:175	#Stocks:  0.000002	PV:   9436.59	POS:8	NEG:8	Loss:  0.148328
[Epoch 013/100]	Epsilon:0.4394	#Expl.:404/1000	#Buy:107	#Sell:711	#Hold:182	#Stocks:  0.080648	PV:  10802.99	POS:9	NEG:7	Loss:  0.140990
[Epoch 014/100]	Epsilon:0.4343	#Expl.:443/1000	#Buy:122	#Sell:684	#Hold:194	#Stocks:  0.388114	PV:   8297.56	POS:5	NEG:11	Loss:  0.145459
[Epoch 015/100]	Epsilon:0.4293	#Expl.:437/1000	#Buy:131	#Sell:677	#Hold:192	#Stocks:  0.508323	PV:   7462.27	POS:5	NEG:11	Loss:  0.139836
[Epoch 016/100]	Epsilon:0.4242	#Expl.:435/1000	#Buy:121	#Sell:678	#Hold:201	#Stocks:  0.003738	PV:   8821.51	POS:3	NEG:13	Loss:  0.131922
[Epoch 017/100]	Epsilon:0.4192	#Expl.:425/1000	#Buy:338	#Sell:471	#Hold:191	#Stocks:  1.847824	PV:   8120.71	POS:7	NEG:9	Loss:  0.136805
[Epoch 018/100]	Epsilon:0.4141	#Expl.:417/1000	#Buy:716	#Sell:127	#Hold:157	#Stocks:  2.179992	PV:   9568.27	POS:10	NEG:6	Loss:  0.141477
[Epoch 019/100]	Epsilon:0.4091	#Expl.:416/1000	#Buy:712	#Sell:122	#Hold:166	#Stocks:  2.199379	PV:   9652.37	POS:10	NEG:6	Loss:  0.138047
[Epoch 020/100]	Epsilon:0.4040	#Expl.:412/1000	#Buy:698	#Sell:143	#Hold:159	#Stocks:  1.750109	PV:   7544.57	POS:9	NEG:7	Loss:  0.137667
[Epoch 021/100]	Epsilon:0.3990	#Expl.:420/1000	#Buy:704	#Sell:130	#Hold:166	#Stocks:  1.875623	PV:   8096.22	POS:8	NEG:9	Loss:  0.142005
[Epoch 022/100]	Epsilon:0.3939	#Expl.:436/1000	#Buy:682	#Sell:130	#Hold:188	#Stocks:  2.057765	PV:   9034.90	POS:9	NEG:8	Loss:  0.137047
[Epoch 023/100]	Epsilon:0.3889	#Expl.:357/1000	#Buy:744	#Sell:110	#Hold:146	#Stocks:  1.045030	PV:   9269.64	POS:11	NEG:5	Loss:  0.132751
[Epoch 024/100]	Epsilon:0.3838	#Expl.:394/1000	#Buy:719	#Sell:123	#Hold:158	#Stocks:  2.301758	PV:  10711.89	POS:12	NEG:5	Loss:  0.129830
[Epoch 025/100]	Epsilon:0.3788	#Expl.:404/1000	#Buy:720	#Sell:123	#Hold:157	#Stocks:  2.021988	PV:   8714.93	POS:9	NEG:8	Loss:  0.135626
[Epoch 026/100]	Epsilon:0.3737	#Expl.:375/1000	#Buy:739	#Sell:111	#Hold:150	#Stocks:  1.991006	PV:   8581.34	POS:10	NEG:6	Loss:  0.131273
[Epoch 027/100]	Epsilon:0.3687	#Expl.:384/1000	#Buy:723	#Sell:125	#Hold:152	#Stocks:  2.287006	PV:   9942.79	POS:11	NEG:6	Loss:  0.129109
[Epoch 028/100]	Epsilon:0.3636	#Expl.:354/1000	#Buy:747	#Sell:102	#Hold:151	#Stocks:  1.996371	PV:  10514.63	POS:11	NEG:5	Loss:  0.126183
[Epoch 029/100]	Epsilon:0.3586	#Expl.:358/1000	#Buy:748	#Sell:114	#Hold:138	#Stocks:  1.833201	PV:   8851.12	POS:9	NEG:7	Loss:  0.133465
[Epoch 030/100]	Epsilon:0.3535	#Expl.:375/1000	#Buy:743	#Sell:117	#Hold:140	#Stocks:  2.113961	PV:   9825.14	POS:10	NEG:6	Loss:  0.130406
[Epoch 031/100]	Epsilon:0.3485	#Expl.:347/1000	#Buy:751	#Sell:91	#Hold:158	#Stocks:  2.037644	PV:   8782.47	POS:11	NEG:5	Loss:  0.123712
[Epoch 032/100]	Epsilon:0.3434	#Expl.:327/1000	#Buy:764	#Sell:109	#Hold:127	#Stocks:  2.040123	PV:   8799.59	POS:8	NEG:8	Loss:  0.137687
[Epoch 033/100]	Epsilon:0.3384	#Expl.:330/1000	#Buy:764	#Sell:94	#Hold:142	#Stocks:  1.580122	PV:   8823.22	POS:9	NEG:7	Loss:  0.132159
[Epoch 034/100]	Epsilon:0.3333	#Expl.:335/1000	#Buy:769	#Sell:97	#Hold:134	#Stocks:  2.036388	PV:   8841.63	POS:9	NEG:7	Loss:  0.131295
[Epoch 035/100]	Epsilon:0.3283	#Expl.:323/1000	#Buy:770	#Sell:98	#Hold:132	#Stocks:  2.235324	PV:   9828.02	POS:10	NEG:7	Loss:  0.130002
[Epoch 036/100]	Epsilon:0.3232	#Expl.:309/1000	#Buy:785	#Sell:93	#Hold:122	#Stocks:  2.311159	PV:  10021.60	POS:10	NEG:6	Loss:  0.126354
[Epoch 037/100]	Epsilon:0.3182	#Expl.:312/1000	#Buy:785	#Sell:102	#Hold:113	#Stocks:  2.189107	PV:   9435.08	POS:9	NEG:7	Loss:  0.132166
[Epoch 038/100]	Epsilon:0.3131	#Expl.:301/1000	#Buy:796	#Sell:82	#Hold:122	#Stocks:  2.269437	PV:   9912.32	POS:10	NEG:7	Loss:  0.128846
[Epoch 039/100]	Epsilon:0.3081	#Expl.:288/1000	#Buy:797	#Sell:78	#Hold:125	#Stocks:  2.086887	PV:   9640.91	POS:9	NEG:7	Loss:  0.128875
[Epoch 040/100]	Epsilon:0.3030	#Expl.:298/1000	#Buy:785	#Sell:93	#Hold:122	#Stocks:  2.025964	PV:   9011.53	POS:11	NEG:5	Loss:  0.121207
[Epoch 041/100]	Epsilon:0.2980	#Expl.:299/1000	#Buy:782	#Sell:90	#Hold:128	#Stocks:  2.324251	PV:  10017.54	POS:9	NEG:7	Loss:  0.131295
[Epoch 042/100]	Epsilon:0.2929	#Expl.:313/1000	#Buy:790	#Sell:98	#Hold:112	#Stocks:  2.154376	PV:   9290.85	POS:9	NEG:7	Loss:  0.131002
[Epoch 043/100]	Epsilon:0.2879	#Expl.:293/1000	#Buy:805	#Sell:92	#Hold:103	#Stocks:  2.079616	PV:   9647.61	POS:10	NEG:7	Loss:  0.126472
[Epoch 044/100]	Epsilon:0.2828	#Expl.:276/1000	#Buy:813	#Sell:87	#Hold:100	#Stocks:  2.068307	PV:   9154.35	POS:8	NEG:8	Loss:  0.134739
[Epoch 045/100]	Epsilon:0.2778	#Expl.:279/1000	#Buy:812	#Sell:86	#Hold:102	#Stocks:  2.126707	PV:   9167.02	POS:10	NEG:6	Loss:  0.123882
[Epoch 046/100]	Epsilon:0.2727	#Expl.:267/1000	#Buy:815	#Sell:89	#Hold:96	#Stocks:  1.984600	PV:   9187.70	POS:10	NEG:6	Loss:  0.125433
[Epoch 047/100]	Epsilon:0.2677	#Expl.:278/1000	#Buy:815	#Sell:90	#Hold:95	#Stocks:  2.021441	PV:   8903.92	POS:10	NEG:6	Loss:  0.124325
[Epoch 048/100]	Epsilon:0.2626	#Expl.:283/1000	#Buy:804	#Sell:76	#Hold:120	#Stocks:  2.048309	PV:   9562.15	POS:11	NEG:5	Loss:  0.118590
[Epoch 049/100]	Epsilon:0.2576	#Expl.:253/1000	#Buy:836	#Sell:68	#Hold:96	#Stocks:  2.166408	PV:   9344.89	POS:10	NEG:6	Loss:  0.124420
[Epoch 050/100]	Epsilon:0.2525	#Expl.:263/1000	#Buy:806	#Sell:82	#Hold:112	#Stocks:  2.199085	PV:   9478.08	POS:11	NEG:5	Loss:  0.117886
[Epoch 051/100]	Epsilon:0.2475	#Expl.:254/1000	#Buy:825	#Sell:68	#Hold:107	#Stocks:  2.061954	PV:   8887.04	POS:9	NEG:7	Loss:  0.128510
[Epoch 052/100]	Epsilon:0.2424	#Expl.:253/1000	#Buy:813	#Sell:83	#Hold:104	#Stocks:  2.189323	PV:   9458.28	POS:11	NEG:6	Loss:  0.122702
[Epoch 053/100]	Epsilon:0.2374	#Expl.:254/1000	#Buy:830	#Sell:74	#Hold:96	#Stocks:  2.036811	PV:   8807.95	POS:10	NEG:6	Loss:  0.122496
[Epoch 054/100]	Epsilon:0.2323	#Expl.:219/1000	#Buy:854	#Sell:63	#Hold:83	#Stocks:  0.945719	PV:   9202.04	POS:9	NEG:7	Loss:  0.126320
[Epoch 055/100]	Epsilon:0.2273	#Expl.:215/1000	#Buy:851	#Sell:61	#Hold:88	#Stocks:  0.851281	PV:   9070.50	POS:9	NEG:7	Loss:  0.127475
[Epoch 056/100]	Epsilon:0.2222	#Expl.:238/1000	#Buy:821	#Sell:67	#Hold:112	#Stocks:  2.142721	PV:   9235.15	POS:11	NEG:5	Loss:  0.115968
[Epoch 057/100]	Epsilon:0.2172	#Expl.:227/1000	#Buy:842	#Sell:71	#Hold:87	#Stocks:  2.068349	PV:   8920.07	POS:11	NEG:6	Loss:  0.120029
[Epoch 058/100]	Epsilon:0.2121	#Expl.:230/1000	#Buy:840	#Sell:79	#Hold:81	#Stocks:  1.665164	PV:   8844.30	POS:9	NEG:7	Loss:  0.129116
[Epoch 059/100]	Epsilon:0.2071	#Expl.:207/1000	#Buy:857	#Sell:65	#Hold:78	#Stocks:  0.962969	PV:   9806.94	POS:10	NEG:6	Loss:  0.122409
[Epoch 060/100]	Epsilon:0.2020	#Expl.:194/1000	#Buy:862	#Sell:56	#Hold:82	#Stocks:  2.320659	PV:  10030.94	POS:11	NEG:5	Loss:  0.115549
[Epoch 061/100]	Epsilon:0.1970	#Expl.:174/1000	#Buy:876	#Sell:54	#Hold:70	#Stocks:  2.362021	PV:  10180.34	POS:10	NEG:6	Loss:  0.122164
[Epoch 062/100]	Epsilon:0.1919	#Expl.:213/1000	#Buy:848	#Sell:59	#Hold:93	#Stocks:  2.204655	PV:   9548.96	POS:9	NEG:7	Loss:  0.127325
[Epoch 063/100]	Epsilon:0.1869	#Expl.:191/1000	#Buy:860	#Sell:59	#Hold:81	#Stocks:  2.211087	PV:   9529.87	POS:10	NEG:6	Loss:  0.121294
[Epoch 064/100]	Epsilon:0.1818	#Expl.:187/1000	#Buy:878	#Sell:57	#Hold:65	#Stocks:  2.749501	PV:  11850.38	POS:11	NEG:6	Loss:  0.119884
[Epoch 065/100]	Epsilon:0.1768	#Expl.:181/1000	#Buy:880	#Sell:58	#Hold:62	#Stocks:  2.245930	PV:   9679.98	POS:10	NEG:6	Loss:  0.121132
[Epoch 066/100]	Epsilon:0.1717	#Expl.:194/1000	#Buy:866	#Sell:58	#Hold:76	#Stocks:  1.995581	PV:   8600.97	POS:9	NEG:7	Loss:  0.126226
[Epoch 067/100]	Epsilon:0.1667	#Expl.:181/1000	#Buy:870	#Sell:62	#Hold:68	#Stocks:  2.169478	PV:   9352.68	POS:10	NEG:6	Loss:  0.121584
[Epoch 068/100]	Epsilon:0.1616	#Expl.:174/1000	#Buy:878	#Sell:49	#Hold:73	#Stocks:  2.131838	PV:   9188.24	POS:9	NEG:7	Loss:  0.126531
[Epoch 069/100]	Epsilon:0.1566	#Expl.:123/1000	#Buy:912	#Sell:45	#Hold:43	#Stocks:  2.089285	PV:   9004.84	POS:9	NEG:7	Loss:  0.126277
[Epoch 070/100]	Epsilon:0.1515	#Expl.:148/1000	#Buy:901	#Sell:43	#Hold:56	#Stocks:  2.241695	PV:   9661.73	POS:10	NEG:6	Loss:  0.121112
[Epoch 071/100]	Epsilon:0.1465	#Expl.:137/1000	#Buy:908	#Sell:38	#Hold:54	#Stocks:  2.117933	PV:   9128.31	POS:10	NEG:6	Loss:  0.120801
[Epoch 072/100]	Epsilon:0.1414	#Expl.:152/1000	#Buy:902	#Sell:40	#Hold:58	#Stocks:  2.197292	PV:   9470.35	POS:10	NEG:6	Loss:  0.120434
[Epoch 073/100]	Epsilon:0.1364	#Expl.:146/1000	#Buy:902	#Sell:44	#Hold:54	#Stocks:  2.092686	PV:   9019.50	POS:10	NEG:6	Loss:  0.120541
[Epoch 074/100]	Epsilon:0.1313	#Expl.:124/1000	#Buy:907	#Sell:34	#Hold:59	#Stocks:  2.316222	PV:   9982.94	POS:10	NEG:6	Loss:  0.119570
[Epoch 075/100]	Epsilon:0.1263	#Expl.:134/1000	#Buy:898	#Sell:49	#Hold:53	#Stocks:  2.422798	PV:  10443.73	POS:12	NEG:4	Loss:  0.106844
[Epoch 076/100]	Epsilon:0.1212	#Expl.:119/1000	#Buy:921	#Sell:40	#Hold:39	#Stocks:  2.358279	PV:  10164.23	POS:10	NEG:6	Loss:  0.119395
[Epoch 077/100]	Epsilon:0.1162	#Expl.:128/1000	#Buy:904	#Sell:35	#Hold:61	#Stocks:  2.279391	PV:   9824.20	POS:10	NEG:6	Loss:  0.119843
[Epoch 078/100]	Epsilon:0.1111	#Expl.:116/1000	#Buy:918	#Sell:28	#Hold:54	#Stocks:  2.244409	PV:   9675.13	POS:10	NEG:6	Loss:  0.119465
[Epoch 079/100]	Epsilon:0.1061	#Expl.:100/1000	#Buy:938	#Sell:30	#Hold:32	#Stocks:  2.088911	PV:   9156.28	POS:9	NEG:7	Loss:  0.126364
[Epoch 080/100]	Epsilon:0.1010	#Expl.:103/1000	#Buy:932	#Sell:31	#Hold:37	#Stocks:  2.145718	PV:   9248.07	POS:10	NEG:6	Loss:  0.120317
[Epoch 081/100]	Epsilon:0.0960	#Expl.:88/1000	#Buy:942	#Sell:23	#Hold:35	#Stocks:  2.310928	PV:   9960.12	POS:10	NEG:6	Loss:  0.119231
[Epoch 082/100]	Epsilon:0.0909	#Expl.:90/1000	#Buy:938	#Sell:29	#Hold:33	#Stocks:  2.362932	PV:  10184.27	POS:10	NEG:6	Loss:  0.119189
[Epoch 083/100]	Epsilon:0.0859	#Expl.:79/1000	#Buy:945	#Sell:24	#Hold:31	#Stocks:  2.311408	PV:   9962.19	POS:10	NEG:6	Loss:  0.118588
[Epoch 084/100]	Epsilon:0.0808	#Expl.:81/1000	#Buy:945	#Sell:21	#Hold:34	#Stocks:  2.367024	PV:  10201.90	POS:10	NEG:6	Loss:  0.119071
[Epoch 085/100]	Epsilon:0.0758	#Expl.:78/1000	#Buy:946	#Sell:23	#Hold:31	#Stocks:  2.366581	PV:  10199.99	POS:10	NEG:6	Loss:  0.119690
[Epoch 086/100]	Epsilon:0.0707	#Expl.:66/1000	#Buy:946	#Sell:27	#Hold:27	#Stocks:  2.419426	PV:  10427.75	POS:10	NEG:6	Loss:  0.118984
[Epoch 087/100]	Epsilon:0.0657	#Expl.:57/1000	#Buy:963	#Sell:14	#Hold:23	#Stocks:  1.232075	PV:  10222.49	POS:10	NEG:6	Loss:  0.119376
[Epoch 088/100]	Epsilon:0.0606	#Expl.:66/1000	#Buy:956	#Sell:20	#Hold:24	#Stocks:  2.160861	PV:   9313.33	POS:9	NEG:7	Loss:  0.126336
[Epoch 089/100]	Epsilon:0.0556	#Expl.:63/1000	#Buy:956	#Sell:21	#Hold:23	#Stocks:  2.298632	PV:   9907.13	POS:10	NEG:6	Loss:  0.119103
[Epoch 090/100]	Epsilon:0.0505	#Expl.:54/1000	#Buy:960	#Sell:20	#Hold:20	#Stocks:  2.379262	PV:  10254.64	POS:10	NEG:6	Loss:  0.119135
[Epoch 091/100]	Epsilon:0.0455	#Expl.:53/1000	#Buy:964	#Sell:18	#Hold:18	#Stocks:  2.376781	PV:  10249.08	POS:10	NEG:6	Loss:  0.119141
[Epoch 092/100]	Epsilon:0.0404	#Expl.:34/1000	#Buy:978	#Sell:10	#Hold:12	#Stocks:  2.283249	PV:   9840.83	POS:10	NEG:6	Loss:  0.118896
[Epoch 093/100]	Epsilon:0.0354	#Expl.:30/1000	#Buy:979	#Sell:9	#Hold:12	#Stocks:  2.328526	PV:  10036.71	POS:10	NEG:6	Loss:  0.118663
[Epoch 094/100]	Epsilon:0.0303	#Expl.:24/1000	#Buy:984	#Sell:10	#Hold:6	#Stocks:  2.266913	PV:   9770.42	POS:10	NEG:6	Loss:  0.118572
[Epoch 095/100]	Epsilon:0.0253	#Expl.:27/1000	#Buy:981	#Sell:6	#Hold:13	#Stocks:  2.399822	PV:  10343.26	POS:10	NEG:6	Loss:  0.118595
[Epoch 096/100]	Epsilon:0.0202	#Expl.:22/1000	#Buy:982	#Sell:9	#Hold:9	#Stocks:  2.315957	PV:   9981.80	POS:10	NEG:6	Loss:  0.118933
[Epoch 097/100]	Epsilon:0.0152	#Expl.:14/1000	#Buy:989	#Sell:3	#Hold:8	#Stocks:  2.341250	PV:  10090.81	POS:10	NEG:6	Loss:  0.118513
[Epoch 098/100]	Epsilon:0.0101	#Expl.:5/1000	#Buy:996	#Sell:2	#Hold:2	#Stocks:  2.374160	PV:  10232.65	POS:10	NEG:6	Loss:  0.118451
[Epoch 099/100]	Epsilon:0.0051	#Expl.:3/1000	#Buy:997	#Sell:2	#Hold:1	#Stocks:  2.344845	PV:  10106.31	POS:10	NEG:6	Loss:  0.118343
[Epoch 100/100]	Epsilon:0.0000	#Expl.:0/1000	#Buy:1000	#Sell:0	#Hold:0	#Stocks:  2.362572	PV:  10182.71	POS:10	NEG:6	Loss:  0.118394
Max PV: 12238.076661281399, 	 # Win: 27
