LR: 0.1, DF: 0, DRT: 0.2
findfont: Matching :family=sans-serif:style=normal:variant=normal:weight=normal:stretch=normal:size=10.0 to DejaVu Sans ('/usr/local/lib/python3.5/dist-packages/matplotlib/mpl-data/fonts/ttf/DejaVuSans.ttf') with score of 0.050000
findfont: Matching :family=sans-serif:style=normal:variant=normal:weight=normal:stretch=normal:size=12.0 to DejaVu Sans ('/usr/local/lib/python3.5/dist-packages/matplotlib/mpl-data/fonts/ttf/DejaVuSans.ttf') with score of 0.050000
[Epoch 001/100]	Epsilon:0.5000	#Expl.:2125/4299	#Buy:2922	#Sell:1339	#Hold:38	#Stocks:  0.156255	PV:    999.33	POS:1	NEG:4287	Loss:  0.054587
[Epoch 002/100]	Epsilon:0.4949	#Expl.:2144/4299	#Buy:2710	#Sell:1578	#Hold:11	#Stocks:  0.183404	PV:   1171.96	POS:1	NEG:4288	Loss:  0.057394
[Epoch 003/100]	Epsilon:0.4899	#Expl.:2095/4299	#Buy:2350	#Sell:1916	#Hold:33	#Stocks:  0.132295	PV:    845.37	POS:0	NEG:4289	Loss:  0.060316
[Epoch 004/100]	Epsilon:0.4848	#Expl.:2128/4299	#Buy:2604	#Sell:1688	#Hold:7	#Stocks:  0.332530	PV:   2145.48	POS:0	NEG:4293	Loss:  0.059144
[Epoch 005/100]	Epsilon:0.4798	#Expl.:2023/4299	#Buy:2730	#Sell:1569	#Hold:0	#Stocks:  0.283205	PV:   1809.70	POS:1	NEG:4290	Loss:  0.057499
[Epoch 006/100]	Epsilon:0.4747	#Expl.:2094/4299	#Buy:2580	#Sell:1698	#Hold:21	#Stocks:  0.000013	PV:   2095.76	POS:3	NEG:4287	Loss:  0.058818
[Epoch 007/100]	Epsilon:0.4697	#Expl.:2036/4299	#Buy:2668	#Sell:1582	#Hold:49	#Stocks:  0.105406	PV:   1232.46	POS:1	NEG:4288	Loss:  0.058027
[Epoch 008/100]	Epsilon:0.4646	#Expl.:1951/4299	#Buy:1704	#Sell:1925	#Hold:670	#Stocks:  0.141953	PV:   1514.81	POS:2	NEG:4288	Loss:  0.057161
[Epoch 009/100]	Epsilon:0.4596	#Expl.:1980/4299	#Buy:1115	#Sell:2410	#Hold:774	#Stocks:  0.269108	PV:   2798.88	POS:0	NEG:4294	Loss:  0.048206
[Epoch 010/100]	Epsilon:0.4545	#Expl.:1939/4299	#Buy:1139	#Sell:2757	#Hold:403	#Stocks:  0.384196	PV:   3838.39	POS:0	NEG:4295	Loss:  0.048508
[Epoch 011/100]	Epsilon:0.4495	#Expl.:1915/4299	#Buy:1316	#Sell:2814	#Hold:169	#Stocks:  0.000000	PV:   3106.24	POS:0	NEG:4294	Loss:  0.052945
[Epoch 012/100]	Epsilon:0.4444	#Expl.:1953/4299	#Buy:1550	#Sell:2722	#Hold:27	#Stocks:  0.061660	PV:   1910.96	POS:0	NEG:4292	Loss:  0.057062
[Epoch 013/100]	Epsilon:0.4394	#Expl.:1843/4299	#Buy:1597	#Sell:2638	#Hold:64	#Stocks:  0.013910	PV:   1431.01	POS:0	NEG:4291	Loss:  0.057660
[Epoch 014/100]	Epsilon:0.4343	#Expl.:1880/4299	#Buy:1679	#Sell:2585	#Hold:35	#Stocks:  0.007800	PV:   1751.50	POS:0	NEG:4292	Loss:  0.058854
[Epoch 015/100]	Epsilon:0.4293	#Expl.:1800/4299	#Buy:1432	#Sell:2741	#Hold:126	#Stocks:  0.204303	PV:   1798.74	POS:0	NEG:4292	Loss:  0.055060
[Epoch 016/100]	Epsilon:0.4242	#Expl.:1829/4299	#Buy:1464	#Sell:2767	#Hold:68	#Stocks:  0.000000	PV:   1856.74	POS:0	NEG:4292	Loss:  0.055522
[Epoch 017/100]	Epsilon:0.4192	#Expl.:1780/4299	#Buy:1227	#Sell:3027	#Hold:45	#Stocks:  0.000000	PV:   2708.59	POS:1	NEG:4292	Loss:  0.050380
[Epoch 018/100]	Epsilon:0.4141	#Expl.:1773/4299	#Buy:1262	#Sell:2944	#Hold:93	#Stocks:  0.335668	PV:   2144.94	POS:0	NEG:4293	Loss:  0.051322
[Epoch 019/100]	Epsilon:0.4091	#Expl.:1781/4299	#Buy:1389	#Sell:2762	#Hold:148	#Stocks:  0.265476	PV:   1696.41	POS:0	NEG:4292	Loss:  0.053111
[Epoch 020/100]	Epsilon:0.4040	#Expl.:1740/4299	#Buy:1530	#Sell:2688	#Hold:81	#Stocks:  0.233177	PV:   1490.02	POS:0	NEG:4291	Loss:  0.055364
[Epoch 021/100]	Epsilon:0.3990	#Expl.:1754/4299	#Buy:1880	#Sell:2412	#Hold:7	#Stocks:  0.384906	PV:   2459.58	POS:0	NEG:4293	Loss:  0.052994
[Epoch 022/100]	Epsilon:0.3939	#Expl.:1718/4299	#Buy:2498	#Sell:1799	#Hold:2	#Stocks:  0.336267	PV:   2148.77	POS:0	NEG:4292	Loss:  0.057051
[Epoch 023/100]	Epsilon:0.3889	#Expl.:1621/4299	#Buy:2764	#Sell:1534	#Hold:1	#Stocks:  0.246941	PV:   1577.97	POS:1	NEG:4289	Loss:  0.055793
[Epoch 024/100]	Epsilon:0.3838	#Expl.:1631/4299	#Buy:2315	#Sell:1984	#Hold:0	#Stocks:  0.070111	PV:   1874.15	POS:1	NEG:4290	Loss:  0.057935
[Epoch 025/100]	Epsilon:0.3788	#Expl.:1602/4299	#Buy:1003	#Sell:3281	#Hold:15	#Stocks:  0.000000	PV:   1524.27	POS:0	NEG:4291	Loss:  0.044631
[Epoch 026/100]	Epsilon:0.3737	#Expl.:1594/4299	#Buy:1035	#Sell:3264	#Hold:0	#Stocks:  0.011380	PV:   2856.56	POS:0	NEG:4294	Loss:  0.045206
[Epoch 027/100]	Epsilon:0.3687	#Expl.:1581/4299	#Buy:1994	#Sell:2305	#Hold:0	#Stocks:  0.329429	PV:   2106.14	POS:0	NEG:4293	Loss:  0.057324
[Epoch 028/100]	Epsilon:0.3636	#Expl.:1575/4299	#Buy:3334	#Sell:964	#Hold:1	#Stocks:  0.232272	PV:   1484.23	POS:3	NEG:4286	Loss:  0.043445
[Epoch 029/100]	Epsilon:0.3586	#Expl.:1488/4299	#Buy:2847	#Sell:1451	#Hold:1	#Stocks:  0.074475	PV:   1190.38	POS:2	NEG:4287	Loss:  0.051672
[Epoch 030/100]	Epsilon:0.3535	#Expl.:1531/4299	#Buy:1961	#Sell:2338	#Hold:0	#Stocks:  0.180981	PV:   1156.48	POS:1	NEG:4288	Loss:  0.059707
[Epoch 031/100]	Epsilon:0.3485	#Expl.:1516/4299	#Buy:1049	#Sell:3199	#Hold:51	#Stocks:  0.178223	PV:   2896.12	POS:0	NEG:4294	Loss:  0.045124
[Epoch 032/100]	Epsilon:0.3434	#Expl.:1469/4299	#Buy:1392	#Sell:2905	#Hold:2	#Stocks:  0.332601	PV:   2125.34	POS:1	NEG:4291	Loss:  0.049705
[Epoch 033/100]	Epsilon:0.3384	#Expl.:1447/4299	#Buy:2328	#Sell:1971	#Hold:0	#Stocks:  0.000000	PV:   1676.66	POS:1	NEG:4290	Loss:  0.056696
[Epoch 034/100]	Epsilon:0.3333	#Expl.:1392/4299	#Buy:2731	#Sell:1565	#Hold:3	#Stocks:  0.222324	PV:   2308.58	POS:2	NEG:4289	Loss:  0.055289
[Epoch 035/100]	Epsilon:0.3283	#Expl.:1474/4299	#Buy:2510	#Sell:1788	#Hold:1	#Stocks:  0.151281	PV:    966.70	POS:1	NEG:4288	Loss:  0.056969
[Epoch 036/100]	Epsilon:0.3232	#Expl.:1369/4299	#Buy:2593	#Sell:1705	#Hold:1	#Stocks:  0.000007	PV:   2233.14	POS:2	NEG:4289	Loss:  0.056590
[Epoch 037/100]	Epsilon:0.3182	#Expl.:1339/4299	#Buy:3093	#Sell:1206	#Hold:0	#Stocks:  0.000181	PV:   2067.03	POS:3	NEG:4287	Loss:  0.048189
[Epoch 038/100]	Epsilon:0.3131	#Expl.:1350/4299	#Buy:1761	#Sell:2538	#Hold:0	#Stocks:  0.000000	PV:   1890.60	POS:1	NEG:4290	Loss:  0.054086
[Epoch 039/100]	Epsilon:0.3081	#Expl.:1346/4299	#Buy:873	#Sell:3411	#Hold:15	#Stocks:  0.000000	PV:   2555.69	POS:0	NEG:4293	Loss:  0.040259
[Epoch 040/100]	Epsilon:0.3030	#Expl.:1291/4299	#Buy:1001	#Sell:3297	#Hold:1	#Stocks:  0.017552	PV:   3789.42	POS:0	NEG:4295	Loss:  0.041399
[Epoch 041/100]	Epsilon:0.2980	#Expl.:1273/4299	#Buy:2263	#Sell:2034	#Hold:2	#Stocks:  0.169956	PV:   1086.03	POS:0	NEG:4290	Loss:  0.055029
[Epoch 042/100]	Epsilon:0.2929	#Expl.:1243/4299	#Buy:2404	#Sell:1895	#Hold:0	#Stocks:  0.009808	PV:   1491.91	POS:0	NEG:4291	Loss:  0.054933
[Epoch 043/100]	Epsilon:0.2879	#Expl.:1217/4299	#Buy:1644	#Sell:2650	#Hold:5	#Stocks:  0.232610	PV:   1486.39	POS:0	NEG:4291	Loss:  0.054045
[Epoch 044/100]	Epsilon:0.2828	#Expl.:1167/4299	#Buy:2909	#Sell:1390	#Hold:0	#Stocks:  0.289942	PV:   2088.32	POS:2	NEG:4289	Loss:  0.048174
[Epoch 045/100]	Epsilon:0.2778	#Expl.:1194/4299	#Buy:2510	#Sell:1789	#Hold:0	#Stocks:  0.401814	PV:   2567.62	POS:4	NEG:4286	Loss:  0.056299
[Epoch 046/100]	Epsilon:0.2727	#Expl.:1173/4299	#Buy:2833	#Sell:1466	#Hold:0	#Stocks:  0.386433	PV:   2469.34	POS:1	NEG:4291	Loss:  0.051713
[Epoch 047/100]	Epsilon:0.2677	#Expl.:1116/4299	#Buy:2694	#Sell:1602	#Hold:3	#Stocks:  0.258657	PV:   1657.03	POS:1	NEG:4290	Loss:  0.053611
[Epoch 048/100]	Epsilon:0.2626	#Expl.:1125/4299	#Buy:3116	#Sell:1183	#Hold:0	#Stocks:  0.278000	PV:   1776.44	POS:3	NEG:4286	Loss:  0.047061
[Epoch 049/100]	Epsilon:0.2576	#Expl.:1120/4299	#Buy:2964	#Sell:1333	#Hold:2	#Stocks:  0.000059	PV:   2917.19	POS:1	NEG:4292	Loss:  0.051598
[Epoch 050/100]	Epsilon:0.2525	#Expl.:1041/4299	#Buy:2740	#Sell:1554	#Hold:5	#Stocks:  0.000000	PV:   1787.97	POS:2	NEG:4288	Loss:  0.054080
[Epoch 051/100]	Epsilon:0.2475	#Expl.:1094/4299	#Buy:2434	#Sell:1860	#Hold:5	#Stocks:  0.170810	PV:   1933.44	POS:4	NEG:4285	Loss:  0.053267
[Epoch 052/100]	Epsilon:0.2424	#Expl.:1004/4299	#Buy:2649	#Sell:1621	#Hold:29	#Stocks:  0.467442	PV:   2986.99	POS:1	NEG:4292	Loss:  0.041426
[Epoch 053/100]	Epsilon:0.2374	#Expl.:1020/4299	#Buy:3478	#Sell:821	#Hold:0	#Stocks:  0.252262	PV:   1611.97	POS:1	NEG:4289	Loss:  0.035823
[Epoch 054/100]	Epsilon:0.2323	#Expl.:1045/4299	#Buy:3602	#Sell:697	#Hold:0	#Stocks:  0.290586	PV:   1856.86	POS:5	NEG:4283	Loss:  0.033776
[Epoch 055/100]	Epsilon:0.2273	#Expl.:1016/4299	#Buy:3346	#Sell:950	#Hold:3	#Stocks:  0.000000	PV:   2106.88	POS:3	NEG:4287	Loss:  0.041547
[Epoch 056/100]	Epsilon:0.2222	#Expl.:931/4299	#Buy:2568	#Sell:1469	#Hold:262	#Stocks:  0.525572	PV:   3358.44	POS:1	NEG:4293	Loss:  0.045337
[Epoch 057/100]	Epsilon:0.2172	#Expl.:948/4299	#Buy:2477	#Sell:1647	#Hold:175	#Stocks:  0.162726	PV:   1781.56	POS:1	NEG:4290	Loss:  0.046239
[Epoch 058/100]	Epsilon:0.2121	#Expl.:924/4299	#Buy:3720	#Sell:575	#Hold:4	#Stocks:  0.421972	PV:   2696.43	POS:3	NEG:4288	Loss:  0.029217
[Epoch 059/100]	Epsilon:0.2071	#Expl.:911/4299	#Buy:3353	#Sell:928	#Hold:18	#Stocks:  0.350484	PV:   2240.70	POS:4	NEG:4285	Loss:  0.039903
[Epoch 060/100]	Epsilon:0.2020	#Expl.:840/4299	#Buy:3772	#Sell:527	#Hold:0	#Stocks:  0.337766	PV:   2169.89	POS:0	NEG:4292	Loss:  0.026843
[Epoch 061/100]	Epsilon:0.1970	#Expl.:857/4299	#Buy:3701	#Sell:598	#Hold:0	#Stocks:  0.356254	PV:   2276.49	POS:4	NEG:4286	Loss:  0.029749
[Epoch 062/100]	Epsilon:0.1919	#Expl.:828/4299	#Buy:3666	#Sell:633	#Hold:0	#Stocks:  0.328609	PV:   2099.83	POS:2	NEG:4289	Loss:  0.030678
[Epoch 063/100]	Epsilon:0.1869	#Expl.:762/4299	#Buy:3630	#Sell:663	#Hold:6	#Stocks:  0.534167	PV:   3413.37	POS:3	NEG:4289	Loss:  0.031763
[Epoch 064/100]	Epsilon:0.1818	#Expl.:760/4299	#Buy:2861	#Sell:1366	#Hold:72	#Stocks:  0.133900	PV:   2374.70	POS:2	NEG:4289	Loss:  0.050047
[Epoch 065/100]	Epsilon:0.1768	#Expl.:760/4299	#Buy:2930	#Sell:1281	#Hold:88	#Stocks:  0.208715	PV:   1384.05	POS:1	NEG:4289	Loss:  0.047489
[Epoch 066/100]	Epsilon:0.1717	#Expl.:764/4299	#Buy:1120	#Sell:2714	#Hold:465	#Stocks:  0.000000	PV:   3343.59	POS:1	NEG:4293	Loss:  0.041273
[Epoch 067/100]	Epsilon:0.1667	#Expl.:751/4299	#Buy:987	#Sell:2960	#Hold:352	#Stocks:  0.000000	PV:   2985.33	POS:0	NEG:4294	Loss:  0.041282
[Epoch 068/100]	Epsilon:0.1616	#Expl.:735/4299	#Buy:1329	#Sell:2730	#Hold:240	#Stocks:  0.000000	PV:   4229.20	POS:2	NEG:4292	Loss:  0.044759
[Epoch 069/100]	Epsilon:0.1566	#Expl.:685/4299	#Buy:422	#Sell:1362	#Hold:2515	#Stocks:  0.138971	PV:   3845.27	POS:0	NEG:4295	Loss:  0.022030
[Epoch 070/100]	Epsilon:0.1515	#Expl.:633/4299	#Buy:335	#Sell:1186	#Hold:2778	#Stocks:  0.000000	PV:   4608.02	POS:0	NEG:4296	Loss:  0.018113
[Epoch 071/100]	Epsilon:0.1465	#Expl.:624/4299	#Buy:347	#Sell:683	#Hold:3269	#Stocks:  0.000000	PV:   7258.36	POS:0	NEG:4298	Loss:  0.018611
[Epoch 072/100]	Epsilon:0.1414	#Expl.:645/4299	#Buy:354	#Sell:716	#Hold:3229	#Stocks:  0.000000	PV:   5144.66	POS:0	NEG:4297	Loss:  0.018905
[Epoch 073/100]	Epsilon:0.1364	#Expl.:567/4299	#Buy:332	#Sell:596	#Hold:3371	#Stocks:  0.000000	PV:   6926.44	POS:0	NEG:4298	Loss:  0.017769
[Epoch 074/100]	Epsilon:0.1313	#Expl.:584/4299	#Buy:285	#Sell:594	#Hold:3420	#Stocks:  0.000000	PV:   7682.53	POS:0	NEG:4298	Loss:  0.015576
[Epoch 075/100]	Epsilon:0.1263	#Expl.:546/4299	#Buy:295	#Sell:484	#Hold:3520	#Stocks:  0.000000	PV:   7337.71	POS:0	NEG:4298	Loss:  0.015970
[Epoch 076/100]	Epsilon:0.1212	#Expl.:499/4299	#Buy:253	#Sell:576	#Hold:3470	#Stocks:  0.000000	PV:   7545.85	POS:0	NEG:4298	Loss:  0.013941
[Epoch 077/100]	Epsilon:0.1162	#Expl.:472/4299	#Buy:391	#Sell:1147	#Hold:2761	#Stocks:  0.000000	PV:   5062.72	POS:0	NEG:4296	Loss:  0.020155
[Epoch 078/100]	Epsilon:0.1111	#Expl.:467/4299	#Buy:342	#Sell:811	#Hold:3146	#Stocks:  0.000000	PV:   5939.89	POS:0	NEG:4297	Loss:  0.018048
[Epoch 079/100]	Epsilon:0.1061	#Expl.:418/4299	#Buy:328	#Sell:664	#Hold:3307	#Stocks:  0.000241	PV:   6936.38	POS:0	NEG:4298	Loss:  0.017189
[Epoch 080/100]	Epsilon:0.1010	#Expl.:414/4299	#Buy:331	#Sell:903	#Hold:3065	#Stocks:  0.000000	PV:   4827.08	POS:0	NEG:4296	Loss:  0.017390
[Epoch 081/100]	Epsilon:0.0960	#Expl.:383/4299	#Buy:498	#Sell:941	#Hold:2860	#Stocks:  0.006139	PV:   4936.65	POS:0	NEG:4296	Loss:  0.022576
[Epoch 082/100]	Epsilon:0.0909	#Expl.:391/4299	#Buy:624	#Sell:1224	#Hold:2451	#Stocks:  0.000784	PV:   9373.68	POS:0	NEG:4299	Loss:  0.029967
[Epoch 083/100]	Epsilon:0.0859	#Expl.:381/4299	#Buy:427	#Sell:793	#Hold:3079	#Stocks:  0.000000	PV:   5184.99	POS:0	NEG:4297	Loss:  0.021824
[Epoch 084/100]	Epsilon:0.0808	#Expl.:357/4299	#Buy:495	#Sell:909	#Hold:2895	#Stocks:  0.000000	PV:   7124.14	POS:0	NEG:4298	Loss:  0.023715
[Epoch 085/100]	Epsilon:0.0758	#Expl.:357/4299	#Buy:422	#Sell:881	#Hold:2996	#Stocks:  0.000000	PV:   6120.68	POS:0	NEG:4297	Loss:  0.021019
[Epoch 086/100]	Epsilon:0.0707	#Expl.:298/4299	#Buy:375	#Sell:909	#Hold:3015	#Stocks:  0.000000	PV:   9189.44	POS:0	NEG:4299	Loss:  0.018967
[Epoch 087/100]	Epsilon:0.0657	#Expl.:298/4299	#Buy:397	#Sell:773	#Hold:3129	#Stocks:  0.000000	PV:   9524.72	POS:1	NEG:4297	Loss:  0.020392
[Epoch 088/100]	Epsilon:0.0606	#Expl.:241/4299	#Buy:619	#Sell:1089	#Hold:2591	#Stocks:  0.000007	PV:  11503.12	POS:2	NEG:4296	Loss:  0.028973
[Epoch 089/100]	Epsilon:0.0556	#Expl.:246/4299	#Buy:450	#Sell:634	#Hold:3215	#Stocks:  0.000000	PV:  10694.15	POS:1	NEG:4298	Loss:  0.022572
[Epoch 090/100]	Epsilon:0.0505	#Expl.:207/4299	#Buy:262	#Sell:465	#Hold:3572	#Stocks:  0.000000	PV:   8029.14	POS:0	NEG:4298	Loss:  0.013823
[Epoch 091/100]	Epsilon:0.0455	#Expl.:181/4299	#Buy:232	#Sell:552	#Hold:3515	#Stocks:  0.000000	PV:   6797.06	POS:0	NEG:4298	Loss:  0.012283
[Epoch 092/100]	Epsilon:0.0404	#Expl.:173/4299	#Buy:226	#Sell:359	#Hold:3714	#Stocks:  0.000005	PV:  13264.13	POS:1	NEG:4298	Loss:  0.011724
[Epoch 093/100]	Epsilon:0.0354	#Expl.:157/4299	#Buy:228	#Sell:318	#Hold:3753	#Stocks:  0.000000	PV:  10618.43	POS:1	NEG:4298	Loss:  0.012325
[Epoch 094/100]	Epsilon:0.0303	#Expl.:130/4299	#Buy:297	#Sell:215	#Hold:3787	#Stocks:  0.000000	PV:  12421.80	POS:1	NEG:4298	Loss:  0.015075
[Epoch 095/100]	Epsilon:0.0253	#Expl.:126/4299	#Buy:209	#Sell:199	#Hold:3891	#Stocks:  0.000000	PV:   9422.09	POS:0	NEG:4299	Loss:  0.011019
[Epoch 096/100]	Epsilon:0.0202	#Expl.:75/4299	#Buy:205	#Sell:212	#Hold:3882	#Stocks:  0.000000	PV:  10229.87	POS:1	NEG:4297	Loss:  0.010674
[Epoch 097/100]	Epsilon:0.0152	#Expl.:70/4299	#Buy:155	#Sell:216	#Hold:3928	#Stocks:  0.000000	PV:  11363.44	POS:1	NEG:4298	Loss:  0.008507
[Epoch 098/100]	Epsilon:0.0101	#Expl.:46/4299	#Buy:162	#Sell:241	#Hold:3896	#Stocks:  0.000000	PV:  11821.63	POS:1	NEG:4298	Loss:  0.008797
[Epoch 099/100]	Epsilon:0.0051	#Expl.:28/4299	#Buy:115	#Sell:116	#Hold:4068	#Stocks:  0.000000	PV:  13263.92	POS:1	NEG:4298	Loss:  0.006320
[Epoch 100/100]	Epsilon:0.0000	#Expl.:0/4299	#Buy:126	#Sell:108	#Hold:4065	#Stocks:  0.000000	PV:  10934.60	POS:1	NEG:4298	Loss:  0.006849
Max PV: 13264.126252629781, 	 # Win: 10
