LR: 0.1, DF: 0, DRT: 0.2
findfont: Matching :family=sans-serif:style=normal:variant=normal:weight=normal:stretch=normal:size=10.0 to DejaVu Sans ('/usr/local/lib/python3.5/dist-packages/matplotlib/mpl-data/fonts/ttf/DejaVuSans.ttf') with score of 0.050000
findfont: Matching :family=sans-serif:style=normal:variant=normal:weight=normal:stretch=normal:size=12.0 to DejaVu Sans ('/usr/local/lib/python3.5/dist-packages/matplotlib/mpl-data/fonts/ttf/DejaVuSans.ttf') with score of 0.050000
[Epoch 001/100]	Epsilon:0.5000	#Expl.:515/1000	#Buy:386	#Sell:558	#Hold:56	#Stocks:  1.606164	PV:   7250.73	POS:0	NEG:999	Loss:  0.060938
[Epoch 002/100]	Epsilon:0.4949	#Expl.:489/1000	#Buy:338	#Sell:561	#Hold:101	#Stocks:  0.000000	PV:   7298.03	POS:0	NEG:999	Loss:  0.055794
[Epoch 003/100]	Epsilon:0.4899	#Expl.:485/1000	#Buy:309	#Sell:513	#Hold:178	#Stocks:  0.022265	PV:   6411.44	POS:0	NEG:998	Loss:  0.053504
[Epoch 004/100]	Epsilon:0.4848	#Expl.:509/1000	#Buy:372	#Sell:562	#Hold:66	#Stocks:  1.424466	PV:   6788.78	POS:0	NEG:999	Loss:  0.058477
[Epoch 005/100]	Epsilon:0.4798	#Expl.:445/1000	#Buy:326	#Sell:528	#Hold:146	#Stocks:  0.013155	PV:   7016.66	POS:0	NEG:999	Loss:  0.054980
[Epoch 006/100]	Epsilon:0.4747	#Expl.:474/1000	#Buy:325	#Sell:474	#Hold:201	#Stocks:  1.117883	PV:   6758.04	POS:0	NEG:999	Loss:  0.054796
[Epoch 007/100]	Epsilon:0.4697	#Expl.:476/1000	#Buy:288	#Sell:552	#Hold:160	#Stocks:  1.004262	PV:   7283.72	POS:0	NEG:999	Loss:  0.051353
[Epoch 008/100]	Epsilon:0.4646	#Expl.:445/1000	#Buy:296	#Sell:521	#Hold:183	#Stocks:  0.000001	PV:   7111.57	POS:0	NEG:999	Loss:  0.052022
[Epoch 009/100]	Epsilon:0.4596	#Expl.:441/1000	#Buy:265	#Sell:481	#Hold:254	#Stocks:  0.000000	PV:   7551.71	POS:0	NEG:999	Loss:  0.048984
[Epoch 010/100]	Epsilon:0.4545	#Expl.:485/1000	#Buy:283	#Sell:477	#Hold:240	#Stocks:  0.686775	PV:   7154.41	POS:0	NEG:999	Loss:  0.050934
[Epoch 011/100]	Epsilon:0.4495	#Expl.:430/1000	#Buy:275	#Sell:579	#Hold:146	#Stocks:  0.000000	PV:   6166.38	POS:0	NEG:998	Loss:  0.050158
[Epoch 012/100]	Epsilon:0.4444	#Expl.:414/1000	#Buy:270	#Sell:556	#Hold:174	#Stocks:  0.000000	PV:   7440.77	POS:0	NEG:999	Loss:  0.049346
[Epoch 013/100]	Epsilon:0.4394	#Expl.:446/1000	#Buy:295	#Sell:553	#Hold:152	#Stocks:  0.000000	PV:   7755.09	POS:1	NEG:997	Loss:  0.051692
[Epoch 014/100]	Epsilon:0.4343	#Expl.:431/1000	#Buy:341	#Sell:552	#Hold:107	#Stocks:  1.714853	PV:   7391.03	POS:0	NEG:999	Loss:  0.055426
[Epoch 015/100]	Epsilon:0.4293	#Expl.:455/1000	#Buy:322	#Sell:519	#Hold:159	#Stocks:  1.016822	PV:   7696.94	POS:0	NEG:999	Loss:  0.054415
[Epoch 016/100]	Epsilon:0.4242	#Expl.:403/1000	#Buy:283	#Sell:333	#Hold:384	#Stocks:  0.000000	PV:   6758.73	POS:0	NEG:999	Loss:  0.050105
[Epoch 017/100]	Epsilon:0.4192	#Expl.:418/1000	#Buy:265	#Sell:445	#Hold:290	#Stocks:  0.930657	PV:   7316.33	POS:0	NEG:999	Loss:  0.048778
[Epoch 018/100]	Epsilon:0.4141	#Expl.:420/1000	#Buy:244	#Sell:490	#Hold:266	#Stocks:  0.644684	PV:  10279.88	POS:0	NEG:1000	Loss:  0.046418
[Epoch 019/100]	Epsilon:0.4091	#Expl.:385/1000	#Buy:288	#Sell:384	#Hold:328	#Stocks:  0.000000	PV:   6802.35	POS:0	NEG:999	Loss:  0.050214
[Epoch 020/100]	Epsilon:0.4040	#Expl.:396/1000	#Buy:232	#Sell:534	#Hold:234	#Stocks:  0.000000	PV:   8138.96	POS:0	NEG:999	Loss:  0.044795
[Epoch 021/100]	Epsilon:0.3990	#Expl.:387/1000	#Buy:243	#Sell:499	#Hold:258	#Stocks:  0.000000	PV:   7697.36	POS:0	NEG:999	Loss:  0.045737
[Epoch 022/100]	Epsilon:0.3939	#Expl.:395/1000	#Buy:243	#Sell:665	#Hold:92	#Stocks:  0.010329	PV:   7536.98	POS:0	NEG:999	Loss:  0.045976
[Epoch 023/100]	Epsilon:0.3889	#Expl.:388/1000	#Buy:256	#Sell:713	#Hold:31	#Stocks:  0.688391	PV:   7435.42	POS:0	NEG:999	Loss:  0.047848
[Epoch 024/100]	Epsilon:0.3838	#Expl.:389/1000	#Buy:355	#Sell:615	#Hold:30	#Stocks:  0.004809	PV:   6454.31	POS:0	NEG:999	Loss:  0.057274
[Epoch 025/100]	Epsilon:0.3788	#Expl.:379/1000	#Buy:270	#Sell:670	#Hold:60	#Stocks:  0.000000	PV:   8745.10	POS:0	NEG:1000	Loss:  0.049270
[Epoch 026/100]	Epsilon:0.3737	#Expl.:344/1000	#Buy:243	#Sell:638	#Hold:119	#Stocks:  0.893383	PV:   7882.65	POS:0	NEG:999	Loss:  0.045884
[Epoch 027/100]	Epsilon:0.3687	#Expl.:361/1000	#Buy:249	#Sell:661	#Hold:90	#Stocks:  1.282939	PV:   7057.67	POS:0	NEG:999	Loss:  0.046306
[Epoch 028/100]	Epsilon:0.3636	#Expl.:340/1000	#Buy:196	#Sell:789	#Hold:15	#Stocks:  1.601475	PV:   8927.82	POS:0	NEG:1000	Loss:  0.039573
[Epoch 029/100]	Epsilon:0.3586	#Expl.:357/1000	#Buy:291	#Sell:679	#Hold:30	#Stocks:  0.000001	PV:   8130.46	POS:0	NEG:999	Loss:  0.051163
[Epoch 030/100]	Epsilon:0.3535	#Expl.:341/1000	#Buy:223	#Sell:764	#Hold:13	#Stocks:  0.374489	PV:   6938.57	POS:0	NEG:999	Loss:  0.043568
[Epoch 031/100]	Epsilon:0.3485	#Expl.:364/1000	#Buy:264	#Sell:731	#Hold:5	#Stocks:  0.000001	PV:   8935.48	POS:1	NEG:998	Loss:  0.048894
[Epoch 032/100]	Epsilon:0.3434	#Expl.:340/1000	#Buy:231	#Sell:764	#Hold:5	#Stocks:  0.000011	PV:   8498.51	POS:0	NEG:1000	Loss:  0.044402
[Epoch 033/100]	Epsilon:0.3384	#Expl.:351/1000	#Buy:263	#Sell:728	#Hold:9	#Stocks:  1.900612	PV:   9508.94	POS:0	NEG:1000	Loss:  0.048496
[Epoch 034/100]	Epsilon:0.3333	#Expl.:324/1000	#Buy:210	#Sell:782	#Hold:8	#Stocks:  0.055647	PV:   7659.17	POS:0	NEG:999	Loss:  0.041216
[Epoch 035/100]	Epsilon:0.3283	#Expl.:333/1000	#Buy:224	#Sell:759	#Hold:17	#Stocks:  0.003888	PV:   8210.86	POS:0	NEG:999	Loss:  0.043082
[Epoch 036/100]	Epsilon:0.3232	#Expl.:330/1000	#Buy:230	#Sell:760	#Hold:10	#Stocks:  1.014511	PV:   8808.42	POS:1	NEG:998	Loss:  0.044103
[Epoch 037/100]	Epsilon:0.3182	#Expl.:334/1000	#Buy:213	#Sell:781	#Hold:6	#Stocks:  0.000038	PV:   7933.80	POS:0	NEG:999	Loss:  0.041924
[Epoch 038/100]	Epsilon:0.3131	#Expl.:315/1000	#Buy:226	#Sell:766	#Hold:8	#Stocks:  0.000225	PV:   9187.65	POS:1	NEG:998	Loss:  0.043823
[Epoch 039/100]	Epsilon:0.3081	#Expl.:320/1000	#Buy:237	#Sell:748	#Hold:15	#Stocks:  1.139619	PV:   9536.19	POS:0	NEG:1000	Loss:  0.044884
[Epoch 040/100]	Epsilon:0.3030	#Expl.:329/1000	#Buy:253	#Sell:744	#Hold:3	#Stocks:  0.000000	PV:   9048.70	POS:0	NEG:1000	Loss:  0.047336
[Epoch 041/100]	Epsilon:0.2980	#Expl.:295/1000	#Buy:298	#Sell:673	#Hold:29	#Stocks:  0.791936	PV:   8115.86	POS:1	NEG:998	Loss:  0.052323
[Epoch 042/100]	Epsilon:0.2929	#Expl.:301/1000	#Buy:283	#Sell:713	#Hold:4	#Stocks:  0.668301	PV:   7010.45	POS:0	NEG:999	Loss:  0.050576
[Epoch 043/100]	Epsilon:0.2879	#Expl.:286/1000	#Buy:223	#Sell:767	#Hold:10	#Stocks:  0.006819	PV:   7000.65	POS:0	NEG:998	Loss:  0.043433
[Epoch 044/100]	Epsilon:0.2828	#Expl.:268/1000	#Buy:184	#Sell:784	#Hold:32	#Stocks:  0.000000	PV:   9002.29	POS:0	NEG:1000	Loss:  0.037526
[Epoch 045/100]	Epsilon:0.2778	#Expl.:283/1000	#Buy:205	#Sell:784	#Hold:11	#Stocks:  0.000000	PV:   8304.33	POS:0	NEG:1000	Loss:  0.040764
[Epoch 046/100]	Epsilon:0.2727	#Expl.:243/1000	#Buy:176	#Sell:784	#Hold:40	#Stocks:  0.000065	PV:   9095.96	POS:0	NEG:1000	Loss:  0.035963
[Epoch 047/100]	Epsilon:0.2677	#Expl.:268/1000	#Buy:211	#Sell:748	#Hold:41	#Stocks:  0.000785	PV:   9385.93	POS:0	NEG:1000	Loss:  0.041721
[Epoch 048/100]	Epsilon:0.2626	#Expl.:285/1000	#Buy:223	#Sell:719	#Hold:58	#Stocks:  0.988758	PV:   7675.42	POS:0	NEG:999	Loss:  0.042974
[Epoch 049/100]	Epsilon:0.2576	#Expl.:249/1000	#Buy:227	#Sell:711	#Hold:62	#Stocks:  0.233669	PV:   6051.59	POS:0	NEG:998	Loss:  0.043918
[Epoch 050/100]	Epsilon:0.2525	#Expl.:248/1000	#Buy:196	#Sell:730	#Hold:74	#Stocks:  0.153259	PV:   8165.34	POS:0	NEG:1000	Loss:  0.039471
[Epoch 051/100]	Epsilon:0.2475	#Expl.:230/1000	#Buy:180	#Sell:775	#Hold:45	#Stocks:  0.000293	PV:   9977.41	POS:0	NEG:1000	Loss:  0.036977
[Epoch 052/100]	Epsilon:0.2424	#Expl.:238/1000	#Buy:243	#Sell:678	#Hold:79	#Stocks:  0.087610	PV:   6657.50	POS:0	NEG:999	Loss:  0.045408
[Epoch 053/100]	Epsilon:0.2374	#Expl.:212/1000	#Buy:202	#Sell:671	#Hold:127	#Stocks:  0.553701	PV:   7468.57	POS:0	NEG:999	Loss:  0.040429
[Epoch 054/100]	Epsilon:0.2323	#Expl.:255/1000	#Buy:291	#Sell:691	#Hold:18	#Stocks:  0.463412	PV:   8270.04	POS:0	NEG:999	Loss:  0.051170
[Epoch 055/100]	Epsilon:0.2273	#Expl.:227/1000	#Buy:252	#Sell:747	#Hold:1	#Stocks:  0.962702	PV:   7452.36	POS:0	NEG:999	Loss:  0.047078
[Epoch 056/100]	Epsilon:0.2222	#Expl.:226/1000	#Buy:228	#Sell:724	#Hold:48	#Stocks:  0.000012	PV:   7971.95	POS:0	NEG:999	Loss:  0.043828
[Epoch 057/100]	Epsilon:0.2172	#Expl.:217/1000	#Buy:242	#Sell:733	#Hold:25	#Stocks:  0.383809	PV:   7594.01	POS:0	NEG:999	Loss:  0.045972
[Epoch 058/100]	Epsilon:0.2121	#Expl.:204/1000	#Buy:265	#Sell:715	#Hold:20	#Stocks:  0.000815	PV:   7382.26	POS:0	NEG:999	Loss:  0.048294
[Epoch 059/100]	Epsilon:0.2071	#Expl.:221/1000	#Buy:230	#Sell:766	#Hold:4	#Stocks:  0.024330	PV:   7559.68	POS:0	NEG:999	Loss:  0.043696
[Epoch 060/100]	Epsilon:0.2020	#Expl.:198/1000	#Buy:193	#Sell:788	#Hold:19	#Stocks:  0.000002	PV:   8661.86	POS:1	NEG:998	Loss:  0.037965
[Epoch 061/100]	Epsilon:0.1970	#Expl.:197/1000	#Buy:256	#Sell:720	#Hold:24	#Stocks:  0.000166	PV:   8060.10	POS:0	NEG:999	Loss:  0.047478
[Epoch 062/100]	Epsilon:0.1919	#Expl.:197/1000	#Buy:239	#Sell:702	#Hold:59	#Stocks:  0.000000	PV:   8958.98	POS:0	NEG:1000	Loss:  0.044741
[Epoch 063/100]	Epsilon:0.1869	#Expl.:190/1000	#Buy:212	#Sell:769	#Hold:19	#Stocks:  0.000198	PV:   7421.97	POS:0	NEG:999	Loss:  0.041012
[Epoch 064/100]	Epsilon:0.1818	#Expl.:216/1000	#Buy:242	#Sell:730	#Hold:28	#Stocks:  0.448806	PV:   9886.73	POS:0	NEG:1000	Loss:  0.045307
[Epoch 065/100]	Epsilon:0.1768	#Expl.:174/1000	#Buy:155	#Sell:707	#Hold:138	#Stocks:  0.000000	PV:   8659.92	POS:0	NEG:999	Loss:  0.032124
[Epoch 066/100]	Epsilon:0.1717	#Expl.:157/1000	#Buy:129	#Sell:773	#Hold:98	#Stocks:  0.000003	PV:  10107.21	POS:0	NEG:1000	Loss:  0.027655
[Epoch 067/100]	Epsilon:0.1667	#Expl.:166/1000	#Buy:133	#Sell:621	#Hold:246	#Stocks:  0.000000	PV:   9986.01	POS:0	NEG:1000	Loss:  0.028275
[Epoch 068/100]	Epsilon:0.1616	#Expl.:162/1000	#Buy:132	#Sell:680	#Hold:188	#Stocks:  0.000000	PV:   9439.92	POS:0	NEG:1000	Loss:  0.028123
[Epoch 069/100]	Epsilon:0.1566	#Expl.:163/1000	#Buy:147	#Sell:746	#Hold:107	#Stocks:  0.991255	PV:   9716.71	POS:0	NEG:1000	Loss:  0.030910
[Epoch 070/100]	Epsilon:0.1515	#Expl.:143/1000	#Buy:169	#Sell:748	#Hold:83	#Stocks:  0.000000	PV:   8868.26	POS:1	NEG:998	Loss:  0.034769
[Epoch 071/100]	Epsilon:0.1465	#Expl.:155/1000	#Buy:156	#Sell:564	#Hold:280	#Stocks:  0.000000	PV:   9328.46	POS:1	NEG:998	Loss:  0.032640
[Epoch 072/100]	Epsilon:0.1414	#Expl.:141/1000	#Buy:128	#Sell:765	#Hold:107	#Stocks:  0.000000	PV:  10695.00	POS:0	NEG:1000	Loss:  0.027381
[Epoch 073/100]	Epsilon:0.1364	#Expl.:141/1000	#Buy:148	#Sell:776	#Hold:76	#Stocks:  0.000000	PV:  10014.03	POS:0	NEG:1000	Loss:  0.030997
[Epoch 074/100]	Epsilon:0.1313	#Expl.:131/1000	#Buy:144	#Sell:730	#Hold:126	#Stocks:  0.000000	PV:   8546.74	POS:1	NEG:998	Loss:  0.030443
[Epoch 075/100]	Epsilon:0.1263	#Expl.:128/1000	#Buy:160	#Sell:717	#Hold:123	#Stocks:  0.000000	PV:   9345.54	POS:0	NEG:1000	Loss:  0.032744
[Epoch 076/100]	Epsilon:0.1212	#Expl.:129/1000	#Buy:128	#Sell:717	#Hold:155	#Stocks:  0.000000	PV:  10341.62	POS:0	NEG:1000	Loss:  0.027585
[Epoch 077/100]	Epsilon:0.1162	#Expl.:99/1000	#Buy:126	#Sell:696	#Hold:178	#Stocks:  0.000000	PV:  10323.22	POS:0	NEG:1000	Loss:  0.026787
[Epoch 078/100]	Epsilon:0.1111	#Expl.:114/1000	#Buy:140	#Sell:734	#Hold:126	#Stocks:  0.000000	PV:  11533.06	POS:0	NEG:1000	Loss:  0.029401
[Epoch 079/100]	Epsilon:0.1061	#Expl.:92/1000	#Buy:118	#Sell:643	#Hold:239	#Stocks:  0.037341	PV:  11300.33	POS:0	NEG:1000	Loss:  0.025113
[Epoch 080/100]	Epsilon:0.1010	#Expl.:86/1000	#Buy:114	#Sell:535	#Hold:351	#Stocks:  0.000000	PV:   9625.39	POS:0	NEG:1000	Loss:  0.024922
[Epoch 081/100]	Epsilon:0.0960	#Expl.:90/1000	#Buy:92	#Sell:626	#Hold:282	#Stocks:  0.000000	PV:   9742.78	POS:0	NEG:1000	Loss:  0.020543
[Epoch 082/100]	Epsilon:0.0909	#Expl.:93/1000	#Buy:91	#Sell:553	#Hold:356	#Stocks:  0.000000	PV:   9570.26	POS:0	NEG:1000	Loss:  0.020283
[Epoch 083/100]	Epsilon:0.0859	#Expl.:73/1000	#Buy:100	#Sell:457	#Hold:443	#Stocks:  0.000000	PV:  10002.24	POS:0	NEG:1000	Loss:  0.022013
[Epoch 084/100]	Epsilon:0.0808	#Expl.:80/1000	#Buy:114	#Sell:668	#Hold:218	#Stocks:  0.000000	PV:  10574.76	POS:0	NEG:1000	Loss:  0.024757
[Epoch 085/100]	Epsilon:0.0758	#Expl.:85/1000	#Buy:115	#Sell:669	#Hold:216	#Stocks:  0.000000	PV:   9469.38	POS:0	NEG:1000	Loss:  0.024664
[Epoch 086/100]	Epsilon:0.0707	#Expl.:57/1000	#Buy:96	#Sell:633	#Hold:271	#Stocks:  0.000000	PV:  11428.75	POS:1	NEG:999	Loss:  0.021134
[Epoch 087/100]	Epsilon:0.0657	#Expl.:57/1000	#Buy:87	#Sell:532	#Hold:381	#Stocks:  0.000000	PV:  10660.01	POS:0	NEG:1000	Loss:  0.019149
[Epoch 088/100]	Epsilon:0.0606	#Expl.:58/1000	#Buy:105	#Sell:560	#Hold:335	#Stocks:  0.000000	PV:  12196.95	POS:1	NEG:999	Loss:  0.022907
[Epoch 089/100]	Epsilon:0.0556	#Expl.:63/1000	#Buy:115	#Sell:463	#Hold:422	#Stocks:  0.000000	PV:  11051.74	POS:0	NEG:1000	Loss:  0.024498
[Epoch 090/100]	Epsilon:0.0505	#Expl.:49/1000	#Buy:88	#Sell:598	#Hold:314	#Stocks:  0.000000	PV:  10461.94	POS:0	NEG:1000	Loss:  0.019530
[Epoch 091/100]	Epsilon:0.0455	#Expl.:47/1000	#Buy:84	#Sell:432	#Hold:484	#Stocks:  0.000000	PV:  10964.98	POS:0	NEG:1000	Loss:  0.018493
[Epoch 092/100]	Epsilon:0.0404	#Expl.:43/1000	#Buy:87	#Sell:356	#Hold:557	#Stocks:  0.000000	PV:  10414.76	POS:0	NEG:1000	Loss:  0.019103
[Epoch 093/100]	Epsilon:0.0354	#Expl.:39/1000	#Buy:74	#Sell:371	#Hold:555	#Stocks:  0.000000	PV:  10693.53	POS:0	NEG:1000	Loss:  0.016663
[Epoch 094/100]	Epsilon:0.0303	#Expl.:32/1000	#Buy:78	#Sell:339	#Hold:583	#Stocks:  0.000000	PV:  10202.12	POS:0	NEG:1000	Loss:  0.017379
[Epoch 095/100]	Epsilon:0.0253	#Expl.:25/1000	#Buy:75	#Sell:353	#Hold:572	#Stocks:  0.000000	PV:  10919.53	POS:0	NEG:1000	Loss:  0.016779
[Epoch 096/100]	Epsilon:0.0202	#Expl.:23/1000	#Buy:85	#Sell:201	#Hold:714	#Stocks:  0.000000	PV:  10806.13	POS:0	NEG:1000	Loss:  0.018370
[Epoch 097/100]	Epsilon:0.0152	#Expl.:12/1000	#Buy:74	#Sell:243	#Hold:683	#Stocks:  0.000000	PV:  11410.32	POS:0	NEG:1000	Loss:  0.016304
[Epoch 098/100]	Epsilon:0.0101	#Expl.:13/1000	#Buy:105	#Sell:277	#Hold:618	#Stocks:  0.000000	PV:  10265.52	POS:0	NEG:1000	Loss:  0.021790
[Epoch 099/100]	Epsilon:0.0051	#Expl.:5/1000	#Buy:66	#Sell:356	#Hold:578	#Stocks:  0.000000	PV:  11810.87	POS:1	NEG:999	Loss:  0.015069
[Epoch 100/100]	Epsilon:0.0000	#Expl.:0/1000	#Buy:65	#Sell:174	#Hold:761	#Stocks:  0.000000	PV:  11605.75	POS:0	NEG:1000	Loss:  0.014540
Max PV: 12196.948599867195, 	 # Win: 25
