LR: 0.1, DF: 0, DRT: 0.1
findfont: Matching :family=sans-serif:style=normal:variant=normal:weight=normal:stretch=normal:size=10.0 to DejaVu Sans ('/usr/local/lib/python3.5/dist-packages/matplotlib/mpl-data/fonts/ttf/DejaVuSans.ttf') with score of 0.050000
findfont: Matching :family=sans-serif:style=normal:variant=normal:weight=normal:stretch=normal:size=12.0 to DejaVu Sans ('/usr/local/lib/python3.5/dist-packages/matplotlib/mpl-data/fonts/ttf/DejaVuSans.ttf') with score of 0.050000
[Epoch 01/10]	Epsilon:0.5000	#Expl.:2165/4299	#Buy:2129	#Sell:2170	#Hold:0	#Stocks:  0.328000	PV:   2100.97	POS:7	NEG:4272	Loss:  0.058892
[Epoch 02/10]	Epsilon:0.4444	#Expl.:1934/4299	#Buy:1747	#Sell:2551	#Hold:1	#Stocks:  0.056000	PV:   2201.21	POS:2	NEG:4282	Loss:  0.057163
[Epoch 03/10]	Epsilon:0.3889	#Expl.:1691/4299	#Buy:1471	#Sell:2828	#Hold:0	#Stocks:  0.229000	PV:   2632.62	POS:5	NEG:4277	Loss:  0.054793
[Epoch 04/10]	Epsilon:0.3333	#Expl.:1399/4299	#Buy:1822	#Sell:2477	#Hold:0	#Stocks:  0.001000	PV:   2454.02	POS:5	NEG:4278	Loss:  0.055707
[Epoch 05/10]	Epsilon:0.2778	#Expl.:1144/4299	#Buy:1254	#Sell:2985	#Hold:60	#Stocks:  0.380000	PV:   2587.11	POS:3	NEG:4281	Loss:  0.046647
[Epoch 06/10]	Epsilon:0.2222	#Expl.:960/4299	#Buy:1567	#Sell:2712	#Hold:20	#Stocks:  0.000000	PV:   2526.70	POS:7	NEG:4274	Loss:  0.046865
[Epoch 07/10]	Epsilon:0.1667	#Expl.:759/4299	#Buy:556	#Sell:3668	#Hold:75	#Stocks:  0.000000	PV:   3762.24	POS:1	NEG:4289	Loss:  0.028011
[Epoch 08/10]	Epsilon:0.1111	#Expl.:481/4299	#Buy:553	#Sell:3717	#Hold:29	#Stocks:  0.000000	PV:   4771.23	POS:1	NEG:4291	Loss:  0.026952
[Epoch 09/10]	Epsilon:0.0556	#Expl.:251/4299	#Buy:1539	#Sell:2695	#Hold:65	#Stocks:  0.001000	PV:   5014.51	POS:7	NEG:4280	Loss:  0.051503
[Epoch 10/10]	Epsilon:0.0000	#Expl.:0/4299	#Buy:1710	#Sell:2588	#Hold:1	#Stocks:  0.000000	PV:   3544.85	POS:8	NEG:4275	Loss:  0.053042
Max PV: 5014.508370059334, 	 # Win: 0
findfont: Matching :family=sans-serif:style=normal:variant=normal:weight=normal:stretch=normal:size=9.0 to DejaVu Sans ('/usr/local/lib/python3.5/dist-packages/matplotlib/mpl-data/fonts/ttf/DejaVuSans.ttf') with score of 0.050000
LR: 0.1, DF: 0, DRT: 0.11
[Epoch 01/10]	Epsilon:0.5000	#Expl.:2112/4299	#Buy:1983	#Sell:2292	#Hold:24	#Stocks:  0.269000	PV:   1724.42	POS:2	NEG:4282	Loss:  0.057978
[Epoch 02/10]	Epsilon:0.4444	#Expl.:1881/4299	#Buy:2266	#Sell:2028	#Hold:5	#Stocks:  0.130000	PV:    983.67	POS:3	NEG:4275	Loss:  0.057064
[Epoch 03/10]	Epsilon:0.3889	#Expl.:1630/4299	#Buy:1652	#Sell:2645	#Hold:2	#Stocks:  0.075000	PV:   2531.09	POS:3	NEG:4283	Loss:  0.055333
[Epoch 04/10]	Epsilon:0.3333	#Expl.:1465/4299	#Buy:921	#Sell:3370	#Hold:8	#Stocks:  0.001000	PV:   4251.96	POS:3	NEG:4287	Loss:  0.041638
[Epoch 05/10]	Epsilon:0.2778	#Expl.:1202/4299	#Buy:699	#Sell:3588	#Hold:12	#Stocks:  0.001000	PV:   3213.59	POS:0	NEG:4290	Loss:  0.034149
[Epoch 06/10]	Epsilon:0.2222	#Expl.:953/4299	#Buy:586	#Sell:3702	#Hold:11	#Stocks:  0.001000	PV:   6103.46	POS:0	NEG:4295	Loss:  0.029323
[Epoch 07/10]	Epsilon:0.1667	#Expl.:726/4299	#Buy:542	#Sell:3715	#Hold:42	#Stocks:  0.001000	PV:   6066.68	POS:1	NEG:4293	Loss:  0.027159
[Epoch 08/10]	Epsilon:0.1111	#Expl.:482/4299	#Buy:264	#Sell:3974	#Hold:61	#Stocks:  0.001000	PV:   6523.49	POS:0	NEG:4296	Loss:  0.014400
[Epoch 09/10]	Epsilon:0.0556	#Expl.:235/4299	#Buy:284	#Sell:3980	#Hold:35	#Stocks:  0.001000	PV:   8315.85	POS:0	NEG:4298	Loss:  0.014565
[Epoch 10/10]	Epsilon:0.0000	#Expl.:0/4299	#Buy:369	#Sell:3881	#Hold:49	#Stocks:  0.001000	PV:  12471.40	POS:3	NEG:4296	Loss:  0.017133
Max PV: 12471.399173498941, 	 # Win: 1
LR: 0.1, DF: 0, DRT: 0.12
[Epoch 01/10]	Epsilon:0.5000	#Expl.:2100/4299	#Buy:1558	#Sell:2741	#Hold:0	#Stocks:  0.251000	PV:   1990.82	POS:3	NEG:4282	Loss:  0.055874
[Epoch 02/10]	Epsilon:0.4444	#Expl.:1939/4299	#Buy:2062	#Sell:2237	#Hold:0	#Stocks:  0.096000	PV:   1145.58	POS:3	NEG:4277	Loss:  0.061296
[Epoch 03/10]	Epsilon:0.3889	#Expl.:1711/4299	#Buy:1797	#Sell:2498	#Hold:4	#Stocks:  0.104000	PV:   2104.47	POS:3	NEG:4282	Loss:  0.058486
[Epoch 04/10]	Epsilon:0.3333	#Expl.:1471/4299	#Buy:2466	#Sell:1833	#Hold:0	#Stocks:  0.083000	PV:   1334.74	POS:6	NEG:4274	Loss:  0.060107
[Epoch 05/10]	Epsilon:0.2778	#Expl.:1176/4299	#Buy:1931	#Sell:2367	#Hold:1	#Stocks:  0.001000	PV:   2268.46	POS:4	NEG:4281	Loss:  0.056651
[Epoch 06/10]	Epsilon:0.2222	#Expl.:942/4299	#Buy:2802	#Sell:1496	#Hold:1	#Stocks:  0.750000	PV:   4793.19	POS:8	NEG:4278	Loss:  0.055292
[Epoch 07/10]	Epsilon:0.1667	#Expl.:709/4299	#Buy:2451	#Sell:1840	#Hold:8	#Stocks:  0.000000	PV:   1914.01	POS:12	NEG:4265	Loss:  0.043445
[Epoch 08/10]	Epsilon:0.1111	#Expl.:480/4299	#Buy:1428	#Sell:2863	#Hold:8	#Stocks:  0.001000	PV:   2119.43	POS:4	NEG:4281	Loss:  0.052597
[Epoch 09/10]	Epsilon:0.0556	#Expl.:240/4299	#Buy:1362	#Sell:2936	#Hold:1	#Stocks:  0.360000	PV:   2303.50	POS:3	NEG:4282	Loss:  0.045971
[Epoch 10/10]	Epsilon:0.0000	#Expl.:0/4299	#Buy:2389	#Sell:1909	#Hold:1	#Stocks:  0.001000	PV:   2231.43	POS:7	NEG:4275	Loss:  0.050861
Max PV: 4793.193655338301, 	 # Win: 0
LR: 0.1, DF: 0, DRT: 0.13
[Epoch 01/10]	Epsilon:0.5000	#Expl.:2124/4299	#Buy:2448	#Sell:1845	#Hold:6	#Stocks:  0.178000	PV:   1142.79	POS:4	NEG:4277	Loss:  0.059341
[Epoch 02/10]	Epsilon:0.4444	#Expl.:1944/4299	#Buy:1630	#Sell:2669	#Hold:0	#Stocks:  0.294000	PV:   1884.33	POS:4	NEG:4280	Loss:  0.054125
[Epoch 03/10]	Epsilon:0.3889	#Expl.:1677/4299	#Buy:2541	#Sell:1755	#Hold:3	#Stocks:  0.031000	PV:   1122.65	POS:6	NEG:4274	Loss:  0.054389
[Epoch 04/10]	Epsilon:0.3333	#Expl.:1388/4299	#Buy:2455	#Sell:1839	#Hold:5	#Stocks:  0.016000	PV:   1297.71	POS:4	NEG:4278	Loss:  0.057009
[Epoch 05/10]	Epsilon:0.2778	#Expl.:1244/4299	#Buy:2566	#Sell:1727	#Hold:6	#Stocks:  0.000000	PV:   1627.96	POS:3	NEG:4282	Loss:  0.053592
[Epoch 06/10]	Epsilon:0.2222	#Expl.:934/4299	#Buy:2257	#Sell:2038	#Hold:4	#Stocks:  0.385000	PV:   2466.21	POS:2	NEG:4287	Loss:  0.055294
[Epoch 07/10]	Epsilon:0.1667	#Expl.:757/4299	#Buy:2913	#Sell:1379	#Hold:7	#Stocks:  0.065000	PV:   2539.68	POS:4	NEG:4282	Loss:  0.048897
[Epoch 08/10]	Epsilon:0.1111	#Expl.:534/4299	#Buy:1409	#Sell:2875	#Hold:15	#Stocks:  0.000000	PV:   2657.26	POS:3	NEG:4285	Loss:  0.051365
[Epoch 09/10]	Epsilon:0.0556	#Expl.:252/4299	#Buy:1660	#Sell:2639	#Hold:0	#Stocks:  0.055000	PV:   2330.46	POS:4	NEG:4282	Loss:  0.055759
[Epoch 10/10]	Epsilon:0.0000	#Expl.:0/4299	#Buy:2111	#Sell:2166	#Hold:22	#Stocks:  0.390000	PV:   2524.52	POS:3	NEG:4284	Loss:  0.057473
Max PV: 2657.2641410668552, 	 # Win: 0
LR: 0.1, DF: 0, DRT: 0.14
[Epoch 01/10]	Epsilon:0.5000	#Expl.:2130/4299	#Buy:1701	#Sell:2594	#Hold:4	#Stocks:  0.005000	PV:   2222.51	POS:2	NEG:4286	Loss:  0.059749
[Epoch 02/10]	Epsilon:0.4444	#Expl.:1933/4299	#Buy:2222	#Sell:2077	#Hold:0	#Stocks:  0.262000	PV:   2786.83	POS:4	NEG:4283	Loss:  0.061682
[Epoch 03/10]	Epsilon:0.3889	#Expl.:1659/4299	#Buy:2094	#Sell:2205	#Hold:0	#Stocks:  0.169000	PV:   1879.79	POS:3	NEG:4283	Loss:  0.060554
[Epoch 04/10]	Epsilon:0.3333	#Expl.:1428/4299	#Buy:1888	#Sell:2411	#Hold:0	#Stocks:  0.008000	PV:   2395.74	POS:1	NEG:4289	Loss:  0.058456
[Epoch 05/10]	Epsilon:0.2778	#Expl.:1118/4299	#Buy:803	#Sell:3486	#Hold:10	#Stocks:  0.001000	PV:   4467.94	POS:1	NEG:4293	Loss:  0.037848
[Epoch 06/10]	Epsilon:0.2222	#Expl.:908/4299	#Buy:691	#Sell:3600	#Hold:8	#Stocks:  0.040000	PV:   4335.96	POS:1	NEG:4292	Loss:  0.033763
[Epoch 07/10]	Epsilon:0.1667	#Expl.:696/4299	#Buy:538	#Sell:3759	#Hold:2	#Stocks:  0.001000	PV:   4894.29	POS:0	NEG:4295	Loss:  0.027342
[Epoch 08/10]	Epsilon:0.1111	#Expl.:481/4299	#Buy:554	#Sell:3597	#Hold:148	#Stocks:  0.001000	PV:   6226.44	POS:0	NEG:4297	Loss:  0.027114
[Epoch 09/10]	Epsilon:0.0556	#Expl.:227/4299	#Buy:415	#Sell:3866	#Hold:18	#Stocks:  0.000000	PV:   5871.59	POS:0	NEG:4296	Loss:  0.021197
[Epoch 10/10]	Epsilon:0.0000	#Expl.:0/4299	#Buy:394	#Sell:3655	#Hold:250	#Stocks:  0.000000	PV:   9088.54	POS:1	NEG:4297	Loss:  0.018499
Max PV: 9088.536084478963, 	 # Win: 0
LR: 0.1, DF: 0, DRT: 0.15
[Epoch 01/10]	Epsilon:0.5000	#Expl.:2102/4299	#Buy:2575	#Sell:1693	#Hold:31	#Stocks:  0.074000	PV:   1018.13	POS:0	NEG:4285	Loss:  0.058319
[Epoch 02/10]	Epsilon:0.4444	#Expl.:1979/4299	#Buy:2020	#Sell:2279	#Hold:0	#Stocks:  0.010000	PV:   2044.58	POS:2	NEG:4286	Loss:  0.053706
[Epoch 03/10]	Epsilon:0.3889	#Expl.:1662/4299	#Buy:1655	#Sell:2644	#Hold:0	#Stocks:  0.254000	PV:   2004.99	POS:1	NEG:4288	Loss:  0.053448
[Epoch 04/10]	Epsilon:0.3333	#Expl.:1415/4299	#Buy:1567	#Sell:2727	#Hold:5	#Stocks:  0.320000	PV:   3392.87	POS:2	NEG:4290	Loss:  0.052398
[Epoch 05/10]	Epsilon:0.2778	#Expl.:1206/4299	#Buy:1515	#Sell:2776	#Hold:8	#Stocks:  0.001000	PV:   2429.06	POS:3	NEG:4285	Loss:  0.053679
[Epoch 06/10]	Epsilon:0.2222	#Expl.:997/4299	#Buy:2254	#Sell:2041	#Hold:4	#Stocks:  0.638000	PV:   4077.85	POS:5	NEG:4285	Loss:  0.053358
[Epoch 07/10]	Epsilon:0.1667	#Expl.:744/4299	#Buy:2809	#Sell:1490	#Hold:0	#Stocks:  0.001000	PV:   2427.38	POS:6	NEG:4280	Loss:  0.049616
[Epoch 08/10]	Epsilon:0.1111	#Expl.:496/4299	#Buy:2182	#Sell:2094	#Hold:23	#Stocks:  0.363000	PV:   2324.41	POS:0	NEG:4291	Loss:  0.054990
[Epoch 09/10]	Epsilon:0.0556	#Expl.:265/4299	#Buy:1834	#Sell:2463	#Hold:2	#Stocks:  0.562000	PV:   3597.24	POS:3	NEG:4287	Loss:  0.057347
[Epoch 10/10]	Epsilon:0.0000	#Expl.:0/4299	#Buy:3646	#Sell:653	#Hold:0	#Stocks:  0.829000	PV:   5298.23	POS:6	NEG:4284	Loss:  0.027445
Max PV: 5298.2323460664775, 	 # Win: 0
LR: 0.1, DF: 0, DRT: 0.16
[Epoch 01/10]	Epsilon:0.5000	#Expl.:2144/4299	#Buy:2342	#Sell:1945	#Hold:12	#Stocks:  0.001000	PV:   2339.95	POS:2	NEG:4287	Loss:  0.062104
[Epoch 02/10]	Epsilon:0.4444	#Expl.:1927/4299	#Buy:1022	#Sell:3264	#Hold:13	#Stocks:  0.000000	PV:   2235.16	POS:0	NEG:4291	Loss:  0.045631
[Epoch 03/10]	Epsilon:0.3889	#Expl.:1662/4299	#Buy:969	#Sell:3280	#Hold:50	#Stocks:  0.001000	PV:   3408.50	POS:1	NEG:4292	Loss:  0.043685
[Epoch 04/10]	Epsilon:0.3333	#Expl.:1425/4299	#Buy:965	#Sell:3324	#Hold:10	#Stocks:  0.001000	PV:   2903.12	POS:0	NEG:4293	Loss:  0.043509
[Epoch 05/10]	Epsilon:0.2778	#Expl.:1200/4299	#Buy:926	#Sell:3373	#Hold:0	#Stocks:  0.113000	PV:   2540.68	POS:1	NEG:4290	Loss:  0.041898
[Epoch 06/10]	Epsilon:0.2222	#Expl.:922/4299	#Buy:693	#Sell:3319	#Hold:287	#Stocks:  0.001000	PV:   3049.13	POS:0	NEG:4293	Loss:  0.033240
[Epoch 07/10]	Epsilon:0.1667	#Expl.:720/4299	#Buy:447	#Sell:3708	#Hold:144	#Stocks:  0.001000	PV:   4312.27	POS:0	NEG:4295	Loss:  0.023287
[Epoch 08/10]	Epsilon:0.1111	#Expl.:472/4299	#Buy:2458	#Sell:1543	#Hold:298	#Stocks:  0.000000	PV:   4820.09	POS:2	NEG:4292	Loss:  0.034032
[Epoch 09/10]	Epsilon:0.0556	#Expl.:230/4299	#Buy:666	#Sell:3497	#Hold:136	#Stocks:  0.001000	PV:   6049.67	POS:1	NEG:4295	Loss:  0.022619
[Epoch 10/10]	Epsilon:0.0000	#Expl.:0/4299	#Buy:2609	#Sell:1519	#Hold:171	#Stocks:  0.006000	PV:   1010.01	POS:1	NEG:4285	Loss:  0.046560
Max PV: 6049.670000657388, 	 # Win: 0
LR: 0.1, DF: 0, DRT: 0.17
[Epoch 01/10]	Epsilon:0.5000	#Expl.:2100/4299	#Buy:1541	#Sell:2691	#Hold:67	#Stocks:  0.001000	PV:   1696.96	POS:2	NEG:4286	Loss:  0.056659
[Epoch 02/10]	Epsilon:0.4444	#Expl.:1881/4299	#Buy:1223	#Sell:2984	#Hold:92	#Stocks:  0.000000	PV:   1576.47	POS:0	NEG:4290	Loss:  0.046448
[Epoch 03/10]	Epsilon:0.3889	#Expl.:1648/4299	#Buy:795	#Sell:3341	#Hold:163	#Stocks:  0.001000	PV:   2698.99	POS:0	NEG:4293	Loss:  0.038029
[Epoch 04/10]	Epsilon:0.3333	#Expl.:1502/4299	#Buy:776	#Sell:3495	#Hold:28	#Stocks:  0.001000	PV:   3266.53	POS:0	NEG:4294	Loss:  0.037145
[Epoch 05/10]	Epsilon:0.2778	#Expl.:1170/4299	#Buy:604	#Sell:3628	#Hold:67	#Stocks:  0.000000	PV:   3672.50	POS:0	NEG:4294	Loss:  0.030268
[Epoch 06/10]	Epsilon:0.2222	#Expl.:925/4299	#Buy:479	#Sell:3257	#Hold:563	#Stocks:  0.000000	PV:   5417.44	POS:0	NEG:4296	Loss:  0.024892
[Epoch 07/10]	Epsilon:0.1667	#Expl.:753/4299	#Buy:389	#Sell:3653	#Hold:257	#Stocks:  0.000000	PV:   4351.27	POS:0	NEG:4295	Loss:  0.020687
[Epoch 08/10]	Epsilon:0.1111	#Expl.:479/4299	#Buy:342	#Sell:2705	#Hold:1252	#Stocks:  0.001000	PV:   6229.75	POS:0	NEG:4297	Loss:  0.017193
[Epoch 09/10]	Epsilon:0.0556	#Expl.:240/4299	#Buy:116	#Sell:4064	#Hold:119	#Stocks:  0.001000	PV:   7606.84	POS:0	NEG:4298	Loss:  0.006670
[Epoch 10/10]	Epsilon:0.0000	#Expl.:0/4299	#Buy:6	#Sell:3884	#Hold:409	#Stocks:  0.000000	PV:   9482.94	POS:0	NEG:4299	Loss:  0.000434
Max PV: 9482.942264975, 	 # Win: 0
LR: 0.1, DF: 0, DRT: 0.18
[Epoch 01/10]	Epsilon:0.5000	#Expl.:2113/4299	#Buy:2772	#Sell:1527	#Hold:0	#Stocks:  0.229000	PV:   1469.49	POS:2	NEG:4286	Loss:  0.056871
[Epoch 02/10]	Epsilon:0.4444	#Expl.:1877/4299	#Buy:2850	#Sell:1448	#Hold:1	#Stocks:  0.377000	PV:   2411.08	POS:1	NEG:4291	Loss:  0.053073
[Epoch 03/10]	Epsilon:0.3889	#Expl.:1698/4299	#Buy:3190	#Sell:1109	#Hold:0	#Stocks:  0.192000	PV:   1228.49	POS:1	NEG:4287	Loss:  0.046213
[Epoch 04/10]	Epsilon:0.3333	#Expl.:1451/4299	#Buy:3134	#Sell:1165	#Hold:0	#Stocks:  0.307000	PV:   1963.20	POS:3	NEG:4286	Loss:  0.048287
[Epoch 05/10]	Epsilon:0.2778	#Expl.:1205/4299	#Buy:1654	#Sell:2639	#Hold:6	#Stocks:  0.131000	PV:   1765.28	POS:2	NEG:4288	Loss:  0.047357
[Epoch 06/10]	Epsilon:0.2222	#Expl.:925/4299	#Buy:962	#Sell:3336	#Hold:1	#Stocks:  0.680000	PV:   4349.00	POS:2	NEG:4292	Loss:  0.041740
[Epoch 07/10]	Epsilon:0.1667	#Expl.:718/4299	#Buy:1326	#Sell:2966	#Hold:7	#Stocks:  0.366000	PV:   3645.75	POS:0	NEG:4294	Loss:  0.051454
[Epoch 08/10]	Epsilon:0.1111	#Expl.:502/4299	#Buy:801	#Sell:3490	#Hold:8	#Stocks:  0.510000	PV:   3264.38	POS:0	NEG:4294	Loss:  0.035937
[Epoch 09/10]	Epsilon:0.0556	#Expl.:219/4299	#Buy:982	#Sell:3317	#Hold:0	#Stocks:  0.967000	PV:   6191.90	POS:1	NEG:4296	Loss:  0.040537
[Epoch 10/10]	Epsilon:0.0000	#Expl.:0/4299	#Buy:938	#Sell:3361	#Hold:0	#Stocks:  0.748000	PV:   4783.14	POS:1	NEG:4294	Loss:  0.039649
Max PV: 6191.902660519923, 	 # Win: 0
LR: 0.1, DF: 0, DRT: 0.19
[Epoch 01/10]	Epsilon:0.5000	#Expl.:2228/4299	#Buy:1792	#Sell:2487	#Hold:20	#Stocks:  0.094000	PV:   1042.82	POS:0	NEG:4289	Loss:  0.058951
[Epoch 02/10]	Epsilon:0.4444	#Expl.:1895/4299	#Buy:1721	#Sell:2571	#Hold:7	#Stocks:  0.000000	PV:   2780.50	POS:0	NEG:4294	Loss:  0.056788
[Epoch 03/10]	Epsilon:0.3889	#Expl.:1695/4299	#Buy:1488	#Sell:2811	#Hold:0	#Stocks:  0.001000	PV:   1949.29	POS:1	NEG:4290	Loss:  0.053419
[Epoch 04/10]	Epsilon:0.3333	#Expl.:1473/4299	#Buy:2285	#Sell:1966	#Hold:48	#Stocks:  0.002000	PV:   1608.50	POS:1	NEG:4289	Loss:  0.055419
[Epoch 05/10]	Epsilon:0.2778	#Expl.:1238/4299	#Buy:2470	#Sell:1829	#Hold:0	#Stocks:  0.010000	PV:   2069.59	POS:2	NEG:4288	Loss:  0.053131
[Epoch 06/10]	Epsilon:0.2222	#Expl.:913/4299	#Buy:3328	#Sell:971	#Hold:0	#Stocks:  0.208000	PV:   2105.81	POS:7	NEG:4279	Loss:  0.043319
[Epoch 07/10]	Epsilon:0.1667	#Expl.:726/4299	#Buy:3710	#Sell:589	#Hold:0	#Stocks:  0.319000	PV:   2043.47	POS:5	NEG:4283	Loss:  0.029938
[Epoch 08/10]	Epsilon:0.1111	#Expl.:473/4299	#Buy:2149	#Sell:2150	#Hold:0	#Stocks:  0.023000	PV:   2513.56	POS:2	NEG:4289	Loss:  0.041367
[Epoch 09/10]	Epsilon:0.0556	#Expl.:241/4299	#Buy:1702	#Sell:2597	#Hold:0	#Stocks:  0.000000	PV:   2960.66	POS:1	NEG:4292	Loss:  0.045982
[Epoch 10/10]	Epsilon:0.0000	#Expl.:0/4299	#Buy:689	#Sell:3568	#Hold:42	#Stocks:  0.000000	PV:   3730.66	POS:1	NEG:4293	Loss:  0.030023
Max PV: 3730.658638892928, 	 # Win: 0
LR: 0.1, DF: 0, DRT: 0.2
[Epoch 01/10]	Epsilon:0.5000	#Expl.:2155/4299	#Buy:2925	#Sell:1373	#Hold:1	#Stocks:  0.291000	PV:   1937.22	POS:3	NEG:4287	Loss:  0.054922
[Epoch 02/10]	Epsilon:0.4444	#Expl.:1933/4299	#Buy:2867	#Sell:1431	#Hold:1	#Stocks:  0.138000	PV:    885.92	POS:1	NEG:4287	Loss:  0.054678
[Epoch 03/10]	Epsilon:0.3889	#Expl.:1706/4299	#Buy:3246	#Sell:1052	#Hold:1	#Stocks:  0.183000	PV:   1173.35	POS:1	NEG:4288	Loss:  0.045396
[Epoch 04/10]	Epsilon:0.3333	#Expl.:1400/4299	#Buy:3083	#Sell:1216	#Hold:0	#Stocks:  0.170000	PV:   1302.95	POS:1	NEG:4289	Loss:  0.049592
[Epoch 05/10]	Epsilon:0.2778	#Expl.:1225/4299	#Buy:2669	#Sell:1621	#Hold:9	#Stocks:  0.171000	PV:   1958.26	POS:0	NEG:4292	Loss:  0.055801
[Epoch 06/10]	Epsilon:0.2222	#Expl.:941/4299	#Buy:1945	#Sell:2352	#Hold:2	#Stocks:  0.152000	PV:   1712.82	POS:0	NEG:4292	Loss:  0.057337
[Epoch 07/10]	Epsilon:0.1667	#Expl.:765/4299	#Buy:932	#Sell:3352	#Hold:15	#Stocks:  0.204000	PV:   3081.32	POS:0	NEG:4294	Loss:  0.039954
[Epoch 08/10]	Epsilon:0.1111	#Expl.:494/4299	#Buy:978	#Sell:3260	#Hold:61	#Stocks:  0.143000	PV:   1961.06	POS:0	NEG:4292	Loss:  0.042929
[Epoch 09/10]	Epsilon:0.0556	#Expl.:230/4299	#Buy:654	#Sell:3631	#Hold:14	#Stocks:  0.016000	PV:   4641.24	POS:0	NEG:4296	Loss:  0.030970
[Epoch 10/10]	Epsilon:0.0000	#Expl.:0/4299	#Buy:1751	#Sell:2515	#Hold:33	#Stocks:  0.002000	PV:   3686.77	POS:0	NEG:4295	Loss:  0.054152
Max PV: 4641.242541040907, 	 # Win: 0
LR: 0.1, DF: 0, DRT: 0.21
[Epoch 01/10]	Epsilon:0.5000	#Expl.:2143/4299	#Buy:1127	#Sell:3075	#Hold:97	#Stocks:  0.001000	PV:   3134.99	POS:0	NEG:4295	Loss:  0.049012
[Epoch 02/10]	Epsilon:0.4444	#Expl.:1888/4299	#Buy:1015	#Sell:3265	#Hold:19	#Stocks:  0.001000	PV:   2450.07	POS:0	NEG:4294	Loss:  0.045207
[Epoch 03/10]	Epsilon:0.3889	#Expl.:1686/4299	#Buy:1420	#Sell:2865	#Hold:14	#Stocks:  0.155000	PV:   1955.39	POS:1	NEG:4291	Loss:  0.050967
[Epoch 04/10]	Epsilon:0.3333	#Expl.:1393/4299	#Buy:1297	#Sell:3001	#Hold:1	#Stocks:  0.001000	PV:   2748.54	POS:0	NEG:4294	Loss:  0.050678
[Epoch 05/10]	Epsilon:0.2778	#Expl.:1176/4299	#Buy:1467	#Sell:2831	#Hold:1	#Stocks:  0.349000	PV:   2233.91	POS:0	NEG:4293	Loss:  0.049214
[Epoch 06/10]	Epsilon:0.2222	#Expl.:909/4299	#Buy:2220	#Sell:2079	#Hold:0	#Stocks:  0.252000	PV:   1652.66	POS:1	NEG:4290	Loss:  0.053373
[Epoch 07/10]	Epsilon:0.1667	#Expl.:661/4299	#Buy:1024	#Sell:3272	#Hold:3	#Stocks:  0.001000	PV:   4709.72	POS:0	NEG:4296	Loss:  0.039530
[Epoch 08/10]	Epsilon:0.1111	#Expl.:429/4299	#Buy:336	#Sell:3932	#Hold:31	#Stocks:  0.001000	PV:   5589.66	POS:0	NEG:4297	Loss:  0.017618
[Epoch 09/10]	Epsilon:0.0556	#Expl.:234/4299	#Buy:209	#Sell:3716	#Hold:374	#Stocks:  0.000000	PV:   6976.18	POS:0	NEG:4298	Loss:  0.011258
[Epoch 10/10]	Epsilon:0.0000	#Expl.:0/4299	#Buy:86	#Sell:3846	#Hold:367	#Stocks:  0.001000	PV:   9450.04	POS:0	NEG:4299	Loss:  0.004709
Max PV: 9450.038805091983, 	 # Win: 0
LR: 0.1, DF: 0, DRT: 0.22
[Epoch 01/10]	Epsilon:0.5000	#Expl.:2167/4299	#Buy:1367	#Sell:2927	#Hold:5	#Stocks:  0.268000	PV:   2812.96	POS:1	NEG:4293	Loss:  0.054223
[Epoch 02/10]	Epsilon:0.4444	#Expl.:1924/4299	#Buy:1039	#Sell:3254	#Hold:6	#Stocks:  0.084000	PV:   2315.02	POS:0	NEG:4294	Loss:  0.046046
[Epoch 03/10]	Epsilon:0.3889	#Expl.:1691/4299	#Buy:1032	#Sell:3258	#Hold:9	#Stocks:  0.442000	PV:   3141.63	POS:0	NEG:4295	Loss:  0.045254
[Epoch 04/10]	Epsilon:0.3333	#Expl.:1447/4299	#Buy:2118	#Sell:2147	#Hold:34	#Stocks:  0.313000	PV:   2277.78	POS:1	NEG:4292	Loss:  0.058662
[Epoch 05/10]	Epsilon:0.2778	#Expl.:1180/4299	#Buy:2364	#Sell:1934	#Hold:1	#Stocks:  0.000000	PV:   1572.21	POS:0	NEG:4292	Loss:  0.054499
[Epoch 06/10]	Epsilon:0.2222	#Expl.:983/4299	#Buy:966	#Sell:3133	#Hold:200	#Stocks:  0.001000	PV:   3612.75	POS:0	NEG:4295	Loss:  0.042239
[Epoch 07/10]	Epsilon:0.1667	#Expl.:754/4299	#Buy:1909	#Sell:2384	#Hold:6	#Stocks:  0.134000	PV:   2247.76	POS:1	NEG:4292	Loss:  0.056622
[Epoch 08/10]	Epsilon:0.1111	#Expl.:472/4299	#Buy:438	#Sell:3839	#Hold:22	#Stocks:  0.000000	PV:   4916.05	POS:0	NEG:4297	Loss:  0.022247
[Epoch 09/10]	Epsilon:0.0556	#Expl.:215/4299	#Buy:372	#Sell:3885	#Hold:42	#Stocks:  0.384000	PV:   6675.06	POS:0	NEG:4298	Loss:  0.019411
[Epoch 10/10]	Epsilon:0.0000	#Expl.:0/4299	#Buy:377	#Sell:3922	#Hold:0	#Stocks:  0.370000	PV:   6432.31	POS:0	NEG:4298	Loss:  0.018285
Max PV: 6675.056242848435, 	 # Win: 0
LR: 0.1, DF: 0, DRT: 0.23
[Epoch 01/10]	Epsilon:0.5000	#Expl.:2118/4299	#Buy:2962	#Sell:1332	#Hold:5	#Stocks:  0.189000	PV:   1211.96	POS:1	NEG:4290	Loss:  0.052857
[Epoch 02/10]	Epsilon:0.4444	#Expl.:1893/4299	#Buy:3244	#Sell:1055	#Hold:0	#Stocks:  0.184000	PV:   1177.14	POS:1	NEG:4290	Loss:  0.046738
[Epoch 03/10]	Epsilon:0.3889	#Expl.:1688/4299	#Buy:3170	#Sell:1129	#Hold:0	#Stocks:  0.235000	PV:   1503.02	POS:1	NEG:4291	Loss:  0.047478
[Epoch 04/10]	Epsilon:0.3333	#Expl.:1446/4299	#Buy:3436	#Sell:863	#Hold:0	#Stocks:  0.275000	PV:   1759.55	POS:2	NEG:4289	Loss:  0.040413
[Epoch 05/10]	Epsilon:0.2778	#Expl.:1223/4299	#Buy:2862	#Sell:1427	#Hold:10	#Stocks:  0.301000	PV:   1926.06	POS:1	NEG:4291	Loss:  0.054461
[Epoch 06/10]	Epsilon:0.2222	#Expl.:917/4299	#Buy:1655	#Sell:2623	#Hold:21	#Stocks:  0.000000	PV:   2271.67	POS:1	NEG:4292	Loss:  0.040736
[Epoch 07/10]	Epsilon:0.1667	#Expl.:694/4299	#Buy:1321	#Sell:2978	#Hold:0	#Stocks:  0.000000	PV:   4048.90	POS:0	NEG:4296	Loss:  0.049402
[Epoch 08/10]	Epsilon:0.1111	#Expl.:441/4299	#Buy:3739	#Sell:532	#Hold:28	#Stocks:  0.393000	PV:   2514.23	POS:1	NEG:4292	Loss:  0.028793
[Epoch 09/10]	Epsilon:0.0556	#Expl.:247/4299	#Buy:2131	#Sell:2168	#Hold:0	#Stocks:  0.463000	PV:   2963.61	POS:3	NEG:4289	Loss:  0.045948
[Epoch 10/10]	Epsilon:0.0000	#Expl.:0/4299	#Buy:1797	#Sell:1932	#Hold:570	#Stocks:  0.000000	PV:   3927.87	POS:2	NEG:4292	Loss:  0.046271
Max PV: 4048.898460972824, 	 # Win: 0
LR: 0.1, DF: 0, DRT: 0.24
[Epoch 01/10]	Epsilon:0.5000	#Expl.:2096/4299	#Buy:1552	#Sell:2707	#Hold:40	#Stocks:  0.000000	PV:   1004.16	POS:0	NEG:4291	Loss:  0.056480
[Epoch 02/10]	Epsilon:0.4444	#Expl.:1863/4299	#Buy:1044	#Sell:3192	#Hold:63	#Stocks:  0.082000	PV:   2397.75	POS:0	NEG:4294	Loss:  0.046145
[Epoch 03/10]	Epsilon:0.3889	#Expl.:1641/4299	#Buy:927	#Sell:3369	#Hold:3	#Stocks:  0.001000	PV:   2860.15	POS:0	NEG:4295	Loss:  0.042424
[Epoch 04/10]	Epsilon:0.3333	#Expl.:1426/4299	#Buy:846	#Sell:3153	#Hold:300	#Stocks:  0.303000	PV:   5092.36	POS:0	NEG:4297	Loss:  0.039347
[Epoch 05/10]	Epsilon:0.2778	#Expl.:1164/4299	#Buy:1177	#Sell:3032	#Hold:90	#Stocks:  0.124000	PV:   1931.82	POS:0	NEG:4294	Loss:  0.044667
[Epoch 06/10]	Epsilon:0.2222	#Expl.:913/4299	#Buy:1634	#Sell:2662	#Hold:3	#Stocks:  0.215000	PV:   1503.33	POS:1	NEG:4291	Loss:  0.056793
[Epoch 07/10]	Epsilon:0.1667	#Expl.:732/4299	#Buy:911	#Sell:3372	#Hold:16	#Stocks:  0.081000	PV:   4448.11	POS:0	NEG:4296	Loss:  0.041669
[Epoch 08/10]	Epsilon:0.1111	#Expl.:464/4299	#Buy:1409	#Sell:2889	#Hold:1	#Stocks:  0.203000	PV:   2619.30	POS:0	NEG:4295	Loss:  0.052874
[Epoch 09/10]	Epsilon:0.0556	#Expl.:230/4299	#Buy:2075	#Sell:2217	#Hold:7	#Stocks:  0.494000	PV:   3443.43	POS:0	NEG:4295	Loss:  0.059425
[Epoch 10/10]	Epsilon:0.0000	#Expl.:0/4299	#Buy:1827	#Sell:2450	#Hold:22	#Stocks:  0.238000	PV:   3236.30	POS:0	NEG:4295	Loss:  0.059535
Max PV: 5092.358194896827, 	 # Win: 0
LR: 0.1, DF: 0, DRT: 0.25
[Epoch 01/10]	Epsilon:0.5000	#Expl.:2169/4299	#Buy:1040	#Sell:3166	#Hold:93	#Stocks:  0.000000	PV:   1920.17	POS:0	NEG:4294	Loss:  0.046771
[Epoch 02/10]	Epsilon:0.4444	#Expl.:1898/4299	#Buy:976	#Sell:3150	#Hold:173	#Stocks:  0.001000	PV:   2305.66	POS:0	NEG:4294	Loss:  0.044107
[Epoch 03/10]	Epsilon:0.3889	#Expl.:1681/4299	#Buy:851	#Sell:3436	#Hold:12	#Stocks:  0.001000	PV:   3673.06	POS:0	NEG:4296	Loss:  0.039893
[Epoch 04/10]	Epsilon:0.3333	#Expl.:1443/4299	#Buy:755	#Sell:3412	#Hold:132	#Stocks:  0.204000	PV:   2961.34	POS:0	NEG:4295	Loss:  0.036411
[Epoch 05/10]	Epsilon:0.2778	#Expl.:1213/4299	#Buy:611	#Sell:3589	#Hold:99	#Stocks:  0.345000	PV:   4252.80	POS:0	NEG:4297	Loss:  0.030685
[Epoch 06/10]	Epsilon:0.2222	#Expl.:943/4299	#Buy:501	#Sell:3588	#Hold:210	#Stocks:  0.001000	PV:   4670.28	POS:0	NEG:4297	Loss:  0.025920
[Epoch 07/10]	Epsilon:0.1667	#Expl.:711/4299	#Buy:416	#Sell:3729	#Hold:154	#Stocks:  0.001000	PV:   5617.50	POS:0	NEG:4297	Loss:  0.021882
[Epoch 08/10]	Epsilon:0.1111	#Expl.:473/4299	#Buy:315	#Sell:3831	#Hold:153	#Stocks:  0.000000	PV:   6364.36	POS:0	NEG:4298	Loss:  0.017003
[Epoch 09/10]	Epsilon:0.0556	#Expl.:261/4299	#Buy:569	#Sell:3246	#Hold:484	#Stocks:  0.001000	PV:   6111.24	POS:0	NEG:4298	Loss:  0.027082
[Epoch 10/10]	Epsilon:0.0000	#Expl.:0/4299	#Buy:685	#Sell:3609	#Hold:5	#Stocks:  0.001000	PV:   7373.19	POS:0	NEG:4298	Loss:  0.031709
Max PV: 7373.194587258426, 	 # Win: 0
LR: 0.1, DF: 0, DRT: 0.26
[Epoch 01/10]	Epsilon:0.5000	#Expl.:2140/4299	#Buy:1902	#Sell:2384	#Hold:13	#Stocks:  0.000000	PV:   2200.93	POS:1	NEG:4293	Loss:  0.058033
[Epoch 02/10]	Epsilon:0.4444	#Expl.:1887/4299	#Buy:1857	#Sell:2407	#Hold:35	#Stocks:  0.250000	PV:   1603.35	POS:0	NEG:4293	Loss:  0.057965
[Epoch 03/10]	Epsilon:0.3889	#Expl.:1675/4299	#Buy:2723	#Sell:1525	#Hold:51	#Stocks:  0.241000	PV:   1544.20	POS:0	NEG:4293	Loss:  0.048972
[Epoch 04/10]	Epsilon:0.3333	#Expl.:1339/4299	#Buy:3437	#Sell:861	#Hold:1	#Stocks:  0.503000	PV:   3220.70	POS:1	NEG:4294	Loss:  0.039967
[Epoch 05/10]	Epsilon:0.2778	#Expl.:1209/4299	#Buy:3092	#Sell:1207	#Hold:0	#Stocks:  0.250000	PV:   1676.21	POS:2	NEG:4290	Loss:  0.047644
[Epoch 06/10]	Epsilon:0.2222	#Expl.:926/4299	#Buy:2623	#Sell:1676	#Hold:0	#Stocks:  0.001000	PV:   1769.21	POS:1	NEG:4292	Loss:  0.054163
[Epoch 07/10]	Epsilon:0.1667	#Expl.:699/4299	#Buy:1522	#Sell:2775	#Hold:2	#Stocks:  0.001000	PV:   2322.01	POS:0	NEG:4295	Loss:  0.050015
[Epoch 08/10]	Epsilon:0.1111	#Expl.:481/4299	#Buy:657	#Sell:3638	#Hold:4	#Stocks:  0.429000	PV:   5494.00	POS:0	NEG:4297	Loss:  0.031061
[Epoch 09/10]	Epsilon:0.0556	#Expl.:249/4299	#Buy:414	#Sell:3845	#Hold:40	#Stocks:  0.001000	PV:   7883.00	POS:0	NEG:4299	Loss:  0.021046
[Epoch 10/10]	Epsilon:0.0000	#Expl.:0/4299	#Buy:282	#Sell:3975	#Hold:42	#Stocks:  0.000000	PV:   8860.57	POS:0	NEG:4299	Loss:  0.014403
Max PV: 8860.569947636453, 	 # Win: 0
LR: 0.1, DF: 0, DRT: 0.27
[Epoch 01/10]	Epsilon:0.5000	#Expl.:2096/4299	#Buy:1303	#Sell:2992	#Hold:4	#Stocks:  0.137000	PV:   1919.79	POS:0	NEG:4294	Loss:  0.052559
[Epoch 02/10]	Epsilon:0.4444	#Expl.:1915/4299	#Buy:1014	#Sell:3283	#Hold:2	#Stocks:  0.001000	PV:   2501.95	POS:0	NEG:4295	Loss:  0.045349
[Epoch 03/10]	Epsilon:0.3889	#Expl.:1666/4299	#Buy:910	#Sell:3308	#Hold:81	#Stocks:  0.088000	PV:   3321.49	POS:0	NEG:4296	Loss:  0.041821
[Epoch 04/10]	Epsilon:0.3333	#Expl.:1404/4299	#Buy:1283	#Sell:3016	#Hold:0	#Stocks:  0.179000	PV:   2150.14	POS:0	NEG:4295	Loss:  0.051664
[Epoch 05/10]	Epsilon:0.2778	#Expl.:1195/4299	#Buy:1465	#Sell:2799	#Hold:35	#Stocks:  0.373000	PV:   4688.40	POS:0	NEG:4297	Loss:  0.055635
[Epoch 06/10]	Epsilon:0.2222	#Expl.:935/4299	#Buy:1233	#Sell:3066	#Hold:0	#Stocks:  0.000000	PV:   3102.16	POS:1	NEG:4294	Loss:  0.047961
[Epoch 07/10]	Epsilon:0.1667	#Expl.:735/4299	#Buy:879	#Sell:3005	#Hold:415	#Stocks:  0.000000	PV:   5004.75	POS:1	NEG:4296	Loss:  0.039151
[Epoch 08/10]	Epsilon:0.1111	#Expl.:479/4299	#Buy:419	#Sell:3379	#Hold:501	#Stocks:  0.000000	PV:   4641.08	POS:0	NEG:4297	Loss:  0.021183
[Epoch 09/10]	Epsilon:0.0556	#Expl.:248/4299	#Buy:1001	#Sell:2585	#Hold:713	#Stocks:  0.694000	PV:   4438.73	POS:1	NEG:4295	Loss:  0.037948
[Epoch 10/10]	Epsilon:0.0000	#Expl.:0/4299	#Buy:2755	#Sell:994	#Hold:550	#Stocks:  0.606000	PV:   3878.17	POS:1	NEG:4295	Loss:  0.053228
Max PV: 5004.752978478832, 	 # Win: 0
LR: 0.1, DF: 0, DRT: 0.28
[Epoch 01/10]	Epsilon:0.5000	#Expl.:2119/4299	#Buy:1358	#Sell:2918	#Hold:23	#Stocks:  0.260000	PV:   1722.00	POS:0	NEG:4294	Loss:  0.053577
[Epoch 02/10]	Epsilon:0.4444	#Expl.:1911/4299	#Buy:1279	#Sell:3007	#Hold:13	#Stocks:  0.144000	PV:   1595.99	POS:0	NEG:4294	Loss:  0.051844
[Epoch 03/10]	Epsilon:0.3889	#Expl.:1670/4299	#Buy:1331	#Sell:2954	#Hold:14	#Stocks:  0.128000	PV:   1859.73	POS:0	NEG:4294	Loss:  0.052963
[Epoch 04/10]	Epsilon:0.3333	#Expl.:1419/4299	#Buy:2251	#Sell:2047	#Hold:1	#Stocks:  0.422000	PV:   2974.56	POS:2	NEG:4292	Loss:  0.057886
[Epoch 05/10]	Epsilon:0.2778	#Expl.:1193/4299	#Buy:3277	#Sell:1020	#Hold:2	#Stocks:  0.237000	PV:   1520.61	POS:0	NEG:4294	Loss:  0.042807
[Epoch 06/10]	Epsilon:0.2222	#Expl.:953/4299	#Buy:3641	#Sell:658	#Hold:0	#Stocks:  0.209000	PV:   2102.90	POS:2	NEG:4291	Loss:  0.032606
[Epoch 07/10]	Epsilon:0.1667	#Expl.:704/4299	#Buy:3735	#Sell:564	#Hold:0	#Stocks:  0.494000	PV:   3157.62	POS:2	NEG:4292	Loss:  0.028125
[Epoch 08/10]	Epsilon:0.1111	#Expl.:491/4299	#Buy:4007	#Sell:286	#Hold:6	#Stocks:  0.585000	PV:   3738.39	POS:2	NEG:4293	Loss:  0.016110
[Epoch 09/10]	Epsilon:0.0556	#Expl.:231/4299	#Buy:4182	#Sell:117	#Hold:0	#Stocks:  0.591000	PV:   3782.38	POS:3	NEG:4291	Loss:  0.007000
[Epoch 10/10]	Epsilon:0.0000	#Expl.:0/4299	#Buy:3852	#Sell:447	#Hold:0	#Stocks:  0.531000	PV:   3393.49	POS:4	NEG:4289	Loss:  0.022669
Max PV: 3782.3810809634697, 	 # Win: 0
LR: 0.1, DF: 0, DRT: 0.29
[Epoch 01/10]	Epsilon:0.5000	#Expl.:2133/4299	#Buy:2689	#Sell:1610	#Hold:0	#Stocks:  0.104000	PV:   2094.91	POS:0	NEG:4295	Loss:  0.058288
[Epoch 02/10]	Epsilon:0.4444	#Expl.:1937/4299	#Buy:2336	#Sell:1963	#Hold:0	#Stocks:  0.160000	PV:   1677.96	POS:1	NEG:4293	Loss:  0.060597
[Epoch 03/10]	Epsilon:0.3889	#Expl.:1636/4299	#Buy:2177	#Sell:2122	#Hold:0	#Stocks:  0.258000	PV:   1651.22	POS:1	NEG:4293	Loss:  0.061742
[Epoch 04/10]	Epsilon:0.3333	#Expl.:1485/4299	#Buy:2227	#Sell:2071	#Hold:1	#Stocks:  0.214000	PV:   1374.88	POS:0	NEG:4294	Loss:  0.059175
[Epoch 05/10]	Epsilon:0.2778	#Expl.:1150/4299	#Buy:2529	#Sell:1770	#Hold:0	#Stocks:  0.176000	PV:   1126.78	POS:0	NEG:4293	Loss:  0.057305
[Epoch 06/10]	Epsilon:0.2222	#Expl.:1007/4299	#Buy:2229	#Sell:2058	#Hold:12	#Stocks:  0.081000	PV:   1200.02	POS:0	NEG:4293	Loss:  0.057167
[Epoch 07/10]	Epsilon:0.1667	#Expl.:689/4299	#Buy:1989	#Sell:2289	#Hold:21	#Stocks:  0.183000	PV:   1850.84	POS:0	NEG:4294	Loss:  0.059657
[Epoch 08/10]	Epsilon:0.1111	#Expl.:522/4299	#Buy:1724	#Sell:2575	#Hold:0	#Stocks:  0.142000	PV:   2450.86	POS:0	NEG:4295	Loss:  0.058650
[Epoch 09/10]	Epsilon:0.0556	#Expl.:245/4299	#Buy:1772	#Sell:2527	#Hold:0	#Stocks:  0.052000	PV:   3286.61	POS:0	NEG:4296	Loss:  0.059898
[Epoch 10/10]	Epsilon:0.0000	#Expl.:0/4299	#Buy:2943	#Sell:1356	#Hold:0	#Stocks:  0.190000	PV:   2588.51	POS:1	NEG:4294	Loss:  0.051336
Max PV: 3286.6147878218785, 	 # Win: 0
LR: 0.1, DF: 0, DRT: 0.3
[Epoch 01/10]	Epsilon:0.5000	#Expl.:2126/4299	#Buy:1760	#Sell:2539	#Hold:0	#Stocks:  0.000000	PV:   1364.39	POS:0	NEG:4294	Loss:  0.058994
[Epoch 02/10]	Epsilon:0.4444	#Expl.:1908/4299	#Buy:1772	#Sell:2527	#Hold:0	#Stocks:  0.001000	PV:   1314.38	POS:0	NEG:4294	Loss:  0.055318
[Epoch 03/10]	Epsilon:0.3889	#Expl.:1651/4299	#Buy:1629	#Sell:2662	#Hold:8	#Stocks:  0.001000	PV:   1666.68	POS:0	NEG:4295	Loss:  0.055798
[Epoch 04/10]	Epsilon:0.3333	#Expl.:1488/4299	#Buy:1229	#Sell:3052	#Hold:18	#Stocks:  0.000000	PV:   1888.30	POS:0	NEG:4295	Loss:  0.046890
[Epoch 05/10]	Epsilon:0.2778	#Expl.:1216/4299	#Buy:721	#Sell:3547	#Hold:31	#Stocks:  0.294000	PV:   3426.87	POS:0	NEG:4297	Loss:  0.034815
[Epoch 06/10]	Epsilon:0.2222	#Expl.:973/4299	#Buy:700	#Sell:3539	#Hold:60	#Stocks:  0.001000	PV:   3816.43	POS:0	NEG:4297	Loss:  0.033923
[Epoch 07/10]	Epsilon:0.1667	#Expl.:727/4299	#Buy:613	#Sell:3633	#Hold:53	#Stocks:  0.000000	PV:   4539.63	POS:0	NEG:4297	Loss:  0.030165
[Epoch 08/10]	Epsilon:0.1111	#Expl.:488/4299	#Buy:1751	#Sell:2548	#Hold:0	#Stocks:  0.200000	PV:   2138.81	POS:0	NEG:4295	Loss:  0.055275
[Epoch 09/10]	Epsilon:0.0556	#Expl.:211/4299	#Buy:2078	#Sell:2208	#Hold:13	#Stocks:  0.345000	PV:   3484.68	POS:1	NEG:4295	Loss:  0.059519
[Epoch 10/10]	Epsilon:0.0000	#Expl.:0/4299	#Buy:2937	#Sell:1359	#Hold:3	#Stocks:  0.456000	PV:   2917.04	POS:0	NEG:4296	Loss:  0.052502
Max PV: 4539.62804170837, 	 # Win: 0
LR: 0.1, DF: 0, DRT: 0.31
[Epoch 01/10]	Epsilon:0.5000	#Expl.:2187/4299	#Buy:2642	#Sell:1657	#Hold:0	#Stocks:  0.092000	PV:    951.21	POS:0	NEG:4293	Loss:  0.057724
[Epoch 02/10]	Epsilon:0.4444	#Expl.:1945/4299	#Buy:1855	#Sell:2444	#Hold:0	#Stocks:  0.001000	PV:   2853.01	POS:0	NEG:4296	Loss:  0.056640
[Epoch 03/10]	Epsilon:0.3889	#Expl.:1667/4299	#Buy:868	#Sell:3223	#Hold:208	#Stocks:  0.154000	PV:   2232.13	POS:0	NEG:4295	Loss:  0.040448
[Epoch 04/10]	Epsilon:0.3333	#Expl.:1391/4299	#Buy:1148	#Sell:3143	#Hold:8	#Stocks:  0.001000	PV:   3042.98	POS:0	NEG:4296	Loss:  0.047044
[Epoch 05/10]	Epsilon:0.2778	#Expl.:1139/4299	#Buy:931	#Sell:3368	#Hold:0	#Stocks:  0.000000	PV:   4338.84	POS:0	NEG:4297	Loss:  0.041548
[Epoch 06/10]	Epsilon:0.2222	#Expl.:995/4299	#Buy:793	#Sell:3337	#Hold:169	#Stocks:  0.000000	PV:   5411.21	POS:0	NEG:4298	Loss:  0.036423
[Epoch 07/10]	Epsilon:0.1667	#Expl.:666/4299	#Buy:566	#Sell:2994	#Hold:739	#Stocks:  0.000000	PV:   4055.69	POS:0	NEG:4297	Loss:  0.028461
[Epoch 08/10]	Epsilon:0.1111	#Expl.:498/4299	#Buy:534	#Sell:3636	#Hold:129	#Stocks:  0.000000	PV:   5669.84	POS:0	NEG:4298	Loss:  0.026177
[Epoch 09/10]	Epsilon:0.0556	#Expl.:246/4299	#Buy:418	#Sell:3675	#Hold:206	#Stocks:  0.000000	PV:   5543.68	POS:0	NEG:4298	Loss:  0.021301
[Epoch 10/10]	Epsilon:0.0000	#Expl.:0/4299	#Buy:267	#Sell:3899	#Hold:133	#Stocks:  0.001000	PV:   9402.07	POS:0	NEG:4299	Loss:  0.013777
Max PV: 9402.07146714194, 	 # Win: 0
LR: 0.1, DF: 0, DRT: 0.32
[Epoch 01/10]	Epsilon:0.5000	#Expl.:2119/4299	#Buy:2160	#Sell:2130	#Hold:9	#Stocks:  0.155000	PV:   1823.29	POS:0	NEG:4295	Loss:  0.059872
[Epoch 02/10]	Epsilon:0.4444	#Expl.:1890/4299	#Buy:2571	#Sell:1719	#Hold:9	#Stocks:  0.210000	PV:   1342.73	POS:0	NEG:4294	Loss:  0.058112
[Epoch 03/10]	Epsilon:0.3889	#Expl.:1700/4299	#Buy:2432	#Sell:1866	#Hold:1	#Stocks:  0.283000	PV:   1812.49	POS:0	NEG:4295	Loss:  0.056809
[Epoch 04/10]	Epsilon:0.3333	#Expl.:1464/4299	#Buy:3506	#Sell:793	#Hold:0	#Stocks:  0.331000	PV:   2118.36	POS:1	NEG:4294	Loss:  0.037934
[Epoch 05/10]	Epsilon:0.2778	#Expl.:1225/4299	#Buy:2282	#Sell:2016	#Hold:1	#Stocks:  0.241000	PV:   1543.36	POS:0	NEG:4295	Loss:  0.052646
[Epoch 06/10]	Epsilon:0.2222	#Expl.:920/4299	#Buy:2791	#Sell:1506	#Hold:2	#Stocks:  0.272000	PV:   1742.40	POS:0	NEG:4295	Loss:  0.043155
[Epoch 07/10]	Epsilon:0.1667	#Expl.:677/4299	#Buy:2002	#Sell:2031	#Hold:266	#Stocks:  0.876000	PV:   5600.70	POS:0	NEG:4298	Loss:  0.046380
[Epoch 08/10]	Epsilon:0.1111	#Expl.:482/4299	#Buy:3233	#Sell:1002	#Hold:64	#Stocks:  0.000000	PV:   3825.05	POS:0	NEG:4297	Loss:  0.033799
[Epoch 09/10]	Epsilon:0.0556	#Expl.:232/4299	#Buy:1403	#Sell:2386	#Hold:510	#Stocks:  0.828000	PV:   5296.60	POS:0	NEG:4298	Loss:  0.045058
[Epoch 10/10]	Epsilon:0.0000	#Expl.:0/4299	#Buy:3020	#Sell:1264	#Hold:15	#Stocks:  0.757000	PV:   4838.49	POS:0	NEG:4297	Loss:  0.046657
Max PV: 5600.698465813363, 	 # Win: 0
LR: 0.1, DF: 0, DRT: 0.33
[Epoch 01/10]	Epsilon:0.5000	#Expl.:2158/4299	#Buy:1271	#Sell:3024	#Hold:4	#Stocks:  0.238000	PV:   1587.23	POS:0	NEG:4295	Loss:  0.052567
[Epoch 02/10]	Epsilon:0.4444	#Expl.:1968/4299	#Buy:1137	#Sell:3147	#Hold:15	#Stocks:  0.181000	PV:   2302.05	POS:0	NEG:4296	Loss:  0.048594
[Epoch 03/10]	Epsilon:0.3889	#Expl.:1712/4299	#Buy:932	#Sell:3186	#Hold:181	#Stocks:  0.114000	PV:   2765.62	POS:0	NEG:4296	Loss:  0.042593
[Epoch 04/10]	Epsilon:0.3333	#Expl.:1420/4299	#Buy:738	#Sell:3546	#Hold:15	#Stocks:  0.176000	PV:   3027.92	POS:0	NEG:4297	Loss:  0.035629
[Epoch 05/10]	Epsilon:0.2778	#Expl.:1146/4299	#Buy:640	#Sell:3422	#Hold:237	#Stocks:  0.153000	PV:   3963.97	POS:0	NEG:4297	Loss:  0.031870
[Epoch 06/10]	Epsilon:0.2222	#Expl.:974/4299	#Buy:582	#Sell:3648	#Hold:69	#Stocks:  0.001000	PV:   4353.58	POS:0	NEG:4297	Loss:  0.029450
[Epoch 07/10]	Epsilon:0.1667	#Expl.:680/4299	#Buy:404	#Sell:3856	#Hold:39	#Stocks:  0.466000	PV:   5333.47	POS:0	NEG:4298	Loss:  0.021403
[Epoch 08/10]	Epsilon:0.1111	#Expl.:452/4299	#Buy:276	#Sell:3938	#Hold:85	#Stocks:  0.000000	PV:   7164.14	POS:0	NEG:4299	Loss:  0.015122
[Epoch 09/10]	Epsilon:0.0556	#Expl.:234/4299	#Buy:170	#Sell:3565	#Hold:564	#Stocks:  0.000000	PV:   8158.61	POS:0	NEG:4299	Loss:  0.009533
[Epoch 10/10]	Epsilon:0.0000	#Expl.:0/4299	#Buy:78	#Sell:3838	#Hold:383	#Stocks:  0.001000	PV:   8519.33	POS:0	NEG:4299	Loss:  0.004493
Max PV: 8519.327946650485, 	 # Win: 0
LR: 0.1, DF: 0, DRT: 0.34
[Epoch 01/10]	Epsilon:0.5000	#Expl.:2202/4299	#Buy:2037	#Sell:2255	#Hold:7	#Stocks:  0.131000	PV:   1329.78	POS:0	NEG:4295	Loss:  0.059718
[Epoch 02/10]	Epsilon:0.4444	#Expl.:1899/4299	#Buy:1494	#Sell:2793	#Hold:12	#Stocks:  0.106000	PV:   1556.98	POS:0	NEG:4295	Loss:  0.054381
[Epoch 03/10]	Epsilon:0.3889	#Expl.:1659/4299	#Buy:1962	#Sell:2333	#Hold:4	#Stocks:  0.144000	PV:   1754.07	POS:0	NEG:4295	Loss:  0.060054
[Epoch 04/10]	Epsilon:0.3333	#Expl.:1403/4299	#Buy:1969	#Sell:2330	#Hold:0	#Stocks:  0.003000	PV:   1990.59	POS:0	NEG:4296	Loss:  0.058561
[Epoch 05/10]	Epsilon:0.2778	#Expl.:1258/4299	#Buy:2408	#Sell:1887	#Hold:4	#Stocks:  0.177000	PV:   2541.00	POS:0	NEG:4296	Loss:  0.053904
[Epoch 06/10]	Epsilon:0.2222	#Expl.:932/4299	#Buy:3678	#Sell:619	#Hold:2	#Stocks:  0.485000	PV:   3099.78	POS:1	NEG:4295	Loss:  0.030159
[Epoch 07/10]	Epsilon:0.1667	#Expl.:684/4299	#Buy:3823	#Sell:476	#Hold:0	#Stocks:  0.390000	PV:   2497.69	POS:0	NEG:4296	Loss:  0.024294
[Epoch 08/10]	Epsilon:0.1111	#Expl.:489/4299	#Buy:3775	#Sell:524	#Hold:0	#Stocks:  0.498000	PV:   3183.06	POS:0	NEG:4297	Loss:  0.024616
[Epoch 09/10]	Epsilon:0.0556	#Expl.:233/4299	#Buy:3747	#Sell:546	#Hold:6	#Stocks:  0.000000	PV:   3263.65	POS:1	NEG:4295	Loss:  0.026394
[Epoch 10/10]	Epsilon:0.0000	#Expl.:0/4299	#Buy:2830	#Sell:679	#Hold:790	#Stocks:  0.000000	PV:   5129.41	POS:0	NEG:4298	Loss:  0.042657
Max PV: 5129.411747216902, 	 # Win: 0
LR: 0.1, DF: 0, DRT: 0.35
[Epoch 01/10]	Epsilon:0.5000	#Expl.:2154/4299	#Buy:1470	#Sell:2828	#Hold:1	#Stocks:  0.002000	PV:   2029.01	POS:0	NEG:4296	Loss:  0.056449
[Epoch 02/10]	Epsilon:0.4444	#Expl.:1875/4299	#Buy:1526	#Sell:2768	#Hold:5	#Stocks:  0.168000	PV:   1664.97	POS:0	NEG:4295	Loss:  0.056134
[Epoch 03/10]	Epsilon:0.3889	#Expl.:1669/4299	#Buy:1206	#Sell:3091	#Hold:2	#Stocks:  0.241000	PV:   3108.52	POS:0	NEG:4297	Loss:  0.049814
[Epoch 04/10]	Epsilon:0.3333	#Expl.:1408/4299	#Buy:1201	#Sell:3092	#Hold:6	#Stocks:  0.001000	PV:   3494.81	POS:0	NEG:4297	Loss:  0.049536
[Epoch 05/10]	Epsilon:0.2778	#Expl.:1183/4299	#Buy:776	#Sell:3509	#Hold:14	#Stocks:  0.002000	PV:   4313.47	POS:0	NEG:4298	Loss:  0.037114
[Epoch 06/10]	Epsilon:0.2222	#Expl.:957/4299	#Buy:797	#Sell:3491	#Hold:11	#Stocks:  0.001000	PV:   3880.16	POS:0	NEG:4297	Loss:  0.037660
[Epoch 07/10]	Epsilon:0.1667	#Expl.:707/4299	#Buy:938	#Sell:3349	#Hold:12	#Stocks:  0.020000	PV:   4176.80	POS:0	NEG:4297	Loss:  0.041855
[Epoch 08/10]	Epsilon:0.1111	#Expl.:469/4299	#Buy:847	#Sell:3445	#Hold:7	#Stocks:  0.001000	PV:   5862.13	POS:0	NEG:4298	Loss:  0.038662
[Epoch 09/10]	Epsilon:0.0556	#Expl.:264/4299	#Buy:698	#Sell:3594	#Hold:7	#Stocks:  0.000000	PV:   6040.70	POS:0	NEG:4298	Loss:  0.033352
[Epoch 10/10]	Epsilon:0.0000	#Expl.:0/4299	#Buy:579	#Sell:3701	#Hold:19	#Stocks:  0.000000	PV:   4872.48	POS:0	NEG:4298	Loss:  0.028207
Max PV: 6040.703103345924, 	 # Win: 0
LR: 0.1, DF: 0, DRT: 0.36
[Epoch 01/10]	Epsilon:0.5000	#Expl.:2121/4299	#Buy:2580	#Sell:1719	#Hold:0	#Stocks:  0.190000	PV:   1220.22	POS:0	NEG:4295	Loss:  0.056550
[Epoch 02/10]	Epsilon:0.4444	#Expl.:1890/4299	#Buy:2594	#Sell:1704	#Hold:1	#Stocks:  0.128000	PV:   1311.19	POS:0	NEG:4295	Loss:  0.054317
[Epoch 03/10]	Epsilon:0.3889	#Expl.:1662/4299	#Buy:1944	#Sell:2353	#Hold:2	#Stocks:  0.039000	PV:   2184.41	POS:0	NEG:4296	Loss:  0.060178
[Epoch 04/10]	Epsilon:0.3333	#Expl.:1426/4299	#Buy:1475	#Sell:2819	#Hold:5	#Stocks:  0.100000	PV:   2927.91	POS:1	NEG:4295	Loss:  0.053453
[Epoch 05/10]	Epsilon:0.2778	#Expl.:1203/4299	#Buy:1238	#Sell:3054	#Hold:7	#Stocks:  0.673000	PV:   4622.61	POS:0	NEG:4298	Loss:  0.050303
[Epoch 06/10]	Epsilon:0.2222	#Expl.:1010/4299	#Buy:1063	#Sell:3236	#Hold:0	#Stocks:  0.043000	PV:   3780.90	POS:0	NEG:4297	Loss:  0.044635
[Epoch 07/10]	Epsilon:0.1667	#Expl.:747/4299	#Buy:1036	#Sell:3252	#Hold:11	#Stocks:  0.001000	PV:   4067.41	POS:0	NEG:4297	Loss:  0.044997
[Epoch 08/10]	Epsilon:0.1111	#Expl.:455/4299	#Buy:670	#Sell:3592	#Hold:37	#Stocks:  0.001000	PV:   5137.99	POS:0	NEG:4298	Loss:  0.032152
[Epoch 09/10]	Epsilon:0.0556	#Expl.:231/4299	#Buy:701	#Sell:3594	#Hold:4	#Stocks:  0.009000	PV:   5061.62	POS:0	NEG:4298	Loss:  0.032964
[Epoch 10/10]	Epsilon:0.0000	#Expl.:0/4299	#Buy:827	#Sell:3468	#Hold:4	#Stocks:  0.002000	PV:   6421.68	POS:0	NEG:4299	Loss:  0.036891
Max PV: 6421.683133703408, 	 # Win: 0
LR: 0.1, DF: 0, DRT: 0.37
[Epoch 01/10]	Epsilon:0.5000	#Expl.:2159/4299	#Buy:2888	#Sell:1411	#Hold:0	#Stocks:  0.001000	PV:   1498.56	POS:0	NEG:4295	Loss:  0.054914
[Epoch 02/10]	Epsilon:0.4444	#Expl.:1882/4299	#Buy:2731	#Sell:1564	#Hold:4	#Stocks:  0.030000	PV:   1289.73	POS:0	NEG:4295	Loss:  0.056999
[Epoch 03/10]	Epsilon:0.3889	#Expl.:1687/4299	#Buy:2571	#Sell:1727	#Hold:1	#Stocks:  0.131000	PV:   1643.31	POS:0	NEG:4296	Loss:  0.059241
[Epoch 04/10]	Epsilon:0.3333	#Expl.:1366/4299	#Buy:2637	#Sell:1660	#Hold:2	#Stocks:  0.043000	PV:   1695.69	POS:0	NEG:4296	Loss:  0.058185
[Epoch 05/10]	Epsilon:0.2778	#Expl.:1159/4299	#Buy:1796	#Sell:2499	#Hold:4	#Stocks:  0.123000	PV:   1358.05	POS:0	NEG:4295	Loss:  0.055601
[Epoch 06/10]	Epsilon:0.2222	#Expl.:988/4299	#Buy:1919	#Sell:2378	#Hold:2	#Stocks:  0.163000	PV:   1950.89	POS:0	NEG:4296	Loss:  0.060909
[Epoch 07/10]	Epsilon:0.1667	#Expl.:694/4299	#Buy:1734	#Sell:2565	#Hold:0	#Stocks:  0.164000	PV:   2339.10	POS:0	NEG:4296	Loss:  0.058659
[Epoch 08/10]	Epsilon:0.1111	#Expl.:470/4299	#Buy:2227	#Sell:2063	#Hold:9	#Stocks:  0.270000	PV:   3135.99	POS:0	NEG:4297	Loss:  0.060849
[Epoch 09/10]	Epsilon:0.0556	#Expl.:238/4299	#Buy:1993	#Sell:2306	#Hold:0	#Stocks:  0.176000	PV:   2753.33	POS:1	NEG:4295	Loss:  0.060837
[Epoch 10/10]	Epsilon:0.0000	#Expl.:0/4299	#Buy:1751	#Sell:2548	#Hold:0	#Stocks:  0.424000	PV:   3263.63	POS:0	NEG:4297	Loss:  0.059782
Max PV: 3263.631627058936, 	 # Win: 0
LR: 0.1, DF: 0, DRT: 0.38
[Epoch 01/10]	Epsilon:0.5000	#Expl.:2221/4299	#Buy:2664	#Sell:1632	#Hold:3	#Stocks:  0.100000	PV:   1145.20	POS:0	NEG:4295	Loss:  0.056900
[Epoch 02/10]	Epsilon:0.4444	#Expl.:1936/4299	#Buy:2934	#Sell:1365	#Hold:0	#Stocks:  0.285000	PV:   1823.96	POS:0	NEG:4296	Loss:  0.052439
[Epoch 03/10]	Epsilon:0.3889	#Expl.:1692/4299	#Buy:3251	#Sell:1045	#Hold:3	#Stocks:  0.315000	PV:   2017.18	POS:0	NEG:4296	Loss:  0.045983
[Epoch 04/10]	Epsilon:0.3333	#Expl.:1408/4299	#Buy:1610	#Sell:2688	#Hold:1	#Stocks:  0.001000	PV:   2561.05	POS:0	NEG:4297	Loss:  0.047082
[Epoch 05/10]	Epsilon:0.2778	#Expl.:1169/4299	#Buy:796	#Sell:3377	#Hold:126	#Stocks:  0.001000	PV:   3250.24	POS:0	NEG:4297	Loss:  0.036167
[Epoch 06/10]	Epsilon:0.2222	#Expl.:981/4299	#Buy:631	#Sell:3597	#Hold:71	#Stocks:  0.001000	PV:   2683.06	POS:0	NEG:4297	Loss:  0.030694
[Epoch 07/10]	Epsilon:0.1667	#Expl.:704/4299	#Buy:614	#Sell:3437	#Hold:248	#Stocks:  0.001000	PV:   4255.22	POS:0	NEG:4298	Loss:  0.029901
[Epoch 08/10]	Epsilon:0.1111	#Expl.:475/4299	#Buy:452	#Sell:3807	#Hold:40	#Stocks:  0.001000	PV:   6263.87	POS:0	NEG:4299	Loss:  0.023080
[Epoch 09/10]	Epsilon:0.0556	#Expl.:262/4299	#Buy:469	#Sell:3780	#Hold:50	#Stocks:  0.001000	PV:   6408.95	POS:0	NEG:4299	Loss:  0.023196
[Epoch 10/10]	Epsilon:0.0000	#Expl.:0/4299	#Buy:346	#Sell:3896	#Hold:57	#Stocks:  0.395000	PV:   6856.49	POS:0	NEG:4299	Loss:  0.017721
Max PV: 6856.491356359436, 	 # Win: 0
LR: 0.1, DF: 0, DRT: 0.39
[Epoch 01/10]	Epsilon:0.5000	#Expl.:2137/4299	#Buy:2205	#Sell:2090	#Hold:4	#Stocks:  0.000000	PV:   1045.85	POS:0	NEG:4295	Loss:  0.059368
[Epoch 02/10]	Epsilon:0.4444	#Expl.:1898/4299	#Buy:1673	#Sell:2626	#Hold:0	#Stocks:  0.000000	PV:   1510.12	POS:0	NEG:4296	Loss:  0.057638
[Epoch 03/10]	Epsilon:0.3889	#Expl.:1681/4299	#Buy:1261	#Sell:3038	#Hold:0	#Stocks:  0.001000	PV:   2090.50	POS:0	NEG:4296	Loss:  0.051334
[Epoch 04/10]	Epsilon:0.3333	#Expl.:1387/4299	#Buy:986	#Sell:3306	#Hold:7	#Stocks:  0.000000	PV:   2638.55	POS:0	NEG:4297	Loss:  0.043072
[Epoch 05/10]	Epsilon:0.2778	#Expl.:1254/4299	#Buy:823	#Sell:3470	#Hold:6	#Stocks:  0.000000	PV:   3702.49	POS:0	NEG:4297	Loss:  0.038306
[Epoch 06/10]	Epsilon:0.2222	#Expl.:950/4299	#Buy:638	#Sell:3640	#Hold:21	#Stocks:  0.000000	PV:   6117.38	POS:0	NEG:4299	Loss:  0.031010
[Epoch 07/10]	Epsilon:0.1667	#Expl.:689/4299	#Buy:614	#Sell:3685	#Hold:0	#Stocks:  0.000000	PV:   5321.96	POS:0	NEG:4298	Loss:  0.030112
[Epoch 08/10]	Epsilon:0.1111	#Expl.:447/4299	#Buy:487	#Sell:3807	#Hold:5	#Stocks:  0.000000	PV:   9662.03	POS:0	NEG:4299	Loss:  0.024225
[Epoch 09/10]	Epsilon:0.0556	#Expl.:222/4299	#Buy:383	#Sell:3916	#Hold:0	#Stocks:  0.857000	PV:   9256.04	POS:0	NEG:4299	Loss:  0.019309
[Epoch 10/10]	Epsilon:0.0000	#Expl.:0/4299	#Buy:277	#Sell:3975	#Hold:47	#Stocks:  0.001000	PV:  11178.41	POS:0	NEG:4299	Loss:  0.014343
Max PV: 11178.405739554959, 	 # Win: 1
LR: 0.1, DF: 0, DRT: 0.4
[Epoch 01/10]	Epsilon:0.5000	#Expl.:2142/4299	#Buy:1223	#Sell:3076	#Hold:0	#Stocks:  0.086000	PV:   2002.16	POS:0	NEG:4296	Loss:  0.051670
[Epoch 02/10]	Epsilon:0.4444	#Expl.:1905/4299	#Buy:1023	#Sell:3270	#Hold:6	#Stocks:  0.001000	PV:   2901.51	POS:0	NEG:4297	Loss:  0.045351
[Epoch 03/10]	Epsilon:0.3889	#Expl.:1722/4299	#Buy:1100	#Sell:3183	#Hold:16	#Stocks:  0.001000	PV:   2406.32	POS:0	NEG:4297	Loss:  0.047190
[Epoch 04/10]	Epsilon:0.3333	#Expl.:1380/4299	#Buy:1053	#Sell:3246	#Hold:0	#Stocks:  0.451000	PV:   2996.80	POS:0	NEG:4297	Loss:  0.044944
[Epoch 05/10]	Epsilon:0.2778	#Expl.:1195/4299	#Buy:1357	#Sell:2888	#Hold:54	#Stocks:  0.000000	PV:   3306.69	POS:1	NEG:4296	Loss:  0.051416
[Epoch 06/10]	Epsilon:0.2222	#Expl.:916/4299	#Buy:1423	#Sell:2817	#Hold:59	#Stocks:  0.001000	PV:   3156.28	POS:0	NEG:4297	Loss:  0.049725
[Epoch 07/10]	Epsilon:0.1667	#Expl.:686/4299	#Buy:1409	#Sell:2890	#Hold:0	#Stocks:  0.000000	PV:   4365.98	POS:0	NEG:4298	Loss:  0.048309
[Epoch 08/10]	Epsilon:0.1111	#Expl.:470/4299	#Buy:1297	#Sell:2978	#Hold:24	#Stocks:  0.001000	PV:   5006.43	POS:0	NEG:4298	Loss:  0.045284
[Epoch 09/10]	Epsilon:0.0556	#Expl.:247/4299	#Buy:1371	#Sell:2905	#Hold:23	#Stocks:  0.001000	PV:   5679.84	POS:0	NEG:4298	Loss:  0.045795
[Epoch 10/10]	Epsilon:0.0000	#Expl.:0/4299	#Buy:1025	#Sell:3274	#Hold:0	#Stocks:  0.001000	PV:   7055.15	POS:0	NEG:4299	Loss:  0.040897
Max PV: 7055.151155288925, 	 # Win: 0
LR: 0.1, DF: 0, DRT: 0.41
[Epoch 01/10]	Epsilon:0.5000	#Expl.:2094/4299	#Buy:2488	#Sell:1811	#Hold:0	#Stocks:  0.128000	PV:   1021.30	POS:0	NEG:4295	Loss:  0.060081
[Epoch 02/10]	Epsilon:0.4444	#Expl.:1962/4299	#Buy:2948	#Sell:1348	#Hold:3	#Stocks:  0.286000	PV:   1828.17	POS:0	NEG:4296	Loss:  0.053800
[Epoch 03/10]	Epsilon:0.3889	#Expl.:1673/4299	#Buy:2551	#Sell:1741	#Hold:7	#Stocks:  0.142000	PV:    915.14	POS:1	NEG:4293	Loss:  0.059116
[Epoch 04/10]	Epsilon:0.3333	#Expl.:1455/4299	#Buy:2372	#Sell:1927	#Hold:0	#Stocks:  0.184000	PV:   1179.67	POS:0	NEG:4295	Loss:  0.059237
[Epoch 05/10]	Epsilon:0.2778	#Expl.:1214/4299	#Buy:1297	#Sell:2999	#Hold:3	#Stocks:  0.085000	PV:   1279.59	POS:0	NEG:4296	Loss:  0.048455
[Epoch 06/10]	Epsilon:0.2222	#Expl.:1001/4299	#Buy:1011	#Sell:3161	#Hold:127	#Stocks:  0.368000	PV:   2351.99	POS:0	NEG:4297	Loss:  0.044350
[Epoch 07/10]	Epsilon:0.1667	#Expl.:722/4299	#Buy:1556	#Sell:2599	#Hold:144	#Stocks:  0.274000	PV:   1751.23	POS:0	NEG:4296	Loss:  0.048607
[Epoch 08/10]	Epsilon:0.1111	#Expl.:495/4299	#Buy:1835	#Sell:2427	#Hold:37	#Stocks:  0.265000	PV:   1698.26	POS:0	NEG:4296	Loss:  0.057804
[Epoch 09/10]	Epsilon:0.0556	#Expl.:230/4299	#Buy:1790	#Sell:2504	#Hold:5	#Stocks:  0.202000	PV:   1290.80	POS:0	NEG:4296	Loss:  0.058955
[Epoch 10/10]	Epsilon:0.0000	#Expl.:0/4299	#Buy:2358	#Sell:1927	#Hold:14	#Stocks:  0.224000	PV:   1435.67	POS:0	NEG:4296	Loss:  0.059675
Max PV: 2351.988534903372, 	 # Win: 0
LR: 0.1, DF: 0, DRT: 0.42
[Epoch 01/10]	Epsilon:0.5000	#Expl.:2144/4299	#Buy:1413	#Sell:2802	#Hold:84	#Stocks:  0.000000	PV:   1193.27	POS:0	NEG:4296	Loss:  0.055306
[Epoch 02/10]	Epsilon:0.4444	#Expl.:1916/4299	#Buy:1268	#Sell:2986	#Hold:45	#Stocks:  0.001000	PV:   1768.06	POS:0	NEG:4296	Loss:  0.051829
[Epoch 03/10]	Epsilon:0.3889	#Expl.:1686/4299	#Buy:1243	#Sell:2990	#Hold:66	#Stocks:  0.001000	PV:   2348.36	POS:0	NEG:4297	Loss:  0.050366
[Epoch 04/10]	Epsilon:0.3333	#Expl.:1434/4299	#Buy:1038	#Sell:3218	#Hold:43	#Stocks:  0.000000	PV:   2528.42	POS:0	NEG:4297	Loss:  0.045436
[Epoch 05/10]	Epsilon:0.2778	#Expl.:1203/4299	#Buy:1089	#Sell:3194	#Hold:16	#Stocks:  0.000000	PV:   2367.44	POS:0	NEG:4297	Loss:  0.046802
[Epoch 06/10]	Epsilon:0.2222	#Expl.:967/4299	#Buy:934	#Sell:3365	#Hold:0	#Stocks:  0.000000	PV:   3941.48	POS:0	NEG:4298	Loss:  0.041332
[Epoch 07/10]	Epsilon:0.1667	#Expl.:746/4299	#Buy:830	#Sell:3450	#Hold:19	#Stocks:  0.001000	PV:   4196.58	POS:0	NEG:4298	Loss:  0.037525
[Epoch 08/10]	Epsilon:0.1111	#Expl.:449/4299	#Buy:1217	#Sell:2902	#Hold:180	#Stocks:  0.000000	PV:   2846.61	POS:0	NEG:4297	Loss:  0.048682
[Epoch 09/10]	Epsilon:0.0556	#Expl.:218/4299	#Buy:1628	#Sell:2608	#Hold:63	#Stocks:  0.318000	PV:   3934.77	POS:1	NEG:4296	Loss:  0.052348
[Epoch 10/10]	Epsilon:0.0000	#Expl.:0/4299	#Buy:1391	#Sell:2877	#Hold:31	#Stocks:  0.001000	PV:   5441.44	POS:0	NEG:4298	Loss:  0.051015
Max PV: 5441.435247090828, 	 # Win: 0
LR: 0.1, DF: 0, DRT: 0.43
[Epoch 01/10]	Epsilon:0.5000	#Expl.:2113/4299	#Buy:2804	#Sell:1494	#Hold:1	#Stocks:  0.101000	PV:   1039.67	POS:0	NEG:4295	Loss:  0.056705
[Epoch 02/10]	Epsilon:0.4444	#Expl.:1911/4299	#Buy:3259	#Sell:1035	#Hold:5	#Stocks:  0.226000	PV:   1444.95	POS:0	NEG:4296	Loss:  0.046202
[Epoch 03/10]	Epsilon:0.3889	#Expl.:1664/4299	#Buy:3341	#Sell:958	#Hold:0	#Stocks:  0.252000	PV:   1614.28	POS:0	NEG:4296	Loss:  0.043159
[Epoch 04/10]	Epsilon:0.3333	#Expl.:1437/4299	#Buy:3387	#Sell:912	#Hold:0	#Stocks:  0.180000	PV:   1150.84	POS:1	NEG:4294	Loss:  0.040770
[Epoch 05/10]	Epsilon:0.2778	#Expl.:1138/4299	#Buy:3073	#Sell:1223	#Hold:3	#Stocks:  0.149000	PV:    953.10	POS:0	NEG:4295	Loss:  0.048217
[Epoch 06/10]	Epsilon:0.2222	#Expl.:973/4299	#Buy:3375	#Sell:924	#Hold:0	#Stocks:  0.001000	PV:   1604.94	POS:0	NEG:4296	Loss:  0.038991
[Epoch 07/10]	Epsilon:0.1667	#Expl.:713/4299	#Buy:3324	#Sell:975	#Hold:0	#Stocks:  0.292000	PV:   1868.30	POS:0	NEG:4296	Loss:  0.041868
[Epoch 08/10]	Epsilon:0.1111	#Expl.:464/4299	#Buy:3218	#Sell:1081	#Hold:0	#Stocks:  0.419000	PV:   2681.14	POS:1	NEG:4296	Loss:  0.043572
[Epoch 09/10]	Epsilon:0.0556	#Expl.:236/4299	#Buy:2853	#Sell:1434	#Hold:12	#Stocks:  0.390000	PV:   2492.60	POS:0	NEG:4297	Loss:  0.046662
[Epoch 10/10]	Epsilon:0.0000	#Expl.:0/4299	#Buy:2919	#Sell:1380	#Hold:0	#Stocks:  0.310000	PV:   3128.00	POS:1	NEG:4296	Loss:  0.049685
Max PV: 3128.0000788813827, 	 # Win: 0
LR: 0.1, DF: 0, DRT: 0.44
[Epoch 01/10]	Epsilon:0.5000	#Expl.:2178/4299	#Buy:2426	#Sell:1873	#Hold:0	#Stocks:  0.100000	PV:   1794.23	POS:0	NEG:4297	Loss:  0.060686
[Epoch 02/10]	Epsilon:0.4444	#Expl.:1884/4299	#Buy:2436	#Sell:1863	#Hold:0	#Stocks:  0.006000	PV:   1228.97	POS:0	NEG:4296	Loss:  0.058870
[Epoch 03/10]	Epsilon:0.3889	#Expl.:1683/4299	#Buy:2164	#Sell:2135	#Hold:0	#Stocks:  0.001000	PV:   1135.05	POS:0	NEG:4296	Loss:  0.060122
[Epoch 04/10]	Epsilon:0.3333	#Expl.:1411/4299	#Buy:2092	#Sell:2200	#Hold:7	#Stocks:  0.001000	PV:   1455.68	POS:0	NEG:4296	Loss:  0.060018
[Epoch 05/10]	Epsilon:0.2778	#Expl.:1250/4299	#Buy:3014	#Sell:1285	#Hold:0	#Stocks:  0.184000	PV:   1179.24	POS:0	NEG:4296	Loss:  0.050584
[Epoch 06/10]	Epsilon:0.2222	#Expl.:945/4299	#Buy:3246	#Sell:1050	#Hold:3	#Stocks:  0.214000	PV:   1377.92	POS:0	NEG:4296	Loss:  0.044553
[Epoch 07/10]	Epsilon:0.1667	#Expl.:728/4299	#Buy:3523	#Sell:776	#Hold:0	#Stocks:  0.367000	PV:   2351.24	POS:0	NEG:4297	Loss:  0.036169
[Epoch 08/10]	Epsilon:0.1111	#Expl.:476/4299	#Buy:3734	#Sell:565	#Hold:0	#Stocks:  0.312000	PV:   2001.02	POS:0	NEG:4297	Loss:  0.027677
[Epoch 09/10]	Epsilon:0.0556	#Expl.:222/4299	#Buy:3188	#Sell:1111	#Hold:0	#Stocks:  0.365000	PV:   2333.37	POS:0	NEG:4297	Loss:  0.044637
[Epoch 10/10]	Epsilon:0.0000	#Expl.:0/4299	#Buy:3953	#Sell:346	#Hold:0	#Stocks:  0.440000	PV:   2812.38	POS:1	NEG:4296	Loss:  0.017462
Max PV: 2812.3832857744555, 	 # Win: 0
LR: 0.1, DF: 0, DRT: 0.45
[Epoch 01/10]	Epsilon:0.5000	#Expl.:2208/4299	#Buy:2032	#Sell:2266	#Hold:1	#Stocks:  0.094000	PV:   1074.53	POS:0	NEG:4296	Loss:  0.061549
[Epoch 02/10]	Epsilon:0.4444	#Expl.:1908/4299	#Buy:2202	#Sell:2097	#Hold:0	#Stocks:  0.062000	PV:   1391.14	POS:0	NEG:4296	Loss:  0.060896
[Epoch 03/10]	Epsilon:0.3889	#Expl.:1690/4299	#Buy:2324	#Sell:1975	#Hold:0	#Stocks:  0.352000	PV:   2646.97	POS:0	NEG:4297	Loss:  0.059157
[Epoch 04/10]	Epsilon:0.3333	#Expl.:1411/4299	#Buy:3005	#Sell:1294	#Hold:0	#Stocks:  0.143000	PV:   2078.49	POS:0	NEG:4297	Loss:  0.051937
[Epoch 05/10]	Epsilon:0.2778	#Expl.:1279/4299	#Buy:2945	#Sell:1354	#Hold:0	#Stocks:  0.006000	PV:   2169.22	POS:0	NEG:4297	Loss:  0.049148
[Epoch 06/10]	Epsilon:0.2222	#Expl.:992/4299	#Buy:2224	#Sell:2075	#Hold:0	#Stocks:  0.091000	PV:   2112.30	POS:0	NEG:4297	Loss:  0.058491
[Epoch 07/10]	Epsilon:0.1667	#Expl.:730/4299	#Buy:2139	#Sell:2159	#Hold:1	#Stocks:  0.177000	PV:   2152.56	POS:0	NEG:4297	Loss:  0.058174
[Epoch 08/10]	Epsilon:0.1111	#Expl.:494/4299	#Buy:1456	#Sell:2843	#Hold:0	#Stocks:  0.168000	PV:   2709.13	POS:1	NEG:4296	Loss:  0.052527
[Epoch 09/10]	Epsilon:0.0556	#Expl.:242/4299	#Buy:1598	#Sell:2700	#Hold:1	#Stocks:  0.008000	PV:   2798.32	POS:0	NEG:4297	Loss:  0.056020
[Epoch 10/10]	Epsilon:0.0000	#Expl.:0/4299	#Buy:1568	#Sell:2731	#Hold:0	#Stocks:  0.226000	PV:   3675.06	POS:0	NEG:4298	Loss:  0.053998
Max PV: 3675.0594284964563, 	 # Win: 0
LR: 0.1, DF: 0, DRT: 0.46
[Epoch 01/10]	Epsilon:0.5000	#Expl.:2132/4299	#Buy:2507	#Sell:1792	#Hold:0	#Stocks:  0.099000	PV:   1349.59	POS:0	NEG:4296	Loss:  0.060055
[Epoch 02/10]	Epsilon:0.4444	#Expl.:1879/4299	#Buy:2332	#Sell:1966	#Hold:1	#Stocks:  0.005000	PV:   2228.21	POS:0	NEG:4297	Loss:  0.059839
[Epoch 03/10]	Epsilon:0.3889	#Expl.:1659/4299	#Buy:1650	#Sell:2649	#Hold:0	#Stocks:  0.251000	PV:   1801.92	POS:0	NEG:4297	Loss:  0.057850
[Epoch 04/10]	Epsilon:0.3333	#Expl.:1446/4299	#Buy:1648	#Sell:2651	#Hold:0	#Stocks:  0.169000	PV:   1954.62	POS:0	NEG:4297	Loss:  0.057946
[Epoch 05/10]	Epsilon:0.2778	#Expl.:1211/4299	#Buy:1728	#Sell:2571	#Hold:0	#Stocks:  0.050000	PV:   2712.82	POS:0	NEG:4297	Loss:  0.059054
[Epoch 06/10]	Epsilon:0.2222	#Expl.:956/4299	#Buy:1432	#Sell:2865	#Hold:2	#Stocks:  0.144000	PV:   3509.07	POS:0	NEG:4298	Loss:  0.053200
[Epoch 07/10]	Epsilon:0.1667	#Expl.:693/4299	#Buy:1075	#Sell:3224	#Hold:0	#Stocks:  0.374000	PV:   3634.19	POS:0	NEG:4298	Loss:  0.045486
[Epoch 08/10]	Epsilon:0.1111	#Expl.:499/4299	#Buy:1078	#Sell:3221	#Hold:0	#Stocks:  0.723000	PV:   5026.89	POS:0	NEG:4298	Loss:  0.045289
[Epoch 09/10]	Epsilon:0.0556	#Expl.:274/4299	#Buy:1149	#Sell:3150	#Hold:0	#Stocks:  0.001000	PV:   5103.07	POS:0	NEG:4298	Loss:  0.046213
[Epoch 10/10]	Epsilon:0.0000	#Expl.:0/4299	#Buy:950	#Sell:3349	#Hold:0	#Stocks:  0.003000	PV:   3251.35	POS:0	NEG:4298	Loss:  0.039067
Max PV: 5103.070083872413, 	 # Win: 0
LR: 0.1, DF: 0, DRT: 0.47
[Epoch 01/10]	Epsilon:0.5000	#Expl.:2151/4299	#Buy:2671	#Sell:1626	#Hold:2	#Stocks:  0.262000	PV:   1698.33	POS:0	NEG:4297	Loss:  0.058146
[Epoch 02/10]	Epsilon:0.4444	#Expl.:1939/4299	#Buy:2544	#Sell:1752	#Hold:3	#Stocks:  0.226000	PV:   1447.02	POS:0	NEG:4296	Loss:  0.058831
[Epoch 03/10]	Epsilon:0.3889	#Expl.:1661/4299	#Buy:2804	#Sell:1491	#Hold:4	#Stocks:  0.211000	PV:   1349.57	POS:0	NEG:4296	Loss:  0.055383
[Epoch 04/10]	Epsilon:0.3333	#Expl.:1414/4299	#Buy:2657	#Sell:1640	#Hold:2	#Stocks:  0.327000	PV:   2094.05	POS:0	NEG:4297	Loss:  0.055564
[Epoch 05/10]	Epsilon:0.2778	#Expl.:1214/4299	#Buy:2552	#Sell:1747	#Hold:0	#Stocks:  0.396000	PV:   2535.37	POS:0	NEG:4297	Loss:  0.058606
[Epoch 06/10]	Epsilon:0.2222	#Expl.:979/4299	#Buy:1782	#Sell:2517	#Hold:0	#Stocks:  0.552000	PV:   3536.41	POS:0	NEG:4298	Loss:  0.057887
[Epoch 07/10]	Epsilon:0.1667	#Expl.:668/4299	#Buy:1836	#Sell:2462	#Hold:1	#Stocks:  0.515000	PV:   3293.78	POS:0	NEG:4298	Loss:  0.060101
[Epoch 08/10]	Epsilon:0.1111	#Expl.:460/4299	#Buy:1610	#Sell:2687	#Hold:2	#Stocks:  0.585000	PV:   4291.85	POS:0	NEG:4298	Loss:  0.054867
[Epoch 09/10]	Epsilon:0.0556	#Expl.:231/4299	#Buy:1548	#Sell:2750	#Hold:1	#Stocks:  0.736000	PV:   5099.83	POS:0	NEG:4298	Loss:  0.053925
[Epoch 10/10]	Epsilon:0.0000	#Expl.:0/4299	#Buy:1322	#Sell:2971	#Hold:6	#Stocks:  0.796000	PV:   5086.64	POS:0	NEG:4298	Loss:  0.052021
Max PV: 5099.825650779271, 	 # Win: 0
LR: 0.1, DF: 0, DRT: 0.48
[Epoch 01/10]	Epsilon:0.5000	#Expl.:2157/4299	#Buy:1199	#Sell:2921	#Hold:179	#Stocks:  0.001000	PV:   2047.95	POS:0	NEG:4297	Loss:  0.050962
[Epoch 02/10]	Epsilon:0.4444	#Expl.:1961/4299	#Buy:1257	#Sell:2940	#Hold:102	#Stocks:  0.132000	PV:   2009.99	POS:0	NEG:4297	Loss:  0.051276
[Epoch 03/10]	Epsilon:0.3889	#Expl.:1693/4299	#Buy:1756	#Sell:2541	#Hold:2	#Stocks:  0.000000	PV:   1074.97	POS:0	NEG:4296	Loss:  0.056447
[Epoch 04/10]	Epsilon:0.3333	#Expl.:1407/4299	#Buy:1399	#Sell:2899	#Hold:1	#Stocks:  0.000000	PV:   2112.01	POS:0	NEG:4297	Loss:  0.051715
[Epoch 05/10]	Epsilon:0.2778	#Expl.:1190/4299	#Buy:1036	#Sell:3263	#Hold:0	#Stocks:  0.143000	PV:   2225.41	POS:0	NEG:4297	Loss:  0.044929
[Epoch 06/10]	Epsilon:0.2222	#Expl.:944/4299	#Buy:1327	#Sell:2951	#Hold:21	#Stocks:  0.000000	PV:   2752.24	POS:0	NEG:4298	Loss:  0.051996
[Epoch 07/10]	Epsilon:0.1667	#Expl.:719/4299	#Buy:1607	#Sell:2692	#Hold:0	#Stocks:  0.000000	PV:   2409.09	POS:0	NEG:4297	Loss:  0.056052
[Epoch 08/10]	Epsilon:0.1111	#Expl.:456/4299	#Buy:765	#Sell:3532	#Hold:2	#Stocks:  0.001000	PV:   5699.50	POS:0	NEG:4299	Loss:  0.036243
[Epoch 09/10]	Epsilon:0.0556	#Expl.:239/4299	#Buy:665	#Sell:3592	#Hold:42	#Stocks:  0.000000	PV:   6182.27	POS:0	NEG:4299	Loss:  0.032164
[Epoch 10/10]	Epsilon:0.0000	#Expl.:0/4299	#Buy:616	#Sell:3641	#Hold:42	#Stocks:  0.000000	PV:   5874.55	POS:0	NEG:4299	Loss:  0.029986
Max PV: 6182.269774640871, 	 # Win: 0
LR: 0.1, DF: 0, DRT: 0.49
[Epoch 01/10]	Epsilon:0.5000	#Expl.:2121/4299	#Buy:1924	#Sell:2374	#Hold:1	#Stocks:  0.149000	PV:   2263.80	POS:0	NEG:4297	Loss:  0.061340
[Epoch 02/10]	Epsilon:0.4444	#Expl.:1908/4299	#Buy:1738	#Sell:2560	#Hold:1	#Stocks:  0.312000	PV:   1997.39	POS:0	NEG:4297	Loss:  0.059330
[Epoch 03/10]	Epsilon:0.3889	#Expl.:1572/4299	#Buy:2535	#Sell:1764	#Hold:0	#Stocks:  0.088000	PV:   1155.17	POS:0	NEG:4296	Loss:  0.059353
[Epoch 04/10]	Epsilon:0.3333	#Expl.:1460/4299	#Buy:2741	#Sell:1558	#Hold:0	#Stocks:  0.000000	PV:   1110.35	POS:0	NEG:4296	Loss:  0.055314
[Epoch 05/10]	Epsilon:0.2778	#Expl.:1188/4299	#Buy:2627	#Sell:1666	#Hold:6	#Stocks:  0.137000	PV:    875.75	POS:0	NEG:4296	Loss:  0.055684
[Epoch 06/10]	Epsilon:0.2222	#Expl.:966/4299	#Buy:2977	#Sell:1322	#Hold:0	#Stocks:  0.007000	PV:   1881.68	POS:0	NEG:4297	Loss:  0.048449
[Epoch 07/10]	Epsilon:0.1667	#Expl.:719/4299	#Buy:1569	#Sell:2704	#Hold:26	#Stocks:  0.001000	PV:   1808.45	POS:0	NEG:4297	Loss:  0.054308
[Epoch 08/10]	Epsilon:0.1111	#Expl.:461/4299	#Buy:2525	#Sell:1773	#Hold:1	#Stocks:  0.001000	PV:   2143.83	POS:0	NEG:4297	Loss:  0.056471
[Epoch 09/10]	Epsilon:0.0556	#Expl.:242/4299	#Buy:2837	#Sell:1462	#Hold:0	#Stocks:  0.292000	PV:   3616.66	POS:1	NEG:4296	Loss:  0.050610
[Epoch 10/10]	Epsilon:0.0000	#Expl.:0/4299	#Buy:2668	#Sell:1629	#Hold:2	#Stocks:  0.001000	PV:   2793.15	POS:0	NEG:4298	Loss:  0.054134
Max PV: 3616.66177453441, 	 # Win: 0
LR: 0.1, DF: 0, DRT: 0.5
[Epoch 01/10]	Epsilon:0.5000	#Expl.:2166/4299	#Buy:1274	#Sell:2993	#Hold:32	#Stocks:  0.094000	PV:   2715.49	POS:0	NEG:4298	Loss:  0.051329
[Epoch 02/10]	Epsilon:0.4444	#Expl.:1919/4299	#Buy:1291	#Sell:2866	#Hold:142	#Stocks:  0.115000	PV:   1450.05	POS:0	NEG:4297	Loss:  0.050830
[Epoch 03/10]	Epsilon:0.3889	#Expl.:1646/4299	#Buy:969	#Sell:3227	#Hold:103	#Stocks:  0.025000	PV:   2453.16	POS:0	NEG:4297	Loss:  0.043517
[Epoch 04/10]	Epsilon:0.3333	#Expl.:1421/4299	#Buy:1066	#Sell:3044	#Hold:189	#Stocks:  0.001000	PV:   3682.28	POS:0	NEG:4298	Loss:  0.041963
[Epoch 05/10]	Epsilon:0.2778	#Expl.:1166/4299	#Buy:792	#Sell:3469	#Hold:38	#Stocks:  0.001000	PV:   5530.85	POS:0	NEG:4299	Loss:  0.037004
[Epoch 06/10]	Epsilon:0.2222	#Expl.:909/4299	#Buy:693	#Sell:3252	#Hold:354	#Stocks:  0.001000	PV:   3258.52	POS:0	NEG:4298	Loss:  0.033180
[Epoch 07/10]	Epsilon:0.1667	#Expl.:724/4299	#Buy:820	#Sell:3104	#Hold:375	#Stocks:  0.000000	PV:   2800.82	POS:0	NEG:4298	Loss:  0.037690
[Epoch 08/10]	Epsilon:0.1111	#Expl.:490/4299	#Buy:1154	#Sell:2868	#Hold:277	#Stocks:  0.355000	PV:   3722.47	POS:0	NEG:4298	Loss:  0.038768
[Epoch 09/10]	Epsilon:0.0556	#Expl.:245/4299	#Buy:2930	#Sell:1153	#Hold:216	#Stocks:  0.134000	PV:    857.46	POS:0	NEG:4296	Loss:  0.043363
[Epoch 10/10]	Epsilon:0.0000	#Expl.:0/4299	#Buy:4117	#Sell:145	#Hold:37	#Stocks:  0.550000	PV:   3519.14	POS:1	NEG:4296	Loss:  0.009760
Max PV: 5530.8546768117985, 	 # Win: 0
LR: 0.1, DF: 0, DRT: 0.51
[Epoch 01/10]	Epsilon:0.5000	#Expl.:2156/4299	#Buy:1785	#Sell:2513	#Hold:1	#Stocks:  0.307000	PV:   2921.23	POS:0	NEG:4298	Loss:  0.060979
[Epoch 02/10]	Epsilon:0.4444	#Expl.:1886/4299	#Buy:2035	#Sell:2264	#Hold:0	#Stocks:  0.212000	PV:   2307.50	POS:0	NEG:4297	Loss:  0.060976
[Epoch 03/10]	Epsilon:0.3889	#Expl.:1713/4299	#Buy:2048	#Sell:2250	#Hold:1	#Stocks:  0.093000	PV:   2067.34	POS:0	NEG:4297	Loss:  0.060692
[Epoch 04/10]	Epsilon:0.3333	#Expl.:1420/4299	#Buy:1919	#Sell:2379	#Hold:1	#Stocks:  0.333000	PV:   2488.11	POS:0	NEG:4298	Loss:  0.061132
[Epoch 05/10]	Epsilon:0.2778	#Expl.:1205/4299	#Buy:2016	#Sell:2282	#Hold:1	#Stocks:  0.352000	PV:   2327.96	POS:0	NEG:4297	Loss:  0.060056
[Epoch 06/10]	Epsilon:0.2222	#Expl.:977/4299	#Buy:1959	#Sell:2336	#Hold:4	#Stocks:  0.242000	PV:   2897.82	POS:0	NEG:4298	Loss:  0.059727
[Epoch 07/10]	Epsilon:0.1667	#Expl.:671/4299	#Buy:2146	#Sell:2148	#Hold:5	#Stocks:  0.237000	PV:   2136.27	POS:0	NEG:4297	Loss:  0.059701
[Epoch 08/10]	Epsilon:0.1111	#Expl.:485/4299	#Buy:2205	#Sell:2089	#Hold:5	#Stocks:  0.279000	PV:   2091.60	POS:0	NEG:4297	Loss:  0.061098
[Epoch 09/10]	Epsilon:0.0556	#Expl.:232/4299	#Buy:2869	#Sell:1425	#Hold:5	#Stocks:  0.284000	PV:   2135.59	POS:0	NEG:4297	Loss:  0.054955
[Epoch 10/10]	Epsilon:0.0000	#Expl.:0/4299	#Buy:2952	#Sell:1345	#Hold:2	#Stocks:  0.494000	PV:   3256.90	POS:0	NEG:4298	Loss:  0.052576
Max PV: 3256.9032982679432, 	 # Win: 0
LR: 0.1, DF: 0, DRT: 0.52
[Epoch 01/10]	Epsilon:0.5000	#Expl.:2153/4299	#Buy:2391	#Sell:1908	#Hold:0	#Stocks:  0.066000	PV:    925.70	POS:0	NEG:4296	Loss:  0.058557
[Epoch 02/10]	Epsilon:0.4444	#Expl.:1856/4299	#Buy:2014	#Sell:2274	#Hold:11	#Stocks:  0.180000	PV:   1689.86	POS:0	NEG:4297	Loss:  0.060633
[Epoch 03/10]	Epsilon:0.3889	#Expl.:1635/4299	#Buy:1491	#Sell:2807	#Hold:1	#Stocks:  0.026000	PV:   1239.20	POS:0	NEG:4297	Loss:  0.049378
[Epoch 04/10]	Epsilon:0.3333	#Expl.:1446/4299	#Buy:739	#Sell:3457	#Hold:103	#Stocks:  0.372000	PV:   4884.69	POS:0	NEG:4299	Loss:  0.035671
[Epoch 05/10]	Epsilon:0.2778	#Expl.:1186/4299	#Buy:652	#Sell:3191	#Hold:456	#Stocks:  0.000000	PV:   3893.82	POS:0	NEG:4298	Loss:  0.032287
[Epoch 06/10]	Epsilon:0.2222	#Expl.:1035/4299	#Buy:634	#Sell:3441	#Hold:224	#Stocks:  0.006000	PV:   3483.58	POS:0	NEG:4298	Loss:  0.031375
[Epoch 07/10]	Epsilon:0.1667	#Expl.:687/4299	#Buy:520	#Sell:3400	#Hold:379	#Stocks:  0.001000	PV:   4711.79	POS:0	NEG:4298	Loss:  0.026363
[Epoch 08/10]	Epsilon:0.1111	#Expl.:451/4299	#Buy:769	#Sell:3526	#Hold:4	#Stocks:  0.001000	PV:   5250.81	POS:0	NEG:4299	Loss:  0.035520
[Epoch 09/10]	Epsilon:0.0556	#Expl.:237/4299	#Buy:907	#Sell:1946	#Hold:1446	#Stocks:  0.000000	PV:   3620.21	POS:0	NEG:4298	Loss:  0.034462
[Epoch 10/10]	Epsilon:0.0000	#Expl.:0/4299	#Buy:876	#Sell:1315	#Hold:2108	#Stocks:  0.001000	PV:  12099.35	POS:0	NEG:4299	Loss:  0.029492
Max PV: 12099.346254350843, 	 # Win: 1
LR: 0.1, DF: 0, DRT: 0.53
[Epoch 01/10]	Epsilon:0.5000	#Expl.:2168/4299	#Buy:2386	#Sell:1898	#Hold:15	#Stocks:  0.167000	PV:   1070.96	POS:0	NEG:4297	Loss:  0.058637
[Epoch 02/10]	Epsilon:0.4444	#Expl.:1915/4299	#Buy:2701	#Sell:1596	#Hold:2	#Stocks:  0.110000	PV:   1068.57	POS:0	NEG:4297	Loss:  0.054782
[Epoch 03/10]	Epsilon:0.3889	#Expl.:1692/4299	#Buy:2370	#Sell:1911	#Hold:18	#Stocks:  0.163000	PV:   1047.00	POS:0	NEG:4297	Loss:  0.056912
[Epoch 04/10]	Epsilon:0.3333	#Expl.:1435/4299	#Buy:2169	#Sell:2124	#Hold:6	#Stocks:  0.001000	PV:   1394.60	POS:0	NEG:4297	Loss:  0.055718
[Epoch 05/10]	Epsilon:0.2778	#Expl.:1177/4299	#Buy:2311	#Sell:1932	#Hold:56	#Stocks:  0.358000	PV:   2289.01	POS:0	NEG:4298	Loss:  0.050135
[Epoch 06/10]	Epsilon:0.2222	#Expl.:957/4299	#Buy:3192	#Sell:1103	#Hold:4	#Stocks:  0.282000	PV:   1805.72	POS:0	NEG:4297	Loss:  0.046207
[Epoch 07/10]	Epsilon:0.1667	#Expl.:661/4299	#Buy:3855	#Sell:428	#Hold:16	#Stocks:  0.538000	PV:   3440.94	POS:0	NEG:4298	Loss:  0.022864
[Epoch 08/10]	Epsilon:0.1111	#Expl.:454/4299	#Buy:4014	#Sell:283	#Hold:2	#Stocks:  0.381000	PV:   2438.25	POS:0	NEG:4298	Loss:  0.015353
[Epoch 09/10]	Epsilon:0.0556	#Expl.:234/4299	#Buy:4049	#Sell:247	#Hold:3	#Stocks:  0.623000	PV:   3982.25	POS:0	NEG:4298	Loss:  0.013470
[Epoch 10/10]	Epsilon:0.0000	#Expl.:0/4299	#Buy:4230	#Sell:59	#Hold:10	#Stocks:  0.713000	PV:   4556.55	POS:1	NEG:4297	Loss:  0.003981
Max PV: 4556.552582824486, 	 # Win: 0
LR: 0.1, DF: 0, DRT: 0.54
[Epoch 01/10]	Epsilon:0.5000	#Expl.:2144/4299	#Buy:1499	#Sell:2799	#Hold:1	#Stocks:  0.110000	PV:   1860.79	POS:0	NEG:4297	Loss:  0.056815
[Epoch 02/10]	Epsilon:0.4444	#Expl.:1941/4299	#Buy:1318	#Sell:2981	#Hold:0	#Stocks:  0.242000	PV:   2186.18	POS:0	NEG:4298	Loss:  0.052599
[Epoch 03/10]	Epsilon:0.3889	#Expl.:1670/4299	#Buy:1276	#Sell:3020	#Hold:3	#Stocks:  0.213000	PV:   2552.90	POS:0	NEG:4298	Loss:  0.051892
[Epoch 04/10]	Epsilon:0.3333	#Expl.:1481/4299	#Buy:1275	#Sell:3019	#Hold:5	#Stocks:  0.040000	PV:   3142.08	POS:0	NEG:4298	Loss:  0.052050
[Epoch 05/10]	Epsilon:0.2778	#Expl.:1206/4299	#Buy:1294	#Sell:3005	#Hold:0	#Stocks:  0.040000	PV:   2695.89	POS:0	NEG:4298	Loss:  0.051929
[Epoch 06/10]	Epsilon:0.2222	#Expl.:988/4299	#Buy:1320	#Sell:2971	#Hold:8	#Stocks:  0.001000	PV:   1949.30	POS:0	NEG:4297	Loss:  0.051938
[Epoch 07/10]	Epsilon:0.1667	#Expl.:710/4299	#Buy:1058	#Sell:3241	#Hold:0	#Stocks:  0.001000	PV:   2665.71	POS:0	NEG:4298	Loss:  0.044383
[Epoch 08/10]	Epsilon:0.1111	#Expl.:481/4299	#Buy:1036	#Sell:3259	#Hold:4	#Stocks:  0.001000	PV:   2638.01	POS:0	NEG:4298	Loss:  0.044418
[Epoch 09/10]	Epsilon:0.0556	#Expl.:237/4299	#Buy:775	#Sell:3518	#Hold:6	#Stocks:  0.001000	PV:   5520.86	POS:0	NEG:4299	Loss:  0.035893
[Epoch 10/10]	Epsilon:0.0000	#Expl.:0/4299	#Buy:770	#Sell:3525	#Hold:4	#Stocks:  0.000000	PV:   5511.14	POS:0	NEG:4299	Loss:  0.035588
Max PV: 5520.8602148888895, 	 # Win: 0
LR: 0.1, DF: 0, DRT: 0.55
[Epoch 01/10]	Epsilon:0.5000	#Expl.:2161/4299	#Buy:2652	#Sell:1643	#Hold:4	#Stocks:  0.099000	PV:   1353.60	POS:0	NEG:4297	Loss:  0.058674
[Epoch 02/10]	Epsilon:0.4444	#Expl.:1925/4299	#Buy:2341	#Sell:1958	#Hold:0	#Stocks:  0.000000	PV:   1222.92	POS:0	NEG:4297	Loss:  0.052444
[Epoch 03/10]	Epsilon:0.3889	#Expl.:1692/4299	#Buy:1391	#Sell:2841	#Hold:67	#Stocks:  0.001000	PV:   2996.74	POS:0	NEG:4298	Loss:  0.051786
[Epoch 04/10]	Epsilon:0.3333	#Expl.:1502/4299	#Buy:1634	#Sell:2617	#Hold:48	#Stocks:  0.018000	PV:   2530.79	POS:0	NEG:4298	Loss:  0.055005
[Epoch 05/10]	Epsilon:0.2778	#Expl.:1218/4299	#Buy:1365	#Sell:2879	#Hold:55	#Stocks:  0.003000	PV:   2693.32	POS:0	NEG:4298	Loss:  0.050615
[Epoch 06/10]	Epsilon:0.2222	#Expl.:916/4299	#Buy:2106	#Sell:2189	#Hold:4	#Stocks:  0.992000	PV:   6339.10	POS:0	NEG:4299	Loss:  0.056653
[Epoch 07/10]	Epsilon:0.1667	#Expl.:690/4299	#Buy:1773	#Sell:2514	#Hold:12	#Stocks:  0.000000	PV:   2107.32	POS:0	NEG:4298	Loss:  0.051162
[Epoch 08/10]	Epsilon:0.1111	#Expl.:493/4299	#Buy:1895	#Sell:2392	#Hold:12	#Stocks:  0.001000	PV:   8021.17	POS:0	NEG:4299	Loss:  0.052163
[Epoch 09/10]	Epsilon:0.0556	#Expl.:225/4299	#Buy:1880	#Sell:2418	#Hold:1	#Stocks:  0.001000	PV:   5060.68	POS:0	NEG:4299	Loss:  0.053161
[Epoch 10/10]	Epsilon:0.0000	#Expl.:0/4299	#Buy:2234	#Sell:2024	#Hold:41	#Stocks:  0.638000	PV:   4083.04	POS:0	NEG:4298	Loss:  0.052578
Max PV: 8021.165114518765, 	 # Win: 0
LR: 0.1, DF: 0, DRT: 0.56
[Epoch 01/10]	Epsilon:0.5000	#Expl.:2149/4299	#Buy:1252	#Sell:3039	#Hold:8	#Stocks:  0.157000	PV:   2309.47	POS:0	NEG:4298	Loss:  0.052235
[Epoch 02/10]	Epsilon:0.4444	#Expl.:1939/4299	#Buy:1190	#Sell:3101	#Hold:8	#Stocks:  0.001000	PV:   3047.72	POS:0	NEG:4298	Loss:  0.049931
[Epoch 03/10]	Epsilon:0.3889	#Expl.:1618/4299	#Buy:1277	#Sell:2977	#Hold:45	#Stocks:  0.346000	PV:   2216.35	POS:0	NEG:4298	Loss:  0.051788
[Epoch 04/10]	Epsilon:0.3333	#Expl.:1409/4299	#Buy:1486	#Sell:2766	#Hold:47	#Stocks:  0.481000	PV:   3075.29	POS:0	NEG:4298	Loss:  0.052615
[Epoch 05/10]	Epsilon:0.2778	#Expl.:1190/4299	#Buy:1828	#Sell:2471	#Hold:0	#Stocks:  0.326000	PV:   2087.03	POS:0	NEG:4298	Loss:  0.058414
[Epoch 06/10]	Epsilon:0.2222	#Expl.:929/4299	#Buy:1743	#Sell:2548	#Hold:8	#Stocks:  0.337000	PV:   2158.04	POS:0	NEG:4298	Loss:  0.056623
[Epoch 07/10]	Epsilon:0.1667	#Expl.:705/4299	#Buy:1808	#Sell:2488	#Hold:3	#Stocks:  0.001000	PV:   1881.11	POS:0	NEG:4297	Loss:  0.055860
[Epoch 08/10]	Epsilon:0.1111	#Expl.:489/4299	#Buy:1882	#Sell:2403	#Hold:14	#Stocks:  0.329000	PV:   2108.02	POS:0	NEG:4298	Loss:  0.053261
[Epoch 09/10]	Epsilon:0.0556	#Expl.:257/4299	#Buy:2224	#Sell:2075	#Hold:0	#Stocks:  0.006000	PV:   2076.30	POS:0	NEG:4298	Loss:  0.060785
[Epoch 10/10]	Epsilon:0.0000	#Expl.:0/4299	#Buy:2428	#Sell:1871	#Hold:0	#Stocks:  0.264000	PV:   1690.41	POS:0	NEG:4297	Loss:  0.059015
Max PV: 3075.291848457314, 	 # Win: 0
LR: 0.1, DF: 0, DRT: 0.57
[Epoch 01/10]	Epsilon:0.5000	#Expl.:2142/4299	#Buy:2713	#Sell:1585	#Hold:1	#Stocks:  0.448000	PV:   2881.34	POS:0	NEG:4298	Loss:  0.056735
[Epoch 02/10]	Epsilon:0.4444	#Expl.:1916/4299	#Buy:1919	#Sell:2380	#Hold:0	#Stocks:  0.250000	PV:   2623.09	POS:0	NEG:4298	Loss:  0.059119
[Epoch 03/10]	Epsilon:0.3889	#Expl.:1640/4299	#Buy:1696	#Sell:2603	#Hold:0	#Stocks:  0.244000	PV:   1561.77	POS:0	NEG:4297	Loss:  0.058046
[Epoch 04/10]	Epsilon:0.3333	#Expl.:1456/4299	#Buy:1941	#Sell:2358	#Hold:0	#Stocks:  0.361000	PV:   2311.68	POS:0	NEG:4298	Loss:  0.059539
[Epoch 05/10]	Epsilon:0.2778	#Expl.:1226/4299	#Buy:2178	#Sell:2121	#Hold:0	#Stocks:  0.372000	PV:   2825.94	POS:0	NEG:4298	Loss:  0.060266
[Epoch 06/10]	Epsilon:0.2222	#Expl.:943/4299	#Buy:2273	#Sell:2026	#Hold:0	#Stocks:  0.372000	PV:   2380.87	POS:0	NEG:4298	Loss:  0.060756
[Epoch 07/10]	Epsilon:0.1667	#Expl.:761/4299	#Buy:2209	#Sell:2090	#Hold:0	#Stocks:  0.312000	PV:   1996.75	POS:0	NEG:4297	Loss:  0.056878
[Epoch 08/10]	Epsilon:0.1111	#Expl.:484/4299	#Buy:3420	#Sell:879	#Hold:0	#Stocks:  0.472000	PV:   3019.09	POS:0	NEG:4298	Loss:  0.039651
[Epoch 09/10]	Epsilon:0.0556	#Expl.:256/4299	#Buy:3617	#Sell:682	#Hold:0	#Stocks:  0.603000	PV:   3858.70	POS:0	NEG:4298	Loss:  0.032170
[Epoch 10/10]	Epsilon:0.0000	#Expl.:0/4299	#Buy:3662	#Sell:637	#Hold:0	#Stocks:  0.661000	PV:   4228.09	POS:0	NEG:4298	Loss:  0.028314
Max PV: 4228.091736473473, 	 # Win: 0
LR: 0.1, DF: 0, DRT: 0.58
[Epoch 01/10]	Epsilon:0.5000	#Expl.:2192/4299	#Buy:1784	#Sell:2495	#Hold:20	#Stocks:  0.122000	PV:   1394.52	POS:0	NEG:4297	Loss:  0.058381
[Epoch 02/10]	Epsilon:0.4444	#Expl.:1966/4299	#Buy:1060	#Sell:3047	#Hold:192	#Stocks:  0.000000	PV:   2118.06	POS:0	NEG:4298	Loss:  0.046613
[Epoch 03/10]	Epsilon:0.3889	#Expl.:1651/4299	#Buy:854	#Sell:3218	#Hold:227	#Stocks:  0.657000	PV:   4203.76	POS:0	NEG:4298	Loss:  0.039831
[Epoch 04/10]	Epsilon:0.3333	#Expl.:1418/4299	#Buy:768	#Sell:3403	#Hold:128	#Stocks:  0.001000	PV:   4021.04	POS:0	NEG:4298	Loss:  0.037006
[Epoch 05/10]	Epsilon:0.2778	#Expl.:1181/4299	#Buy:630	#Sell:3502	#Hold:167	#Stocks:  0.000000	PV:   4347.00	POS:0	NEG:4299	Loss:  0.031338
[Epoch 06/10]	Epsilon:0.2222	#Expl.:973/4299	#Buy:521	#Sell:2665	#Hold:1113	#Stocks:  0.000000	PV:   3128.13	POS:0	NEG:4298	Loss:  0.026763
[Epoch 07/10]	Epsilon:0.1667	#Expl.:704/4299	#Buy:429	#Sell:3095	#Hold:775	#Stocks:  0.000000	PV:   4518.42	POS:0	NEG:4299	Loss:  0.022452
[Epoch 08/10]	Epsilon:0.1111	#Expl.:489/4299	#Buy:280	#Sell:3920	#Hold:99	#Stocks:  0.000000	PV:   6717.84	POS:0	NEG:4299	Loss:  0.015187
[Epoch 09/10]	Epsilon:0.0556	#Expl.:253/4299	#Buy:196	#Sell:1015	#Hold:3088	#Stocks:  0.000000	PV:   6692.46	POS:0	NEG:4299	Loss:  0.010773
[Epoch 10/10]	Epsilon:0.0000	#Expl.:0/4299	#Buy:58	#Sell:1915	#Hold:2326	#Stocks:  0.000000	PV:   9631.00	POS:0	NEG:4299	Loss:  0.003211
Max PV: 9630.995687959481, 	 # Win: 0
LR: 0.1, DF: 0, DRT: 0.59
[Epoch 01/10]	Epsilon:0.5000	#Expl.:2178/4299	#Buy:3141	#Sell:1157	#Hold:1	#Stocks:  0.001000	PV:   1063.60	POS:0	NEG:4297	Loss:  0.049980
[Epoch 02/10]	Epsilon:0.4444	#Expl.:1974/4299	#Buy:3038	#Sell:1261	#Hold:0	#Stocks:  0.224000	PV:   1434.78	POS:0	NEG:4297	Loss:  0.051038
[Epoch 03/10]	Epsilon:0.3889	#Expl.:1635/4299	#Buy:3096	#Sell:1202	#Hold:1	#Stocks:  0.343000	PV:   2197.83	POS:0	NEG:4298	Loss:  0.047924
[Epoch 04/10]	Epsilon:0.3333	#Expl.:1432/4299	#Buy:3507	#Sell:792	#Hold:0	#Stocks:  0.259000	PV:   1658.65	POS:0	NEG:4297	Loss:  0.037738
[Epoch 05/10]	Epsilon:0.2778	#Expl.:1158/4299	#Buy:3666	#Sell:632	#Hold:1	#Stocks:  0.085000	PV:   1694.01	POS:0	NEG:4297	Loss:  0.031477
[Epoch 06/10]	Epsilon:0.2222	#Expl.:959/4299	#Buy:3785	#Sell:514	#Hold:0	#Stocks:  0.312000	PV:   1996.70	POS:0	NEG:4298	Loss:  0.026328
[Epoch 07/10]	Epsilon:0.1667	#Expl.:770/4299	#Buy:3802	#Sell:496	#Hold:1	#Stocks:  0.462000	PV:   2956.17	POS:0	NEG:4298	Loss:  0.025529
[Epoch 08/10]	Epsilon:0.1111	#Expl.:483/4299	#Buy:3963	#Sell:336	#Hold:0	#Stocks:  0.530000	PV:   3387.02	POS:1	NEG:4297	Loss:  0.017997
[Epoch 09/10]	Epsilon:0.0556	#Expl.:248/4299	#Buy:4014	#Sell:285	#Hold:0	#Stocks:  0.590000	PV:   3771.23	POS:0	NEG:4298	Loss:  0.014930
[Epoch 10/10]	Epsilon:0.0000	#Expl.:0/4299	#Buy:4119	#Sell:180	#Hold:0	#Stocks:  0.760000	PV:   4858.69	POS:0	NEG:4299	Loss:  0.009598
Max PV: 4858.689090517959, 	 # Win: 0
LR: 0.1, DF: 0, DRT: 0.6
[Epoch 01/10]	Epsilon:0.5000	#Expl.:2189/4299	#Buy:2559	#Sell:1738	#Hold:2	#Stocks:  0.092000	PV:   1184.30	POS:0	NEG:4297	Loss:  0.060075
[Epoch 02/10]	Epsilon:0.4444	#Expl.:1908/4299	#Buy:2668	#Sell:1631	#Hold:0	#Stocks:  0.215000	PV:   1877.96	POS:0	NEG:4298	Loss:  0.057785
[Epoch 03/10]	Epsilon:0.3889	#Expl.:1696/4299	#Buy:2731	#Sell:1568	#Hold:0	#Stocks:  0.332000	PV:   2150.30	POS:0	NEG:4298	Loss:  0.057381
[Epoch 04/10]	Epsilon:0.3333	#Expl.:1416/4299	#Buy:2695	#Sell:1601	#Hold:3	#Stocks:  0.415000	PV:   2670.26	POS:0	NEG:4298	Loss:  0.057439
[Epoch 05/10]	Epsilon:0.2778	#Expl.:1206/4299	#Buy:2698	#Sell:1601	#Hold:0	#Stocks:  0.159000	PV:   2634.33	POS:0	NEG:4298	Loss:  0.057229
[Epoch 06/10]	Epsilon:0.2222	#Expl.:944/4299	#Buy:2705	#Sell:1588	#Hold:6	#Stocks:  0.384000	PV:   3241.70	POS:0	NEG:4298	Loss:  0.057062
[Epoch 07/10]	Epsilon:0.1667	#Expl.:788/4299	#Buy:2959	#Sell:1340	#Hold:0	#Stocks:  0.336000	PV:   2420.38	POS:0	NEG:4298	Loss:  0.052358
[Epoch 08/10]	Epsilon:0.1111	#Expl.:436/4299	#Buy:2703	#Sell:1593	#Hold:3	#Stocks:  0.503000	PV:   3229.39	POS:0	NEG:4298	Loss:  0.056009
[Epoch 09/10]	Epsilon:0.0556	#Expl.:238/4299	#Buy:2923	#Sell:1376	#Hold:0	#Stocks:  0.235000	PV:   5600.58	POS:0	NEG:4299	Loss:  0.053053
[Epoch 10/10]	Epsilon:0.0000	#Expl.:0/4299	#Buy:3349	#Sell:950	#Hold:0	#Stocks:  0.517000	PV:   4349.71	POS:0	NEG:4299	Loss:  0.041191
Max PV: 5600.584350936457, 	 # Win: 0
LR: 0.1, DF: 0, DRT: 0.61
[Epoch 01/10]	Epsilon:0.5000	#Expl.:2105/4299	#Buy:2572	#Sell:1727	#Hold:0	#Stocks:  0.148000	PV:   1199.61	POS:0	NEG:4297	Loss:  0.059429
[Epoch 02/10]	Epsilon:0.4444	#Expl.:1949/4299	#Buy:2192	#Sell:2106	#Hold:1	#Stocks:  0.246000	PV:   1574.64	POS:0	NEG:4297	Loss:  0.058831
[Epoch 03/10]	Epsilon:0.3889	#Expl.:1680/4299	#Buy:2569	#Sell:1730	#Hold:0	#Stocks:  0.001000	PV:   1320.49	POS:0	NEG:4297	Loss:  0.053318
[Epoch 04/10]	Epsilon:0.3333	#Expl.:1444/4299	#Buy:842	#Sell:3453	#Hold:4	#Stocks:  0.001000	PV:   2633.84	POS:0	NEG:4298	Loss:  0.039414
[Epoch 05/10]	Epsilon:0.2778	#Expl.:1166/4299	#Buy:752	#Sell:3533	#Hold:14	#Stocks:  0.432000	PV:   3385.05	POS:0	NEG:4298	Loss:  0.035167
[Epoch 06/10]	Epsilon:0.2222	#Expl.:916/4299	#Buy:570	#Sell:3455	#Hold:274	#Stocks:  0.209000	PV:   3424.95	POS:0	NEG:4298	Loss:  0.028674
[Epoch 07/10]	Epsilon:0.1667	#Expl.:694/4299	#Buy:501	#Sell:3743	#Hold:55	#Stocks:  0.001000	PV:   6102.30	POS:0	NEG:4299	Loss:  0.025575
[Epoch 08/10]	Epsilon:0.1111	#Expl.:494/4299	#Buy:377	#Sell:3897	#Hold:25	#Stocks:  0.000000	PV:   4431.30	POS:0	NEG:4299	Loss:  0.019761
[Epoch 09/10]	Epsilon:0.0556	#Expl.:237/4299	#Buy:249	#Sell:4032	#Hold:18	#Stocks:  0.001000	PV:   8680.99	POS:0	NEG:4299	Loss:  0.013293
[Epoch 10/10]	Epsilon:0.0000	#Expl.:0/4299	#Buy:194	#Sell:3863	#Hold:242	#Stocks:  0.001000	PV:   8006.09	POS:0	NEG:4299	Loss:  0.010039
Max PV: 8680.990982789432, 	 # Win: 0
LR: 0.1, DF: 0, DRT: 0.62
[Epoch 01/10]	Epsilon:0.5000	#Expl.:2226/4299	#Buy:2634	#Sell:1658	#Hold:7	#Stocks:  0.227000	PV:   1450.90	POS:0	NEG:4297	Loss:  0.057925
[Epoch 02/10]	Epsilon:0.4444	#Expl.:1899/4299	#Buy:3022	#Sell:1274	#Hold:3	#Stocks:  0.021000	PV:   1331.46	POS:0	NEG:4297	Loss:  0.050542
[Epoch 03/10]	Epsilon:0.3889	#Expl.:1674/4299	#Buy:2699	#Sell:1599	#Hold:1	#Stocks:  0.131000	PV:    840.60	POS:0	NEG:4297	Loss:  0.053119
[Epoch 04/10]	Epsilon:0.3333	#Expl.:1451/4299	#Buy:3407	#Sell:892	#Hold:0	#Stocks:  0.221000	PV:   1418.17	POS:0	NEG:4297	Loss:  0.041040
[Epoch 05/10]	Epsilon:0.2778	#Expl.:1177/4299	#Buy:3613	#Sell:686	#Hold:0	#Stocks:  0.203000	PV:   1298.19	POS:0	NEG:4297	Loss:  0.033415
[Epoch 06/10]	Epsilon:0.2222	#Expl.:996/4299	#Buy:3346	#Sell:953	#Hold:0	#Stocks:  0.238000	PV:   1523.64	POS:0	NEG:4298	Loss:  0.040948
[Epoch 07/10]	Epsilon:0.1667	#Expl.:721/4299	#Buy:2870	#Sell:1385	#Hold:44	#Stocks:  0.356000	PV:   2279.53	POS:0	NEG:4298	Loss:  0.048905
[Epoch 08/10]	Epsilon:0.1111	#Expl.:467/4299	#Buy:3777	#Sell:503	#Hold:19	#Stocks:  0.424000	PV:   2709.81	POS:1	NEG:4297	Loss:  0.025347
[Epoch 09/10]	Epsilon:0.0556	#Expl.:246/4299	#Buy:3958	#Sell:340	#Hold:1	#Stocks:  0.536000	PV:   3431.41	POS:0	NEG:4298	Loss:  0.017787
[Epoch 10/10]	Epsilon:0.0000	#Expl.:0/4299	#Buy:4183	#Sell:79	#Hold:37	#Stocks:  0.726000	PV:   4641.32	POS:0	NEG:4299	Loss:  0.006268
Max PV: 4641.316982792468, 	 # Win: 0
LR: 0.1, DF: 0, DRT: 0.63
[Epoch 01/10]	Epsilon:0.5000	#Expl.:2127/4299	#Buy:2081	#Sell:2215	#Hold:3	#Stocks:  0.210000	PV:   1477.31	POS:0	NEG:4298	Loss:  0.062637
[Epoch 02/10]	Epsilon:0.4444	#Expl.:1924/4299	#Buy:2137	#Sell:2160	#Hold:2	#Stocks:  0.122000	PV:   1900.92	POS:0	NEG:4298	Loss:  0.061840
[Epoch 03/10]	Epsilon:0.3889	#Expl.:1743/4299	#Buy:2157	#Sell:2142	#Hold:0	#Stocks:  0.341000	PV:   2196.13	POS:0	NEG:4298	Loss:  0.062102
[Epoch 04/10]	Epsilon:0.3333	#Expl.:1423/4299	#Buy:2104	#Sell:2191	#Hold:4	#Stocks:  0.209000	PV:   3034.39	POS:0	NEG:4298	Loss:  0.061835
[Epoch 05/10]	Epsilon:0.2778	#Expl.:1218/4299	#Buy:1956	#Sell:2335	#Hold:8	#Stocks:  0.165000	PV:   2530.52	POS:0	NEG:4298	Loss:  0.061354
[Epoch 06/10]	Epsilon:0.2222	#Expl.:965/4299	#Buy:2189	#Sell:2107	#Hold:3	#Stocks:  0.040000	PV:   2313.72	POS:0	NEG:4298	Loss:  0.062077
[Epoch 07/10]	Epsilon:0.1667	#Expl.:760/4299	#Buy:2168	#Sell:2130	#Hold:1	#Stocks:  0.138000	PV:   2158.71	POS:0	NEG:4298	Loss:  0.062028
[Epoch 08/10]	Epsilon:0.1111	#Expl.:474/4299	#Buy:2139	#Sell:2156	#Hold:4	#Stocks:  0.008000	PV:   2223.93	POS:0	NEG:4298	Loss:  0.062447
[Epoch 09/10]	Epsilon:0.0556	#Expl.:241/4299	#Buy:2141	#Sell:2158	#Hold:0	#Stocks:  0.233000	PV:   2382.62	POS:0	NEG:4298	Loss:  0.062500
[Epoch 10/10]	Epsilon:0.0000	#Expl.:0/4299	#Buy:2048	#Sell:2250	#Hold:1	#Stocks:  0.217000	PV:   2201.45	POS:0	NEG:4298	Loss:  0.062301
Max PV: 3034.3928437368577, 	 # Win: 0
LR: 0.1, DF: 0, DRT: 0.64
[Epoch 01/10]	Epsilon:0.5000	#Expl.:2211/4299	#Buy:1443	#Sell:2838	#Hold:18	#Stocks:  0.000000	PV:   1864.41	POS:0	NEG:4298	Loss:  0.055744
[Epoch 02/10]	Epsilon:0.4444	#Expl.:1878/4299	#Buy:1177	#Sell:3095	#Hold:27	#Stocks:  0.000000	PV:   3444.54	POS:0	NEG:4298	Loss:  0.049505
[Epoch 03/10]	Epsilon:0.3889	#Expl.:1649/4299	#Buy:1102	#Sell:3192	#Hold:5	#Stocks:  0.000000	PV:   4015.02	POS:0	NEG:4299	Loss:  0.047428
[Epoch 04/10]	Epsilon:0.3333	#Expl.:1418/4299	#Buy:1039	#Sell:3259	#Hold:1	#Stocks:  0.283000	PV:   3159.53	POS:0	NEG:4298	Loss:  0.045475
[Epoch 05/10]	Epsilon:0.2778	#Expl.:1191/4299	#Buy:894	#Sell:3381	#Hold:24	#Stocks:  0.000000	PV:   3705.72	POS:0	NEG:4298	Loss:  0.040963
[Epoch 06/10]	Epsilon:0.2222	#Expl.:888/4299	#Buy:762	#Sell:3536	#Hold:1	#Stocks:  0.001000	PV:   4452.00	POS:0	NEG:4299	Loss:  0.036017
[Epoch 07/10]	Epsilon:0.1667	#Expl.:734/4299	#Buy:749	#Sell:3536	#Hold:14	#Stocks:  0.001000	PV:   3600.15	POS:0	NEG:4299	Loss:  0.035325
[Epoch 08/10]	Epsilon:0.1111	#Expl.:452/4299	#Buy:707	#Sell:3566	#Hold:26	#Stocks:  0.000000	PV:   6890.18	POS:0	NEG:4299	Loss:  0.032800
[Epoch 09/10]	Epsilon:0.0556	#Expl.:253/4299	#Buy:740	#Sell:3558	#Hold:1	#Stocks:  0.905000	PV:   5789.33	POS:0	NEG:4299	Loss:  0.033161
[Epoch 10/10]	Epsilon:0.0000	#Expl.:0/4299	#Buy:296	#Sell:3977	#Hold:26	#Stocks:  0.380000	PV:   6389.62	POS:0	NEG:4299	Loss:  0.015581
Max PV: 6890.183006482386, 	 # Win: 0
LR: 0.1, DF: 0, DRT: 0.65
[Epoch 01/10]	Epsilon:0.5000	#Expl.:2119/4299	#Buy:2059	#Sell:2239	#Hold:1	#Stocks:  0.002000	PV:   1734.81	POS:0	NEG:4298	Loss:  0.061635
[Epoch 02/10]	Epsilon:0.4444	#Expl.:1870/4299	#Buy:1932	#Sell:2366	#Hold:1	#Stocks:  0.303000	PV:   1939.00	POS:0	NEG:4298	Loss:  0.060890
[Epoch 03/10]	Epsilon:0.3889	#Expl.:1625/4299	#Buy:1824	#Sell:2469	#Hold:6	#Stocks:  0.001000	PV:   2207.07	POS:0	NEG:4298	Loss:  0.058670
[Epoch 04/10]	Epsilon:0.3333	#Expl.:1441/4299	#Buy:1951	#Sell:2348	#Hold:0	#Stocks:  0.001000	PV:   2566.36	POS:0	NEG:4298	Loss:  0.060462
[Epoch 05/10]	Epsilon:0.2778	#Expl.:1161/4299	#Buy:1719	#Sell:2574	#Hold:6	#Stocks:  0.000000	PV:   1955.65	POS:0	NEG:4298	Loss:  0.056511
[Epoch 06/10]	Epsilon:0.2222	#Expl.:980/4299	#Buy:1782	#Sell:2502	#Hold:15	#Stocks:  0.449000	PV:   2869.17	POS:0	NEG:4298	Loss:  0.053684
[Epoch 07/10]	Epsilon:0.1667	#Expl.:722/4299	#Buy:2447	#Sell:1848	#Hold:4	#Stocks:  0.000000	PV:   2585.04	POS:0	NEG:4298	Loss:  0.055752
[Epoch 08/10]	Epsilon:0.1111	#Expl.:447/4299	#Buy:2398	#Sell:1895	#Hold:6	#Stocks:  0.174000	PV:   1975.72	POS:0	NEG:4298	Loss:  0.059438
[Epoch 09/10]	Epsilon:0.0556	#Expl.:220/4299	#Buy:2354	#Sell:1941	#Hold:4	#Stocks:  0.641000	PV:   4201.69	POS:0	NEG:4299	Loss:  0.061040
[Epoch 10/10]	Epsilon:0.0000	#Expl.:0/4299	#Buy:2324	#Sell:1971	#Hold:4	#Stocks:  0.644000	PV:   4116.01	POS:0	NEG:4299	Loss:  0.060861
Max PV: 4201.693812521364, 	 # Win: 0
LR: 0.1, DF: 0, DRT: 0.66
[Epoch 01/10]	Epsilon:0.5000	#Expl.:2191/4299	#Buy:3077	#Sell:1222	#Hold:0	#Stocks:  0.236000	PV:   1513.09	POS:0	NEG:4298	Loss:  0.051451
[Epoch 02/10]	Epsilon:0.4444	#Expl.:1919/4299	#Buy:3234	#Sell:1062	#Hold:3	#Stocks:  0.178000	PV:   1444.19	POS:0	NEG:4298	Loss:  0.046694
[Epoch 03/10]	Epsilon:0.3889	#Expl.:1642/4299	#Buy:3316	#Sell:980	#Hold:3	#Stocks:  0.227000	PV:   1457.82	POS:0	NEG:4298	Loss:  0.044022
[Epoch 04/10]	Epsilon:0.3333	#Expl.:1435/4299	#Buy:3417	#Sell:882	#Hold:0	#Stocks:  0.281000	PV:   1801.41	POS:0	NEG:4298	Loss:  0.039940
[Epoch 05/10]	Epsilon:0.2778	#Expl.:1183/4299	#Buy:3552	#Sell:746	#Hold:1	#Stocks:  0.307000	PV:   1967.76	POS:0	NEG:4298	Loss:  0.035804
[Epoch 06/10]	Epsilon:0.2222	#Expl.:950/4299	#Buy:3583	#Sell:715	#Hold:1	#Stocks:  0.339000	PV:   2172.13	POS:0	NEG:4298	Loss:  0.034104
[Epoch 07/10]	Epsilon:0.1667	#Expl.:742/4299	#Buy:3716	#Sell:582	#Hold:1	#Stocks:  0.425000	PV:   2721.34	POS:0	NEG:4298	Loss:  0.028581
[Epoch 08/10]	Epsilon:0.1111	#Expl.:443/4299	#Buy:3656	#Sell:643	#Hold:0	#Stocks:  0.468000	PV:   4342.75	POS:0	NEG:4299	Loss:  0.030673
[Epoch 09/10]	Epsilon:0.0556	#Expl.:249/4299	#Buy:3828	#Sell:471	#Hold:0	#Stocks:  0.621000	PV:   3993.81	POS:0	NEG:4299	Loss:  0.023159
[Epoch 10/10]	Epsilon:0.0000	#Expl.:0/4299	#Buy:3908	#Sell:387	#Hold:4	#Stocks:  0.676000	PV:   4333.61	POS:0	NEG:4299	Loss:  0.019606
Max PV: 4342.753945607935, 	 # Win: 0
