LR: 0.1, DF: 0, DRT: 0.6
findfont: Matching :family=sans-serif:style=normal:variant=normal:weight=normal:stretch=normal:size=10.0 to DejaVu Sans ('/usr/local/lib/python3.5/dist-packages/matplotlib/mpl-data/fonts/ttf/DejaVuSans.ttf') with score of 0.050000
findfont: Matching :family=sans-serif:style=normal:variant=normal:weight=normal:stretch=normal:size=12.0 to DejaVu Sans ('/usr/local/lib/python3.5/dist-packages/matplotlib/mpl-data/fonts/ttf/DejaVuSans.ttf') with score of 0.050000
[Epoch 001/100]	Epsilon:0.5000	#Expl.:2144/4299	#Buy:1750	#Sell:1483	#Hold:1066	#Stocks:  0.332278	PV:   2123.28	POS:0	NEG:4298	Loss:  0.050914
[Epoch 002/100]	Epsilon:0.4949	#Expl.:2119/4299	#Buy:1941	#Sell:1525	#Hold:833	#Stocks:  0.350904	PV:   2247.64	POS:0	NEG:4298	Loss:  0.051467
[Epoch 003/100]	Epsilon:0.4899	#Expl.:2094/4299	#Buy:1854	#Sell:1628	#Hold:817	#Stocks:  0.000787	PV:   3422.52	POS:0	NEG:4298	Loss:  0.051535
[Epoch 004/100]	Epsilon:0.4848	#Expl.:2123/4299	#Buy:1851	#Sell:1606	#Hold:842	#Stocks:  0.162088	PV:   1740.14	POS:0	NEG:4298	Loss:  0.051146
[Epoch 005/100]	Epsilon:0.4798	#Expl.:2031/4299	#Buy:1815	#Sell:1522	#Hold:962	#Stocks:  0.290952	PV:   2140.25	POS:0	NEG:4298	Loss:  0.050723
[Epoch 006/100]	Epsilon:0.4747	#Expl.:2071/4299	#Buy:1504	#Sell:1952	#Hold:843	#Stocks:  0.263720	PV:   1685.19	POS:0	NEG:4297	Loss:  0.050035
[Epoch 007/100]	Epsilon:0.4697	#Expl.:2073/4299	#Buy:1957	#Sell:1315	#Hold:1027	#Stocks:  0.086121	PV:   1066.78	POS:0	NEG:4297	Loss:  0.049694
[Epoch 008/100]	Epsilon:0.4646	#Expl.:2032/4299	#Buy:2156	#Sell:1243	#Hold:900	#Stocks:  0.348806	PV:   2228.89	POS:0	NEG:4298	Loss:  0.049525
[Epoch 009/100]	Epsilon:0.4596	#Expl.:1922/4299	#Buy:1983	#Sell:1300	#Hold:1016	#Stocks:  0.311275	PV:   1989.07	POS:0	NEG:4298	Loss:  0.049122
[Epoch 010/100]	Epsilon:0.4545	#Expl.:1987/4299	#Buy:2039	#Sell:1369	#Hold:891	#Stocks:  0.127233	PV:   1507.69	POS:0	NEG:4297	Loss:  0.050243
[Epoch 011/100]	Epsilon:0.4495	#Expl.:1960/4299	#Buy:1376	#Sell:1895	#Hold:1028	#Stocks:  0.336473	PV:   2151.21	POS:0	NEG:4298	Loss:  0.047471
[Epoch 012/100]	Epsilon:0.4444	#Expl.:1889/4299	#Buy:946	#Sell:1756	#Hold:1597	#Stocks:  0.000079	PV:   4022.66	POS:0	NEG:4298	Loss:  0.044035
[Epoch 013/100]	Epsilon:0.4394	#Expl.:1933/4299	#Buy:1037	#Sell:1904	#Hold:1358	#Stocks:  0.011201	PV:   3696.15	POS:0	NEG:4298	Loss:  0.045214
[Epoch 014/100]	Epsilon:0.4343	#Expl.:1881/4299	#Buy:1099	#Sell:2053	#Hold:1147	#Stocks:  0.327463	PV:   2376.01	POS:0	NEG:4298	Loss:  0.044932
[Epoch 015/100]	Epsilon:0.4293	#Expl.:1812/4299	#Buy:1548	#Sell:1919	#Hold:832	#Stocks:  0.195435	PV:   3258.11	POS:0	NEG:4298	Loss:  0.048040
[Epoch 016/100]	Epsilon:0.4242	#Expl.:1848/4299	#Buy:1593	#Sell:1857	#Hold:849	#Stocks:  0.000094	PV:   2614.10	POS:0	NEG:4298	Loss:  0.048520
[Epoch 017/100]	Epsilon:0.4192	#Expl.:1748/4299	#Buy:1662	#Sell:1912	#Hold:725	#Stocks:  0.175642	PV:   1701.28	POS:0	NEG:4298	Loss:  0.048590
[Epoch 018/100]	Epsilon:0.4141	#Expl.:1842/4299	#Buy:1844	#Sell:1794	#Hold:661	#Stocks:  0.223928	PV:   1779.37	POS:0	NEG:4298	Loss:  0.050839
[Epoch 019/100]	Epsilon:0.4091	#Expl.:1761/4299	#Buy:1790	#Sell:1850	#Hold:659	#Stocks:  0.212651	PV:   2719.54	POS:0	NEG:4298	Loss:  0.050066
[Epoch 020/100]	Epsilon:0.4040	#Expl.:1761/4299	#Buy:1664	#Sell:1992	#Hold:643	#Stocks:  0.306107	PV:   2665.23	POS:0	NEG:4298	Loss:  0.049633
[Epoch 021/100]	Epsilon:0.3990	#Expl.:1714/4299	#Buy:1642	#Sell:1913	#Hold:744	#Stocks:  0.011918	PV:   2409.90	POS:0	NEG:4298	Loss:  0.050919
[Epoch 022/100]	Epsilon:0.3939	#Expl.:1735/4299	#Buy:1252	#Sell:2403	#Hold:644	#Stocks:  0.013033	PV:   2383.63	POS:0	NEG:4298	Loss:  0.047900
[Epoch 023/100]	Epsilon:0.3889	#Expl.:1652/4299	#Buy:1489	#Sell:2075	#Hold:735	#Stocks:  0.031738	PV:   2113.83	POS:0	NEG:4298	Loss:  0.049364
[Epoch 024/100]	Epsilon:0.3838	#Expl.:1692/4299	#Buy:2236	#Sell:1310	#Hold:753	#Stocks:  0.237687	PV:   1519.24	POS:0	NEG:4297	Loss:  0.049677
[Epoch 025/100]	Epsilon:0.3788	#Expl.:1642/4299	#Buy:2566	#Sell:912	#Hold:821	#Stocks:  0.028839	PV:   1444.24	POS:0	NEG:4297	Loss:  0.046369
[Epoch 026/100]	Epsilon:0.3737	#Expl.:1613/4299	#Buy:2479	#Sell:1051	#Hold:769	#Stocks:  0.437233	PV:   2793.95	POS:0	NEG:4298	Loss:  0.047251
[Epoch 027/100]	Epsilon:0.3687	#Expl.:1606/4299	#Buy:2781	#Sell:780	#Hold:738	#Stocks:  0.238351	PV:   1523.48	POS:0	NEG:4297	Loss:  0.042322
[Epoch 028/100]	Epsilon:0.3636	#Expl.:1606/4299	#Buy:2892	#Sell:750	#Hold:657	#Stocks:  0.379644	PV:   2425.95	POS:0	NEG:4298	Loss:  0.040843
[Epoch 029/100]	Epsilon:0.3586	#Expl.:1560/4299	#Buy:2809	#Sell:793	#Hold:697	#Stocks:  0.134960	PV:   2147.07	POS:0	NEG:4298	Loss:  0.042493
[Epoch 030/100]	Epsilon:0.3535	#Expl.:1502/4299	#Buy:1665	#Sell:1621	#Hold:1013	#Stocks:  0.002405	PV:   1405.57	POS:0	NEG:4297	Loss:  0.048370
[Epoch 031/100]	Epsilon:0.3485	#Expl.:1492/4299	#Buy:1279	#Sell:858	#Hold:2162	#Stocks:  0.055966	PV:   2127.25	POS:0	NEG:4298	Loss:  0.049858
[Epoch 032/100]	Epsilon:0.3434	#Expl.:1465/4299	#Buy:1323	#Sell:769	#Hold:2207	#Stocks:  0.059354	PV:   3662.50	POS:0	NEG:4298	Loss:  0.049951
[Epoch 033/100]	Epsilon:0.3384	#Expl.:1430/4299	#Buy:1306	#Sell:967	#Hold:2026	#Stocks:  0.482992	PV:   3114.51	POS:0	NEG:4298	Loss:  0.051340
[Epoch 034/100]	Epsilon:0.3333	#Expl.:1433/4299	#Buy:1203	#Sell:844	#Hold:2252	#Stocks:  0.475001	PV:   3080.78	POS:0	NEG:4298	Loss:  0.049890
[Epoch 035/100]	Epsilon:0.3283	#Expl.:1344/4299	#Buy:1346	#Sell:755	#Hold:2198	#Stocks:  0.004524	PV:   3581.66	POS:0	NEG:4298	Loss:  0.049758
[Epoch 036/100]	Epsilon:0.3232	#Expl.:1362/4299	#Buy:1129	#Sell:809	#Hold:2361	#Stocks:  0.466387	PV:   2989.29	POS:0	NEG:4298	Loss:  0.049022
[Epoch 037/100]	Epsilon:0.3182	#Expl.:1384/4299	#Buy:1973	#Sell:670	#Hold:1656	#Stocks:  0.214480	PV:   2871.17	POS:0	NEG:4298	Loss:  0.048846
[Epoch 038/100]	Epsilon:0.3131	#Expl.:1306/4299	#Buy:2604	#Sell:600	#Hold:1095	#Stocks:  0.460746	PV:   2944.20	POS:0	NEG:4298	Loss:  0.042841
[Epoch 039/100]	Epsilon:0.3081	#Expl.:1288/4299	#Buy:2769	#Sell:546	#Hold:984	#Stocks:  0.468394	PV:   2993.07	POS:0	NEG:4298	Loss:  0.042338
[Epoch 040/100]	Epsilon:0.3030	#Expl.:1287/4299	#Buy:3063	#Sell:627	#Hold:609	#Stocks:  0.303796	PV:   1941.27	POS:0	NEG:4298	Loss:  0.037342
[Epoch 041/100]	Epsilon:0.2980	#Expl.:1272/4299	#Buy:2903	#Sell:644	#Hold:752	#Stocks:  0.245427	PV:   1570.09	POS:0	NEG:4297	Loss:  0.040170
[Epoch 042/100]	Epsilon:0.2929	#Expl.:1265/4299	#Buy:1817	#Sell:1324	#Hold:1158	#Stocks:  0.000000	PV:   1125.41	POS:0	NEG:4297	Loss:  0.050903
[Epoch 043/100]	Epsilon:0.2879	#Expl.:1206/4299	#Buy:1040	#Sell:1218	#Hold:2041	#Stocks:  0.498939	PV:   3188.26	POS:0	NEG:4298	Loss:  0.043960
[Epoch 044/100]	Epsilon:0.2828	#Expl.:1186/4299	#Buy:1977	#Sell:1184	#Hold:1138	#Stocks:  0.000294	PV:   2331.34	POS:0	NEG:4298	Loss:  0.051574
[Epoch 045/100]	Epsilon:0.2778	#Expl.:1184/4299	#Buy:1866	#Sell:1129	#Hold:1304	#Stocks:  0.316386	PV:   2021.73	POS:0	NEG:4298	Loss:  0.052333
[Epoch 046/100]	Epsilon:0.2727	#Expl.:1177/4299	#Buy:1759	#Sell:936	#Hold:1604	#Stocks:  0.341042	PV:   2252.08	POS:0	NEG:4298	Loss:  0.052203
[Epoch 047/100]	Epsilon:0.2677	#Expl.:1118/4299	#Buy:2123	#Sell:774	#Hold:1402	#Stocks:  0.191200	PV:   1249.63	POS:0	NEG:4297	Loss:  0.049683
[Epoch 048/100]	Epsilon:0.2626	#Expl.:1203/4299	#Buy:1807	#Sell:1194	#Hold:1298	#Stocks:  0.411802	PV:   2631.44	POS:0	NEG:4298	Loss:  0.053620
[Epoch 049/100]	Epsilon:0.2576	#Expl.:1070/4299	#Buy:1684	#Sell:1245	#Hold:1370	#Stocks:  0.191470	PV:   1773.42	POS:0	NEG:4298	Loss:  0.054198
[Epoch 050/100]	Epsilon:0.2525	#Expl.:1079/4299	#Buy:1996	#Sell:987	#Hold:1316	#Stocks:  0.305766	PV:   1953.87	POS:0	NEG:4298	Loss:  0.050147
[Epoch 051/100]	Epsilon:0.2475	#Expl.:1095/4299	#Buy:2568	#Sell:541	#Hold:1190	#Stocks:  0.303450	PV:   2507.56	POS:0	NEG:4298	Loss:  0.044867
[Epoch 052/100]	Epsilon:0.2424	#Expl.:1045/4299	#Buy:2463	#Sell:623	#Hold:1213	#Stocks:  0.343731	PV:   2196.47	POS:0	NEG:4298	Loss:  0.045735
[Epoch 053/100]	Epsilon:0.2374	#Expl.:1064/4299	#Buy:2217	#Sell:617	#Hold:1465	#Stocks:  0.398920	PV:   2891.99	POS:0	NEG:4298	Loss:  0.048017
[Epoch 054/100]	Epsilon:0.2323	#Expl.:951/4299	#Buy:2656	#Sell:639	#Hold:1004	#Stocks:  0.191935	PV:   2287.10	POS:0	NEG:4298	Loss:  0.043347
[Epoch 055/100]	Epsilon:0.2273	#Expl.:1004/4299	#Buy:1918	#Sell:1169	#Hold:1212	#Stocks:  0.542147	PV:   3464.36	POS:0	NEG:4298	Loss:  0.052029
[Epoch 056/100]	Epsilon:0.2222	#Expl.:986/4299	#Buy:1650	#Sell:1358	#Hold:1291	#Stocks:  0.643701	PV:   4113.30	POS:0	NEG:4298	Loss:  0.053115
[Epoch 057/100]	Epsilon:0.2172	#Expl.:938/4299	#Buy:1336	#Sell:1546	#Hold:1417	#Stocks:  0.572553	PV:   3658.69	POS:0	NEG:4298	Loss:  0.051218
[Epoch 058/100]	Epsilon:0.2121	#Expl.:942/4299	#Buy:1146	#Sell:1542	#Hold:1611	#Stocks:  0.480273	PV:   3068.97	POS:0	NEG:4298	Loss:  0.048611
[Epoch 059/100]	Epsilon:0.2071	#Expl.:884/4299	#Buy:1032	#Sell:1530	#Hold:1737	#Stocks:  0.000000	PV:   4998.42	POS:0	NEG:4299	Loss:  0.042243
[Epoch 060/100]	Epsilon:0.2020	#Expl.:883/4299	#Buy:1707	#Sell:1463	#Hold:1129	#Stocks:  0.402650	PV:   2572.96	POS:0	NEG:4298	Loss:  0.043398
[Epoch 061/100]	Epsilon:0.1970	#Expl.:898/4299	#Buy:3377	#Sell:471	#Hold:451	#Stocks:  0.550331	PV:   3516.65	POS:0	NEG:4298	Loss:  0.029747
[Epoch 062/100]	Epsilon:0.1919	#Expl.:835/4299	#Buy:3058	#Sell:757	#Hold:484	#Stocks:  0.330963	PV:   2114.88	POS:0	NEG:4298	Loss:  0.033585
[Epoch 063/100]	Epsilon:0.1869	#Expl.:782/4299	#Buy:3476	#Sell:424	#Hold:399	#Stocks:  0.203295	PV:   2225.23	POS:0	NEG:4298	Loss:  0.026845
[Epoch 064/100]	Epsilon:0.1818	#Expl.:832/4299	#Buy:3514	#Sell:368	#Hold:417	#Stocks:  0.280990	PV:   3038.88	POS:0	NEG:4298	Loss:  0.026168
[Epoch 065/100]	Epsilon:0.1768	#Expl.:730/4299	#Buy:3532	#Sell:391	#Hold:376	#Stocks:  0.198493	PV:   3772.31	POS:0	NEG:4298	Loss:  0.025584
[Epoch 066/100]	Epsilon:0.1717	#Expl.:745/4299	#Buy:3566	#Sell:336	#Hold:397	#Stocks:  0.506136	PV:   3234.24	POS:0	NEG:4298	Loss:  0.024630
[Epoch 067/100]	Epsilon:0.1667	#Expl.:739/4299	#Buy:3510	#Sell:326	#Hold:463	#Stocks:  0.429714	PV:   2745.90	POS:1	NEG:4297	Loss:  0.026220
[Epoch 068/100]	Epsilon:0.1616	#Expl.:674/4299	#Buy:3551	#Sell:273	#Hold:475	#Stocks:  0.484422	PV:   3095.49	POS:0	NEG:4298	Loss:  0.024716
[Epoch 069/100]	Epsilon:0.1566	#Expl.:717/4299	#Buy:3503	#Sell:370	#Hold:426	#Stocks:  0.293396	PV:   1874.82	POS:0	NEG:4298	Loss:  0.026087
[Epoch 070/100]	Epsilon:0.1515	#Expl.:663/4299	#Buy:3530	#Sell:357	#Hold:412	#Stocks:  0.528685	PV:   3378.34	POS:0	NEG:4298	Loss:  0.025440
[Epoch 071/100]	Epsilon:0.1465	#Expl.:609/4299	#Buy:1333	#Sell:954	#Hold:2012	#Stocks:  0.000000	PV:   2348.12	POS:0	NEG:4298	Loss:  0.038840
[Epoch 072/100]	Epsilon:0.1414	#Expl.:617/4299	#Buy:861	#Sell:934	#Hold:2504	#Stocks:  0.000000	PV:   2843.38	POS:0	NEG:4298	Loss:  0.037335
[Epoch 073/100]	Epsilon:0.1364	#Expl.:566/4299	#Buy:885	#Sell:743	#Hold:2671	#Stocks:  0.000000	PV:   7628.25	POS:0	NEG:4299	Loss:  0.033867
[Epoch 074/100]	Epsilon:0.1313	#Expl.:611/4299	#Buy:909	#Sell:1061	#Hold:2329	#Stocks:  0.000000	PV:   3598.91	POS:0	NEG:4298	Loss:  0.036660
[Epoch 075/100]	Epsilon:0.1263	#Expl.:599/4299	#Buy:1829	#Sell:1367	#Hold:1103	#Stocks:  0.214861	PV:   1372.98	POS:0	NEG:4297	Loss:  0.044446
[Epoch 076/100]	Epsilon:0.1212	#Expl.:511/4299	#Buy:2944	#Sell:1048	#Hold:307	#Stocks:  0.069028	PV:   1036.58	POS:0	NEG:4297	Loss:  0.036543
[Epoch 077/100]	Epsilon:0.1162	#Expl.:516/4299	#Buy:3016	#Sell:968	#Hold:315	#Stocks:  0.000000	PV:   1579.89	POS:0	NEG:4298	Loss:  0.035395
[Epoch 078/100]	Epsilon:0.1111	#Expl.:513/4299	#Buy:2800	#Sell:881	#Hold:618	#Stocks:  0.273360	PV:   1746.79	POS:0	NEG:4297	Loss:  0.041632
[Epoch 079/100]	Epsilon:0.1061	#Expl.:475/4299	#Buy:2900	#Sell:928	#Hold:471	#Stocks:  0.019156	PV:   1622.60	POS:0	NEG:4298	Loss:  0.039351
[Epoch 080/100]	Epsilon:0.1010	#Expl.:437/4299	#Buy:2640	#Sell:1117	#Hold:542	#Stocks:  0.255753	PV:   1634.28	POS:0	NEG:4297	Loss:  0.043209
[Epoch 081/100]	Epsilon:0.0960	#Expl.:403/4299	#Buy:2761	#Sell:928	#Hold:610	#Stocks:  0.328280	PV:   2097.73	POS:1	NEG:4296	Loss:  0.041799
[Epoch 082/100]	Epsilon:0.0909	#Expl.:392/4299	#Buy:3067	#Sell:839	#Hold:393	#Stocks:  0.373651	PV:   2387.66	POS:0	NEG:4298	Loss:  0.035726
[Epoch 083/100]	Epsilon:0.0859	#Expl.:361/4299	#Buy:2728	#Sell:1220	#Hold:351	#Stocks:  0.198313	PV:   1267.23	POS:0	NEG:4297	Loss:  0.041300
[Epoch 084/100]	Epsilon:0.0808	#Expl.:333/4299	#Buy:958	#Sell:914	#Hold:2427	#Stocks:  0.000000	PV:   3317.07	POS:0	NEG:4298	Loss:  0.020558
[Epoch 085/100]	Epsilon:0.0758	#Expl.:322/4299	#Buy:255	#Sell:683	#Hold:3361	#Stocks:  0.000000	PV:   5331.71	POS:0	NEG:4299	Loss:  0.016378
[Epoch 086/100]	Epsilon:0.0707	#Expl.:312/4299	#Buy:165	#Sell:397	#Hold:3737	#Stocks:  0.000000	PV:   6270.31	POS:0	NEG:4299	Loss:  0.012848
[Epoch 087/100]	Epsilon:0.0657	#Expl.:292/4299	#Buy:157	#Sell:396	#Hold:3746	#Stocks:  0.000000	PV:   7916.54	POS:0	NEG:4299	Loss:  0.012323
[Epoch 088/100]	Epsilon:0.0606	#Expl.:269/4299	#Buy:158	#Sell:279	#Hold:3862	#Stocks:  0.000000	PV:  10779.71	POS:0	NEG:4299	Loss:  0.012273
[Epoch 089/100]	Epsilon:0.0556	#Expl.:224/4299	#Buy:141	#Sell:285	#Hold:3873	#Stocks:  0.000000	PV:   6702.89	POS:0	NEG:4299	Loss:  0.012803
[Epoch 090/100]	Epsilon:0.0505	#Expl.:217/4299	#Buy:206	#Sell:309	#Hold:3784	#Stocks:  0.000000	PV:   5358.54	POS:0	NEG:4299	Loss:  0.013808
[Epoch 091/100]	Epsilon:0.0455	#Expl.:187/4299	#Buy:175	#Sell:268	#Hold:3856	#Stocks:  0.000000	PV:   8302.80	POS:0	NEG:4299	Loss:  0.013395
[Epoch 092/100]	Epsilon:0.0404	#Expl.:163/4299	#Buy:120	#Sell:289	#Hold:3890	#Stocks:  0.000000	PV:   8989.43	POS:0	NEG:4299	Loss:  0.010097
[Epoch 093/100]	Epsilon:0.0354	#Expl.:164/4299	#Buy:152	#Sell:354	#Hold:3793	#Stocks:  0.000000	PV:   8138.59	POS:0	NEG:4299	Loss:  0.012391
[Epoch 094/100]	Epsilon:0.0303	#Expl.:129/4299	#Buy:150	#Sell:248	#Hold:3901	#Stocks:  0.000000	PV:   8189.78	POS:0	NEG:4299	Loss:  0.010801
[Epoch 095/100]	Epsilon:0.0253	#Expl.:116/4299	#Buy:122	#Sell:174	#Hold:4003	#Stocks:  0.000000	PV:   6304.46	POS:0	NEG:4299	Loss:  0.009743
[Epoch 096/100]	Epsilon:0.0202	#Expl.:87/4299	#Buy:100	#Sell:140	#Hold:4059	#Stocks:  0.000000	PV:   8694.57	POS:0	NEG:4299	Loss:  0.009372
[Epoch 097/100]	Epsilon:0.0152	#Expl.:66/4299	#Buy:126	#Sell:163	#Hold:4010	#Stocks:  0.000000	PV:   7900.13	POS:0	NEG:4299	Loss:  0.009211
[Epoch 098/100]	Epsilon:0.0101	#Expl.:44/4299	#Buy:165	#Sell:238	#Hold:3896	#Stocks:  0.000000	PV:   8213.44	POS:0	NEG:4299	Loss:  0.009814
[Epoch 099/100]	Epsilon:0.0051	#Expl.:19/4299	#Buy:122	#Sell:144	#Hold:4033	#Stocks:  0.000000	PV:   7700.10	POS:0	NEG:4299	Loss:  0.009245
[Epoch 100/100]	Epsilon:0.0000	#Expl.:0/4299	#Buy:82	#Sell:103	#Hold:4114	#Stocks:  0.000000	PV:   8675.85	POS:0	NEG:4299	Loss:  0.008136
Max PV: 10779.713975335097, 	 # Win: 1
