LR: 0.1, DF: 0, DRT: 0.001
findfont: Matching :family=sans-serif:style=normal:variant=normal:weight=normal:stretch=normal:size=10.0 to DejaVu Sans ('/usr/local/lib/python3.5/dist-packages/matplotlib/mpl-data/fonts/ttf/DejaVuSans.ttf') with score of 0.050000
findfont: Matching :family=sans-serif:style=normal:variant=normal:weight=normal:stretch=normal:size=12.0 to DejaVu Sans ('/usr/local/lib/python3.5/dist-packages/matplotlib/mpl-data/fonts/ttf/DejaVuSans.ttf') with score of 0.050000
[Epoch 001/100]	Epsilon:0.5000	#Expl.:2163/4299	#Buy:1164	#Sell:2268	#Hold:867	#Stocks:  0.218793	PV:   3958.20	POS:746	NEG:2613	Loss:  0.073572
[Epoch 002/100]	Epsilon:0.4949	#Expl.:2082/4299	#Buy:1293	#Sell:1704	#Hold:1302	#Stocks:  0.534682	PV:   3417.37	POS:1026	NEG:1999	Loss:  0.075217
[Epoch 003/100]	Epsilon:0.4899	#Expl.:2108/4299	#Buy:2290	#Sell:1279	#Hold:730	#Stocks:  0.237052	PV:   2589.28	POS:1366	NEG:1337	Loss:  0.077853
[Epoch 004/100]	Epsilon:0.4848	#Expl.:2034/4299	#Buy:1189	#Sell:1771	#Hold:1339	#Stocks:  0.426366	PV:   2734.11	POS:957	NEG:2156	Loss:  0.073622
[Epoch 005/100]	Epsilon:0.4798	#Expl.:2046/4299	#Buy:1344	#Sell:1296	#Hold:1659	#Stocks:  0.172967	PV:   2767.91	POS:1180	NEG:1705	Loss:  0.081671
[Epoch 006/100]	Epsilon:0.4747	#Expl.:2026/4299	#Buy:1603	#Sell:1453	#Hold:1243	#Stocks:  0.546923	PV:   3638.75	POS:1177	NEG:1764	Loss:  0.079809
[Epoch 007/100]	Epsilon:0.4697	#Expl.:2089/4299	#Buy:1283	#Sell:1570	#Hold:1446	#Stocks:  0.464683	PV:   5425.69	POS:1043	NEG:2011	Loss:  0.078270
[Epoch 008/100]	Epsilon:0.4646	#Expl.:1940/4299	#Buy:2068	#Sell:917	#Hold:1314	#Stocks:  0.315120	PV:   3744.29	POS:1509	NEG:1147	Loss:  0.081733
[Epoch 009/100]	Epsilon:0.4596	#Expl.:1988/4299	#Buy:1449	#Sell:1507	#Hold:1343	#Stocks:  0.541486	PV:   3514.65	POS:1138	NEG:1823	Loss:  0.076610
[Epoch 010/100]	Epsilon:0.4545	#Expl.:1937/4299	#Buy:1111	#Sell:1683	#Hold:1505	#Stocks:  0.097439	PV:   3822.22	POS:975	NEG:2199	Loss:  0.074548
[Epoch 011/100]	Epsilon:0.4495	#Expl.:1842/4299	#Buy:2198	#Sell:1075	#Hold:1026	#Stocks:  0.363226	PV:   2539.53	POS:1413	NEG:1324	Loss:  0.081525
[Epoch 012/100]	Epsilon:0.4444	#Expl.:1979/4299	#Buy:1172	#Sell:1814	#Hold:1313	#Stocks:  0.000000	PV:   3135.88	POS:961	NEG:2167	Loss:  0.065604
[Epoch 013/100]	Epsilon:0.4394	#Expl.:1864/4299	#Buy:1847	#Sell:994	#Hold:1458	#Stocks:  0.184703	PV:   2806.80	POS:1348	NEG:1436	Loss:  0.077496
[Epoch 014/100]	Epsilon:0.4343	#Expl.:1884/4299	#Buy:1565	#Sell:1856	#Hold:878	#Stocks:  0.093757	PV:   4626.21	POS:966	NEG:2166	Loss:  0.072729
[Epoch 015/100]	Epsilon:0.4293	#Expl.:1808/4299	#Buy:1397	#Sell:1762	#Hold:1140	#Stocks:  0.000193	PV:   5369.92	POS:1015	NEG:2105	Loss:  0.070584
[Epoch 016/100]	Epsilon:0.4242	#Expl.:1892/4299	#Buy:644	#Sell:2355	#Hold:1300	#Stocks:  0.258566	PV:   3421.32	POS:591	NEG:2920	Loss:  0.059513
[Epoch 017/100]	Epsilon:0.4192	#Expl.:1763/4299	#Buy:1384	#Sell:2100	#Hold:815	#Stocks:  0.002637	PV:   3861.27	POS:883	NEG:2337	Loss:  0.059069
[Epoch 018/100]	Epsilon:0.4141	#Expl.:1767/4299	#Buy:653	#Sell:2879	#Hold:767	#Stocks:  0.030923	PV:   5094.70	POS:425	NEG:3236	Loss:  0.055415
[Epoch 019/100]	Epsilon:0.4091	#Expl.:1730/4299	#Buy:1039	#Sell:1973	#Hold:1287	#Stocks:  0.117619	PV:   3402.81	POS:841	NEG:2392	Loss:  0.067289
[Epoch 020/100]	Epsilon:0.4040	#Expl.:1773/4299	#Buy:1493	#Sell:1032	#Hold:1774	#Stocks:  0.200537	PV:   2678.34	POS:1321	NEG:1496	Loss:  0.079722
[Epoch 021/100]	Epsilon:0.3990	#Expl.:1719/4299	#Buy:1575	#Sell:1322	#Hold:1402	#Stocks:  0.382961	PV:   4175.23	POS:1254	NEG:1618	Loss:  0.074917
[Epoch 022/100]	Epsilon:0.3939	#Expl.:1757/4299	#Buy:1528	#Sell:1660	#Hold:1111	#Stocks:  0.419079	PV:   2677.97	POS:1017	NEG:2043	Loss:  0.071754
[Epoch 023/100]	Epsilon:0.3889	#Expl.:1626/4299	#Buy:1924	#Sell:1058	#Hold:1317	#Stocks:  0.029079	PV:   3866.93	POS:1397	NEG:1378	Loss:  0.076349
[Epoch 024/100]	Epsilon:0.3838	#Expl.:1616/4299	#Buy:2223	#Sell:1168	#Hold:908	#Stocks:  0.717453	PV:   4584.90	POS:1347	NEG:1459	Loss:  0.074543
[Epoch 025/100]	Epsilon:0.3788	#Expl.:1631/4299	#Buy:2147	#Sell:952	#Hold:1200	#Stocks:  0.536214	PV:   3426.44	POS:1436	NEG:1271	Loss:  0.075104
[Epoch 026/100]	Epsilon:0.3737	#Expl.:1561/4299	#Buy:2440	#Sell:866	#Hold:993	#Stocks:  0.001655	PV:   3378.26	POS:1490	NEG:1192	Loss:  0.068808
[Epoch 027/100]	Epsilon:0.3687	#Expl.:1578/4299	#Buy:1369	#Sell:1828	#Hold:1102	#Stocks:  0.004018	PV:   4534.71	POS:945	NEG:2266	Loss:  0.067276
[Epoch 028/100]	Epsilon:0.3636	#Expl.:1540/4299	#Buy:1523	#Sell:1675	#Hold:1101	#Stocks:  0.000000	PV:   7044.14	POS:1081	NEG:2000	Loss:  0.066889
[Epoch 029/100]	Epsilon:0.3586	#Expl.:1529/4299	#Buy:1807	#Sell:1565	#Hold:927	#Stocks:  0.477925	PV:   3053.98	POS:1102	NEG:1945	Loss:  0.073387
[Epoch 030/100]	Epsilon:0.3535	#Expl.:1549/4299	#Buy:1320	#Sell:1789	#Hold:1190	#Stocks:  0.000000	PV:   5169.69	POS:936	NEG:2300	Loss:  0.066226
[Epoch 031/100]	Epsilon:0.3485	#Expl.:1507/4299	#Buy:827	#Sell:2373	#Hold:1099	#Stocks:  0.000000	PV:   5973.44	POS:637	NEG:2887	Loss:  0.057948
[Epoch 032/100]	Epsilon:0.3434	#Expl.:1509/4299	#Buy:716	#Sell:2726	#Hold:857	#Stocks:  0.921270	PV:   6148.83	POS:445	NEG:3281	Loss:  0.051615
[Epoch 033/100]	Epsilon:0.3384	#Expl.:1418/4299	#Buy:892	#Sell:1712	#Hold:1695	#Stocks:  0.000001	PV:   5012.36	POS:988	NEG:2254	Loss:  0.064555
[Epoch 034/100]	Epsilon:0.3333	#Expl.:1467/4299	#Buy:508	#Sell:3112	#Hold:679	#Stocks:  0.000000	PV:   4447.62	POS:254	NEG:3617	Loss:  0.044573
[Epoch 035/100]	Epsilon:0.3283	#Expl.:1392/4299	#Buy:931	#Sell:2730	#Hold:638	#Stocks:  0.719699	PV:   4600.05	POS:461	NEG:3242	Loss:  0.051375
[Epoch 036/100]	Epsilon:0.3232	#Expl.:1386/4299	#Buy:1584	#Sell:1914	#Hold:801	#Stocks:  0.336487	PV:   4546.56	POS:932	NEG:2331	Loss:  0.062828
[Epoch 037/100]	Epsilon:0.3182	#Expl.:1420/4299	#Buy:1973	#Sell:1667	#Hold:659	#Stocks:  0.063467	PV:   2839.07	POS:1087	NEG:1979	Loss:  0.062661
[Epoch 038/100]	Epsilon:0.3131	#Expl.:1315/4299	#Buy:1340	#Sell:1949	#Hold:1010	#Stocks:  0.000000	PV:   3982.13	POS:911	NEG:2339	Loss:  0.051065
[Epoch 039/100]	Epsilon:0.3081	#Expl.:1313/4299	#Buy:626	#Sell:2819	#Hold:854	#Stocks:  0.003323	PV:   9013.49	POS:440	NEG:3322	Loss:  0.049384
[Epoch 040/100]	Epsilon:0.3030	#Expl.:1292/4299	#Buy:581	#Sell:2953	#Hold:765	#Stocks:  0.419029	PV:   4506.00	POS:331	NEG:3492	Loss:  0.042615
[Epoch 041/100]	Epsilon:0.2980	#Expl.:1312/4299	#Buy:2495	#Sell:1041	#Hold:763	#Stocks:  0.710323	PV:   4544.13	POS:1465	NEG:1279	Loss:  0.065334
[Epoch 042/100]	Epsilon:0.2929	#Expl.:1281/4299	#Buy:850	#Sell:2540	#Hold:909	#Stocks:  0.541186	PV:   7292.05	POS:529	NEG:3146	Loss:  0.049358
[Epoch 043/100]	Epsilon:0.2879	#Expl.:1226/4299	#Buy:928	#Sell:2677	#Hold:694	#Stocks:  0.000000	PV:   5503.69	POS:543	NEG:3083	Loss:  0.044544
[Epoch 044/100]	Epsilon:0.2828	#Expl.:1189/4299	#Buy:1139	#Sell:2258	#Hold:902	#Stocks:  0.055800	PV:   3767.19	POS:716	NEG:2768	Loss:  0.051017
[Epoch 045/100]	Epsilon:0.2778	#Expl.:1163/4299	#Buy:1106	#Sell:2426	#Hold:767	#Stocks:  0.000004	PV:   3752.09	POS:711	NEG:2757	Loss:  0.046409
[Epoch 046/100]	Epsilon:0.2727	#Expl.:1136/4299	#Buy:501	#Sell:2537	#Hold:1261	#Stocks:  0.005449	PV:   5295.76	POS:513	NEG:3142	Loss:  0.050044
[Epoch 047/100]	Epsilon:0.2677	#Expl.:1085/4299	#Buy:965	#Sell:2866	#Hold:468	#Stocks:  0.000000	PV:   6448.80	POS:505	NEG:3195	Loss:  0.044408
[Epoch 048/100]	Epsilon:0.2626	#Expl.:1107/4299	#Buy:407	#Sell:3401	#Hold:491	#Stocks:  0.429080	PV:   4659.79	POS:189	NEG:3742	Loss:  0.036868
[Epoch 049/100]	Epsilon:0.2576	#Expl.:1106/4299	#Buy:1179	#Sell:1684	#Hold:1436	#Stocks:  0.102760	PV:   8171.52	POS:942	NEG:2286	Loss:  0.061029
[Epoch 050/100]	Epsilon:0.2525	#Expl.:1106/4299	#Buy:1169	#Sell:1637	#Hold:1493	#Stocks:  0.000002	PV:   4233.98	POS:1009	NEG:2170	Loss:  0.059882
[Epoch 051/100]	Epsilon:0.2475	#Expl.:1101/4299	#Buy:2269	#Sell:1249	#Hold:781	#Stocks:  0.000165	PV:   4427.98	POS:1297	NEG:1644	Loss:  0.056167
[Epoch 052/100]	Epsilon:0.2424	#Expl.:1066/4299	#Buy:2721	#Sell:676	#Hold:902	#Stocks:  0.565550	PV:   3958.01	POS:1563	NEG:1097	Loss:  0.069821
[Epoch 053/100]	Epsilon:0.2374	#Expl.:985/4299	#Buy:2699	#Sell:982	#Hold:618	#Stocks:  0.000000	PV:   2958.23	POS:1429	NEG:1348	Loss:  0.057626
[Epoch 054/100]	Epsilon:0.2323	#Expl.:1018/4299	#Buy:1837	#Sell:1270	#Hold:1192	#Stocks:  0.711019	PV:   4543.48	POS:1253	NEG:1729	Loss:  0.062320
[Epoch 055/100]	Epsilon:0.2273	#Expl.:969/4299	#Buy:3438	#Sell:445	#Hold:416	#Stocks:  0.455604	PV:   2911.34	POS:1735	NEG:759	Loss:  0.068600
[Epoch 056/100]	Epsilon:0.2222	#Expl.:966/4299	#Buy:2168	#Sell:1424	#Hold:707	#Stocks:  0.645624	PV:   4221.29	POS:1225	NEG:1734	Loss:  0.056432
[Epoch 057/100]	Epsilon:0.2172	#Expl.:955/4299	#Buy:2459	#Sell:1260	#Hold:580	#Stocks:  0.000000	PV:   4702.56	POS:1345	NEG:1551	Loss:  0.055795
[Epoch 058/100]	Epsilon:0.2121	#Expl.:905/4299	#Buy:3123	#Sell:782	#Hold:394	#Stocks:  0.000000	PV:   4290.43	POS:1567	NEG:1108	Loss:  0.061997
[Epoch 059/100]	Epsilon:0.2071	#Expl.:939/4299	#Buy:592	#Sell:2507	#Hold:1200	#Stocks:  0.005126	PV:   5215.34	POS:495	NEG:3218	Loss:  0.044172
[Epoch 060/100]	Epsilon:0.2020	#Expl.:931/4299	#Buy:323	#Sell:2464	#Hold:1512	#Stocks:  0.002357	PV:   5139.09	POS:584	NEG:3030	Loss:  0.048361
[Epoch 061/100]	Epsilon:0.1970	#Expl.:831/4299	#Buy:763	#Sell:1162	#Hold:2374	#Stocks:  0.398845	PV:   6360.92	POS:1126	NEG:1964	Loss:  0.070121
[Epoch 062/100]	Epsilon:0.1919	#Expl.:810/4299	#Buy:3239	#Sell:405	#Hold:655	#Stocks:  0.413810	PV:   3038.71	POS:1723	NEG:781	Loss:  0.068265
[Epoch 063/100]	Epsilon:0.1869	#Expl.:805/4299	#Buy:405	#Sell:3483	#Hold:411	#Stocks:  0.000000	PV:   5937.91	POS:207	NEG:3761	Loss:  0.028256
[Epoch 064/100]	Epsilon:0.1818	#Expl.:780/4299	#Buy:2398	#Sell:1503	#Hold:398	#Stocks:  0.560720	PV:   3602.82	POS:1150	NEG:1890	Loss:  0.054529
[Epoch 065/100]	Epsilon:0.1768	#Expl.:809/4299	#Buy:2146	#Sell:1861	#Hold:292	#Stocks:  0.000000	PV:   4263.90	POS:1058	NEG:2074	Loss:  0.037256
[Epoch 066/100]	Epsilon:0.1717	#Expl.:739/4299	#Buy:3083	#Sell:872	#Hold:344	#Stocks:  0.000000	PV:   3494.03	POS:1513	NEG:1214	Loss:  0.058469
[Epoch 067/100]	Epsilon:0.1667	#Expl.:736/4299	#Buy:1190	#Sell:1260	#Hold:1849	#Stocks:  0.000000	PV:   4837.69	POS:1181	NEG:1910	Loss:  0.063434
[Epoch 068/100]	Epsilon:0.1616	#Expl.:692/4299	#Buy:1893	#Sell:1691	#Hold:715	#Stocks:  0.271665	PV:   4911.87	POS:1018	NEG:2179	Loss:  0.050087
[Epoch 069/100]	Epsilon:0.1566	#Expl.:702/4299	#Buy:541	#Sell:1329	#Hold:2429	#Stocks:  0.000000	PV:   6454.37	POS:1051	NEG:2141	Loss:  0.063869
[Epoch 070/100]	Epsilon:0.1515	#Expl.:651/4299	#Buy:326	#Sell:2552	#Hold:1421	#Stocks:  0.985814	PV:   6299.42	POS:486	NEG:3192	Loss:  0.044331
[Epoch 071/100]	Epsilon:0.1465	#Expl.:646/4299	#Buy:222	#Sell:3662	#Hold:415	#Stocks:  0.000073	PV:   7260.66	POS:100	NEG:4013	Loss:  0.026284
[Epoch 072/100]	Epsilon:0.1414	#Expl.:645/4299	#Buy:620	#Sell:2432	#Hold:1247	#Stocks:  0.605105	PV:   6424.16	POS:630	NEG:2992	Loss:  0.044919
[Epoch 073/100]	Epsilon:0.1364	#Expl.:577/4299	#Buy:1712	#Sell:1745	#Hold:842	#Stocks:  0.549269	PV:   6950.87	POS:940	NEG:2386	Loss:  0.050989
[Epoch 074/100]	Epsilon:0.1313	#Expl.:543/4299	#Buy:417	#Sell:1872	#Hold:2010	#Stocks:  0.000000	PV:   5584.08	POS:916	NEG:2428	Loss:  0.049988
[Epoch 075/100]	Epsilon:0.1263	#Expl.:558/4299	#Buy:1559	#Sell:2249	#Hold:491	#Stocks:  0.884764	PV:   5653.71	POS:727	NEG:2782	Loss:  0.039881
[Epoch 076/100]	Epsilon:0.1212	#Expl.:528/4299	#Buy:3828	#Sell:275	#Hold:196	#Stocks:  0.638537	PV:   4080.30	POS:1795	NEG:664	Loss:  0.062107
[Epoch 077/100]	Epsilon:0.1162	#Expl.:475/4299	#Buy:4002	#Sell:135	#Hold:162	#Stocks:  0.670794	PV:   4286.42	POS:1842	NEG:573	Loss:  0.062314
[Epoch 078/100]	Epsilon:0.1111	#Expl.:488/4299	#Buy:2653	#Sell:1501	#Hold:145	#Stocks:  0.000000	PV:   6142.65	POS:1255	NEG:1747	Loss:  0.037915
[Epoch 079/100]	Epsilon:0.1061	#Expl.:464/4299	#Buy:161	#Sell:3636	#Hold:502	#Stocks:  0.002952	PV:   7771.44	POS:45	NEG:4151	Loss:  0.014860
[Epoch 080/100]	Epsilon:0.1010	#Expl.:431/4299	#Buy:337	#Sell:2462	#Hold:1500	#Stocks:  0.000000	PV:   6913.42	POS:485	NEG:3283	Loss:  0.029245
[Epoch 081/100]	Epsilon:0.0960	#Expl.:439/4299	#Buy:151	#Sell:3147	#Hold:1001	#Stocks:  0.000000	PV:   8641.99	POS:35	NEG:4169	Loss:  0.013244
[Epoch 082/100]	Epsilon:0.0909	#Expl.:372/4299	#Buy:117	#Sell:2781	#Hold:1401	#Stocks:  0.000000	PV:   7423.00	POS:26	NEG:4193	Loss:  0.011062
[Epoch 083/100]	Epsilon:0.0859	#Expl.:357/4299	#Buy:109	#Sell:2826	#Hold:1364	#Stocks:  0.000000	PV:   8720.97	POS:33	NEG:4195	Loss:  0.012069
[Epoch 084/100]	Epsilon:0.0808	#Expl.:338/4299	#Buy:105	#Sell:3042	#Hold:1152	#Stocks:  0.000000	PV:   8942.25	POS:30	NEG:4202	Loss:  0.014733
[Epoch 085/100]	Epsilon:0.0758	#Expl.:300/4299	#Buy:122	#Sell:3175	#Hold:1002	#Stocks:  0.000000	PV:   8587.62	POS:42	NEG:4177	Loss:  0.010363
[Epoch 086/100]	Epsilon:0.0707	#Expl.:329/4299	#Buy:281	#Sell:3348	#Hold:670	#Stocks:  1.225458	PV:   7830.76	POS:140	NEG:3953	Loss:  0.018942
[Epoch 087/100]	Epsilon:0.0657	#Expl.:280/4299	#Buy:3653	#Sell:522	#Hold:124	#Stocks:  0.000000	PV:   4479.42	POS:1658	NEG:952	Loss:  0.052656
[Epoch 088/100]	Epsilon:0.0606	#Expl.:277/4299	#Buy:82	#Sell:1809	#Hold:2408	#Stocks:  0.000000	PV:   9513.93	POS:21	NEG:4230	Loss:  0.008303
[Epoch 089/100]	Epsilon:0.0556	#Expl.:224/4299	#Buy:85	#Sell:1517	#Hold:2697	#Stocks:  0.000000	PV:   8353.79	POS:21	NEG:4224	Loss:  0.007387
[Epoch 090/100]	Epsilon:0.0505	#Expl.:203/4299	#Buy:68	#Sell:709	#Hold:3522	#Stocks:  0.000000	PV:   9139.33	POS:16	NEG:4240	Loss:  0.006488
[Epoch 091/100]	Epsilon:0.0455	#Expl.:188/4299	#Buy:57	#Sell:628	#Hold:3614	#Stocks:  0.000000	PV:   8712.16	POS:14	NEG:4251	Loss:  0.005295
[Epoch 092/100]	Epsilon:0.0404	#Expl.:209/4299	#Buy:86	#Sell:1062	#Hold:3151	#Stocks:  0.000000	PV:   8477.54	POS:24	NEG:4224	Loss:  0.006791
[Epoch 093/100]	Epsilon:0.0354	#Expl.:166/4299	#Buy:62	#Sell:913	#Hold:3324	#Stocks:  0.000000	PV:   9268.80	POS:17	NEG:4246	Loss:  0.005270
[Epoch 094/100]	Epsilon:0.0303	#Expl.:126/4299	#Buy:42	#Sell:1193	#Hold:3064	#Stocks:  0.000000	PV:   9340.65	POS:10	NEG:4266	Loss:  0.004064
[Epoch 095/100]	Epsilon:0.0253	#Expl.:105/4299	#Buy:46	#Sell:681	#Hold:3572	#Stocks:  0.000000	PV:   9055.52	POS:11	NEG:4259	Loss:  0.005287
[Epoch 096/100]	Epsilon:0.0202	#Expl.:109/4299	#Buy:53	#Sell:916	#Hold:3330	#Stocks:  0.000000	PV:   9293.48	POS:16	NEG:4253	Loss:  0.003764
[Epoch 097/100]	Epsilon:0.0152	#Expl.:67/4299	#Buy:24	#Sell:391	#Hold:3884	#Stocks:  0.000000	PV:   9583.81	POS:6	NEG:4278	Loss:  0.002070
[Epoch 098/100]	Epsilon:0.0101	#Expl.:49/4299	#Buy:31	#Sell:410	#Hold:3858	#Stocks:  0.000000	PV:   9588.74	POS:8	NEG:4271	Loss:  0.001877
[Epoch 099/100]	Epsilon:0.0051	#Expl.:17/4299	#Buy:17	#Sell:270	#Hold:4012	#Stocks:  0.000000	PV:   9605.86	POS:6	NEG:4281	Loss:  0.001185
[Epoch 100/100]	Epsilon:0.0000	#Expl.:0/4299	#Buy:20	#Sell:230	#Hold:4049	#Stocks:  0.000000	PV:   9544.76	POS:7	NEG:4278	Loss:  0.000603
Max PV: 9605.859130825816, 	 # Win: 0
LR: 0.1, DF: 0, DRT: 0.1
[Epoch 001/100]	Epsilon:0.5000	#Expl.:2146/4299	#Buy:1101	#Sell:1510	#Hold:1688	#Stocks:  0.415584	PV:   2655.61	POS:1	NEG:4285	Loss:  0.052535
[Epoch 002/100]	Epsilon:0.4949	#Expl.:2143/4299	#Buy:1353	#Sell:989	#Hold:1957	#Stocks:  0.000000	PV:   2051.02	POS:3	NEG:4279	Loss:  0.048033
[Epoch 003/100]	Epsilon:0.4899	#Expl.:2101/4299	#Buy:2074	#Sell:1108	#Hold:1117	#Stocks:  0.256817	PV:   1641.08	POS:9	NEG:4267	Loss:  0.050448
[Epoch 004/100]	Epsilon:0.4848	#Expl.:2107/4299	#Buy:2541	#Sell:781	#Hold:977	#Stocks:  0.284564	PV:   1818.38	POS:6	NEG:4272	Loss:  0.046387
[Epoch 005/100]	Epsilon:0.4798	#Expl.:2085/4299	#Buy:2675	#Sell:731	#Hold:893	#Stocks:  0.213267	PV:   2301.61	POS:14	NEG:4259	Loss:  0.045795
[Epoch 006/100]	Epsilon:0.4747	#Expl.:2013/4299	#Buy:1663	#Sell:1025	#Hold:1611	#Stocks:  0.068424	PV:   1479.24	POS:6	NEG:4271	Loss:  0.053231
[Epoch 007/100]	Epsilon:0.4697	#Expl.:1996/4299	#Buy:2163	#Sell:841	#Hold:1295	#Stocks:  0.052625	PV:   2114.98	POS:8	NEG:4271	Loss:  0.049805
[Epoch 008/100]	Epsilon:0.4646	#Expl.:2015/4299	#Buy:1692	#Sell:1035	#Hold:1572	#Stocks:  0.447627	PV:   2860.37	POS:6	NEG:4278	Loss:  0.052653
[Epoch 009/100]	Epsilon:0.4596	#Expl.:1958/4299	#Buy:1234	#Sell:1574	#Hold:1491	#Stocks:  0.011190	PV:   2633.25	POS:6	NEG:4276	Loss:  0.053193
[Epoch 010/100]	Epsilon:0.4545	#Expl.:1912/4299	#Buy:2227	#Sell:1039	#Hold:1033	#Stocks:  0.000214	PV:   2888.87	POS:9	NEG:4271	Loss:  0.049374
[Epoch 011/100]	Epsilon:0.4495	#Expl.:1936/4299	#Buy:2028	#Sell:1486	#Hold:785	#Stocks:  0.047628	PV:   2232.87	POS:9	NEG:4269	Loss:  0.051460
[Epoch 012/100]	Epsilon:0.4444	#Expl.:1879/4299	#Buy:1962	#Sell:1276	#Hold:1061	#Stocks:  0.474599	PV:   3032.72	POS:4	NEG:4281	Loss:  0.050841
[Epoch 013/100]	Epsilon:0.4394	#Expl.:1883/4299	#Buy:2171	#Sell:1152	#Hold:976	#Stocks:  0.304236	PV:   1944.09	POS:4	NEG:4277	Loss:  0.049680
[Epoch 014/100]	Epsilon:0.4343	#Expl.:1878/4299	#Buy:1665	#Sell:1446	#Hold:1188	#Stocks:  0.456591	PV:   2927.54	POS:6	NEG:4278	Loss:  0.050180
[Epoch 015/100]	Epsilon:0.4293	#Expl.:1831/4299	#Buy:2495	#Sell:1077	#Hold:727	#Stocks:  0.168296	PV:   2286.95	POS:8	NEG:4271	Loss:  0.045124
[Epoch 016/100]	Epsilon:0.4242	#Expl.:1818/4299	#Buy:1397	#Sell:1474	#Hold:1428	#Stocks:  0.000000	PV:   2925.13	POS:5	NEG:4280	Loss:  0.046415
[Epoch 017/100]	Epsilon:0.4192	#Expl.:1737/4299	#Buy:728	#Sell:864	#Hold:2707	#Stocks:  0.000000	PV:   4974.90	POS:2	NEG:4289	Loss:  0.038921
[Epoch 018/100]	Epsilon:0.4141	#Expl.:1696/4299	#Buy:616	#Sell:1067	#Hold:2616	#Stocks:  0.254955	PV:   3997.76	POS:0	NEG:4291	Loss:  0.040252
[Epoch 019/100]	Epsilon:0.4091	#Expl.:1726/4299	#Buy:670	#Sell:1474	#Hold:2155	#Stocks:  0.000000	PV:   3999.78	POS:0	NEG:4291	Loss:  0.039544
[Epoch 020/100]	Epsilon:0.4040	#Expl.:1770/4299	#Buy:659	#Sell:1737	#Hold:1903	#Stocks:  0.378079	PV:   4110.07	POS:2	NEG:4287	Loss:  0.042792
[Epoch 021/100]	Epsilon:0.3990	#Expl.:1729/4299	#Buy:746	#Sell:1805	#Hold:1748	#Stocks:  0.261778	PV:   3717.45	POS:1	NEG:4288	Loss:  0.044321
[Epoch 022/100]	Epsilon:0.3939	#Expl.:1675/4299	#Buy:784	#Sell:1540	#Hold:1975	#Stocks:  0.000000	PV:   4074.05	POS:7	NEG:4278	Loss:  0.049606
[Epoch 023/100]	Epsilon:0.3889	#Expl.:1694/4299	#Buy:723	#Sell:1259	#Hold:2317	#Stocks:  0.000000	PV:   2745.09	POS:2	NEG:4283	Loss:  0.047157
[Epoch 024/100]	Epsilon:0.3838	#Expl.:1616/4299	#Buy:593	#Sell:1081	#Hold:2625	#Stocks:  0.000000	PV:   5359.76	POS:1	NEG:4292	Loss:  0.037497
[Epoch 025/100]	Epsilon:0.3788	#Expl.:1627/4299	#Buy:543	#Sell:1055	#Hold:2701	#Stocks:  0.000000	PV:   4787.26	POS:1	NEG:4291	Loss:  0.034162
[Epoch 026/100]	Epsilon:0.3737	#Expl.:1613/4299	#Buy:560	#Sell:1671	#Hold:2068	#Stocks:  0.580747	PV:   3711.73	POS:0	NEG:4291	Loss:  0.034960
[Epoch 027/100]	Epsilon:0.3687	#Expl.:1538/4299	#Buy:927	#Sell:2154	#Hold:1218	#Stocks:  0.448784	PV:   2899.64	POS:0	NEG:4288	Loss:  0.038969
[Epoch 028/100]	Epsilon:0.3636	#Expl.:1550/4299	#Buy:1008	#Sell:1932	#Hold:1359	#Stocks:  0.000000	PV:   3609.66	POS:6	NEG:4279	Loss:  0.045426
[Epoch 029/100]	Epsilon:0.3586	#Expl.:1494/4299	#Buy:1381	#Sell:772	#Hold:2146	#Stocks:  0.403398	PV:   3356.70	POS:7	NEG:4276	Loss:  0.044016
[Epoch 030/100]	Epsilon:0.3535	#Expl.:1556/4299	#Buy:897	#Sell:821	#Hold:2581	#Stocks:  0.736865	PV:   4874.31	POS:5	NEG:4283	Loss:  0.045989
[Epoch 031/100]	Epsilon:0.3485	#Expl.:1462/4299	#Buy:1571	#Sell:890	#Hold:1838	#Stocks:  0.682824	PV:   4363.30	POS:5	NEG:4282	Loss:  0.046873
[Epoch 032/100]	Epsilon:0.3434	#Expl.:1487/4299	#Buy:3128	#Sell:581	#Hold:590	#Stocks:  0.383630	PV:   2451.42	POS:12	NEG:4265	Loss:  0.036629
[Epoch 033/100]	Epsilon:0.3384	#Expl.:1440/4299	#Buy:1796	#Sell:749	#Hold:1754	#Stocks:  0.000000	PV:   2054.51	POS:12	NEG:4263	Loss:  0.042807
[Epoch 034/100]	Epsilon:0.3333	#Expl.:1467/4299	#Buy:633	#Sell:994	#Hold:2672	#Stocks:  0.146583	PV:   6876.66	POS:3	NEG:4290	Loss:  0.038215
[Epoch 035/100]	Epsilon:0.3283	#Expl.:1372/4299	#Buy:631	#Sell:1161	#Hold:2507	#Stocks:  0.327497	PV:   4612.60	POS:7	NEG:4279	Loss:  0.044129
[Epoch 036/100]	Epsilon:0.3232	#Expl.:1428/4299	#Buy:622	#Sell:533	#Hold:3144	#Stocks:  0.697254	PV:   5188.90	POS:9	NEG:4276	Loss:  0.036089
[Epoch 037/100]	Epsilon:0.3182	#Expl.:1363/4299	#Buy:463	#Sell:512	#Hold:3324	#Stocks:  0.000000	PV:   3998.44	POS:6	NEG:4280	Loss:  0.031816
[Epoch 038/100]	Epsilon:0.3131	#Expl.:1373/4299	#Buy:544	#Sell:629	#Hold:3126	#Stocks:  0.433591	PV:   5838.84	POS:5	NEG:4285	Loss:  0.036448
[Epoch 039/100]	Epsilon:0.3081	#Expl.:1384/4299	#Buy:514	#Sell:928	#Hold:2857	#Stocks:  0.178054	PV:   4943.21	POS:4	NEG:4285	Loss:  0.039981
[Epoch 040/100]	Epsilon:0.3030	#Expl.:1251/4299	#Buy:625	#Sell:751	#Hold:2923	#Stocks:  0.000000	PV:   4493.36	POS:8	NEG:4277	Loss:  0.039264
[Epoch 041/100]	Epsilon:0.2980	#Expl.:1269/4299	#Buy:492	#Sell:577	#Hold:3230	#Stocks:  0.191197	PV:   4840.75	POS:6	NEG:4281	Loss:  0.033806
[Epoch 042/100]	Epsilon:0.2929	#Expl.:1208/4299	#Buy:561	#Sell:581	#Hold:3157	#Stocks:  0.433299	PV:   4102.79	POS:4	NEG:4284	Loss:  0.035317
[Epoch 043/100]	Epsilon:0.2879	#Expl.:1277/4299	#Buy:495	#Sell:527	#Hold:3277	#Stocks:  0.234967	PV:   3989.40	POS:8	NEG:4275	Loss:  0.032653
[Epoch 044/100]	Epsilon:0.2828	#Expl.:1221/4299	#Buy:531	#Sell:701	#Hold:3067	#Stocks:  0.348681	PV:   4314.57	POS:2	NEG:4287	Loss:  0.037111
[Epoch 045/100]	Epsilon:0.2778	#Expl.:1180/4299	#Buy:502	#Sell:647	#Hold:3150	#Stocks:  0.597072	PV:   5621.39	POS:5	NEG:4284	Loss:  0.035679
[Epoch 046/100]	Epsilon:0.2727	#Expl.:1158/4299	#Buy:596	#Sell:807	#Hold:2896	#Stocks:  0.000005	PV:   3400.17	POS:5	NEG:4281	Loss:  0.040497
[Epoch 047/100]	Epsilon:0.2677	#Expl.:1142/4299	#Buy:748	#Sell:708	#Hold:2843	#Stocks:  0.656967	PV:   4255.12	POS:6	NEG:4281	Loss:  0.041649
[Epoch 048/100]	Epsilon:0.2626	#Expl.:1130/4299	#Buy:711	#Sell:541	#Hold:3047	#Stocks:  0.670049	PV:   4281.66	POS:7	NEG:4278	Loss:  0.037348
[Epoch 049/100]	Epsilon:0.2576	#Expl.:1130/4299	#Buy:443	#Sell:379	#Hold:3477	#Stocks:  0.000000	PV:   4802.35	POS:6	NEG:4281	Loss:  0.027523
[Epoch 050/100]	Epsilon:0.2525	#Expl.:1128/4299	#Buy:437	#Sell:422	#Hold:3440	#Stocks:  0.000001	PV:   5057.76	POS:3	NEG:4287	Loss:  0.028404
[Epoch 051/100]	Epsilon:0.2475	#Expl.:1066/4299	#Buy:455	#Sell:608	#Hold:3236	#Stocks:  0.031057	PV:   5028.57	POS:8	NEG:4278	Loss:  0.033246
[Epoch 052/100]	Epsilon:0.2424	#Expl.:1087/4299	#Buy:430	#Sell:914	#Hold:2955	#Stocks:  0.183404	PV:   6267.44	POS:6	NEG:4284	Loss:  0.036201
[Epoch 053/100]	Epsilon:0.2374	#Expl.:1017/4299	#Buy:356	#Sell:1065	#Hold:2878	#Stocks:  0.000000	PV:   5955.24	POS:2	NEG:4291	Loss:  0.036560
[Epoch 054/100]	Epsilon:0.2323	#Expl.:985/4299	#Buy:381	#Sell:1329	#Hold:2589	#Stocks:  0.113500	PV:   5104.13	POS:1	NEG:4291	Loss:  0.033395
[Epoch 055/100]	Epsilon:0.2273	#Expl.:928/4299	#Buy:402	#Sell:1349	#Hold:2548	#Stocks:  0.000000	PV:   4561.18	POS:0	NEG:4292	Loss:  0.029874
[Epoch 056/100]	Epsilon:0.2222	#Expl.:1026/4299	#Buy:329	#Sell:859	#Hold:3111	#Stocks:  0.405016	PV:   6688.78	POS:0	NEG:4296	Loss:  0.028314
[Epoch 057/100]	Epsilon:0.2172	#Expl.:917/4299	#Buy:329	#Sell:832	#Hold:3138	#Stocks:  0.000000	PV:   6122.56	POS:0	NEG:4295	Loss:  0.024826
[Epoch 058/100]	Epsilon:0.2121	#Expl.:913/4299	#Buy:289	#Sell:909	#Hold:3101	#Stocks:  0.000000	PV:   6294.00	POS:0	NEG:4295	Loss:  0.024537
[Epoch 059/100]	Epsilon:0.2071	#Expl.:928/4299	#Buy:293	#Sell:782	#Hold:3224	#Stocks:  0.000000	PV:   6808.23	POS:0	NEG:4296	Loss:  0.023927
[Epoch 060/100]	Epsilon:0.2020	#Expl.:890/4299	#Buy:283	#Sell:564	#Hold:3452	#Stocks:  0.000000	PV:   6153.06	POS:0	NEG:4295	Loss:  0.023523
[Epoch 061/100]	Epsilon:0.1970	#Expl.:843/4299	#Buy:289	#Sell:510	#Hold:3500	#Stocks:  0.337029	PV:   5793.93	POS:0	NEG:4294	Loss:  0.022652
[Epoch 062/100]	Epsilon:0.1919	#Expl.:857/4299	#Buy:297	#Sell:882	#Hold:3120	#Stocks:  0.000000	PV:   6000.73	POS:0	NEG:4295	Loss:  0.025212
[Epoch 063/100]	Epsilon:0.1869	#Expl.:781/4299	#Buy:309	#Sell:655	#Hold:3335	#Stocks:  0.467215	PV:   6025.16	POS:0	NEG:4295	Loss:  0.022156
[Epoch 064/100]	Epsilon:0.1818	#Expl.:811/4299	#Buy:305	#Sell:662	#Hold:3332	#Stocks:  0.000000	PV:   6052.19	POS:0	NEG:4295	Loss:  0.022983
[Epoch 065/100]	Epsilon:0.1768	#Expl.:762/4299	#Buy:444	#Sell:848	#Hold:3007	#Stocks:  0.000000	PV:   7014.64	POS:1	NEG:4294	Loss:  0.024522
[Epoch 066/100]	Epsilon:0.1717	#Expl.:718/4299	#Buy:466	#Sell:798	#Hold:3035	#Stocks:  0.000000	PV:   6216.48	POS:1	NEG:4293	Loss:  0.023334
[Epoch 067/100]	Epsilon:0.1667	#Expl.:730/4299	#Buy:352	#Sell:827	#Hold:3120	#Stocks:  0.000000	PV:   7187.25	POS:1	NEG:4294	Loss:  0.021268
[Epoch 068/100]	Epsilon:0.1616	#Expl.:714/4299	#Buy:379	#Sell:644	#Hold:3276	#Stocks:  0.000000	PV:   6828.80	POS:2	NEG:4292	Loss:  0.023040
[Epoch 069/100]	Epsilon:0.1566	#Expl.:705/4299	#Buy:369	#Sell:689	#Hold:3241	#Stocks:  0.000000	PV:   5115.36	POS:0	NEG:4294	Loss:  0.019912
[Epoch 070/100]	Epsilon:0.1515	#Expl.:645/4299	#Buy:370	#Sell:386	#Hold:3543	#Stocks:  0.000000	PV:   6814.97	POS:2	NEG:4292	Loss:  0.020209
[Epoch 071/100]	Epsilon:0.1465	#Expl.:629/4299	#Buy:194	#Sell:196	#Hold:3909	#Stocks:  0.000000	PV:   7375.66	POS:0	NEG:4297	Loss:  0.015076
[Epoch 072/100]	Epsilon:0.1414	#Expl.:596/4299	#Buy:200	#Sell:259	#Hold:3840	#Stocks:  0.000000	PV:   7637.79	POS:0	NEG:4297	Loss:  0.014369
[Epoch 073/100]	Epsilon:0.1364	#Expl.:597/4299	#Buy:197	#Sell:214	#Hold:3888	#Stocks:  0.000000	PV:   7332.55	POS:0	NEG:4296	Loss:  0.015133
[Epoch 074/100]	Epsilon:0.1313	#Expl.:589/4299	#Buy:218	#Sell:280	#Hold:3801	#Stocks:  0.601227	PV:   7270.35	POS:0	NEG:4296	Loss:  0.014711
[Epoch 075/100]	Epsilon:0.1263	#Expl.:576/4299	#Buy:270	#Sell:272	#Hold:3757	#Stocks:  0.000000	PV:   6517.48	POS:1	NEG:4294	Loss:  0.016587
[Epoch 076/100]	Epsilon:0.1212	#Expl.:548/4299	#Buy:171	#Sell:195	#Hold:3933	#Stocks:  0.000000	PV:   7353.74	POS:0	NEG:4297	Loss:  0.013082
[Epoch 077/100]	Epsilon:0.1162	#Expl.:523/4299	#Buy:179	#Sell:197	#Hold:3923	#Stocks:  0.000000	PV:   7458.77	POS:0	NEG:4297	Loss:  0.012700
[Epoch 078/100]	Epsilon:0.1111	#Expl.:452/4299	#Buy:139	#Sell:159	#Hold:4001	#Stocks:  0.000000	PV:   7508.61	POS:0	NEG:4297	Loss:  0.011598
[Epoch 079/100]	Epsilon:0.1061	#Expl.:484/4299	#Buy:181	#Sell:211	#Hold:3907	#Stocks:  0.000000	PV:   8071.28	POS:0	NEG:4297	Loss:  0.012770
[Epoch 080/100]	Epsilon:0.1010	#Expl.:467/4299	#Buy:161	#Sell:222	#Hold:3916	#Stocks:  0.000000	PV:   7153.61	POS:0	NEG:4297	Loss:  0.012027
[Epoch 081/100]	Epsilon:0.0960	#Expl.:454/4299	#Buy:149	#Sell:181	#Hold:3969	#Stocks:  0.000000	PV:   7743.06	POS:0	NEG:4297	Loss:  0.011376
[Epoch 082/100]	Epsilon:0.0909	#Expl.:373/4299	#Buy:134	#Sell:130	#Hold:4035	#Stocks:  0.000000	PV:   8330.71	POS:0	NEG:4298	Loss:  0.009648
[Epoch 083/100]	Epsilon:0.0859	#Expl.:379/4299	#Buy:135	#Sell:187	#Hold:3977	#Stocks:  0.000000	PV:   8922.32	POS:0	NEG:4298	Loss:  0.010834
[Epoch 084/100]	Epsilon:0.0808	#Expl.:307/4299	#Buy:87	#Sell:93	#Hold:4119	#Stocks:  0.000000	PV:   9689.09	POS:0	NEG:4299	Loss:  0.007507
[Epoch 085/100]	Epsilon:0.0758	#Expl.:350/4299	#Buy:112	#Sell:123	#Hold:4064	#Stocks:  0.592441	PV:   7319.96	POS:0	NEG:4297	Loss:  0.009480
[Epoch 086/100]	Epsilon:0.0707	#Expl.:330/4299	#Buy:151	#Sell:147	#Hold:4001	#Stocks:  0.000000	PV:   8618.96	POS:0	NEG:4298	Loss:  0.009567
[Epoch 087/100]	Epsilon:0.0657	#Expl.:288/4299	#Buy:82	#Sell:126	#Hold:4091	#Stocks:  0.000000	PV:   9644.16	POS:0	NEG:4299	Loss:  0.007003
[Epoch 088/100]	Epsilon:0.0606	#Expl.:274/4299	#Buy:85	#Sell:122	#Hold:4092	#Stocks:  0.000000	PV:   9086.40	POS:0	NEG:4299	Loss:  0.007109
[Epoch 089/100]	Epsilon:0.0556	#Expl.:228/4299	#Buy:93	#Sell:123	#Hold:4083	#Stocks:  0.000000	PV:   9047.38	POS:0	NEG:4299	Loss:  0.006737
[Epoch 090/100]	Epsilon:0.0505	#Expl.:194/4299	#Buy:72	#Sell:121	#Hold:4106	#Stocks:  0.000000	PV:   8651.05	POS:0	NEG:4298	Loss:  0.005278
[Epoch 091/100]	Epsilon:0.0455	#Expl.:183/4299	#Buy:47	#Sell:68	#Hold:4184	#Stocks:  0.000000	PV:   8513.50	POS:0	NEG:4298	Loss:  0.004541
[Epoch 092/100]	Epsilon:0.0404	#Expl.:163/4299	#Buy:72	#Sell:129	#Hold:4098	#Stocks:  0.000000	PV:   8284.50	POS:0	NEG:4298	Loss:  0.004952
[Epoch 093/100]	Epsilon:0.0354	#Expl.:140/4299	#Buy:47	#Sell:69	#Hold:4183	#Stocks:  0.000000	PV:   8906.77	POS:0	NEG:4298	Loss:  0.003843
[Epoch 094/100]	Epsilon:0.0303	#Expl.:130/4299	#Buy:50	#Sell:49	#Hold:4200	#Stocks:  0.000000	PV:   9330.98	POS:0	NEG:4299	Loss:  0.003997
[Epoch 095/100]	Epsilon:0.0253	#Expl.:102/4299	#Buy:37	#Sell:37	#Hold:4225	#Stocks:  0.000000	PV:   9147.21	POS:0	NEG:4299	Loss:  0.002774
[Epoch 096/100]	Epsilon:0.0202	#Expl.:88/4299	#Buy:34	#Sell:45	#Hold:4220	#Stocks:  0.000000	PV:   9700.73	POS:0	NEG:4299	Loss:  0.002544
[Epoch 097/100]	Epsilon:0.0152	#Expl.:63/4299	#Buy:48	#Sell:51	#Hold:4200	#Stocks:  0.000000	PV:   9659.03	POS:0	NEG:4299	Loss:  0.003234
[Epoch 098/100]	Epsilon:0.0101	#Expl.:44/4299	#Buy:13	#Sell:16	#Hold:4270	#Stocks:  0.000000	PV:   9775.65	POS:0	NEG:4299	Loss:  0.001214
[Epoch 099/100]	Epsilon:0.0051	#Expl.:17/4299	#Buy:16	#Sell:16	#Hold:4267	#Stocks:  0.000000	PV:   9673.98	POS:0	NEG:4299	Loss:  0.000901
[Epoch 100/100]	Epsilon:0.0000	#Expl.:0/4299	#Buy:5	#Sell:26	#Hold:4268	#Stocks:  0.000000	PV:   9949.80	POS:0	NEG:4299	Loss:  0.000363
Max PV: 9949.801631430722, 	 # Win: 0
LR: 0.1, DF: 0, DRT: 0.2
[Epoch 001/100]	Epsilon:0.5000	#Expl.:2176/4299	#Buy:789	#Sell:908	#Hold:2602	#Stocks:  0.007870	PV:   3074.54	POS:0	NEG:4294	Loss:  0.047835
[Epoch 002/100]	Epsilon:0.4949	#Expl.:2127/4299	#Buy:764	#Sell:911	#Hold:2624	#Stocks:  0.184464	PV:   2710.42	POS:0	NEG:4293	Loss:  0.048415
[Epoch 003/100]	Epsilon:0.4899	#Expl.:2097/4299	#Buy:788	#Sell:908	#Hold:2603	#Stocks:  0.353537	PV:   2987.40	POS:0	NEG:4294	Loss:  0.047528
[Epoch 004/100]	Epsilon:0.4848	#Expl.:2082/4299	#Buy:944	#Sell:1200	#Hold:2155	#Stocks:  0.358604	PV:   2313.72	POS:0	NEG:4293	Loss:  0.050726
[Epoch 005/100]	Epsilon:0.4798	#Expl.:2038/4299	#Buy:823	#Sell:1194	#Hold:2282	#Stocks:  0.221928	PV:   2941.42	POS:0	NEG:4294	Loss:  0.051149
[Epoch 006/100]	Epsilon:0.4747	#Expl.:2073/4299	#Buy:829	#Sell:1154	#Hold:2316	#Stocks:  0.000000	PV:   2179.21	POS:0	NEG:4293	Loss:  0.050043
[Epoch 007/100]	Epsilon:0.4697	#Expl.:1998/4299	#Buy:679	#Sell:1088	#Hold:2532	#Stocks:  0.141769	PV:   3058.44	POS:0	NEG:4294	Loss:  0.047507
[Epoch 008/100]	Epsilon:0.4646	#Expl.:1950/4299	#Buy:672	#Sell:829	#Hold:2798	#Stocks:  0.495533	PV:   4676.72	POS:0	NEG:4296	Loss:  0.043806
[Epoch 009/100]	Epsilon:0.4596	#Expl.:1961/4299	#Buy:679	#Sell:760	#Hold:2860	#Stocks:  0.529132	PV:   4459.14	POS:0	NEG:4296	Loss:  0.044810
[Epoch 010/100]	Epsilon:0.4545	#Expl.:1989/4299	#Buy:760	#Sell:934	#Hold:2605	#Stocks:  0.307012	PV:   5393.45	POS:1	NEG:4295	Loss:  0.046443
[Epoch 011/100]	Epsilon:0.4495	#Expl.:1935/4299	#Buy:1077	#Sell:1337	#Hold:1885	#Stocks:  0.152674	PV:   3558.69	POS:0	NEG:4295	Loss:  0.052569
[Epoch 012/100]	Epsilon:0.4444	#Expl.:1888/4299	#Buy:1259	#Sell:1203	#Hold:1837	#Stocks:  0.187118	PV:   2678.82	POS:0	NEG:4293	Loss:  0.053297
[Epoch 013/100]	Epsilon:0.4394	#Expl.:1879/4299	#Buy:1074	#Sell:1255	#Hold:1970	#Stocks:  0.205349	PV:   4462.90	POS:0	NEG:4296	Loss:  0.052299
[Epoch 014/100]	Epsilon:0.4343	#Expl.:1863/4299	#Buy:1132	#Sell:870	#Hold:2297	#Stocks:  0.407443	PV:   2845.87	POS:1	NEG:4292	Loss:  0.049304
[Epoch 015/100]	Epsilon:0.4293	#Expl.:1799/4299	#Buy:1155	#Sell:1038	#Hold:2106	#Stocks:  0.272022	PV:   2713.83	POS:0	NEG:4294	Loss:  0.051044
[Epoch 016/100]	Epsilon:0.4242	#Expl.:1898/4299	#Buy:1486	#Sell:1017	#Hold:1796	#Stocks:  0.322979	PV:   2595.31	POS:0	NEG:4293	Loss:  0.052351
[Epoch 017/100]	Epsilon:0.4192	#Expl.:1903/4299	#Buy:1441	#Sell:1366	#Hold:1492	#Stocks:  0.068311	PV:   2788.54	POS:0	NEG:4294	Loss:  0.053044
[Epoch 018/100]	Epsilon:0.4141	#Expl.:1788/4299	#Buy:781	#Sell:1669	#Hold:1849	#Stocks:  0.264835	PV:   4580.19	POS:0	NEG:4296	Loss:  0.052106
[Epoch 019/100]	Epsilon:0.4091	#Expl.:1728/4299	#Buy:946	#Sell:1624	#Hold:1729	#Stocks:  0.018688	PV:   2579.82	POS:0	NEG:4294	Loss:  0.053313
[Epoch 020/100]	Epsilon:0.4040	#Expl.:1757/4299	#Buy:1353	#Sell:1288	#Hold:1658	#Stocks:  0.431398	PV:   3923.21	POS:1	NEG:4293	Loss:  0.054084
[Epoch 021/100]	Epsilon:0.3990	#Expl.:1723/4299	#Buy:1190	#Sell:1211	#Hold:1898	#Stocks:  0.427458	PV:   3929.58	POS:0	NEG:4295	Loss:  0.053524
[Epoch 022/100]	Epsilon:0.3939	#Expl.:1694/4299	#Buy:1464	#Sell:831	#Hold:2004	#Stocks:  0.418172	PV:   2673.58	POS:0	NEG:4293	Loss:  0.051608
[Epoch 023/100]	Epsilon:0.3889	#Expl.:1698/4299	#Buy:1451	#Sell:827	#Hold:2021	#Stocks:  0.350165	PV:   3272.67	POS:1	NEG:4293	Loss:  0.051558
[Epoch 024/100]	Epsilon:0.3838	#Expl.:1658/4299	#Buy:1260	#Sell:718	#Hold:2321	#Stocks:  0.467126	PV:   3951.14	POS:2	NEG:4292	Loss:  0.047864
[Epoch 025/100]	Epsilon:0.3788	#Expl.:1661/4299	#Buy:1920	#Sell:721	#Hold:1658	#Stocks:  0.571240	PV:   3650.30	POS:2	NEG:4291	Loss:  0.050477
[Epoch 026/100]	Epsilon:0.3737	#Expl.:1565/4299	#Buy:1256	#Sell:792	#Hold:2251	#Stocks:  0.671478	PV:   4291.90	POS:3	NEG:4290	Loss:  0.049133
[Epoch 027/100]	Epsilon:0.3687	#Expl.:1583/4299	#Buy:1152	#Sell:831	#Hold:2316	#Stocks:  0.372232	PV:   3708.53	POS:2	NEG:4291	Loss:  0.046847
[Epoch 028/100]	Epsilon:0.3636	#Expl.:1588/4299	#Buy:1333	#Sell:725	#Hold:2241	#Stocks:  0.510196	PV:   3261.73	POS:1	NEG:4292	Loss:  0.048642
[Epoch 029/100]	Epsilon:0.3586	#Expl.:1541/4299	#Buy:1729	#Sell:615	#Hold:1955	#Stocks:  0.555322	PV:   3593.07	POS:2	NEG:4291	Loss:  0.048150
[Epoch 030/100]	Epsilon:0.3535	#Expl.:1530/4299	#Buy:2481	#Sell:656	#Hold:1162	#Stocks:  0.000031	PV:   2987.90	POS:2	NEG:4290	Loss:  0.046486
[Epoch 031/100]	Epsilon:0.3485	#Expl.:1543/4299	#Buy:1717	#Sell:590	#Hold:1992	#Stocks:  0.343850	PV:   2253.79	POS:2	NEG:4289	Loss:  0.049361
[Epoch 032/100]	Epsilon:0.3434	#Expl.:1516/4299	#Buy:1943	#Sell:540	#Hold:1816	#Stocks:  0.446490	PV:   2853.10	POS:2	NEG:4290	Loss:  0.048628
[Epoch 033/100]	Epsilon:0.3384	#Expl.:1469/4299	#Buy:592	#Sell:557	#Hold:3150	#Stocks:  0.276759	PV:   3863.46	POS:0	NEG:4295	Loss:  0.035891
[Epoch 034/100]	Epsilon:0.3333	#Expl.:1358/4299	#Buy:498	#Sell:484	#Hold:3317	#Stocks:  0.448128	PV:   4331.98	POS:1	NEG:4294	Loss:  0.031783
[Epoch 035/100]	Epsilon:0.3283	#Expl.:1398/4299	#Buy:458	#Sell:1720	#Hold:2121	#Stocks:  0.318939	PV:   4103.53	POS:0	NEG:4296	Loss:  0.045207
[Epoch 036/100]	Epsilon:0.3232	#Expl.:1424/4299	#Buy:507	#Sell:1904	#Hold:1888	#Stocks:  0.000000	PV:   5071.52	POS:1	NEG:4295	Loss:  0.043842
[Epoch 037/100]	Epsilon:0.3182	#Expl.:1300/4299	#Buy:472	#Sell:1485	#Hold:2342	#Stocks:  0.000000	PV:   4867.97	POS:0	NEG:4296	Loss:  0.043469
[Epoch 038/100]	Epsilon:0.3131	#Expl.:1334/4299	#Buy:543	#Sell:926	#Hold:2830	#Stocks:  0.000000	PV:   4782.35	POS:1	NEG:4294	Loss:  0.043328
[Epoch 039/100]	Epsilon:0.3081	#Expl.:1339/4299	#Buy:445	#Sell:1330	#Hold:2524	#Stocks:  0.481086	PV:   5250.67	POS:0	NEG:4297	Loss:  0.044119
[Epoch 040/100]	Epsilon:0.3030	#Expl.:1276/4299	#Buy:418	#Sell:1766	#Hold:2115	#Stocks:  0.000000	PV:   4768.66	POS:0	NEG:4296	Loss:  0.045036
[Epoch 041/100]	Epsilon:0.2980	#Expl.:1318/4299	#Buy:476	#Sell:1179	#Hold:2644	#Stocks:  0.740196	PV:   5352.93	POS:0	NEG:4296	Loss:  0.044700
[Epoch 042/100]	Epsilon:0.2929	#Expl.:1235/4299	#Buy:421	#Sell:714	#Hold:3164	#Stocks:  0.176881	PV:   4153.10	POS:1	NEG:4294	Loss:  0.034323
[Epoch 043/100]	Epsilon:0.2879	#Expl.:1185/4299	#Buy:423	#Sell:461	#Hold:3415	#Stocks:  0.717863	PV:   5097.80	POS:1	NEG:4295	Loss:  0.029164
[Epoch 044/100]	Epsilon:0.2828	#Expl.:1202/4299	#Buy:474	#Sell:424	#Hold:3401	#Stocks:  0.467110	PV:   5092.72	POS:1	NEG:4294	Loss:  0.029469
[Epoch 045/100]	Epsilon:0.2778	#Expl.:1196/4299	#Buy:433	#Sell:434	#Hold:3432	#Stocks:  0.889110	PV:   6192.80	POS:1	NEG:4295	Loss:  0.028677
[Epoch 046/100]	Epsilon:0.2727	#Expl.:1113/4299	#Buy:556	#Sell:389	#Hold:3354	#Stocks:  0.390670	PV:   4210.87	POS:2	NEG:4292	Loss:  0.029960
[Epoch 047/100]	Epsilon:0.2677	#Expl.:1131/4299	#Buy:438	#Sell:348	#Hold:3513	#Stocks:  0.259020	PV:   3253.15	POS:1	NEG:4293	Loss:  0.026445
[Epoch 048/100]	Epsilon:0.2626	#Expl.:1174/4299	#Buy:413	#Sell:363	#Hold:3523	#Stocks:  0.675192	PV:   6080.97	POS:1	NEG:4295	Loss:  0.026265
[Epoch 049/100]	Epsilon:0.2576	#Expl.:1111/4299	#Buy:361	#Sell:389	#Hold:3549	#Stocks:  0.716136	PV:   8591.62	POS:1	NEG:4297	Loss:  0.025390
[Epoch 050/100]	Epsilon:0.2525	#Expl.:1051/4299	#Buy:411	#Sell:361	#Hold:3527	#Stocks:  0.499122	PV:   3867.44	POS:0	NEG:4295	Loss:  0.025966
[Epoch 051/100]	Epsilon:0.2475	#Expl.:1079/4299	#Buy:512	#Sell:359	#Hold:3428	#Stocks:  0.134713	PV:   4255.26	POS:1	NEG:4294	Loss:  0.028523
[Epoch 052/100]	Epsilon:0.2424	#Expl.:1041/4299	#Buy:877	#Sell:363	#Hold:3059	#Stocks:  0.500492	PV:   3844.94	POS:3	NEG:4290	Loss:  0.036345
[Epoch 053/100]	Epsilon:0.2374	#Expl.:1034/4299	#Buy:1332	#Sell:362	#Hold:2605	#Stocks:  0.465884	PV:   3682.76	POS:3	NEG:4289	Loss:  0.042862
[Epoch 054/100]	Epsilon:0.2323	#Expl.:980/4299	#Buy:1086	#Sell:318	#Hold:2895	#Stocks:  0.586616	PV:   3760.11	POS:3	NEG:4290	Loss:  0.038873
[Epoch 055/100]	Epsilon:0.2273	#Expl.:984/4299	#Buy:2258	#Sell:345	#Hold:1696	#Stocks:  0.174844	PV:   2564.30	POS:2	NEG:4290	Loss:  0.043533
[Epoch 056/100]	Epsilon:0.2222	#Expl.:1009/4299	#Buy:1771	#Sell:433	#Hold:2095	#Stocks:  0.580590	PV:   3710.01	POS:4	NEG:4288	Loss:  0.046483
[Epoch 057/100]	Epsilon:0.2172	#Expl.:924/4299	#Buy:1378	#Sell:582	#Hold:2339	#Stocks:  0.403147	PV:   2839.46	POS:3	NEG:4288	Loss:  0.045835
[Epoch 058/100]	Epsilon:0.2121	#Expl.:935/4299	#Buy:1151	#Sell:644	#Hold:2504	#Stocks:  0.000966	PV:   2667.71	POS:3	NEG:4288	Loss:  0.045935
[Epoch 059/100]	Epsilon:0.2071	#Expl.:906/4299	#Buy:1583	#Sell:1041	#Hold:1675	#Stocks:  0.516345	PV:   3330.61	POS:3	NEG:4289	Loss:  0.050926
[Epoch 060/100]	Epsilon:0.2020	#Expl.:873/4299	#Buy:1835	#Sell:737	#Hold:1727	#Stocks:  0.000378	PV:   3263.29	POS:3	NEG:4289	Loss:  0.049567
[Epoch 061/100]	Epsilon:0.1970	#Expl.:856/4299	#Buy:1709	#Sell:1113	#Hold:1477	#Stocks:  0.297292	PV:   1900.77	POS:0	NEG:4292	Loss:  0.049299
[Epoch 062/100]	Epsilon:0.1919	#Expl.:787/4299	#Buy:492	#Sell:765	#Hold:3042	#Stocks:  0.064268	PV:   3178.65	POS:0	NEG:4295	Loss:  0.031787
[Epoch 063/100]	Epsilon:0.1869	#Expl.:795/4299	#Buy:534	#Sell:579	#Hold:3186	#Stocks:  0.583408	PV:   5371.54	POS:0	NEG:4297	Loss:  0.033167
[Epoch 064/100]	Epsilon:0.1818	#Expl.:798/4299	#Buy:530	#Sell:799	#Hold:2970	#Stocks:  0.743074	PV:   4748.65	POS:0	NEG:4296	Loss:  0.038725
[Epoch 065/100]	Epsilon:0.1768	#Expl.:763/4299	#Buy:438	#Sell:571	#Hold:3290	#Stocks:  0.912586	PV:   6898.80	POS:2	NEG:4294	Loss:  0.031811
[Epoch 066/100]	Epsilon:0.1717	#Expl.:758/4299	#Buy:500	#Sell:831	#Hold:2968	#Stocks:  0.007007	PV:   5166.43	POS:2	NEG:4293	Loss:  0.037648
[Epoch 067/100]	Epsilon:0.1667	#Expl.:700/4299	#Buy:652	#Sell:1904	#Hold:1743	#Stocks:  0.000008	PV:   3435.29	POS:0	NEG:4295	Loss:  0.047070
[Epoch 068/100]	Epsilon:0.1616	#Expl.:688/4299	#Buy:650	#Sell:1683	#Hold:1966	#Stocks:  0.746626	PV:   5178.97	POS:1	NEG:4295	Loss:  0.048456
[Epoch 069/100]	Epsilon:0.1566	#Expl.:667/4299	#Buy:594	#Sell:1213	#Hold:2492	#Stocks:  0.797481	PV:   5115.88	POS:0	NEG:4296	Loss:  0.045293
[Epoch 070/100]	Epsilon:0.1515	#Expl.:655/4299	#Buy:670	#Sell:2077	#Hold:1552	#Stocks:  0.386010	PV:   2867.85	POS:1	NEG:4292	Loss:  0.047784
[Epoch 071/100]	Epsilon:0.1465	#Expl.:603/4299	#Buy:721	#Sell:2389	#Hold:1189	#Stocks:  0.454663	PV:   3020.16	POS:0	NEG:4294	Loss:  0.046049
[Epoch 072/100]	Epsilon:0.1414	#Expl.:582/4299	#Buy:903	#Sell:2194	#Hold:1202	#Stocks:  0.000000	PV:   4636.62	POS:0	NEG:4296	Loss:  0.047644
[Epoch 073/100]	Epsilon:0.1364	#Expl.:556/4299	#Buy:1942	#Sell:951	#Hold:1406	#Stocks:  0.203316	PV:   2831.65	POS:2	NEG:4290	Loss:  0.047311
[Epoch 074/100]	Epsilon:0.1313	#Expl.:534/4299	#Buy:1831	#Sell:524	#Hold:1944	#Stocks:  0.245295	PV:   2304.05	POS:3	NEG:4288	Loss:  0.044621
[Epoch 075/100]	Epsilon:0.1263	#Expl.:497/4299	#Buy:2032	#Sell:756	#Hold:1511	#Stocks:  0.567128	PV:   3640.76	POS:1	NEG:4293	Loss:  0.047576
[Epoch 076/100]	Epsilon:0.1212	#Expl.:517/4299	#Buy:1759	#Sell:432	#Hold:2108	#Stocks:  0.748457	PV:   4782.70	POS:1	NEG:4294	Loss:  0.045009
[Epoch 077/100]	Epsilon:0.1162	#Expl.:507/4299	#Buy:1096	#Sell:495	#Hold:2708	#Stocks:  0.814933	PV:   5207.66	POS:4	NEG:4289	Loss:  0.042011
[Epoch 078/100]	Epsilon:0.1111	#Expl.:480/4299	#Buy:962	#Sell:337	#Hold:3000	#Stocks:  0.210866	PV:   3406.14	POS:2	NEG:4291	Loss:  0.033534
[Epoch 079/100]	Epsilon:0.1061	#Expl.:450/4299	#Buy:905	#Sell:294	#Hold:3100	#Stocks:  0.037531	PV:   3914.44	POS:2	NEG:4292	Loss:  0.034134
[Epoch 080/100]	Epsilon:0.1010	#Expl.:435/4299	#Buy:775	#Sell:511	#Hold:3013	#Stocks:  0.537064	PV:   3433.87	POS:3	NEG:4289	Loss:  0.036144
[Epoch 081/100]	Epsilon:0.0960	#Expl.:386/4299	#Buy:448	#Sell:1227	#Hold:2624	#Stocks:  0.387311	PV:   6596.16	POS:3	NEG:4292	Loss:  0.042699
[Epoch 082/100]	Epsilon:0.0909	#Expl.:355/4299	#Buy:1034	#Sell:1473	#Hold:1792	#Stocks:  0.410854	PV:   2645.92	POS:1	NEG:4292	Loss:  0.050039
[Epoch 083/100]	Epsilon:0.0859	#Expl.:388/4299	#Buy:1747	#Sell:950	#Hold:1602	#Stocks:  0.814932	PV:   5207.47	POS:2	NEG:4293	Loss:  0.050376
[Epoch 084/100]	Epsilon:0.0808	#Expl.:383/4299	#Buy:1509	#Sell:979	#Hold:1811	#Stocks:  0.544135	PV:   3477.06	POS:0	NEG:4295	Loss:  0.050919
[Epoch 085/100]	Epsilon:0.0758	#Expl.:321/4299	#Buy:1049	#Sell:1468	#Hold:1782	#Stocks:  0.582224	PV:   3756.61	POS:0	NEG:4295	Loss:  0.050409
[Epoch 086/100]	Epsilon:0.0707	#Expl.:300/4299	#Buy:927	#Sell:1547	#Hold:1825	#Stocks:  0.557990	PV:   3565.59	POS:1	NEG:4293	Loss:  0.050480
[Epoch 087/100]	Epsilon:0.0657	#Expl.:275/4299	#Buy:1591	#Sell:975	#Hold:1733	#Stocks:  0.440087	PV:   2816.02	POS:2	NEG:4291	Loss:  0.052024
[Epoch 088/100]	Epsilon:0.0606	#Expl.:252/4299	#Buy:1799	#Sell:1435	#Hold:1065	#Stocks:  0.644554	PV:   4118.85	POS:1	NEG:4294	Loss:  0.046743
[Epoch 089/100]	Epsilon:0.0556	#Expl.:231/4299	#Buy:2554	#Sell:538	#Hold:1207	#Stocks:  0.586211	PV:   3745.93	POS:3	NEG:4290	Loss:  0.042947
[Epoch 090/100]	Epsilon:0.0505	#Expl.:230/4299	#Buy:3872	#Sell:181	#Hold:246	#Stocks:  0.683284	PV:   4366.23	POS:6	NEG:4285	Loss:  0.015175
[Epoch 091/100]	Epsilon:0.0455	#Expl.:202/4299	#Buy:2009	#Sell:298	#Hold:1992	#Stocks:  0.654807	PV:   4184.27	POS:3	NEG:4290	Loss:  0.039468
[Epoch 092/100]	Epsilon:0.0404	#Expl.:176/4299	#Buy:3928	#Sell:214	#Hold:157	#Stocks:  0.584986	PV:   3738.10	POS:7	NEG:4282	Loss:  0.015533
[Epoch 093/100]	Epsilon:0.0354	#Expl.:141/4299	#Buy:3201	#Sell:453	#Hold:645	#Stocks:  0.462911	PV:   2958.03	POS:5	NEG:4285	Loss:  0.028468
[Epoch 094/100]	Epsilon:0.0303	#Expl.:118/4299	#Buy:895	#Sell:824	#Hold:2580	#Stocks:  0.000000	PV:   4892.06	POS:2	NEG:4293	Loss:  0.040452
[Epoch 095/100]	Epsilon:0.0253	#Expl.:102/4299	#Buy:1446	#Sell:590	#Hold:2263	#Stocks:  0.608465	PV:   4235.91	POS:3	NEG:4290	Loss:  0.045802
[Epoch 096/100]	Epsilon:0.0202	#Expl.:81/4299	#Buy:1739	#Sell:689	#Hold:1871	#Stocks:  0.384980	PV:   2469.36	POS:1	NEG:4291	Loss:  0.048534
[Epoch 097/100]	Epsilon:0.0152	#Expl.:63/4299	#Buy:1809	#Sell:403	#Hold:2087	#Stocks:  0.390591	PV:   4480.62	POS:3	NEG:4290	Loss:  0.027473
[Epoch 098/100]	Epsilon:0.0101	#Expl.:43/4299	#Buy:275	#Sell:308	#Hold:3716	#Stocks:  0.708419	PV:   4633.78	POS:1	NEG:4294	Loss:  0.019223
[Epoch 099/100]	Epsilon:0.0051	#Expl.:21/4299	#Buy:326	#Sell:163	#Hold:3810	#Stocks:  0.935319	PV:   5977.54	POS:3	NEG:4292	Loss:  0.016098
[Epoch 100/100]	Epsilon:0.0000	#Expl.:0/4299	#Buy:260	#Sell:353	#Hold:3686	#Stocks:  0.000000	PV:   4726.65	POS:1	NEG:4294	Loss:  0.020625
Max PV: 8591.62412307904, 	 # Win: 0
LR: 0.1, DF: 0, DRT: 0.6
[Epoch 001/100]	Epsilon:0.5000	#Expl.:2122/4299	#Buy:991	#Sell:1641	#Hold:1667	#Stocks:  0.000000	PV:   2142.53	POS:0	NEG:4298	Loss:  0.048909
[Epoch 002/100]	Epsilon:0.4949	#Expl.:2111/4299	#Buy:1181	#Sell:1627	#Hold:1491	#Stocks:  0.000000	PV:   2760.02	POS:0	NEG:4298	Loss:  0.050960
[Epoch 003/100]	Epsilon:0.4899	#Expl.:2079/4299	#Buy:1136	#Sell:1782	#Hold:1381	#Stocks:  0.000984	PV:   2955.65	POS:0	NEG:4298	Loss:  0.050585
[Epoch 004/100]	Epsilon:0.4848	#Expl.:2161/4299	#Buy:980	#Sell:2213	#Hold:1106	#Stocks:  0.468177	PV:   4531.64	POS:0	NEG:4299	Loss:  0.047189
[Epoch 005/100]	Epsilon:0.4798	#Expl.:2058/4299	#Buy:1244	#Sell:1987	#Hold:1068	#Stocks:  0.083265	PV:   2181.88	POS:0	NEG:4298	Loss:  0.048818
[Epoch 006/100]	Epsilon:0.4747	#Expl.:2002/4299	#Buy:1722	#Sell:1223	#Hold:1354	#Stocks:  0.231526	PV:   1479.47	POS:0	NEG:4297	Loss:  0.051078
[Epoch 007/100]	Epsilon:0.4697	#Expl.:1987/4299	#Buy:1415	#Sell:1275	#Hold:1609	#Stocks:  0.000000	PV:   1684.89	POS:0	NEG:4298	Loss:  0.051545
[Epoch 008/100]	Epsilon:0.4646	#Expl.:1993/4299	#Buy:1591	#Sell:1257	#Hold:1451	#Stocks:  0.438924	PV:   2804.76	POS:0	NEG:4298	Loss:  0.051273
[Epoch 009/100]	Epsilon:0.4596	#Expl.:2006/4299	#Buy:2467	#Sell:1008	#Hold:824	#Stocks:  0.132072	PV:   1509.16	POS:0	NEG:4297	Loss:  0.046870
[Epoch 010/100]	Epsilon:0.4545	#Expl.:1957/4299	#Buy:2426	#Sell:1021	#Hold:852	#Stocks:  0.291986	PV:   1865.81	POS:0	NEG:4298	Loss:  0.048177
[Epoch 011/100]	Epsilon:0.4495	#Expl.:1906/4299	#Buy:2498	#Sell:1001	#Hold:800	#Stocks:  0.000000	PV:   1765.37	POS:0	NEG:4298	Loss:  0.047152
[Epoch 012/100]	Epsilon:0.4444	#Expl.:1880/4299	#Buy:2452	#Sell:992	#Hold:855	#Stocks:  0.046578	PV:    615.34	POS:0	NEG:4296	Loss:  0.047410
[Epoch 013/100]	Epsilon:0.4394	#Expl.:1823/4299	#Buy:2414	#Sell:1050	#Hold:835	#Stocks:  0.296747	PV:   1896.23	POS:0	NEG:4298	Loss:  0.047398
[Epoch 014/100]	Epsilon:0.4343	#Expl.:1896/4299	#Buy:2470	#Sell:1042	#Hold:787	#Stocks:  0.109008	PV:   1609.39	POS:0	NEG:4297	Loss:  0.046757
[Epoch 015/100]	Epsilon:0.4293	#Expl.:1862/4299	#Buy:2695	#Sell:825	#Hold:779	#Stocks:  0.267614	PV:   1710.07	POS:0	NEG:4298	Loss:  0.044338
[Epoch 016/100]	Epsilon:0.4242	#Expl.:1817/4299	#Buy:2645	#Sell:920	#Hold:734	#Stocks:  0.076062	PV:   1466.84	POS:0	NEG:4297	Loss:  0.045058
[Epoch 017/100]	Epsilon:0.4192	#Expl.:1873/4299	#Buy:2456	#Sell:1062	#Hold:781	#Stocks:  0.161841	PV:   1034.18	POS:0	NEG:4297	Loss:  0.047555
[Epoch 018/100]	Epsilon:0.4141	#Expl.:1754/4299	#Buy:2129	#Sell:1205	#Hold:965	#Stocks:  0.262705	PV:   1678.70	POS:0	NEG:4298	Loss:  0.048591
[Epoch 019/100]	Epsilon:0.4091	#Expl.:1704/4299	#Buy:1984	#Sell:1165	#Hold:1150	#Stocks:  0.000000	PV:   1480.72	POS:0	NEG:4297	Loss:  0.047395
[Epoch 020/100]	Epsilon:0.4040	#Expl.:1723/4299	#Buy:1832	#Sell:1454	#Hold:1013	#Stocks:  0.145038	PV:   1732.48	POS:0	NEG:4298	Loss:  0.050063
[Epoch 021/100]	Epsilon:0.3990	#Expl.:1678/4299	#Buy:1863	#Sell:1482	#Hold:954	#Stocks:  0.478622	PV:   3058.43	POS:0	NEG:4298	Loss:  0.050270
[Epoch 022/100]	Epsilon:0.3939	#Expl.:1726/4299	#Buy:1831	#Sell:1474	#Hold:994	#Stocks:  0.259220	PV:   2666.38	POS:0	NEG:4298	Loss:  0.050115
[Epoch 023/100]	Epsilon:0.3889	#Expl.:1679/4299	#Buy:1649	#Sell:1751	#Hold:899	#Stocks:  0.292016	PV:   2398.34	POS:0	NEG:4298	Loss:  0.049315
[Epoch 024/100]	Epsilon:0.3838	#Expl.:1651/4299	#Buy:1938	#Sell:1647	#Hold:714	#Stocks:  0.406932	PV:   2602.67	POS:0	NEG:4298	Loss:  0.049817
[Epoch 025/100]	Epsilon:0.3788	#Expl.:1697/4299	#Buy:1862	#Sell:1760	#Hold:677	#Stocks:  0.133957	PV:   3205.82	POS:0	NEG:4298	Loss:  0.050206
[Epoch 026/100]	Epsilon:0.3737	#Expl.:1638/4299	#Buy:1807	#Sell:1803	#Hold:689	#Stocks:  0.310634	PV:   1985.79	POS:0	NEG:4298	Loss:  0.050303
[Epoch 027/100]	Epsilon:0.3687	#Expl.:1548/4299	#Buy:1562	#Sell:2001	#Hold:736	#Stocks:  0.000022	PV:   3145.57	POS:0	NEG:4298	Loss:  0.048331
[Epoch 028/100]	Epsilon:0.3636	#Expl.:1549/4299	#Buy:1417	#Sell:2164	#Hold:718	#Stocks:  0.000000	PV:   3423.27	POS:0	NEG:4298	Loss:  0.047618
[Epoch 029/100]	Epsilon:0.3586	#Expl.:1533/4299	#Buy:1498	#Sell:1972	#Hold:829	#Stocks:  0.496829	PV:   3662.64	POS:0	NEG:4298	Loss:  0.048302
[Epoch 030/100]	Epsilon:0.3535	#Expl.:1507/4299	#Buy:1801	#Sell:1652	#Hold:846	#Stocks:  0.381343	PV:   2450.32	POS:0	NEG:4298	Loss:  0.051106
[Epoch 031/100]	Epsilon:0.3485	#Expl.:1479/4299	#Buy:1929	#Sell:1587	#Hold:783	#Stocks:  0.184457	PV:   2824.90	POS:0	NEG:4298	Loss:  0.049927
[Epoch 032/100]	Epsilon:0.3434	#Expl.:1488/4299	#Buy:2126	#Sell:1349	#Hold:824	#Stocks:  0.202323	PV:   3600.87	POS:0	NEG:4298	Loss:  0.050109
[Epoch 033/100]	Epsilon:0.3384	#Expl.:1481/4299	#Buy:2258	#Sell:1237	#Hold:804	#Stocks:  0.370145	PV:   2427.10	POS:0	NEG:4298	Loss:  0.048670
[Epoch 034/100]	Epsilon:0.3333	#Expl.:1444/4299	#Buy:2330	#Sell:1260	#Hold:709	#Stocks:  0.287452	PV:   2180.06	POS:0	NEG:4298	Loss:  0.048284
[Epoch 035/100]	Epsilon:0.3283	#Expl.:1365/4299	#Buy:2479	#Sell:1207	#Hold:613	#Stocks:  0.308345	PV:   2226.31	POS:0	NEG:4298	Loss:  0.045808
[Epoch 036/100]	Epsilon:0.3232	#Expl.:1348/4299	#Buy:2481	#Sell:1091	#Hold:727	#Stocks:  0.391934	PV:   2578.57	POS:0	NEG:4298	Loss:  0.045251
[Epoch 037/100]	Epsilon:0.3182	#Expl.:1359/4299	#Buy:2685	#Sell:1072	#Hold:542	#Stocks:  0.022049	PV:   2322.26	POS:0	NEG:4298	Loss:  0.042954
[Epoch 038/100]	Epsilon:0.3131	#Expl.:1384/4299	#Buy:2782	#Sell:998	#Hold:519	#Stocks:  0.164850	PV:   2330.41	POS:0	NEG:4298	Loss:  0.041947
[Epoch 039/100]	Epsilon:0.3081	#Expl.:1361/4299	#Buy:2828	#Sell:974	#Hold:497	#Stocks:  0.234108	PV:   2614.01	POS:0	NEG:4298	Loss:  0.041322
[Epoch 040/100]	Epsilon:0.3030	#Expl.:1306/4299	#Buy:2346	#Sell:1377	#Hold:576	#Stocks:  0.282124	PV:   1929.58	POS:0	NEG:4298	Loss:  0.045522
[Epoch 041/100]	Epsilon:0.2980	#Expl.:1243/4299	#Buy:2263	#Sell:1415	#Hold:621	#Stocks:  0.281892	PV:   1801.31	POS:0	NEG:4298	Loss:  0.044949
[Epoch 042/100]	Epsilon:0.2929	#Expl.:1215/4299	#Buy:1552	#Sell:1391	#Hold:1356	#Stocks:  0.201116	PV:   2403.69	POS:0	NEG:4298	Loss:  0.042760
[Epoch 043/100]	Epsilon:0.2879	#Expl.:1221/4299	#Buy:1009	#Sell:1397	#Hold:1893	#Stocks:  0.000000	PV:   3035.29	POS:0	NEG:4298	Loss:  0.039638
[Epoch 044/100]	Epsilon:0.2828	#Expl.:1204/4299	#Buy:979	#Sell:1325	#Hold:1995	#Stocks:  0.000000	PV:   3558.45	POS:0	NEG:4298	Loss:  0.039452
[Epoch 045/100]	Epsilon:0.2778	#Expl.:1235/4299	#Buy:898	#Sell:1374	#Hold:2027	#Stocks:  0.000000	PV:   3181.08	POS:0	NEG:4298	Loss:  0.039627
[Epoch 046/100]	Epsilon:0.2727	#Expl.:1182/4299	#Buy:530	#Sell:1155	#Hold:2614	#Stocks:  0.344465	PV:   4452.36	POS:0	NEG:4299	Loss:  0.035246
[Epoch 047/100]	Epsilon:0.2677	#Expl.:1143/4299	#Buy:524	#Sell:1017	#Hold:2758	#Stocks:  0.000000	PV:   3851.66	POS:0	NEG:4298	Loss:  0.034369
[Epoch 048/100]	Epsilon:0.2626	#Expl.:1148/4299	#Buy:613	#Sell:1155	#Hold:2531	#Stocks:  0.000000	PV:   3538.64	POS:0	NEG:4298	Loss:  0.037508
[Epoch 049/100]	Epsilon:0.2576	#Expl.:1089/4299	#Buy:753	#Sell:1502	#Hold:2044	#Stocks:  0.195242	PV:   3092.18	POS:0	NEG:4298	Loss:  0.038561
[Epoch 050/100]	Epsilon:0.2525	#Expl.:1148/4299	#Buy:729	#Sell:1421	#Hold:2149	#Stocks:  0.000000	PV:   4360.61	POS:0	NEG:4299	Loss:  0.038727
[Epoch 051/100]	Epsilon:0.2475	#Expl.:1086/4299	#Buy:758	#Sell:1323	#Hold:2218	#Stocks:  0.000000	PV:   4444.16	POS:0	NEG:4299	Loss:  0.039260
[Epoch 052/100]	Epsilon:0.2424	#Expl.:998/4299	#Buy:720	#Sell:1240	#Hold:2339	#Stocks:  0.000000	PV:   3998.18	POS:0	NEG:4298	Loss:  0.037855
[Epoch 053/100]	Epsilon:0.2374	#Expl.:1040/4299	#Buy:835	#Sell:1332	#Hold:2132	#Stocks:  0.304924	PV:   3231.31	POS:0	NEG:4298	Loss:  0.039489
[Epoch 054/100]	Epsilon:0.2323	#Expl.:997/4299	#Buy:699	#Sell:1219	#Hold:2381	#Stocks:  0.059928	PV:   2817.66	POS:0	NEG:4298	Loss:  0.036219
[Epoch 055/100]	Epsilon:0.2273	#Expl.:980/4299	#Buy:791	#Sell:1352	#Hold:2156	#Stocks:  0.000000	PV:   4488.18	POS:0	NEG:4299	Loss:  0.039569
[Epoch 056/100]	Epsilon:0.2222	#Expl.:936/4299	#Buy:753	#Sell:935	#Hold:2611	#Stocks:  0.000000	PV:   3367.59	POS:0	NEG:4298	Loss:  0.035663
[Epoch 057/100]	Epsilon:0.2172	#Expl.:945/4299	#Buy:520	#Sell:664	#Hold:3115	#Stocks:  0.000000	PV:   4688.32	POS:0	NEG:4299	Loss:  0.028002
[Epoch 058/100]	Epsilon:0.2121	#Expl.:912/4299	#Buy:582	#Sell:754	#Hold:2963	#Stocks:  0.000000	PV:   5143.22	POS:0	NEG:4299	Loss:  0.028945
[Epoch 059/100]	Epsilon:0.2071	#Expl.:847/4299	#Buy:617	#Sell:714	#Hold:2968	#Stocks:  0.000000	PV:   3458.56	POS:0	NEG:4298	Loss:  0.029687
[Epoch 060/100]	Epsilon:0.2020	#Expl.:901/4299	#Buy:521	#Sell:604	#Hold:3174	#Stocks:  0.766228	PV:   5017.94	POS:0	NEG:4299	Loss:  0.027389
[Epoch 061/100]	Epsilon:0.1970	#Expl.:861/4299	#Buy:460	#Sell:541	#Hold:3298	#Stocks:  0.000000	PV:   8141.56	POS:0	NEG:4299	Loss:  0.025787
[Epoch 062/100]	Epsilon:0.1919	#Expl.:841/4299	#Buy:440	#Sell:593	#Hold:3266	#Stocks:  0.242465	PV:   7516.99	POS:0	NEG:4299	Loss:  0.024048
[Epoch 063/100]	Epsilon:0.1869	#Expl.:806/4299	#Buy:512	#Sell:551	#Hold:3236	#Stocks:  0.000000	PV:   3833.01	POS:0	NEG:4298	Loss:  0.025852
[Epoch 064/100]	Epsilon:0.1818	#Expl.:778/4299	#Buy:822	#Sell:1503	#Hold:1974	#Stocks:  0.000000	PV:   3032.52	POS:0	NEG:4298	Loss:  0.034325
[Epoch 065/100]	Epsilon:0.1768	#Expl.:766/4299	#Buy:641	#Sell:1208	#Hold:2450	#Stocks:  0.000000	PV:   3543.62	POS:0	NEG:4298	Loss:  0.030575
[Epoch 066/100]	Epsilon:0.1717	#Expl.:719/4299	#Buy:668	#Sell:824	#Hold:2807	#Stocks:  0.000000	PV:   3508.67	POS:0	NEG:4298	Loss:  0.030540
[Epoch 067/100]	Epsilon:0.1667	#Expl.:718/4299	#Buy:390	#Sell:521	#Hold:3388	#Stocks:  0.000000	PV:   5496.51	POS:0	NEG:4299	Loss:  0.021736
[Epoch 068/100]	Epsilon:0.1616	#Expl.:668/4299	#Buy:366	#Sell:400	#Hold:3533	#Stocks:  0.000000	PV:   6434.48	POS:0	NEG:4299	Loss:  0.021075
[Epoch 069/100]	Epsilon:0.1566	#Expl.:658/4299	#Buy:357	#Sell:405	#Hold:3537	#Stocks:  0.000000	PV:   5967.65	POS:0	NEG:4299	Loss:  0.020415
[Epoch 070/100]	Epsilon:0.1515	#Expl.:670/4299	#Buy:388	#Sell:512	#Hold:3399	#Stocks:  0.000000	PV:   5284.98	POS:0	NEG:4299	Loss:  0.022324
[Epoch 071/100]	Epsilon:0.1465	#Expl.:610/4299	#Buy:377	#Sell:449	#Hold:3473	#Stocks:  0.000000	PV:   6645.74	POS:0	NEG:4299	Loss:  0.020636
[Epoch 072/100]	Epsilon:0.1414	#Expl.:611/4299	#Buy:381	#Sell:470	#Hold:3448	#Stocks:  0.000000	PV:   5990.92	POS:0	NEG:4299	Loss:  0.021824
[Epoch 073/100]	Epsilon:0.1364	#Expl.:631/4299	#Buy:402	#Sell:452	#Hold:3445	#Stocks:  0.000000	PV:   5189.46	POS:0	NEG:4299	Loss:  0.021984
[Epoch 074/100]	Epsilon:0.1313	#Expl.:541/4299	#Buy:352	#Sell:419	#Hold:3528	#Stocks:  0.000000	PV:   8012.22	POS:0	NEG:4299	Loss:  0.018826
[Epoch 075/100]	Epsilon:0.1263	#Expl.:497/4299	#Buy:264	#Sell:320	#Hold:3715	#Stocks:  0.000000	PV:   8089.44	POS:0	NEG:4299	Loss:  0.016063
[Epoch 076/100]	Epsilon:0.1212	#Expl.:512/4299	#Buy:323	#Sell:372	#Hold:3604	#Stocks:  0.000000	PV:   6475.32	POS:0	NEG:4299	Loss:  0.018555
[Epoch 077/100]	Epsilon:0.1162	#Expl.:479/4299	#Buy:350	#Sell:325	#Hold:3624	#Stocks:  0.000000	PV:   6754.61	POS:0	NEG:4299	Loss:  0.019473
[Epoch 078/100]	Epsilon:0.1111	#Expl.:474/4299	#Buy:355	#Sell:375	#Hold:3569	#Stocks:  0.000000	PV:   6702.25	POS:0	NEG:4299	Loss:  0.018022
[Epoch 079/100]	Epsilon:0.1061	#Expl.:463/4299	#Buy:317	#Sell:348	#Hold:3634	#Stocks:  0.000000	PV:   5903.80	POS:0	NEG:4299	Loss:  0.016901
[Epoch 080/100]	Epsilon:0.1010	#Expl.:427/4299	#Buy:326	#Sell:302	#Hold:3671	#Stocks:  0.000000	PV:   7157.13	POS:0	NEG:4299	Loss:  0.017386
[Epoch 081/100]	Epsilon:0.0960	#Expl.:431/4299	#Buy:288	#Sell:278	#Hold:3733	#Stocks:  0.000000	PV:   8697.59	POS:0	NEG:4299	Loss:  0.016209
[Epoch 082/100]	Epsilon:0.0909	#Expl.:408/4299	#Buy:316	#Sell:359	#Hold:3624	#Stocks:  0.000000	PV:   6398.49	POS:0	NEG:4299	Loss:  0.016107
[Epoch 083/100]	Epsilon:0.0859	#Expl.:403/4299	#Buy:314	#Sell:432	#Hold:3553	#Stocks:  0.000000	PV:   6126.36	POS:0	NEG:4299	Loss:  0.017230
[Epoch 084/100]	Epsilon:0.0808	#Expl.:364/4299	#Buy:326	#Sell:322	#Hold:3651	#Stocks:  0.000000	PV:   6539.76	POS:0	NEG:4299	Loss:  0.017400
[Epoch 085/100]	Epsilon:0.0758	#Expl.:295/4299	#Buy:263	#Sell:284	#Hold:3752	#Stocks:  0.000000	PV:   7119.88	POS:0	NEG:4299	Loss:  0.014213
[Epoch 086/100]	Epsilon:0.0707	#Expl.:290/4299	#Buy:330	#Sell:313	#Hold:3656	#Stocks:  0.000000	PV:   5602.11	POS:0	NEG:4299	Loss:  0.016200
[Epoch 087/100]	Epsilon:0.0657	#Expl.:297/4299	#Buy:275	#Sell:317	#Hold:3707	#Stocks:  0.000000	PV:   9743.73	POS:0	NEG:4299	Loss:  0.014037
[Epoch 088/100]	Epsilon:0.0606	#Expl.:261/4299	#Buy:384	#Sell:293	#Hold:3622	#Stocks:  0.000000	PV:   6921.74	POS:0	NEG:4299	Loss:  0.017762
[Epoch 089/100]	Epsilon:0.0556	#Expl.:258/4299	#Buy:303	#Sell:253	#Hold:3743	#Stocks:  0.000000	PV:   6875.59	POS:0	NEG:4299	Loss:  0.013844
[Epoch 090/100]	Epsilon:0.0505	#Expl.:209/4299	#Buy:284	#Sell:235	#Hold:3780	#Stocks:  0.000004	PV:   6654.63	POS:0	NEG:4299	Loss:  0.013405
[Epoch 091/100]	Epsilon:0.0455	#Expl.:151/4299	#Buy:237	#Sell:221	#Hold:3841	#Stocks:  0.000000	PV:   7288.13	POS:0	NEG:4299	Loss:  0.010769
[Epoch 092/100]	Epsilon:0.0404	#Expl.:186/4299	#Buy:235	#Sell:271	#Hold:3793	#Stocks:  0.000000	PV:  10524.08	POS:0	NEG:4299	Loss:  0.011164
[Epoch 093/100]	Epsilon:0.0354	#Expl.:160/4299	#Buy:2036	#Sell:256	#Hold:2007	#Stocks:  1.004585	PV:   6419.37	POS:0	NEG:4299	Loss:  0.019250
[Epoch 094/100]	Epsilon:0.0303	#Expl.:153/4299	#Buy:3964	#Sell:196	#Hold:139	#Stocks:  0.583373	PV:   3727.79	POS:0	NEG:4298	Loss:  0.011923
[Epoch 095/100]	Epsilon:0.0253	#Expl.:108/4299	#Buy:3970	#Sell:200	#Hold:129	#Stocks:  0.005280	PV:   4124.50	POS:0	NEG:4298	Loss:  0.011701
[Epoch 096/100]	Epsilon:0.0202	#Expl.:97/4299	#Buy:3824	#Sell:289	#Hold:186	#Stocks:  0.510930	PV:   3264.88	POS:0	NEG:4298	Loss:  0.016350
[Epoch 097/100]	Epsilon:0.0152	#Expl.:55/4299	#Buy:3973	#Sell:252	#Hold:74	#Stocks:  0.574023	PV:   3668.05	POS:0	NEG:4298	Loss:  0.011355
[Epoch 098/100]	Epsilon:0.0101	#Expl.:40/4299	#Buy:3918	#Sell:229	#Hold:152	#Stocks:  0.555197	PV:   3547.75	POS:0	NEG:4298	Loss:  0.013272
[Epoch 099/100]	Epsilon:0.0051	#Expl.:22/4299	#Buy:3967	#Sell:226	#Hold:106	#Stocks:  0.623368	PV:   3983.36	POS:0	NEG:4298	Loss:  0.011622
[Epoch 100/100]	Epsilon:0.0000	#Expl.:0/4299	#Buy:3993	#Sell:216	#Hold:90	#Stocks:  0.869792	PV:   5558.03	POS:0	NEG:4299	Loss:  0.010695
Max PV: 10524.079174418262, 	 # Win: 1
